I 2022-03-20 16:17:31.782253 [Main] {Main} Logging started for Battle.net build 2.10.3.13369
I 2022-03-20 16:17:31.782586 [Configuration] {Main} SharedConfigRoot: C:\ProgramData\Battle.net
I 2022-03-20 16:17:31.782880 [Configuration] {Main} RoamingConfigRoot: C:\Users\User\AppData\Roaming\Battle.net
I 2022-03-20 16:17:31.782893 [Configuration] {Main} LocalConfigRoot: C:\Users\User\AppData\Local\Battle.net
D 2022-03-20 16:17:31.782985 [Configuration] {Main} Searching for config file: E:\Games\warzone\Battle.net\Battle.net.13369\Battle.net.config
D 2022-03-20 16:17:31.783049 [Configuration] {Main} Searching for config file: E:\Games\warzone\Battle.net\Battle.net.config
D 2022-03-20 16:17:31.783517 [Configuration] {Main} User Configuration File: C:\Users\User\AppData\Roaming\Battle.net\Battle.net.config
I 2022-03-20 16:17:31.785497 [Main] {Main} Command line arguments: {[0]=--game=s2_ruru, [1]=--gamepath=E:\Games\Call of Duty\StarCraft II}
I 2022-03-20 16:17:31.788009 [Main] {Main} Opening IPC shared memory. queueName=User:User:Battle.net IPC ShMem mode=server
I 2022-03-20 16:17:31.795838 [CommandQueue] {Main} Dispatching Command: register s2_ruru E:\Games\Call of Duty\StarCraft II   false
I 2022-03-20 16:17:32.010824 [Frontend] {Main} Supplying list of renderers: d3d11,warp,desktop
I 2022-03-20 16:17:32.991561 [LocalizationData] {Main} 21 language(s) loaded from languages.xml, default=enUS
D 2022-03-20 16:17:33.584887 [Main] {Main} Adding application font: resources/fonts/BlizzardReg.ttf
D 2022-03-20 16:17:33.587472 [Main] {Main} Adding application font: resources/fonts/BlizzardLig.ttf
D 2022-03-20 16:17:33.589595 [Main] {Main} Adding application font: resources/fonts/BlizzardBol.ttf
D 2022-03-20 16:17:33.592057 [Main] {Main} Adding application font: resources/fonts/NotoSans-Bold.ttf
D 2022-03-20 16:17:33.600040 [Main] {Main} Adding application font: resources/fonts/NotoSans-BoldItalic.ttf
D 2022-03-20 16:17:33.608786 [Main] {Main} Adding application font: resources/fonts/NotoSans-Italic.ttf
D 2022-03-20 16:17:33.616010 [Main] {Main} Adding application font: resources/fonts/NotoSans-Regular.ttf
D 2022-03-20 16:17:33.625951 [Main] {Main} Adding application font: resources/fonts/ObjectSans-Bold.ttf
D 2022-03-20 16:17:33.627552 [Main] {Main} Adding application font: resources/fonts/ObjectSans-Medium.ttf
D 2022-03-20 16:17:34.575228 [Main] {Main} Setting font to: Blizzard
I 2022-03-20 16:17:34.576134 [CacheManager] {Main} Local storage cache at: C:\Users\User\AppData\Local\Battle.net\Cache
I 2022-03-20 16:17:34.580756 [Main] {Main} Opened database at: C:\Users\User\AppData\Local\Battle.net\CachedData.db
D 2022-03-20 16:17:34.582423 [Agent] {Main} PolicyHandler Thread STARTED
D 2022-03-20 16:17:34.582463 [Agent] {Agent} PolicyHandlerThreadProc: I shall in all my best obey you.
I 2022-03-20 16:17:34.700957 [Agent] {Agent} Agent has different session: 9433659281468980187
I 2022-03-20 16:17:34.700991 [Agent] {Agent} Agent Version is now: 2.26.0.7661 (retail)
I 2022-03-20 16:17:34.704499 [GameSessionList] {Agent} Reporting process: TrackingInfo(uid=battle.net, type=game, opStatus=On, reqId=0, running=1, oldRunning=0)
D 2022-03-20 16:17:34.706946 [Agent] {Agent} GameResource created for uid: agent
D 2022-03-20 16:17:34.707026 [Agent] {Agent} GameResource created for uid: battle.net
D 2022-03-20 16:17:34.707051 [Agent] {Agent} GameResource created for uid: diablo3
D 2022-03-20 16:17:34.707068 [Agent] {Agent} GameResource created for uid: s2
I 2022-03-20 16:17:34.883165 [DIAG_BNL_Voice] {Main} Audio device monitor using already-initialized COM
I 2022-03-20 16:17:34.885454 [VoiceSessionBroker] {Main} Global voice is on
I 2022-03-20 16:17:34.885997 [Main] {Main} Execution environment changed. environment=EE_STANDARD
I 2022-03-20 16:17:34.886805 [CatalogManager] {Main} Loaded catalog hash from the database cache. hash=b48428369f5860b3328d7d36d46876be
I 2022-03-20 16:17:34.887943 [CatalogManager] {Main} Built-in catalog hash (catalog/digesthash.txt): b48428369f5860b3328d7d36d46876be
I 2022-03-20 16:17:34.888202 [CatalogManager] {Main} Built-in catalog hash (catalog/signaturehash.txt): 856260d232fb6e0a3ec7c6bdbc5c711f
I 2022-03-20 16:17:34.888259 [CatalogLoader] {Main} *** LOAD STARTED default: Context(LocalCAS: b48428369f5860b3328d7d36d46876be I) ***
W 2022-03-20 16:17:36.158123 [FeatureManager] {Main} Feature 'battle.net_http_request_0_c6caed0e' depends on missing feature 'http_test'
E 2022-03-20 16:17:36.158150 [FeatureManager] {Main} Feature 'battle.net_http_request_0_c6caed0e' has dependency errors and will not respond to dependency changes
I 2022-03-20 16:17:36.158184 [FeatureManager] {Main} Moving feature record from active to inactive: whisper_voice
I 2022-03-20 16:17:36.158192 [FeatureManager] {Main} Moving feature record from active to inactive: trace_route
I 2022-03-20 16:17:36.158198 [FeatureManager] {Main} Moving feature record from active to inactive: mapped_urls
I 2022-03-20 16:17:36.158211 [FeatureManager] {Main} Feature changed: hearthstone_limited_event_57b4aca6=true
I 2022-03-20 16:17:36.158224 [FeatureManager] {Main} Feature changed: fore_limited_alpha_f6824657=true
I 2022-03-20 16:17:36.158233 [FeatureManager] {Main} Feature changed: fore_buy_now_fore_fef83a73=true
I 2022-03-20 16:17:36.158242 [FeatureManager] {Main} Feature changed: lazarus_show_on_beta_5bbf784c=true
I 2022-03-20 16:17:36.158250 [FeatureManager] {Main} Feature changed: odin_deprecate_event_21bf1dc9=true
I 2022-03-20 16:17:36.158259 [FeatureManager] {Main} Feature changed: odin_show_on_beta_5bbf784c=true
I 2022-03-20 16:17:36.158267 [FeatureManager] {Main} Feature changed: odin_upgrade_from_odin_fef83a73=true
I 2022-03-20 16:17:36.158276 [FeatureManager] {Main} Feature changed: osi_limited_install_773b93da=true
I 2022-03-20 16:17:36.158285 [FeatureManager] {Main} Feature changed: osi_limited_product_d9fa6516=true
I 2022-03-20 16:17:36.158294 [FeatureManager] {Main} Feature changed: viper_show_on_beta_5bbf784c=true
I 2022-03-20 16:17:36.158304 [FeatureManager] {Main} Feature changed: warcraft_iii_upgrade_05e4b09b=true
I 2022-03-20 16:17:36.158312 [FeatureManager] {Main} Feature changed: wlby_show_on_beta_5bbf784c=true
I 2022-03-20 16:17:36.158321 [FeatureManager] {Main} Feature changed: zeus_refresh_without_license_b63211e4=true
I 2022-03-20 16:17:36.158330 [FeatureManager] {Main} Feature changed: zeus_show_on_beta_5bbf784c=true
I 2022-03-20 16:17:36.168493 [FeatureManager] {Main} Feature changed: cts_takeovers=true
I 2022-03-20 16:17:36.169179 [FeatureManager] {Main} Feature changed: http_test=true tags=http_request_0
I 2022-03-20 16:17:36.169205 [FeatureManager] {Main} Feature changed: shop_wish_list=true
I 2022-03-20 16:17:36.169219 [FeatureManager] {Main} Feature changed: activision_auto_account_creation=true
I 2022-03-20 16:17:36.169225 [FeatureManager] {Main} Feature changed: suggested_group_members=true
I 2022-03-20 16:17:36.169232 [FeatureManager] {Main} Feature changed: all_games_v2=true
I 2022-03-20 16:17:36.169238 [FeatureManager] {Main} Feature changed: all_games_new_badge=true
I 2022-03-20 16:17:36.169244 [FeatureManager] {Main} Feature changed: collapsible_social_panel=true
I 2022-03-20 16:17:36.169251 [FeatureManager] {Main} Feature changed: blizzard_profiles=true
I 2022-03-20 16:17:36.169259 [FeatureManager] {Main} Feature changed: clear_chat_history=true
I 2022-03-20 16:17:36.169265 [FeatureManager] {Main} Feature changed: mentions=true
I 2022-03-20 16:17:36.169270 [FeatureManager] {Main} Feature changed: social_tab=true
I 2022-03-20 16:17:36.169276 [FeatureManager] {Main} Feature changed: auto_update_optimization=true
I 2022-03-20 16:17:36.169282 [FeatureManager] {Main} Feature changed: embedded_web_view=true
I 2022-03-20 16:17:36.169289 [FeatureManager] {Main} Feature changed: group_privacy_settings=true
I 2022-03-20 16:17:36.169294 [FeatureManager] {Main} Feature changed: cn_age_alert=true
I 2022-03-20 16:17:36.169301 [FeatureManager] {Main} Feature changed: appear_offline=true
I 2022-03-20 16:17:36.169306 [FeatureManager] {Main} Feature changed: refresh_toast=true
I 2022-03-20 16:17:36.169312 [FeatureManager] {Main} Feature changed: app_feedback_dialog=true
I 2022-03-20 16:17:36.169318 [FeatureManager] {Main} Feature changed: browser_main_window=true
I 2022-03-20 16:17:36.169325 [FeatureManager] {Main} Feature changed: chat_giphy=true
I 2022-03-20 16:17:36.169331 [FeatureManager] {Main} Feature changed: content_ui=true
I 2022-03-20 16:17:36.169337 [FeatureManager] {Main} Feature changed: multichats=true
I 2022-03-20 16:17:36.169347 [FeatureManager] {Main} Feature changed: first_time_experience=true
I 2022-03-20 16:17:36.169353 [FeatureManager] {Main} Feature changed: friend_request_management=true
I 2022-03-20 16:17:36.169359 [FeatureManager] {Main} Feature changed: link_previews=true
I 2022-03-20 16:17:36.169364 [FeatureManager] {Main} Feature changed: sms_protect_requirements=true
I 2022-03-20 16:17:36.169370 [FeatureManager] {Main} Feature changed: friends_list_popout=true
I 2022-03-20 16:17:36.169375 [FeatureManager] {Main} Feature changed: gift_inventory=true
I 2022-03-20 16:17:36.169380 [FeatureManager] {Main} Feature changed: global_legendary_promos=true
I 2022-03-20 16:17:36.169386 [FeatureManager] {Main} Feature changed: refresh_friend_tooltip=true
I 2022-03-20 16:17:36.169391 [FeatureManager] {Main} Feature changed: install_packages=true
I 2022-03-20 16:17:36.169397 [FeatureManager] {Main} Feature changed: modify_install=true
I 2022-03-20 16:17:36.169402 [FeatureManager] {Main} Feature changed: non_friend_whispers=true
I 2022-03-20 16:17:36.169408 [FeatureManager] {Main} Feature changed: notification_center=true
I 2022-03-20 16:17:36.169414 [FeatureManager] {Main} Feature changed: playscreen_migrate_cms=true
I 2022-03-20 16:17:36.169419 [FeatureManager] {Main} Feature changed: shared_container_installs=true
I 2022-03-20 16:17:36.169425 [FeatureManager] {Main} Feature changed: sc2_account_selection_dialog=true
I 2022-03-20 16:17:36.169430 [FeatureManager] {Main} Feature changed: suggested_facebook_friends=true
I 2022-03-20 16:17:36.169437 [FeatureManager] {Main} Feature changed: split_test_shop_sale_promo_2021=true tags=shop_sale_promo_spring_2022
I 2022-03-20 16:17:36.169447 [FeatureManager] {Main} Feature changed: whisper_voice=true
I 2022-03-20 16:17:36.169455 [FeatureManager] {Main} Feature changed: battle.net_http_request_0_c6caed0e=true
D 2022-03-20 16:17:36.169579 [Configuration] {Main} Searching for config file: E:\Games\warzone\Battle.net\Battle.net.13369\Environments.yaml
D 2022-03-20 16:17:36.169648 [Configuration] {Main} Searching for config file: E:\Games\warzone\Battle.net\Environments.yaml
I 2022-03-20 16:17:36.169687 [EnvironmentManager] {Main} Login parameters changed: address=eu.actual.battle.net:1119 region=EU
D 2022-03-20 16:17:36.187833 [CatalogVarStorage] {Main} Setting var from catalog Client.Shop.SaleNotificationVersion=6
D 2022-03-20 16:17:36.187872 [CatalogVarStorage] {Main} Setting var from catalog Browser.DisableSiteIsolation=true
D 2022-03-20 16:17:36.187882 [CatalogVarStorage] {Main} Setting var from catalog Client.ActivisionAutoAccountCreation.Games=ODIN,ZEUS,FORE,AUKS
D 2022-03-20 16:17:36.187891 [CatalogVarStorage] {Main} Setting var from catalog Client.Shop.SaleNotificationEnabled=false
D 2022-03-20 16:17:36.187899 [CatalogVarStorage] {Main} Setting var from catalog Client.OwlScreen.LiveCheckIntervalMS=300000
D 2022-03-20 16:17:36.187918 [CatalogVarStorage] {Main} Setting var from catalog Client.Announcements.MaximumAnnouncements=20
D 2022-03-20 16:17:36.187928 [CatalogVarStorage] {Main} Setting var from catalog Client.NewProfileWindowLayout=true
D 2022-03-20 16:17:36.187936 [CatalogVarStorage] {Main} Setting var from catalog Client.PromotedScreenVersion=3
D 2022-03-20 16:17:36.187947 [CatalogVarStorage] {Main} Setting var from catalog Client.Version.BetaAccessOverride=enabled
I 2022-03-20 16:17:36.187955 [VersionManager] {Main} Beta Access: enabled
D 2022-03-20 16:17:36.187962 [CatalogVarStorage] {Main} Setting var from catalog Client.Version.BetaBranchOverride=beta
D 2022-03-20 16:17:36.187972 [CatalogVarStorage] {Main} Setting var from catalog Services.WhisperChannels.InactivityTimeoutMS=0
I 2022-03-20 16:17:36.191406 [CatalogLoader] {Main} *** LOAD COMPLETE default ***
I 2022-03-20 16:17:36.191438 [CatalogManager] {Main} Loaded initial catalog: hash=b48428369f5860b3328d7d36d46876be
I 2022-03-20 16:17:36.320851 [WebServer] {Backend:0} Listening on port 22885
I 2022-03-20 16:17:42.654976 [Main] {Main} Attempting to fetch WidevineCDM: 1
D 2022-03-20 16:17:42.662341 [UI] {Main} Fixup allowed regions and locales. installedRegion=EU allowedRegions= allowedLocales=
I 2022-03-20 16:17:42.662731 [ToastManager] {Main} Toasts are enabled in ClientSettings
D 2022-03-20 16:17:42.664422 [ProductState] {Main} Game product state created: uid=
D 2022-03-20 16:17:42.664460 [ProductState] {Main} InstallState (): currentOperation=Install currentOperationStatus=New
I 2022-03-20 16:17:42.673282 [Main] {Main} Application path is: E:\Games\warzone\Battle.net\Battle.net.exe
I 2022-03-20 16:17:42.733826 [ClientServiceAlertMonitor] {Main} Breaking News url has changed. url=https://nydus.battle.net/App/ruRU/client/App/alert?targetRegion=EU
D 2022-03-20 16:17:42.734032 [RemoteContentCache] {Main} Found cached remote content. url=https://nydus.battle.net/App/ruRU/client/App/alert?targetRegion=EU
I 2022-03-20 16:17:42.737449 [ClientServiceAlertMonitor] {Main} Maintenance url has changed. url=https://nydus.battle.net/App/ruRU/client/App/maintenance?targetRegion=EU
D 2022-03-20 16:17:42.737609 [RemoteContentCache] {Main} Found cached remote content. url=https://nydus.battle.net/App/ruRU/client/App/maintenance?targetRegion=EU
I 2022-03-20 16:17:42.739337 [Frontend] {Main} Public Computer state changed. is_public=false
D 2022-03-20 16:17:42.739364 [Frontend] {Main} Session id changed. session_id=7421983933972751486
D 2022-03-20 16:17:42.739462 [Frontend] {Main} Tracking info changed. client_id=1713518960.1636732290, user_agent=
I 2022-03-20 16:17:42.749548 [HighDpiManager] {Main} High dpi support available changed: 0
I 2022-03-20 16:17:42.749570 [Frontend] {Main} High dpi support: disabled
D 2022-03-20 16:17:42.750012 [Main] {WorkerPool:0} Checking permissions on path: C:\ProgramData\Battle.net\Setup depth=-1
D 2022-03-20 16:17:42.752774 [Main] {WorkerPool:0} Checking permissions on path: C:\ProgramData\Battle.net\Agent depth=1
D 2022-03-20 16:17:42.755241 [Main] {WorkerPool:0} Checking permissions on path: C:\ProgramData\Battle.net\Agent\Agent.7614 depth=1
D 2022-03-20 16:17:42.755794 [Main] {WorkerPool:0} Checking permissions on path: C:\ProgramData\Battle.net\Agent\Agent.7661 depth=1
D 2022-03-20 16:17:42.756325 [Main] {WorkerPool:0} Checking permissions on path: C:\ProgramData\Blizzard Entertainment depth=2
D 2022-03-20 16:17:42.904296 [Frontend] {Main} Session id changed. session_id=9433659281468980187
I 2022-03-20 16:17:42.904822 [Agent] {Main} AgentManager is now initialized
I 2022-03-20 16:17:42.904840 [InstallManager] {Main} Install manager is now initialized
D 2022-03-20 16:17:42.904847 [InstallManager] {Main} Selecting best game install data for game battle.net: savedUid=battle.net originalUid=<none> newUid=battle.net
D 2022-03-20 16:17:42.904856 [InstallInfo] {Main} InstallInfo agent association has been changed: uid=battle.net agentUid=battle.net
D 2022-03-20 16:17:42.904868 [InstallManager] {Main} Selecting best game install data for game diablo3: savedUid=diablo3 originalUid=<none> newUid=diablo3
D 2022-03-20 16:17:42.904875 [InstallInfo] {Main} InstallInfo agent association has been changed: uid=diablo3 agentUid=diablo3
D 2022-03-20 16:17:42.904888 [InstallManager] {Main} Selecting best game install data for game s2: savedUid=s2 originalUid=<none> newUid=s2
D 2022-03-20 16:17:42.904894 [InstallInfo] {Main} InstallInfo agent association has been changed: uid=s2 agentUid=s2
D 2022-03-20 16:17:42.904914 [VersionManager] {Main} Branch change from Agent detected. activeBranch= branches={[0]=beta, [1]=cn, [2]=eu, [3]=kr, [4]=sg, [5]=tw, [6]=us}
D 2022-03-20 16:17:42.904930 [VersionManager] {Main} Beta branch is available: true
D 2022-03-20 16:17:42.904988 [ProductState] {Main} Game product state created: uid=diablo3
D 2022-03-20 16:17:42.905058 [ProductState] {Main} InstallState (diablo3): currentOperation=Update currentOperationStatus=New installed=1 installPath=E:/Games/Call of Duty/Diablo III canCreateShortcut=1 selectedRegion=eu activeConfigKey=21ab24be60c4aea4ff2e0868ab3e0edb regionalVersions=(eu: {playable:false config_key:d6330f59521e60649ab36942f6f2f299}, kr: {playable:false config_key:d6330f59521e60649ab36942f6f2f299}, tw: {playable:false config_key:d6330f59521e60649ab36942f6f2f299}, us: {playable:false config_key:d6330f59521e60649ab36942f6f2f299}) localVersion=2.6.8.66666 latestVersion=79575 progress=1
D 2022-03-20 16:17:42.905117 [ProductState] {Main} Game product state created: uid=s2
D 2022-03-20 16:17:42.905211 [ProductState] {Main} InstallState (s2): currentOperation=UpToDate currentOperationStatus=Paused installed=1 optionalPackageInstalled=1 installPath=E:/Games/Call of Duty/StarCraft II playable=1 canCreateShortcut=1 selectedRegion=eu activeConfigKey=e55770a2b2e2252a75da7ae8af363698 regionalVersions=(cn: {playable:true config_key:e55770a2b2e2252a75da7ae8af363698}, eu: {playable:true config_key:e55770a2b2e2252a75da7ae8af363698}, kr: {playable:true config_key:e55770a2b2e2252a75da7ae8af363698}, tw: {playable:true config_key:e55770a2b2e2252a75da7ae8af363698}, us: {playable:true config_key:e55770a2b2e2252a75da7ae8af363698}) supports_multibox=true localVersion=5.0.9.87702 latestVersion=87702 progress=1 currentStage=Complete
D 2022-03-20 16:17:42.905247 [Agent] {Main} Versioning is now enabled
D 2022-03-20 16:17:42.905266 [Agent] {Main} Triggering game versioning: battle.net
D 2022-03-20 16:17:42.905300 [Agent] {Main} Triggering game versioning: diablo3
D 2022-03-20 16:17:42.905310 [Agent] {Main} Triggering game versioning: s2
D 2022-03-20 16:17:42.905519 [InstallManager] {Main} Sending a queued OnProcessPidsUpdated notification: agentUid=battle.net binaryType=game
D 2022-03-20 16:17:42.905543 [InstallManager] {Main} Sending a queued OnProcessRunning notification: agentUid=battle.net binaryType=game
I 2022-03-20 16:17:42.905553 [InstallManager] {Main} Setting Process Running: true uid=battle.net binaryType=game any=true
D 2022-03-20 16:17:42.905566 [InstallInfo] {Main} Operation status changed: opType=Execute oldStatus=Off newStatus=On agentUid=battle.net
D 2022-03-20 16:17:43.175761 [InstallManager] {Main} Command_RegisterGame uid: s2_ruru path: E:\Games\Call of Duty\StarCraft II productcode:  subfolder:  repairing: false
D 2022-03-20 16:17:43.175835 [InstallManager] {Main} PerformRegisterInstall uid= productCode=* installDir=E:\Games\Call of Duty\StarCraft II subfolder= region=EU
I 2022-03-20 16:17:43.175908 [CatalogLoader] {Main} *** LOAD STARTED default: Context(LocalCAS: b48428369f5860b3328d7d36d46876be I) ***
I 2022-03-20 16:17:43.833945 [FeatureManager] {Main} Moving feature record from active to inactive: overwatch_league_tab
I 2022-03-20 16:17:43.833972 [FeatureManager] {Main} Moving feature record from active to inactive: blizzcon_tab
D 2022-03-20 16:17:43.849085 [CatalogVarStorage] {Main} Setting var from catalog Client.Shop.SaleNotificationVersion=6
D 2022-03-20 16:17:43.849124 [CatalogVarStorage] {Main} Setting var from catalog Browser.DisableSiteIsolation=true
D 2022-03-20 16:17:43.849141 [CatalogVarStorage] {Main} Setting var from catalog Client.ActivisionAutoAccountCreation.Games=ODIN,ZEUS,FORE,AUKS
D 2022-03-20 16:17:43.849155 [CatalogVarStorage] {Main} Setting var from catalog Client.Shop.SaleNotificationEnabled=false
D 2022-03-20 16:17:43.849170 [CatalogVarStorage] {Main} Setting var from catalog Client.OwlScreen.LiveCheckIntervalMS=300000
D 2022-03-20 16:17:43.849197 [CatalogVarStorage] {Main} Setting var from catalog Client.Announcements.MaximumAnnouncements=20
D 2022-03-20 16:17:43.849215 [CatalogVarStorage] {Main} Setting var from catalog Client.NewProfileWindowLayout=true
D 2022-03-20 16:17:43.849232 [CatalogVarStorage] {Main} Setting var from catalog Client.PromotedScreenVersion=3
D 2022-03-20 16:17:43.849249 [CatalogVarStorage] {Main} Setting var from catalog Client.Version.BetaAccessOverride=enabled
D 2022-03-20 16:17:43.849263 [CatalogVarStorage] {Main} Setting var from catalog Client.Version.BetaBranchOverride=beta
D 2022-03-20 16:17:43.849280 [CatalogVarStorage] {Main} Setting var from catalog Services.WhisperChannels.InactivityTimeoutMS=0
D 2022-03-20 16:17:43.849297 [CatalogVarStorage] {Main} Setting var from catalog Services.HTTPClient.ConnectionTimeoutMS=0
I 2022-03-20 16:17:43.852482 [CatalogLoader] {Main} *** LOAD COMPLETE default ***
I 2022-03-20 16:17:43.860229 [Main] {Main} Cached WidevineCDM is up-to-date: 4.10.2391.0
I 2022-03-20 16:17:43.861379 [Main] {Main} Connecting to server. address=eu.actual.battle.net port=1119
I 2022-03-20 16:17:43.904675 [GameSessionList] {Agent} Reporting process: TrackingInfo(uid=battle.net, type=game, opStatus=On, reqId=0, running=2, oldRunning=1)
D 2022-03-20 16:17:47.442049 [ClientServiceAlertMonitor] {Main} Service alert monitor force update requested
D 2022-03-20 16:17:47.442077 [ClientServiceAlertMonitor] {Main} Breaking News update requested
D 2022-03-20 16:17:47.442084 [ClientServiceAlertMonitor] {Main} Maintenance update requested
D 2022-03-20 16:17:47.532009 [InstallManager] {Main} Game finished versioning diablo3
I 2022-03-20 16:17:47.532150 [InstallManager] {Main} Setting Process Running: true uid=battle.net binaryType=game any=true
D 2022-03-20 16:17:47.532208 [InstallManager] {Main} Game finished versioning battle.net
D 2022-03-20 16:17:47.573922 [InstallManager] {Main} Registration complete for agentUid=s2 and region=eu
I 2022-03-20 16:17:47.581406 [CacheManager] {Main} CacheManager is now initialized
I 2022-03-20 16:17:47.581446 [TactVersionWatcher] {Main} Fetched new tact metadata. productCode=catalogs region=eu branch=PUB-29 version=2103 seq=210 buildConfig=055e674e9e0b32e048bceb50f059b40c
I 2022-03-20 16:17:47.616875 [DIAG_BuildConfig] {Main} no 'encoding' key in build configuration '055e674e9e0b32e048bceb50f059b40c', selecting plain-data mode
I 2022-03-20 16:17:47.616900 [CatalogLoader] {Main} *** LOAD STARTED default: Context(RemoteCAS: b48428369f5860b3328d7d36d46876be|tpr/catalogs/data) ***
D 2022-03-20 16:17:47.810461 [LoginController] {Main} Login_QueueUpdate (position=1,clientWaitTime=00:00:02.755397,skipLoginQueueUi=true)
D 2022-03-20 16:17:47.930108 [CatalogVarStorage] {Main} Setting var from catalog Client.Shop.SaleNotificationVersion=6
D 2022-03-20 16:17:47.930145 [CatalogVarStorage] {Main} Setting var from catalog Browser.DisableSiteIsolation=true
D 2022-03-20 16:17:47.930156 [CatalogVarStorage] {Main} Setting var from catalog Client.ActivisionAutoAccountCreation.Games=ODIN,ZEUS,FORE,AUKS
D 2022-03-20 16:17:47.930165 [CatalogVarStorage] {Main} Setting var from catalog Client.Shop.SaleNotificationEnabled=false
D 2022-03-20 16:17:47.930173 [CatalogVarStorage] {Main} Setting var from catalog Client.OwlScreen.LiveCheckIntervalMS=300000
D 2022-03-20 16:17:47.930192 [CatalogVarStorage] {Main} Setting var from catalog Client.Announcements.MaximumAnnouncements=20
D 2022-03-20 16:17:47.930201 [CatalogVarStorage] {Main} Setting var from catalog Client.NewProfileWindowLayout=true
D 2022-03-20 16:17:47.930209 [CatalogVarStorage] {Main} Setting var from catalog Client.PromotedScreenVersion=3
D 2022-03-20 16:17:47.930219 [CatalogVarStorage] {Main} Setting var from catalog Client.Version.BetaAccessOverride=enabled
D 2022-03-20 16:17:47.930226 [CatalogVarStorage] {Main} Setting var from catalog Client.Version.BetaBranchOverride=beta
D 2022-03-20 16:17:47.930235 [CatalogVarStorage] {Main} Setting var from catalog Services.WhisperChannels.InactivityTimeoutMS=0
D 2022-03-20 16:17:47.930244 [CatalogVarStorage] {Main} Setting var from catalog Services.HTTPClient.ConnectionTimeoutMS=0
I 2022-03-20 16:17:47.939019 [CatalogLoader] {Main} *** LOAD COMPLETE default ***
I 2022-03-20 16:17:48.063678 [Main] {Main} Opened database at: C:\Users\User\AppData\Local\Battle.net\Account\402069929\account.db
I 2022-03-20 16:17:48.067417 [GSAccountProvider] {Main} Login triggered. entityId=1:0:17f719a9
I 2022-03-20 16:17:48.067441 [GSStateTracker] {Main} State changed to: WaitingForAccountState
I 2022-03-20 16:17:48.067469 [AccountManager] {Main} Account manager state has changed to: Loading
D 2022-03-20 16:17:48.068052 [GSAccountProvider] {Main} Querying account level info for account: 1:0:17f719a9
D 2022-03-20 16:17:48.068096 [GSAccountProvider] {Main} Querying parental control info for account: 1:0:17f719a9
D 2022-03-20 16:17:48.068121 [GSAccountProvider] {Main} Querying game accounts for region: US
D 2022-03-20 16:17:48.068139 [GSAccountProvider] {Main} Querying game accounts for region: EU
D 2022-03-20 16:17:48.068150 [GSAccountProvider] {Main} Querying game accounts for region: KR
D 2022-03-20 16:17:48.068158 [GSAccountProvider] {Main} Querying game accounts for region: SG
D 2022-03-20 16:17:48.068164 [GSAccountProvider] {Main} Querying game accounts for region: XX
D 2022-03-20 16:17:48.068172 [GSAccountProvider] {Main} Querying game accounts for region: GLOBAL
D 2022-03-20 16:17:48.068179 [GSAccountProvider] {Main} Querying parental control info for account: 1:0:17f719a9
D 2022-03-20 16:17:48.068226 [GSAccountProvider] {Main} Querying program level information for program: OSI
D 2022-03-20 16:17:48.068256 [GSAccountProvider] {Main} Querying program level information for program: Fen
D 2022-03-20 16:17:48.068269 [GSAccountProvider] {Main} Querying program level information for program: D3
D 2022-03-20 16:17:48.068280 [GSAccountProvider] {Main} Querying program level information for program: S2
D 2022-03-20 16:17:48.068293 [GSAccountProvider] {Main} Querying program level information for program: S1
D 2022-03-20 16:17:48.068304 [GSAccountProvider] {Main} Querying program level information for program: FORE
D 2022-03-20 16:17:48.068315 [GSAccountProvider] {Main} Querying program level information for program: W3
D 2022-03-20 16:17:48.068326 [GSAccountProvider] {Main} Querying program level information for program: WoW
D 2022-03-20 16:17:48.068337 [GSAccountProvider] {Main} Querying program level information for program: Pro
D 2022-03-20 16:17:48.068349 [GSAccountProvider] {Main} Querying program level information for program: Hero
D 2022-03-20 16:17:48.068360 [GSAccountProvider] {Main} Querying program level information for program: D3CN
D 2022-03-20 16:17:48.068373 [GSAccountProvider] {Main} Querying program level information for program: AUKS
D 2022-03-20 16:17:48.068384 [GSAccountProvider] {Main} Querying program level information for program: LAZR
D 2022-03-20 16:17:48.068393 [GSAccountProvider] {Main} Querying program level information for program: ODIN
D 2022-03-20 16:17:48.068403 [GSAccountProvider] {Main} Querying program level information for program: RTRO
D 2022-03-20 16:17:48.068413 [GSAccountProvider] {Main} Querying program level information for program: SPOT
D 2022-03-20 16:17:48.068422 [GSAccountProvider] {Main} Querying program level information for program: VIPR
D 2022-03-20 16:17:48.068432 [GSAccountProvider] {Main} Querying program level information for program: WLBY
D 2022-03-20 16:17:48.068444 [GSAccountProvider] {Main} Querying program level information for program: WTCG
D 2022-03-20 16:17:48.068455 [GSAccountProvider] {Main} Querying program level information for program: ZEUS
D 2022-03-20 16:17:48.077164 [GSAccountProvider] {Main} Received AccountLevelInfo for account. entityId=1:0:17f719a9 accountLevelInfo=|licenses:|id=265|id=268|id=274|id=10107|id=10432|id=24636|:licenses|default_currency=5395778|country=RUS|preferred_region=2|account_paid_any=1
I 2022-03-20 16:17:48.077274 [AccountManager] {Main} Account site region code changed: EU
I 2022-03-20 16:17:48.077284 [AccountManager] {Main} Account country changed: RUS
D 2022-03-20 16:17:48.077346 [GSAccountProvider] {Main} Parental control info for account (1:0:17f719a9) resulted in cache miss.
D 2022-03-20 16:17:48.077414 [GSAccountProvider] {Main} Game account list for region 'US' resulted in cache miss.
I 2022-03-20 16:17:48.077429 [GSStateTracker] {Main} State changed to: Loading
D 2022-03-20 16:17:48.077470 [GSAccountProvider] {Main} Querying game level information for entity: (Game: EU-D3-918804046)
D 2022-03-20 16:17:48.077582 [GSAccountProvider] {Main} Querying game time info for entity Id: (Game: EU-D3-918804046)
D 2022-03-20 16:17:48.077710 [GSAccountProvider] {Main} Querying game level information for entity: (Game: EU-S2-913901202)
D 2022-03-20 16:17:48.077799 [GSAccountProvider] {Main} Querying game time info for entity Id: (Game: EU-S2-913901202)
D 2022-03-20 16:17:48.077915 [GSAccountProvider] {Main} Querying game level information for entity: (Game: EU-WTCG-19154452)
D 2022-03-20 16:17:48.078011 [GSAccountProvider] {Main} Querying game time info for entity Id: (Game: EU-WTCG-19154452)
D 2022-03-20 16:17:48.078097 [GSAccountProvider] {Main} Received 3 game accounts from region 'EU'
D 2022-03-20 16:17:48.078190 [GSAccountProvider] {Main} Game account list for region 'KR' resulted in cache miss.
D 2022-03-20 16:17:48.078252 [GSAccountProvider] {Main} Game account list for region 'SG' resulted in cache miss.
D 2022-03-20 16:17:48.078373 [GSAccountProvider] {Main} Querying game level information for entity: (Game: XX-WTCG-21388410)
D 2022-03-20 16:17:48.078449 [GSAccountProvider] {Main} Querying game time info for entity Id: (Game: XX-WTCG-21388410)
D 2022-03-20 16:17:48.078528 [GSAccountProvider] {Main} Received 1 game accounts from region 'XX'
D 2022-03-20 16:17:48.078632 [GSAccountProvider] {Main} Game account list for region 'GLOBAL' resulted in cache miss.
D 2022-03-20 16:17:48.078693 [GSAccountProvider] {Main} Parental control info for account (1:0:17f719a9) resulted in cache miss.
D 2022-03-20 16:17:48.078769 [GSAccountProvider] {Main} Received program level info. programId=OSI programLevelInfo=|program=5198665
D 2022-03-20 16:17:48.078980 [GSAccountProvider] {Main} Received program level info. programId=Fen programLevelInfo=|program=4613486
D 2022-03-20 16:17:48.079068 [GSAccountProvider] {Main} Received program level info. programId=D3 programLevelInfo=|program=17459
D 2022-03-20 16:17:48.079147 [GSAccountProvider] {Main} Received program level info. programId=S2 programLevelInfo=|program=21298|licenses:|id=24636|:licenses
D 2022-03-20 16:17:48.079321 [GSAccountProvider] {Main} Received program level info. programId=S1 programLevelInfo=|program=21297
D 2022-03-20 16:17:48.079338 [GSAccountProvider] {Main} Received program level info. programId=FORE programLevelInfo=|program=1179603525
D 2022-03-20 16:17:48.079355 [GSAccountProvider] {Main} Received program level info. programId=W3 programLevelInfo=|program=22323
D 2022-03-20 16:17:48.079365 [GSAccountProvider] {Main} Received program level info. programId=WoW programLevelInfo=|program=5730135|licenses:|id=274|:licenses
D 2022-03-20 16:17:48.079377 [GSAccountProvider] {Main} Received program level info. programId=Pro programLevelInfo=|program=5272175
D 2022-03-20 16:17:48.079385 [GSAccountProvider] {Main} Received program level info. programId=Hero programLevelInfo=|is_beta=1|program=1214607983|licenses:|id=10107|:licenses|licenses:|id=10432|:licenses
D 2022-03-20 16:17:48.079412 [GSAccountProvider] {Main} Cache miss for program level info. programId=D3CN
D 2022-03-20 16:17:48.079419 [GSAccountProvider] {Main} Received program level info. programId=AUKS programLevelInfo=|program=1096108883
D 2022-03-20 16:17:48.079427 [GSAccountProvider] {Main} Received program level info. programId=LAZR programLevelInfo=|program=1279351378
D 2022-03-20 16:17:48.079436 [GSAccountProvider] {Main} Received program level info. programId=ODIN programLevelInfo=|program=1329875278
D 2022-03-20 16:17:48.079445 [GSAccountProvider] {Main} Received program level info. programId=RTRO programLevelInfo=|program=1381257807
D 2022-03-20 16:17:48.079454 [GSAccountProvider] {Main} Received program level info. programId=SPOT programLevelInfo=|program=1397772116
D 2022-03-20 16:17:48.079463 [GSAccountProvider] {Main} Received program level info. programId=VIPR programLevelInfo=|program=1447645266
D 2022-03-20 16:17:48.079471 [GSAccountProvider] {Main} Received program level info. programId=WLBY programLevelInfo=|program=1464615513
D 2022-03-20 16:17:48.079480 [GSAccountProvider] {Main} Received program level info. programId=WTCG programLevelInfo=|is_lifetime=1|program=1465140039|licenses:|id=265|:licenses
D 2022-03-20 16:17:48.079492 [GSAccountProvider] {Main} Received program level info. programId=ZEUS programLevelInfo=|program=1514493267
D 2022-03-20 16:17:48.080619 [GSAccountProvider] {Main} Received GameLevelInfo: (Game: EU-D3-918804046) info=|name="D31"|program=17459|realm_permissions=1|last_logout_time_ms=1585779644000
D 2022-03-20 16:17:48.080680 [GSAccountProvider] {Main} Received GameTimeInfo: (Game: EU-D3-918804046) info=
D 2022-03-20 16:17:48.080713 [GSAccountProvider] {Main} Received GameLevelInfo: (Game: EU-S2-913901202) info=|is_trial=0|is_restricted=0|name="S21"|program=21298|realm_permissions=1|last_logout_time_ms=1647106727000
D 2022-03-20 16:17:48.080741 [GSAccountProvider] {Main} Received GameTimeInfo: (Game: EU-S2-913901202) info=
D 2022-03-20 16:17:48.080751 [GSAccountProvider] {Main} Received GameLevelInfo: (Game: EU-WTCG-19154452) info=|name="WTCG1"|program=1465140039|licenses:|id=10444|:licenses|licenses:|id=11340|:licenses|realm_permissions=1
D 2022-03-20 16:17:48.080776 [GSAccountProvider] {Main} Received GameTimeInfo: (Game: EU-WTCG-19154452) info=
D 2022-03-20 16:17:48.080786 [GSAccountProvider] {Main} Received GameLevelInfo: (Game: XX-WTCG-21388410) info=|name="WTCG1"|program=1465140039|realm_permissions=1
D 2022-03-20 16:17:48.080802 [GSAccountProvider] {Main} Received GameTimeInfo: (Game: XX-WTCG-21388410) info=
D 2022-03-20 16:17:48.261204 [GSAccountProvider] {Main} Subscription has been activated. entityId=(Game: XX-WTCG-21388410)
D 2022-03-20 16:17:48.360485 [GSAccountProvider] {Main} Subscription has been activated. entityId=(BNet: 1:0:17f719a9)
D 2022-03-20 16:17:48.360598 [GSAccountProvider] {Main} Querying game accounts for region: US
D 2022-03-20 16:17:48.360638 [GSAccountProvider] {Main} Querying game accounts for region: KR
D 2022-03-20 16:17:48.360663 [GSAccountProvider] {Main} Querying game accounts for region: SG
D 2022-03-20 16:17:48.360684 [GSAccountProvider] {Main} Querying game accounts for region: GLOBAL
D 2022-03-20 16:17:48.360732 [GSAccountProvider] {Main} Received GameTimeRemainingInfo: (Game: EU-D3-918804046) info=
D 2022-03-20 16:17:48.360767 [GSAccountProvider] {Main} Received GameTimeRemainingInfo: (Game: EU-WTCG-19154452) info=
D 2022-03-20 16:17:48.360865 [GSAccountProvider] {Main} Subscription has been activated. entityId=(Game: EU-D3-918804046)
D 2022-03-20 16:17:48.360907 [GSAccountProvider] {Main} Subscription has been activated. entityId=(Game: EU-WTCG-19154452)
D 2022-03-20 16:17:48.360934 [GSAccountProvider] {Main} Received GameTimeRemainingInfo: (Game: EU-S2-913901202) info=
D 2022-03-20 16:17:48.360962 [GSAccountProvider] {Main} Subscription has been activated. entityId=(Game: EU-S2-913901202)
D 2022-03-20 16:17:48.370465 [GSAccountProvider] {Main} Region 'US' has no game accounts.
D 2022-03-20 16:17:48.370530 [GSAccountProvider] {Main} Region 'KR' has no game accounts.
D 2022-03-20 16:17:48.370553 [GSAccountProvider] {Main} Region 'SG' has no game accounts.
D 2022-03-20 16:17:48.370572 [GSAccountProvider] {Main} Region 'GLOBAL' has no game accounts.
I 2022-03-20 16:17:48.370591 [GSStateTracker] {Main} All region requests have been completed!
I 2022-03-20 16:17:48.370613 [GSStateTracker] {Main} State changed to: WaitingForEntitlements
D 2022-03-20 16:17:48.370683 [GSAccountProvider] {Main} Completed initial load.
D 2022-03-20 16:17:48.370704 [GSAccountProvider] {Main} Querying game status for program id: D3
D 2022-03-20 16:17:48.370736 [GSAccountProvider] {Main} Querying game status for program id: S1
D 2022-03-20 16:17:48.370760 [GSAccountProvider] {Main} Querying game status for program id: S2
D 2022-03-20 16:17:48.370782 [GSAccountProvider] {Main} Querying game status for program id: W3
D 2022-03-20 16:17:48.370804 [GSAccountProvider] {Main} Querying game status for program id: Fen
D 2022-03-20 16:17:48.370828 [GSAccountProvider] {Main} Querying game status for program id: OSI
D 2022-03-20 16:17:48.370848 [GSAccountProvider] {Main} Querying game status for program id: Pro
D 2022-03-20 16:17:48.370868 [GSAccountProvider] {Main} Querying game status for program id: AUKS
D 2022-03-20 16:17:48.370890 [GSAccountProvider] {Main} Querying game status for program id: D3CN
D 2022-03-20 16:17:48.370910 [GSAccountProvider] {Main} Querying game status for program id: FORE
D 2022-03-20 16:17:48.370933 [GSAccountProvider] {Main} Querying game status for program id: Hero
D 2022-03-20 16:17:48.370954 [GSAccountProvider] {Main} Querying game status for program id: LAZR
D 2022-03-20 16:17:48.370975 [GSAccountProvider] {Main} Querying game status for program id: ODIN
D 2022-03-20 16:17:48.370999 [GSAccountProvider] {Main} Querying game status for program id: RTRO
D 2022-03-20 16:17:48.371020 [GSAccountProvider] {Main} Querying game status for program id: SPOT
D 2022-03-20 16:17:48.371046 [GSAccountProvider] {Main} Querying game status for program id: VIPR
D 2022-03-20 16:17:48.371067 [GSAccountProvider] {Main} Querying game status for program id: WLBY
D 2022-03-20 16:17:48.371091 [GSAccountProvider] {Main} Querying game status for program id: WTCG
D 2022-03-20 16:17:48.371112 [GSAccountProvider] {Main} Querying game status for program id: ZEUS
I 2022-03-20 16:17:48.380574 [GSStateTracker] {Main} State changed to: Ready
I 2022-03-20 16:17:48.380648 [GSAccountProvider] {Main} Loaded accounts: 10
I 2022-03-20 16:17:48.380678 [GSAccountProvider] {Main} [OSI-OSI:beta]
I 2022-03-20 16:17:48.380699 [GSAccountProvider] {Main} [WTCG-WTCG:retail]
I 2022-03-20 16:17:48.380725 [GSAccountProvider] {Main} [Hero-Hero:ptr]
I 2022-03-20 16:17:48.380743 [GSAccountProvider] {Main} [S2-S2:retail]
I 2022-03-20 16:17:48.380761 [GSAccountProvider] {Main} [D3-D3:retail]
I 2022-03-20 16:17:48.380780 [GSAccountProvider] {Main} [FORE-FORE:beta]
I 2022-03-20 16:17:48.380796 [GSAccountProvider] {Main} [S2-S2:ptr]
I 2022-03-20 16:17:48.380810 [GSAccountProvider] {Main} [S1-S1:ptr]
I 2022-03-20 16:17:48.380831 [GSAccountProvider] {Main} [ODIN-ODIN_MW:beta]
I 2022-03-20 16:17:48.380846 [GSAccountProvider] {Main} [ZEUS-ZEUS:beta]
I 2022-03-20 16:17:48.380863 [AccountManager] {Main} Account manager state has changed to: Ready
I 2022-03-20 16:17:48.381064 [GameProvider] {Main} Beginning GameProvider initialization.
D 2022-03-20 16:17:48.381205 [GameProvider] {Main} Inserting new unbound entity because no suitable match was found. uniqueId=Hero_retail
D 2022-03-20 16:17:48.381653 [GameProvider] {Main} Inserting new unbound entity because no suitable match was found. uniqueId=AUKS_retail
D 2022-03-20 16:17:48.382007 [GameProvider] {Main} Inserting new unbound entity because no suitable match was found. uniqueId=D3_retail
D 2022-03-20 16:17:48.382056 [GameProvider] {Main} Inserting new unbound entity because no suitable match was found. uniqueId=D3CN_retail
D 2022-03-20 16:17:48.382395 [GameProvider] {Main} Inserting new unbound entity because no suitable match was found. uniqueId=FORE_retail
D 2022-03-20 16:17:48.382721 [GameProvider] {Main} Inserting new unbound entity because no suitable match was found. uniqueId=Fen_retail
D 2022-03-20 16:17:48.383227 [GameProvider] {Main} Inserting new unbound entity because no suitable match was found. uniqueId=OSI_retail
D 2022-03-20 16:17:48.383614 [GameProvider] {Main} Inserting new unbound entity because no suitable match was found. uniqueId=LAZR_retail
D 2022-03-20 16:17:48.383949 [GameProvider] {Main} Inserting new unbound entity because no suitable match was found. uniqueId=ODIN_retail
D 2022-03-20 16:17:48.384388 [GameProvider] {Main} Inserting new unbound entity because no suitable match was found. uniqueId=Pro_retail
D 2022-03-20 16:17:48.384771 [GameProvider] {Main} Inserting new unbound entity because no suitable match was found. uniqueId=RTRO_retail
D 2022-03-20 16:17:48.385164 [GameProvider] {Main} Inserting new unbound entity because no suitable match was found. uniqueId=S1_retail
D 2022-03-20 16:17:48.385538 [GameProvider] {Main} Inserting new unbound entity because no suitable match was found. uniqueId=S2_retail
D 2022-03-20 16:17:48.385589 [GameProvider] {Main} Inserting new unbound entity because no suitable match was found. uniqueId=SPOT_retail
D 2022-03-20 16:17:48.385887 [GameProvider] {Main} Inserting new unbound entity because no suitable match was found. uniqueId=VIPR_retail
D 2022-03-20 16:17:48.386236 [GameProvider] {Main} Inserting new unbound entity because no suitable match was found. uniqueId=W3_retail
D 2022-03-20 16:17:48.386675 [GameProvider] {Main} Inserting new unbound entity because no suitable match was found. uniqueId=WLBY_retail
D 2022-03-20 16:17:48.387010 [GameProvider] {Main} Inserting new unbound entity because no suitable match was found. uniqueId=WTCG_retail
D 2022-03-20 16:17:48.387422 [GameProvider] {Main} Inserting new unbound entity because no suitable match was found. uniqueId=WoW_retail
D 2022-03-20 16:17:48.387979 [GameProvider] {Main} Tried to insert an unbound entity with no uid. productCode=WoWC_wow_classic
D 2022-03-20 16:17:48.388028 [GameProvider] {Main} Inserting new unbound entity because no suitable match was found. uniqueId=ZEUS_retail
D 2022-03-20 16:17:48.388431 [GameProvider] {Main} Tried to insert an unbound entity that already exists. productCode=D3_retail bound=0
D 2022-03-20 16:17:48.388480 [GameProvider] {Main} Tried to insert an unbound entity that already exists. productCode=S2_retail bound=0
I 2022-03-20 16:17:48.388615 [GameProvider] {Main} Inserting new bound entity because no suitable match was found. accountInfo=[OSI-OSI:beta] productId=OSI productType=beta
D 2022-03-20 16:17:48.388975 [GameProvider] {Main} Binding account info to available unbound entity. productCode=WTCG_retail accountInfo=[WTCG-WTCG:retail]
I 2022-03-20 16:17:48.389058 [GameProvider] {Main} Inserting new bound entity because no suitable match was found. accountInfo=[Hero-Hero:ptr] productId=Hero productType=ptr
D 2022-03-20 16:17:48.389439 [GameProvider] {Main} Binding account info to available unbound entity. productCode=S2_retail accountInfo=[S2-S2:retail]
D 2022-03-20 16:17:48.389496 [GameProvider] {Main} Binding account info to available unbound entity. productCode=D3_retail accountInfo=[D3-D3:retail]
I 2022-03-20 16:17:48.389561 [GameProvider] {Main} Inserting new bound entity because no suitable match was found. accountInfo=[FORE-FORE:beta] productId=FORE productType=beta
I 2022-03-20 16:17:48.390032 [GameProvider] {Main} Inserting new bound entity because no suitable match was found. accountInfo=[S2-S2:ptr] productId=S2 productType=ptr
I 2022-03-20 16:17:48.390468 [GameProvider] {Main} Inserting new bound entity because no suitable match was found. accountInfo=[S1-S1:ptr] productId=S1 productType=ptr
I 2022-03-20 16:17:48.390813 [GameProvider] {Main} Inserting new bound entity because no suitable match was found. accountInfo=[ODIN-ODIN_MW:beta] productId=ODIN_MW productType=beta
I 2022-03-20 16:17:48.391156 [GameProvider] {Main} Inserting new bound entity because no suitable match was found. accountInfo=[ZEUS-ZEUS:beta] productId=ZEUS productType=beta
I 2022-03-20 16:17:48.391481 [GameProvider] {Main} Game provider is now initialized
I 2022-03-20 16:17:48.391904 [InstallFlow] {Main} FlowController is now initialized
I 2022-03-20 16:17:48.392057 [GameController] {Main} Beginning GameController initialization
D 2022-03-20 16:17:48.392471 [GameController] {Main} Game Family Added: id=Hero visible=0
D 2022-03-20 16:17:48.392805 [ProductState] {Main} Game product state created: uid=heroes
D 2022-03-20 16:17:48.392881 [ProductState] {Main} InstallState (heroes): currentOperation=Install currentOperationStatus=New
I 2022-03-20 16:17:48.393299 [GameController] {Main} GameAccount added to family: family=Hero account=GameAccount(Hero:retail region=EU unbound)
D 2022-03-20 16:17:48.393646 [GameController] {Main} Adding product state reference. uid=heroes refCount=0
D 2022-03-20 16:17:48.393911 [GameController] {Main} Visibility Changed. family=Hero visible=1
D 2022-03-20 16:17:48.408696 [GameController] {Main} Game Family Added: id=OSI visible=0
D 2022-03-20 16:17:48.409026 [ProductState] {Main} Game product state created: uid=osi
D 2022-03-20 16:17:48.409127 [ProductState] {Main} InstallState (osi): currentOperation=Install currentOperationStatus=New
I 2022-03-20 16:17:48.409482 [GameController] {Main} GameAccount added to family: family=OSI account=GameAccount(OSI:retail region=EU unbound)
D 2022-03-20 16:17:48.409659 [GameController] {Main} Adding product state reference. uid=osi refCount=0
D 2022-03-20 16:17:48.409998 [GameController] {Main} Visibility Changed. family=OSI visible=1
D 2022-03-20 16:17:48.412838 [GameController] {Main} Game Family Added: id=AUKS visible=0
D 2022-03-20 16:17:48.413186 [ProductState] {Main} Game product state created: uid=auks
D 2022-03-20 16:17:48.413305 [ProductState] {Main} InstallState (auks): currentOperation=Install currentOperationStatus=New
I 2022-03-20 16:17:48.413653 [GameController] {Main} GameAccount added to family: family=AUKS account=GameAccount(AUKS:retail region=EU unbound hidden)
D 2022-03-20 16:17:48.413825 [GameController] {Main} Adding product state reference. uid=auks refCount=0
D 2022-03-20 16:17:48.416801 [GameController] {Main} Game Family Added: id=D3 visible=0
I 2022-03-20 16:17:48.417588 [GameController] {Main} GameAccount added to family: family=D3 account=GameAccount(D3:retail region=EU)
D 2022-03-20 16:17:48.417760 [GameController] {Main} Adding product state reference. uid=diablo3 refCount=0
D 2022-03-20 16:17:48.418040 [GameController] {Main} Visibility Changed. family=D3 visible=1
D 2022-03-20 16:17:48.419553 [GameController] {Main} Game Family Added: id=S1 visible=0
D 2022-03-20 16:17:48.419752 [ProductState] {Main} Game product state created: uid=s1
D 2022-03-20 16:17:48.419820 [ProductState] {Main} InstallState (s1): currentOperation=Install currentOperationStatus=New
I 2022-03-20 16:17:48.420039 [GameController] {Main} GameAccount added to family: family=S1 account=GameAccount(S1:retail region=EU unbound)
D 2022-03-20 16:17:48.420131 [GameController] {Main} Adding product state reference. uid=s1 refCount=0
D 2022-03-20 16:17:48.420305 [GameController] {Main} Visibility Changed. family=S1 visible=1
D 2022-03-20 16:17:48.421776 [GameController] {Main} Game Family Added: id=D3CN visible=0
D 2022-03-20 16:17:48.421982 [ProductState] {Main} Game product state created: uid=d3cn
D 2022-03-20 16:17:48.422046 [ProductState] {Main} InstallState (d3cn): currentOperation=Install currentOperationStatus=New
I 2022-03-20 16:17:48.422225 [GameController] {Main} GameAccount added to family: family=D3CN account=GameAccount(D3CN:retail region=<none> unbound hidden)
D 2022-03-20 16:17:48.422312 [GameController] {Main} Adding product state reference. uid=d3cn refCount=0
D 2022-03-20 16:17:48.423218 [GameController] {Main} Game Family Added: id=FORE visible=0
D 2022-03-20 16:17:48.423344 [ProductState] {Main} Game product state created: uid=fore
D 2022-03-20 16:17:48.423397 [ProductState] {Main} InstallState (fore): currentOperation=Install currentOperationStatus=New
I 2022-03-20 16:17:48.423543 [GameController] {Main} GameAccount added to family: family=FORE account=GameAccount(FORE:retail region=EU unbound)
D 2022-03-20 16:17:48.423591 [GameController] {Main} Adding product state reference. uid=fore refCount=0
D 2022-03-20 16:17:48.423677 [GameController] {Main} Visibility Changed. family=FORE visible=1
D 2022-03-20 16:17:48.424421 [GameController] {Main} Game Family Added: id=ODIN visible=0
D 2022-03-20 16:17:48.424528 [ProductState] {Main} Game product state created: uid=odin
D 2022-03-20 16:17:48.424560 [ProductState] {Main} InstallState (odin): currentOperation=Install currentOperationStatus=New
I 2022-03-20 16:17:48.424666 [GameController] {Main} GameAccount added to family: family=ODIN account=GameAccount(ODIN:retail region=EU unbound)
D 2022-03-20 16:17:48.424718 [GameController] {Main} Adding product state reference. uid=odin refCount=0
D 2022-03-20 16:17:48.424828 [GameController] {Main} Visibility Changed. family=ODIN visible=1
D 2022-03-20 16:17:48.425575 [GameController] {Main} Game Family Added: id=Fen visible=0
D 2022-03-20 16:17:48.425678 [ProductState] {Main} Game product state created: uid=fenris
D 2022-03-20 16:17:48.425712 [ProductState] {Main} InstallState (fenris): currentOperation=Install currentOperationStatus=New
I 2022-03-20 16:17:48.425813 [GameController] {Main} GameAccount added to family: family=Fen account=GameAccount(Fen:retail region=EU unbound hidden)
D 2022-03-20 16:17:48.425863 [GameController] {Main} Adding product state reference. uid=fenris refCount=0
D 2022-03-20 16:17:48.426670 [GameController] {Main} Game Family Added: id=LAZR visible=0
D 2022-03-20 16:17:48.426792 [ProductState] {Main} Game product state created: uid=lazarus
D 2022-03-20 16:17:48.426826 [ProductState] {Main} InstallState (lazarus): currentOperation=Install currentOperationStatus=New
I 2022-03-20 16:17:48.426930 [GameController] {Main} GameAccount added to family: family=LAZR account=GameAccount(LAZR:retail region=EU unbound)
D 2022-03-20 16:17:48.426976 [GameController] {Main} Adding product state reference. uid=lazarus refCount=0
D 2022-03-20 16:17:48.427061 [GameController] {Main} Visibility Changed. family=LAZR visible=1
D 2022-03-20 16:17:48.427800 [GameController] {Main} Game Family Added: id=Pro visible=0
D 2022-03-20 16:17:48.427901 [ProductState] {Main} Game product state created: uid=prometheus
D 2022-03-20 16:17:48.427933 [ProductState] {Main} InstallState (prometheus): currentOperation=Install currentOperationStatus=New
I 2022-03-20 16:17:48.428043 [GameController] {Main} GameAccount added to family: family=Pro account=GameAccount(Pro:retail region=EU unbound)
D 2022-03-20 16:17:48.428096 [GameController] {Main} Adding product state reference. uid=prometheus refCount=0
D 2022-03-20 16:17:48.428188 [GameController] {Main} Visibility Changed. family=Pro visible=1
D 2022-03-20 16:17:48.428929 [GameController] {Main} Game Family Added: id=RTRO visible=0
D 2022-03-20 16:17:48.429026 [ProductState] {Main} Game product state created: uid=rtro
D 2022-03-20 16:17:48.429057 [ProductState] {Main} InstallState (rtro): currentOperation=Install currentOperationStatus=New
I 2022-03-20 16:17:48.429163 [GameController] {Main} GameAccount added to family: family=RTRO account=GameAccount(RTRO:retail region=EU unbound)
D 2022-03-20 16:17:48.429226 [GameController] {Main} Adding product state reference. uid=rtro refCount=0
D 2022-03-20 16:17:48.429324 [GameController] {Main} Visibility Changed. family=RTRO visible=1
D 2022-03-20 16:17:48.430171 [GameController] {Main} Game Family Added: id=S2 visible=0
I 2022-03-20 16:17:48.430247 [GameController] {Main} GameAccount added to family: family=S2 account=GameAccount(S2:retail region=EU)
D 2022-03-20 16:17:48.430291 [GameController] {Main} Adding product state reference. uid=s2 refCount=0
D 2022-03-20 16:17:48.430372 [GameController] {Main} Visibility Changed. family=S2 visible=1
D 2022-03-20 16:17:48.431103 [GameController] {Main} Game Family Added: id=SPOT visible=0
D 2022-03-20 16:17:48.431203 [ProductState] {Main} Game product state created: uid=spot
D 2022-03-20 16:17:48.431234 [ProductState] {Main} InstallState (spot): currentOperation=Install currentOperationStatus=New
I 2022-03-20 16:17:48.431336 [GameController] {Main} GameAccount added to family: family=SPOT account=GameAccount(SPOT:retail region=EU unbound hidden)
D 2022-03-20 16:17:48.431383 [GameController] {Main} Adding product state reference. uid=spot refCount=0
D 2022-03-20 16:17:48.432181 [GameController] {Main} Game Family Added: id=VIPR visible=0
D 2022-03-20 16:17:48.432287 [ProductState] {Main} Game product state created: uid=viper
D 2022-03-20 16:17:48.432323 [ProductState] {Main} InstallState (viper): currentOperation=Install currentOperationStatus=New
I 2022-03-20 16:17:48.432423 [GameController] {Main} GameAccount added to family: family=VIPR account=GameAccount(VIPR:retail region=EU unbound)
D 2022-03-20 16:17:48.432467 [GameController] {Main} Adding product state reference. uid=viper refCount=0
D 2022-03-20 16:17:48.432552 [GameController] {Main} Visibility Changed. family=VIPR visible=1
D 2022-03-20 16:17:48.433279 [GameController] {Main} Game Family Added: id=W3 visible=0
D 2022-03-20 16:17:48.433376 [ProductState] {Main} Game product state created: uid=w3
D 2022-03-20 16:17:48.433408 [ProductState] {Main} InstallState (w3): currentOperation=Install currentOperationStatus=New
I 2022-03-20 16:17:48.433510 [GameController] {Main} GameAccount added to family: family=W3 account=GameAccount(W3:retail region=EU unbound)
D 2022-03-20 16:17:48.433556 [GameController] {Main} Adding product state reference. uid=w3 refCount=0
D 2022-03-20 16:17:48.433636 [GameController] {Main} Visibility Changed. family=W3 visible=1
D 2022-03-20 16:17:48.434373 [GameController] {Main} Game Family Added: id=WLBY visible=0
D 2022-03-20 16:17:48.434472 [ProductState] {Main} Game product state created: uid=wlby
D 2022-03-20 16:17:48.434503 [ProductState] {Main} InstallState (wlby): currentOperation=Install currentOperationStatus=New
I 2022-03-20 16:17:48.434601 [GameController] {Main} GameAccount added to family: family=WLBY account=GameAccount(WLBY:retail region=EU unbound)
D 2022-03-20 16:17:48.434644 [GameController] {Main} Adding product state reference. uid=wlby refCount=0
D 2022-03-20 16:17:48.434725 [GameController] {Main} Visibility Changed. family=WLBY visible=1
D 2022-03-20 16:17:48.435465 [GameController] {Main} Game Family Added: id=WTCG visible=0
D 2022-03-20 16:17:48.435588 [ProductState] {Main} Game product state created: uid=hs_beta
D 2022-03-20 16:17:48.435622 [ProductState] {Main} InstallState (hs_beta): currentOperation=Install currentOperationStatus=New
I 2022-03-20 16:17:48.435769 [GameController] {Main} GameAccount added to family: family=WTCG account=GameAccount(WTCG:retail region=EU)
D 2022-03-20 16:17:48.435820 [GameController] {Main} Adding product state reference. uid=hs_beta refCount=0
D 2022-03-20 16:17:48.435908 [GameController] {Main} Visibility Changed. family=WTCG visible=1
D 2022-03-20 16:17:48.436728 [GameController] {Main} Game Family Added: id=WoW visible=0
D 2022-03-20 16:17:48.436828 [ProductState] {Main} Game product state created: uid=wow
D 2022-03-20 16:17:48.436858 [ProductState] {Main} InstallState (wow): currentOperation=Install currentOperationStatus=New
I 2022-03-20 16:17:48.436968 [GameController] {Main} GameAccount added to family: family=WoW account=GameAccount(WoW:retail region=EU unbound)
D 2022-03-20 16:17:48.437014 [GameController] {Main} Adding product state reference. uid=wow refCount=0
D 2022-03-20 16:17:48.437098 [GameController] {Main} Visibility Changed. family=WoW visible=1
D 2022-03-20 16:17:48.437834 [GameController] {Main} Game Family Added: id=ZEUS visible=0
D 2022-03-20 16:17:48.437957 [ProductState] {Main} Game product state created: uid=zeus
D 2022-03-20 16:17:48.437988 [ProductState] {Main} InstallState (zeus): currentOperation=Install currentOperationStatus=New
I 2022-03-20 16:17:48.438088 [GameController] {Main} GameAccount added to family: family=ZEUS account=GameAccount(ZEUS:retail region=EU unbound)
D 2022-03-20 16:17:48.438130 [GameController] {Main} Adding product state reference. uid=zeus refCount=0
D 2022-03-20 16:17:48.438211 [GameController] {Main} Visibility Changed. family=ZEUS visible=1
D 2022-03-20 16:17:48.438974 [ProductState] {Main} Game product state created: uid=osi_beta
D 2022-03-20 16:17:48.439005 [ProductState] {Main} InstallState (osi_beta): currentOperation=Install currentOperationStatus=New
I 2022-03-20 16:17:48.439133 [GameController] {Main} GameAccount added to family: family=OSI account=GameAccount(OSI:beta region=EU hidden)
D 2022-03-20 16:17:48.439175 [GameController] {Main} Adding product state reference. uid=osi_beta refCount=0
D 2022-03-20 16:17:48.440039 [ProductState] {Main} Game product state created: uid=heroes_ptr
D 2022-03-20 16:17:48.440072 [ProductState] {Main} InstallState (heroes_ptr): currentOperation=Install currentOperationStatus=New
I 2022-03-20 16:17:48.440168 [GameController] {Main} GameAccount added to family: family=Hero account=GameAccount(Hero:ptr region=XX)
D 2022-03-20 16:17:48.440217 [GameController] {Main} Adding product state reference. uid=heroes_ptr refCount=0
D 2022-03-20 16:17:48.441073 [ProductState] {Main} Game product state created: uid=fore_beta
D 2022-03-20 16:17:48.441105 [ProductState] {Main} InstallState (fore_beta): currentOperation=Install currentOperationStatus=New
I 2022-03-20 16:17:48.441232 [GameController] {Main} GameAccount added to family: family=FORE account=GameAccount(FORE:beta region=EU hidden)
D 2022-03-20 16:17:48.441273 [GameController] {Main} Adding product state reference. uid=fore_beta refCount=0
D 2022-03-20 16:17:48.442102 [ProductState] {Main} Game product state created: uid=s2_ptr
D 2022-03-20 16:17:48.442134 [ProductState] {Main} InstallState (s2_ptr): currentOperation=Install currentOperationStatus=New
I 2022-03-20 16:17:48.442228 [GameController] {Main} GameAccount added to family: family=S2 account=GameAccount(S2:ptr region=XX)
D 2022-03-20 16:17:48.442275 [GameController] {Main} Adding product state reference. uid=s2_ptr refCount=0
D 2022-03-20 16:17:48.443110 [ProductState] {Main} Game product state created: uid=s1_ptr
D 2022-03-20 16:17:48.443142 [ProductState] {Main} InstallState (s1_ptr): currentOperation=Install currentOperationStatus=New
I 2022-03-20 16:17:48.443231 [GameController] {Main} GameAccount added to family: family=S1 account=GameAccount(S1:ptr region=XX)
D 2022-03-20 16:17:48.443277 [GameController] {Main} Adding product state reference. uid=s1_ptr refCount=0
D 2022-03-20 16:17:48.444125 [ProductState] {Main} Game product state created: uid=odin_beta
D 2022-03-20 16:17:48.444159 [ProductState] {Main} InstallState (odin_beta): currentOperation=Install currentOperationStatus=New
I 2022-03-20 16:17:48.444291 [GameController] {Main} GameAccount added to family: family=ODIN account=GameAccount(ODIN:beta region=EU hidden)
D 2022-03-20 16:17:48.444334 [GameController] {Main} Adding product state reference. uid=odin_beta refCount=0
D 2022-03-20 16:17:48.445176 [ProductState] {Main} Game product state created: uid=zeus_beta
D 2022-03-20 16:17:48.445208 [ProductState] {Main} InstallState (zeus_beta): currentOperation=Install currentOperationStatus=New
I 2022-03-20 16:17:48.445344 [GameController] {Main} GameAccount added to family: family=ZEUS account=GameAccount(ZEUS:beta region=EU hidden)
D 2022-03-20 16:17:48.445385 [GameController] {Main} Adding product state reference. uid=zeus_beta refCount=0
I 2022-03-20 16:17:48.457341 [GameController] {Main} Setting default selections for game controller
D 2022-03-20 16:17:48.457385 [GameController] {Main} Picked default selection by type for product group: ZEUS account=GameAccount(ZEUS:retail region=EU unbound)
D 2022-03-20 16:17:48.458509 [GameController] {Main} New selection for product group ZEUS: account=GameAccount(ZEUS:retail region=EU unbound) selectedItem=Call of Duty: Black Ops Cold War
D 2022-03-20 16:17:48.462564 [GameController] {Main} Picked default selection by type for product group: S1 account=GameAccount(S1:retail region=EU unbound)
D 2022-03-20 16:17:48.463722 [GameController] {Main} New selection for product group S1: account=GameAccount(S1:retail region=EU unbound) selectedItem=StarCraft
D 2022-03-20 16:17:48.467378 [RemoteContentCache] {Main} Found cached remote content. url=https://nydus.battle.net/App/ruRU/client/S1/alert?targetRegion=EU
D 2022-03-20 16:17:48.467421 [GameController] {Main} Picked default selection by type for product group: WLBY account=GameAccount(WLBY:retail region=EU unbound)
D 2022-03-20 16:17:48.468396 [GameController] {Main} New selection for product group WLBY: account=GameAccount(WLBY:retail region=EU unbound) selectedItem=Crash Bandicoot 4:   
D 2022-03-20 16:17:48.471961 [GameController] {Main} Picked default selection by type for product group: S2 account=GameAccount(S2:retail region=EU)
D 2022-03-20 16:17:48.473092 [GameController] {Main} New selection for product group S2: account=GameAccount(S2:retail region=EU) selectedItem=StarCraft II
D 2022-03-20 16:17:48.476562 [RemoteContentCache] {Main} Found cached remote content. url=https://nydus.battle.net/App/ruRU/client/S2/alert?targetRegion=EU
D 2022-03-20 16:17:48.476607 [GameController] {Main} Picked default selection by type for product group: AUKS account=GameAccount(null)
D 2022-03-20 16:17:48.476627 [GameController] {Main} Picked default selection by type for product group: WTCG account=GameAccount(WTCG:retail region=EU)
D 2022-03-20 16:17:48.477607 [GameController] {Main} New selection for product group WTCG: account=GameAccount(WTCG:retail region=EU) selectedItem=Hearthstone
D 2022-03-20 16:17:48.481108 [RemoteContentCache] {Main} Found cached remote content. url=https://nydus.battle.net/App/ruRU/client/WTCG/alert?targetRegion=EU
D 2022-03-20 16:17:48.481157 [GameController] {Main} Picked default selection by type for product group: RTRO account=GameAccount(RTRO:retail region=EU unbound)
D 2022-03-20 16:17:48.482139 [GameController] {Main} Selected region change: GameAccount(RTRO:retail region=EU unbound)
D 2022-03-20 16:17:48.482163 [GameController] {Main} Region changed for selected game account: GameAccount(RTRO:retail region=EU unbound)
D 2022-03-20 16:17:48.485752 [GameController] {Main} New selection for product group RTRO: account=GameAccount(RTRO:retail region=EU unbound) selectedItem=Blizzard Arcade Collection
D 2022-03-20 16:17:48.489428 [GameController] {Main} Picked default selection by type for product group: Hero account=GameAccount(Hero:retail region=EU unbound)
D 2022-03-20 16:17:48.490579 [GameController] {Main} New selection for product group Hero: account=GameAccount(Hero:retail region=EU unbound) selectedItem=Heroes of the Storm
D 2022-03-20 16:17:48.494083 [RemoteContentCache] {Main} Found cached remote content. url=https://nydus.battle.net/App/ruRU/client/Hero/alert?targetRegion=EU
D 2022-03-20 16:17:48.494134 [GameController] {Main} Picked default selection by type for product group: VIPR account=GameAccount(VIPR:retail region=EU unbound)
D 2022-03-20 16:17:48.495076 [GameController] {Main} New selection for product group VIPR: account=GameAccount(VIPR:retail region=EU unbound) selectedItem=Call of Duty Black Ops 4
D 2022-03-20 16:17:48.498568 [RemoteContentCache] {Main} Found cached remote content. url=https://nydus.battle.net/App/ruRU/client/VIPR/alert?targetRegion=EU
D 2022-03-20 16:17:48.498607 [GameController] {Main} Picked default selection by type for product group: D3CN account=GameAccount(null)
D 2022-03-20 16:17:48.498635 [GameController] {Main} Picked default selection by type for product group: ODIN account=GameAccount(ODIN:retail region=EU unbound)
D 2022-03-20 16:17:48.499591 [GameController] {Main} New selection for product group ODIN: account=GameAccount(ODIN:retail region=EU unbound) selectedItem=Call of Duty: Warzone
D 2022-03-20 16:17:48.503111 [RemoteContentCache] {Main} Found cached remote content. url=https://nydus.battle.net/App/ruRU/client/odin/alert?targetRegion=EU
D 2022-03-20 16:17:48.503160 [GameController] {Main} Picked default selection by type for product group: SPOT account=GameAccount(null)
D 2022-03-20 16:17:48.503210 [GameController] {Main} Picked default selection by type for product group: FORE account=GameAccount(FORE:retail region=EU unbound)
D 2022-03-20 16:17:48.504182 [GameController] {Main} Selected region change: GameAccount(FORE:retail region=EU unbound)
D 2022-03-20 16:17:48.504204 [GameController] {Main} Region changed for selected game account: GameAccount(FORE:retail region=EU unbound)
D 2022-03-20 16:17:48.504230 [GameController] {Main} New selection for product group FORE: account=GameAccount(FORE:retail region=EU unbound) selectedItem=Call of Duty: Vanguard
D 2022-03-20 16:17:48.504258 [GameController] {Main} Picked default selection by type for product group: W3 account=GameAccount(W3:retail region=EU unbound)
D 2022-03-20 16:17:48.505153 [GameController] {Main} New selection for product group W3: account=GameAccount(W3:retail region=EU unbound) selectedItem=Warcraft III
D 2022-03-20 16:17:48.508761 [RemoteContentCache] {Main} Found cached remote content. url=https://nydus.battle.net/App/ruRU/client/war3r/alert?targetRegion=EU
D 2022-03-20 16:17:48.508816 [GameController] {Main} Picked default selection by type for product group: WoW account=GameAccount(WoW:retail region=EU unbound)
D 2022-03-20 16:17:48.509894 [GameController] {Main} New selection for product group WoW: account=GameAccount(WoW:retail region=EU unbound) selectedItem=World of Warcraft
D 2022-03-20 16:17:48.513473 [RemoteContentCache] {Main} Found cached remote content. url=https://nydus.battle.net/App/ruRU/client/WoW/alert?targetRegion=EU
D 2022-03-20 16:17:48.513523 [GameController] {Main} Picked default selection by type for product group: Pro account=GameAccount(Pro:retail region=EU unbound)
D 2022-03-20 16:17:48.514479 [GameController] {Main} New selection for product group Pro: account=GameAccount(Pro:retail region=EU unbound) selectedItem=Overwatch
D 2022-03-20 16:17:48.518092 [RemoteContentCache] {Main} Found cached remote content. url=https://nydus.battle.net/App/ruRU/client/overwatch/alert?targetRegion=EU
D 2022-03-20 16:17:48.518143 [GameController] {Main} Picked default selection by type for product group: OSI account=GameAccount(OSI:retail region=EU unbound)
D 2022-03-20 16:17:48.519113 [GameController] {Main} Selected region change: GameAccount(OSI:retail region=EU unbound)
D 2022-03-20 16:17:48.519138 [GameController] {Main} Region changed for selected game account: GameAccount(OSI:retail region=EU unbound)
D 2022-03-20 16:17:48.522669 [GameController] {Main} New selection for product group OSI: account=GameAccount(OSI:retail region=EU unbound) selectedItem=Diablo II: Resurrected
D 2022-03-20 16:17:48.526086 [GameController] {Main} Picked default selection by type for product group: Fen account=GameAccount(null)
D 2022-03-20 16:17:48.526116 [GameController] {Main} Picked default selection by type for product group: D3 account=GameAccount(D3:retail region=EU)
D 2022-03-20 16:17:48.527108 [GameController] {Main} New selection for product group D3: account=GameAccount(D3:retail region=EU) selectedItem=Diablo III
D 2022-03-20 16:17:48.530530 [RemoteContentCache] {Main} Found cached remote content. url=https://nydus.battle.net/App/ruRU/client/D3/alert?targetRegion=EU
D 2022-03-20 16:17:48.530575 [GameController] {Main} Picked default selection by type for product group: LAZR account=GameAccount(LAZR:retail region=EU unbound)
D 2022-03-20 16:17:48.531500 [GameController] {Main} New selection for product group LAZR: account=GameAccount(LAZR:retail region=EU unbound) selectedItem=Call of Duty: MW2 Campaign Remastered
D 2022-03-20 16:17:48.534970 [GameController] {Main} Selecting game family by id: S2
D 2022-03-20 16:17:48.534990 [GameController] {Main} Active family set to: S2
D 2022-03-20 16:17:48.545479 [GameController] {Main} Active product set to: S2_retail
I 2022-03-20 16:17:48.549204 [GameController] {Main} GameController initialization complete
D 2022-03-20 16:17:48.549839 [GSAccountProvider] {Main} Completed final load.
D 2022-03-20 16:17:48.550055 [InstallManager] {Main} Game finished versioning s2
D 2022-03-20 16:17:48.550216 [InstallManager] {Main} Game finished versioning s2
D 2022-03-20 16:17:51.074710 [BAPIGateway] {Main} API request: https://eu.api.blizzard.com/content-api/v1/layoutTemplates/blt478cfc6c41578ddb/layout?cxpProductId=blt90855744d00cd378
I 2022-03-20 16:17:52.919300 [GameSessionList] {Agent} Reporting process: TrackingInfo(uid=battle.net, type=game, opStatus=On, reqId=0, running=3, oldRunning=2)
I 2022-03-20 16:17:53.258896 [GameController] {Main} Selecting game by uid. uid=s2 prioritizeUpdate=1
I 2022-03-20 16:17:53.262830 [GameController] {Main} Prioritize Update: uid=s2
I 2022-03-20 16:17:53.262866 [ScreenController] {Main} Changing screen to: Games
I 2022-03-20 16:17:53.266529 [StartupGameSearch] {Main} Skipping automated search for unregistered games
W 2022-03-20 16:17:53.266548 [InstallManager] {Main} Skipping search for unregistered games.
I 2022-03-20 16:17:53.266554 [InstallManager] {Main} Searching for unregistered games finished.
I 2022-03-20 16:17:53.266588 [StartupGameSearch] {Main} Completed automated search for unregistered games
I 2022-03-20 16:17:53.266756 [InstallFlow] {Main} No longer waiting for game registration search to complete.
D 2022-03-20 16:17:53.268290 [InventoryController] {Main} Updating inventory
D 2022-03-20 16:17:53.268306 [InventoryController] {Main} GetInventoryInfo request
D 2022-03-20 16:17:53.268322 [BAPIGateway] {Main} API request: https://eu.api.blizzard.com/AccountInventoryService/v1/GetNewInventoryItemCount
I 2022-03-20 16:17:53.271745 [Clubs] {Main} Subscribing to club membership.
I 2022-03-20 16:17:53.271886 [ChannelV2] {Main} Subscribing to channelv2 membership service. |agentId=|id=19067494|program=4288624|region=2
I 2022-03-20 16:17:53.271942 [BNLogin] {Main} Logged into Battle.net successfully. |bnet=1:0:17f719a9|game=2:200417070:122f266
I 2022-03-20 16:17:53.272001 [InstallManager] {Main} Setting Process Running: true uid=battle.net binaryType=game any=true
D 2022-03-20 16:17:53.293602 [BAPIGateway] {Main} API response: OK content={"layoutId":"blt9fc836ef855c7669","sections":[],"context":{"locale":"ru-ru","cxpProductId":"blt90855744d00cd378","layoutTemplateId":"blt478cfc6c41578ddb","region":"North America","includeFeed":false}}
I 2022-03-20 16:17:53.444479 [ChannelV2] {Main} ChannelV2 membership subscription created.
D 2022-03-20 16:17:53.542333 [Frontend] {Main} Checking if we should show patch notes. currentVersion=13369 minVersion=13365
I 2022-03-20 16:17:53.591278 [Clubs] {Main} Club membership subscription created: |accountId=|id=402069929
D 2022-03-20 16:17:53.657353 [BAPIGateway] {Main} API response: OK content={"error":null,"newCount":0,"totalCount":0}
D 2022-03-20 16:17:53.657419 [InventoryController] {Main} Inventory changed, new: 0 total: 0
I 2022-03-20 16:17:56.011799 [GameSessionList] {Agent} Reporting process: TrackingInfo(uid=battle.net, type=game, opStatus=On, reqId=0, running=4, oldRunning=3)
I 2022-03-20 16:17:56.030584 [InstallManager] {Main} Setting Process Running: true uid=battle.net binaryType=game any=true
E 2022-03-20 16:18:00.710303 [BNSocialNetwork] {Main} Error response for BGS Facebook friend list. error=ERROR_SOCIAL_NETWORK_NO_ACCOUNT_DATA (9005)
I 2022-03-20 16:19:44.235889 [GameSessionList] {Agent} Reporting process: TrackingInfo(uid=battle.net, type=game, opStatus=On, reqId=0, running=5, oldRunning=4)
I 2022-03-20 16:19:44.240400 [InstallManager] {Main} Setting Process Running: true uid=battle.net binaryType=game any=true
I 2022-03-20 16:19:50.254908 [GameSessionList] {Agent} Reporting process: TrackingInfo(uid=battle.net, type=game, opStatus=On, reqId=0, running=4, oldRunning=5)
I 2022-03-20 16:19:50.260352 [InstallManager] {Main} Setting Process Running: true uid=battle.net binaryType=game any=true
I 2022-03-20 16:21:39.045238 [Main] {Main} IsFullScreenMode: found fullscreen window. hWnd=0x0001041E processId=9600 processName=C:\Program Files (x86)\Solo9RusEngNum\Solo.exe
W 2022-03-20 16:38:01.688163 [GamesService] {http} Request failed. url=https://nydus.battle.net/App/ruRU/client/S2/alert?targetRegion=EU statusCode=0 err=Connection timed out after 6 milliseconds
E 2022-03-20 16:47:48.101167 [TactVersionWatcher] {Main} Catalog tact query failed. request=http://eu.patch.battle.net:1119/catalogs/versions?nocache=16477948679406172 httpCode=0
E 2022-03-20 16:47:48.101207 [CatalogLoader] {Main} An error was returned in the watcher response: errorCode=101
W 2022-03-20 16:48:03.813154 [GamesService] {http} Request failed. url=https://nydus.battle.net/App/ruRU/client/S2/alert?targetRegion=EU statusCode=0 err=schannel: failed to receive handshake, SSL/TLS connection failed
W 2022-03-20 16:57:48.532436 [RemoteContentManager] {http} Request failed. url=https://nydus.battle.net/App/ruRU/client/App/alert?targetRegion=EU statusCode=0 err=Connection timed out after 6 milliseconds
I 2022-03-20 17:02:48.260645 [TactVersionWatcher] {Main} Catalog tact query succeeded after failure.
W 2022-03-20 17:17:58.591119 [RemoteContentManager] {http} Request failed. url=https://nydus.battle.net/App/ruRU/client/S2/alert?targetRegion=EU statusCode=0 err=schannel: failed to receive handshake, SSL/TLS connection failed
W 2022-03-20 17:48:03.819415 [GamesService] {http} Request failed. url=https://nydus.battle.net/App/ruRU/client/S2/alert?targetRegion=EU statusCode=0 err=schannel: failed to receive handshake, SSL/TLS connection failed
