D 2022-03-22 19:37:22.017575 [Main] {Main} Removing old/extra log file: battle.net-20220307T145409.153007.log
I 2022-03-22 19:37:22.017829 [Main] {Main} Logging started for Battle.net build 2.10.3.13369
I 2022-03-22 19:37:22.018133 [Configuration] {Main} SharedConfigRoot: C:\ProgramData\Battle.net
I 2022-03-22 19:37:22.018440 [Configuration] {Main} RoamingConfigRoot: C:\Users\User\AppData\Roaming\Battle.net
I 2022-03-22 19:37:22.018454 [Configuration] {Main} LocalConfigRoot: C:\Users\User\AppData\Local\Battle.net
D 2022-03-22 19:37:22.018939 [Configuration] {Main} Searching for config file: E:\Games\warzone\Battle.net\Battle.net.13369\Battle.net.config
D 2022-03-22 19:37:22.019012 [Configuration] {Main} Searching for config file: E:\Games\warzone\Battle.net\Battle.net.config
D 2022-03-22 19:37:22.020459 [Configuration] {Main} User Configuration File: C:\Users\User\AppData\Roaming\Battle.net\Battle.net.config
I 2022-03-22 19:37:22.023119 [Main] {Main} Command line arguments: {[0]=--game=s2_ruru, [1]=--gamepath=E:\Games\Call of Duty\StarCraft II}
I 2022-03-22 19:37:22.025644 [Main] {Main} Opening IPC shared memory. queueName=User:User:Battle.net IPC ShMem mode=server
I 2022-03-22 19:37:22.032091 [CommandQueue] {Main} Dispatching Command: register s2_ruru E:\Games\Call of Duty\StarCraft II   false
I 2022-03-22 19:37:22.237629 [Frontend] {Main} Supplying list of renderers: d3d11,warp,desktop
I 2022-03-22 19:37:23.214233 [LocalizationData] {Main} 21 language(s) loaded from languages.xml, default=enUS
D 2022-03-22 19:37:23.827723 [Main] {Main} Adding application font: resources/fonts/BlizzardReg.ttf
D 2022-03-22 19:37:23.830735 [Main] {Main} Adding application font: resources/fonts/BlizzardLig.ttf
D 2022-03-22 19:37:23.832990 [Main] {Main} Adding application font: resources/fonts/BlizzardBol.ttf
D 2022-03-22 19:37:23.834841 [Main] {Main} Adding application font: resources/fonts/NotoSans-Bold.ttf
D 2022-03-22 19:37:23.841890 [Main] {Main} Adding application font: resources/fonts/NotoSans-BoldItalic.ttf
D 2022-03-22 19:37:23.848105 [Main] {Main} Adding application font: resources/fonts/NotoSans-Italic.ttf
D 2022-03-22 19:37:23.855153 [Main] {Main} Adding application font: resources/fonts/NotoSans-Regular.ttf
D 2022-03-22 19:37:23.862109 [Main] {Main} Adding application font: resources/fonts/ObjectSans-Bold.ttf
D 2022-03-22 19:37:23.864582 [Main] {Main} Adding application font: resources/fonts/ObjectSans-Medium.ttf
D 2022-03-22 19:37:24.673085 [Main] {Main} Setting font to: Blizzard
I 2022-03-22 19:37:24.674030 [CacheManager] {Main} Local storage cache at: C:\Users\User\AppData\Local\Battle.net\Cache
I 2022-03-22 19:37:24.678739 [Main] {Main} Opened database at: C:\Users\User\AppData\Local\Battle.net\CachedData.db
D 2022-03-22 19:37:24.680460 [Agent] {Main} PolicyHandler Thread STARTED
D 2022-03-22 19:37:24.680473 [Agent] {Agent} PolicyHandlerThreadProc: I shall in all my best obey you.
I 2022-03-22 19:37:24.730494 [DIAG_BNL_Voice] {Main} Audio device monitor using already-initialized COM
I 2022-03-22 19:37:24.732060 [VoiceSessionBroker] {Main} Global voice is on
I 2022-03-22 19:37:24.732416 [Main] {Main} Execution environment changed. environment=EE_STANDARD
I 2022-03-22 19:37:24.732947 [CatalogManager] {Main} Loaded catalog hash from the database cache. hash=b48428369f5860b3328d7d36d46876be
I 2022-03-22 19:37:24.733574 [CatalogManager] {Main} Built-in catalog hash (catalog/digesthash.txt): b48428369f5860b3328d7d36d46876be
I 2022-03-22 19:37:24.733719 [CatalogManager] {Main} Built-in catalog hash (catalog/signaturehash.txt): 856260d232fb6e0a3ec7c6bdbc5c711f
I 2022-03-22 19:37:24.733750 [CatalogLoader] {Main} *** LOAD STARTED default: Context(LocalCAS: b48428369f5860b3328d7d36d46876be I) ***
I 2022-03-22 19:37:24.911099 [Agent] {Agent} Agent has different session: 8354819539838517381
I 2022-03-22 19:37:24.911126 [Agent] {Agent} Agent Version is now: 2.26.0.7661 (retail)
I 2022-03-22 19:37:24.923372 [GameSessionList] {Agent} Reporting process: TrackingInfo(uid=battle.net, type=game, opStatus=On, reqId=0, running=1, oldRunning=0)
D 2022-03-22 19:37:24.925374 [Agent] {Agent} GameResource created for uid: agent
D 2022-03-22 19:37:24.925436 [Agent] {Agent} GameResource created for uid: battle.net
D 2022-03-22 19:37:24.925457 [Agent] {Agent} GameResource created for uid: diablo3
D 2022-03-22 19:37:24.925472 [Agent] {Agent} GameResource created for uid: s2
W 2022-03-22 19:37:25.812996 [FeatureManager] {Main} Feature 'battle.net_http_request_0_c6caed0e' depends on missing feature 'http_test'
E 2022-03-22 19:37:25.813024 [FeatureManager] {Main} Feature 'battle.net_http_request_0_c6caed0e' has dependency errors and will not respond to dependency changes
I 2022-03-22 19:37:25.813059 [FeatureManager] {Main} Moving feature record from active to inactive: whisper_voice
I 2022-03-22 19:37:25.813068 [FeatureManager] {Main} Moving feature record from active to inactive: trace_route
I 2022-03-22 19:37:25.813075 [FeatureManager] {Main} Moving feature record from active to inactive: mapped_urls
I 2022-03-22 19:37:25.813087 [FeatureManager] {Main} Feature changed: hearthstone_limited_event_57b4aca6=true
I 2022-03-22 19:37:25.813101 [FeatureManager] {Main} Feature changed: fore_limited_alpha_f6824657=true
I 2022-03-22 19:37:25.813110 [FeatureManager] {Main} Feature changed: fore_buy_now_fore_fef83a73=true
I 2022-03-22 19:37:25.813119 [FeatureManager] {Main} Feature changed: lazarus_show_on_beta_5bbf784c=true
I 2022-03-22 19:37:25.813129 [FeatureManager] {Main} Feature changed: odin_deprecate_event_21bf1dc9=true
I 2022-03-22 19:37:25.813138 [FeatureManager] {Main} Feature changed: odin_show_on_beta_5bbf784c=true
I 2022-03-22 19:37:25.813147 [FeatureManager] {Main} Feature changed: odin_upgrade_from_odin_fef83a73=true
I 2022-03-22 19:37:25.813157 [FeatureManager] {Main} Feature changed: osi_limited_install_773b93da=true
I 2022-03-22 19:37:25.813165 [FeatureManager] {Main} Feature changed: osi_limited_product_d9fa6516=true
I 2022-03-22 19:37:25.813176 [FeatureManager] {Main} Feature changed: viper_show_on_beta_5bbf784c=true
I 2022-03-22 19:37:25.813189 [FeatureManager] {Main} Feature changed: warcraft_iii_upgrade_05e4b09b=true
I 2022-03-22 19:37:25.813197 [FeatureManager] {Main} Feature changed: wlby_show_on_beta_5bbf784c=true
I 2022-03-22 19:37:25.813207 [FeatureManager] {Main} Feature changed: zeus_refresh_without_license_b63211e4=true
I 2022-03-22 19:37:25.813216 [FeatureManager] {Main} Feature changed: zeus_show_on_beta_5bbf784c=true
I 2022-03-22 19:37:25.823620 [FeatureManager] {Main} Feature changed: cts_takeovers=true
I 2022-03-22 19:37:25.823668 [FeatureManager] {Main} Feature changed: http_test=true tags=http_request_0
I 2022-03-22 19:37:25.823681 [FeatureManager] {Main} Feature changed: shop_wish_list=true
I 2022-03-22 19:37:25.823693 [FeatureManager] {Main} Feature changed: activision_auto_account_creation=true
I 2022-03-22 19:37:25.823700 [FeatureManager] {Main} Feature changed: suggested_group_members=true
I 2022-03-22 19:37:25.823707 [FeatureManager] {Main} Feature changed: all_games_v2=true
I 2022-03-22 19:37:25.823713 [FeatureManager] {Main} Feature changed: all_games_new_badge=true
I 2022-03-22 19:37:25.823720 [FeatureManager] {Main} Feature changed: collapsible_social_panel=true
I 2022-03-22 19:37:25.823727 [FeatureManager] {Main} Feature changed: blizzard_profiles=true
I 2022-03-22 19:37:25.823736 [FeatureManager] {Main} Feature changed: clear_chat_history=true
I 2022-03-22 19:37:25.823743 [FeatureManager] {Main} Feature changed: mentions=true
I 2022-03-22 19:37:25.823749 [FeatureManager] {Main} Feature changed: social_tab=true
I 2022-03-22 19:37:25.823755 [FeatureManager] {Main} Feature changed: auto_update_optimization=true
I 2022-03-22 19:37:25.823761 [FeatureManager] {Main} Feature changed: embedded_web_view=true
I 2022-03-22 19:37:25.823768 [FeatureManager] {Main} Feature changed: group_privacy_settings=true
I 2022-03-22 19:37:25.823775 [FeatureManager] {Main} Feature changed: cn_age_alert=true
I 2022-03-22 19:37:25.823791 [FeatureManager] {Main} Feature changed: appear_offline=true
I 2022-03-22 19:37:25.823798 [FeatureManager] {Main} Feature changed: refresh_toast=true
I 2022-03-22 19:37:25.823805 [FeatureManager] {Main} Feature changed: app_feedback_dialog=true
I 2022-03-22 19:37:25.823812 [FeatureManager] {Main} Feature changed: browser_main_window=true
I 2022-03-22 19:37:25.823820 [FeatureManager] {Main} Feature changed: chat_giphy=true
I 2022-03-22 19:37:25.823827 [FeatureManager] {Main} Feature changed: content_ui=true
I 2022-03-22 19:37:25.823833 [FeatureManager] {Main} Feature changed: multichats=true
I 2022-03-22 19:37:25.823846 [FeatureManager] {Main} Feature changed: first_time_experience=true
I 2022-03-22 19:37:25.823854 [FeatureManager] {Main} Feature changed: friend_request_management=true
I 2022-03-22 19:37:25.823861 [FeatureManager] {Main} Feature changed: link_previews=true
I 2022-03-22 19:37:25.823868 [FeatureManager] {Main} Feature changed: sms_protect_requirements=true
I 2022-03-22 19:37:25.823874 [FeatureManager] {Main} Feature changed: friends_list_popout=true
I 2022-03-22 19:37:25.823880 [FeatureManager] {Main} Feature changed: gift_inventory=true
I 2022-03-22 19:37:25.823887 [FeatureManager] {Main} Feature changed: global_legendary_promos=true
I 2022-03-22 19:37:25.823893 [FeatureManager] {Main} Feature changed: refresh_friend_tooltip=true
I 2022-03-22 19:37:25.823901 [FeatureManager] {Main} Feature changed: non_friend_whispers=true
I 2022-03-22 19:37:25.823907 [FeatureManager] {Main} Feature changed: notification_center=true
I 2022-03-22 19:37:25.823913 [FeatureManager] {Main} Feature changed: playscreen_migrate_cms=true
I 2022-03-22 19:37:25.823920 [FeatureManager] {Main} Feature changed: shared_container_installs=true
I 2022-03-22 19:37:25.823926 [FeatureManager] {Main} Feature changed: sc2_account_selection_dialog=true
I 2022-03-22 19:37:25.823933 [FeatureManager] {Main} Feature changed: suggested_facebook_friends=true
I 2022-03-22 19:37:25.823949 [FeatureManager] {Main} Feature changed: split_test_shop_sale_promo_2021=true tags=shop_sale_promo_spring_2022
I 2022-03-22 19:37:25.823959 [FeatureManager] {Main} Feature changed: whisper_voice=true
I 2022-03-22 19:37:25.823967 [FeatureManager] {Main} Feature changed: battle.net_http_request_0_c6caed0e=true
D 2022-03-22 19:37:25.824079 [Configuration] {Main} Searching for config file: E:\Games\warzone\Battle.net\Battle.net.13369\Environments.yaml
D 2022-03-22 19:37:25.824148 [Configuration] {Main} Searching for config file: E:\Games\warzone\Battle.net\Environments.yaml
I 2022-03-22 19:37:25.824185 [EnvironmentManager] {Main} Login parameters changed: address=eu.actual.battle.net:1119 region=EU
D 2022-03-22 19:37:25.841496 [CatalogVarStorage] {Main} Setting var from catalog Client.Shop.SaleNotificationVersion=6
D 2022-03-22 19:37:25.841534 [CatalogVarStorage] {Main} Setting var from catalog Browser.DisableSiteIsolation=true
D 2022-03-22 19:37:25.841545 [CatalogVarStorage] {Main} Setting var from catalog Client.ActivisionAutoAccountCreation.Games=ODIN,ZEUS,FORE,AUKS
D 2022-03-22 19:37:25.841555 [CatalogVarStorage] {Main} Setting var from catalog Client.Shop.SaleNotificationEnabled=false
D 2022-03-22 19:37:25.841563 [CatalogVarStorage] {Main} Setting var from catalog Client.OwlScreen.LiveCheckIntervalMS=300000
D 2022-03-22 19:37:25.841582 [CatalogVarStorage] {Main} Setting var from catalog Client.Announcements.MaximumAnnouncements=20
D 2022-03-22 19:37:25.841592 [CatalogVarStorage] {Main} Setting var from catalog Client.NewProfileWindowLayout=true
D 2022-03-22 19:37:25.841601 [CatalogVarStorage] {Main} Setting var from catalog Client.PromotedScreenVersion=3
D 2022-03-22 19:37:25.841612 [CatalogVarStorage] {Main} Setting var from catalog Client.Version.BetaAccessOverride=enabled
I 2022-03-22 19:37:25.841620 [VersionManager] {Main} Beta Access: enabled
D 2022-03-22 19:37:25.841628 [CatalogVarStorage] {Main} Setting var from catalog Client.Version.BetaBranchOverride=beta
D 2022-03-22 19:37:25.841639 [CatalogVarStorage] {Main} Setting var from catalog Services.WhisperChannels.InactivityTimeoutMS=0
I 2022-03-22 19:37:25.845069 [CatalogLoader] {Main} *** LOAD COMPLETE default ***
I 2022-03-22 19:37:25.845091 [CatalogManager] {Main} Loaded initial catalog: hash=b48428369f5860b3328d7d36d46876be
I 2022-03-22 19:37:25.947355 [WebServer] {Backend:0} Listening on port 22885
I 2022-03-22 19:37:31.434831 [Main] {Main} Attempting to fetch WidevineCDM: 1
D 2022-03-22 19:37:31.442806 [UI] {Main} Fixup allowed regions and locales. installedRegion=EU allowedRegions= allowedLocales=
I 2022-03-22 19:37:31.443361 [ToastManager] {Main} Toasts are enabled in ClientSettings
D 2022-03-22 19:37:31.444948 [ProductState] {Main} Game product state created: uid=
D 2022-03-22 19:37:31.444997 [ProductState] {Main} InstallState (): currentOperation=Install currentOperationStatus=New
I 2022-03-22 19:37:31.460077 [Main] {Main} Application path is: E:\Games\warzone\Battle.net\Battle.net.exe
I 2022-03-22 19:37:31.529337 [ClientServiceAlertMonitor] {Main} Breaking News url has changed. url=https://nydus.battle.net/App/ruRU/client/App/alert?targetRegion=EU
D 2022-03-22 19:37:31.529558 [RemoteContentCache] {Main} Found cached remote content. url=https://nydus.battle.net/App/ruRU/client/App/alert?targetRegion=EU
I 2022-03-22 19:37:31.532989 [ClientServiceAlertMonitor] {Main} Maintenance url has changed. url=https://nydus.battle.net/App/ruRU/client/App/maintenance?targetRegion=EU
D 2022-03-22 19:37:31.533146 [RemoteContentCache] {Main} Found cached remote content. url=https://nydus.battle.net/App/ruRU/client/App/maintenance?targetRegion=EU
I 2022-03-22 19:37:31.534873 [Frontend] {Main} Public Computer state changed. is_public=false
D 2022-03-22 19:37:31.534903 [Frontend] {Main} Session id changed. session_id=15753960313568898376
D 2022-03-22 19:37:31.535032 [Frontend] {Main} Tracking info changed. client_id=1713518960.1636732290, user_agent=
I 2022-03-22 19:37:31.544783 [HighDpiManager] {Main} High dpi support available changed: 0
I 2022-03-22 19:37:31.544808 [Frontend] {Main} High dpi support: disabled
D 2022-03-22 19:37:31.545170 [Main] {WorkerPool:3} Checking permissions on path: C:\ProgramData\Battle.net\Setup depth=-1
D 2022-03-22 19:37:31.547068 [Main] {WorkerPool:3} Checking permissions on path: C:\ProgramData\Battle.net\Agent depth=1
D 2022-03-22 19:37:31.549448 [Main] {WorkerPool:3} Checking permissions on path: C:\ProgramData\Battle.net\Agent\Agent.7614 depth=1
D 2022-03-22 19:37:31.550238 [Main] {WorkerPool:3} Checking permissions on path: C:\ProgramData\Battle.net\Agent\Agent.7661 depth=1
D 2022-03-22 19:37:31.551002 [Main] {WorkerPool:3} Checking permissions on path: C:\ProgramData\Blizzard Entertainment depth=2
D 2022-03-22 19:37:31.714972 [Frontend] {Main} Session id changed. session_id=8354819539838517381
I 2022-03-22 19:37:31.715166 [FeatureManager] {Main} Feature changed: install_packages=true
I 2022-03-22 19:37:31.715184 [FeatureManager] {Main} Feature changed: modify_install=true
I 2022-03-22 19:37:31.715529 [Agent] {Main} AgentManager is now initialized
I 2022-03-22 19:37:31.715550 [InstallManager] {Main} Install manager is now initialized
D 2022-03-22 19:37:31.715566 [InstallManager] {Main} Selecting best game install data for game battle.net: savedUid=battle.net originalUid=<none> newUid=battle.net
D 2022-03-22 19:37:31.715583 [InstallInfo] {Main} InstallInfo agent association has been changed: uid=battle.net agentUid=battle.net
D 2022-03-22 19:37:31.715605 [InstallManager] {Main} Selecting best game install data for game diablo3: savedUid=diablo3 originalUid=<none> newUid=diablo3
D 2022-03-22 19:37:31.715621 [InstallInfo] {Main} InstallInfo agent association has been changed: uid=diablo3 agentUid=diablo3
D 2022-03-22 19:37:31.715646 [InstallManager] {Main} Selecting best game install data for game s2: savedUid=s2 originalUid=<none> newUid=s2
D 2022-03-22 19:37:31.715661 [InstallInfo] {Main} InstallInfo agent association has been changed: uid=s2 agentUid=s2
D 2022-03-22 19:37:31.715697 [VersionManager] {Main} Branch change from Agent detected. activeBranch= branches={[0]=beta, [1]=cn, [2]=eu, [3]=kr, [4]=sg, [5]=tw, [6]=us}
D 2022-03-22 19:37:31.715722 [VersionManager] {Main} Beta branch is available: true
D 2022-03-22 19:37:31.715779 [ProductState] {Main} Game product state created: uid=diablo3
D 2022-03-22 19:37:31.715831 [ProductState] {Main} InstallState (diablo3): currentOperation=Update currentOperationStatus=New installed=1 installPath=E:/Games/Call of Duty/Diablo III canCreateShortcut=1 selectedRegion=eu activeConfigKey=21ab24be60c4aea4ff2e0868ab3e0edb regionalVersions=(eu: {playable:false config_key:d6330f59521e60649ab36942f6f2f299}, kr: {playable:false config_key:d6330f59521e60649ab36942f6f2f299}, tw: {playable:false config_key:d6330f59521e60649ab36942f6f2f299}, us: {playable:false config_key:d6330f59521e60649ab36942f6f2f299}) localVersion=2.6.8.66666 latestVersion=79575 progress=1
D 2022-03-22 19:37:31.715866 [ProductState] {Main} Game product state created: uid=s2
D 2022-03-22 19:37:31.715918 [ProductState] {Main} InstallState (s2): currentOperation=UpToDate currentOperationStatus=Paused installed=1 optionalPackageInstalled=1 installPath=E:/Games/Call of Duty/StarCraft II playable=1 canCreateShortcut=1 selectedRegion=eu activeConfigKey=e55770a2b2e2252a75da7ae8af363698 regionalVersions=(cn: {playable:true config_key:e55770a2b2e2252a75da7ae8af363698}, eu: {playable:true config_key:e55770a2b2e2252a75da7ae8af363698}, kr: {playable:true config_key:e55770a2b2e2252a75da7ae8af363698}, tw: {playable:true config_key:e55770a2b2e2252a75da7ae8af363698}, us: {playable:true config_key:e55770a2b2e2252a75da7ae8af363698}) supports_multibox=true localVersion=5.0.9.87702 latestVersion=87702 progress=1 currentStage=Complete
D 2022-03-22 19:37:31.715947 [Agent] {Main} Versioning is now enabled
D 2022-03-22 19:37:31.715968 [Agent] {Main} Triggering game versioning: battle.net
D 2022-03-22 19:37:31.715997 [Agent] {Main} Triggering game versioning: diablo3
D 2022-03-22 19:37:31.716009 [Agent] {Main} Triggering game versioning: s2
D 2022-03-22 19:37:31.716159 [InstallManager] {Main} Sending a queued OnProcessPidsUpdated notification: agentUid=battle.net binaryType=game
D 2022-03-22 19:37:31.716181 [InstallManager] {Main} Sending a queued OnProcessRunning notification: agentUid=battle.net binaryType=game
I 2022-03-22 19:37:31.716193 [InstallManager] {Main} Setting Process Running: true uid=battle.net binaryType=game any=true
D 2022-03-22 19:37:31.716207 [InstallInfo] {Main} Operation status changed: opType=Execute oldStatus=Off newStatus=On agentUid=battle.net
D 2022-03-22 19:37:31.724683 [InstallManager] {Main} Command_RegisterGame uid: s2_ruru path: E:\Games\Call of Duty\StarCraft II productcode:  subfolder:  repairing: false
D 2022-03-22 19:37:31.724731 [InstallManager] {Main} PerformRegisterInstall uid= productCode=* installDir=E:\Games\Call of Duty\StarCraft II subfolder= region=EU
I 2022-03-22 19:37:31.724824 [CatalogLoader] {Main} *** LOAD STARTED default: Context(LocalCAS: b48428369f5860b3328d7d36d46876be I) ***
I 2022-03-22 19:37:32.380984 [FeatureManager] {Main} Moving feature record from active to inactive: overwatch_league_tab
I 2022-03-22 19:37:32.381013 [FeatureManager] {Main} Moving feature record from active to inactive: blizzcon_tab
D 2022-03-22 19:37:32.396696 [CatalogVarStorage] {Main} Setting var from catalog Client.Shop.SaleNotificationVersion=6
D 2022-03-22 19:37:32.396732 [CatalogVarStorage] {Main} Setting var from catalog Browser.DisableSiteIsolation=true
D 2022-03-22 19:37:32.396744 [CatalogVarStorage] {Main} Setting var from catalog Client.ActivisionAutoAccountCreation.Games=ODIN,ZEUS,FORE,AUKS
D 2022-03-22 19:37:32.396753 [CatalogVarStorage] {Main} Setting var from catalog Client.Shop.SaleNotificationEnabled=false
D 2022-03-22 19:37:32.396762 [CatalogVarStorage] {Main} Setting var from catalog Client.OwlScreen.LiveCheckIntervalMS=300000
D 2022-03-22 19:37:32.396781 [CatalogVarStorage] {Main} Setting var from catalog Client.Announcements.MaximumAnnouncements=20
D 2022-03-22 19:37:32.396791 [CatalogVarStorage] {Main} Setting var from catalog Client.NewProfileWindowLayout=true
D 2022-03-22 19:37:32.396801 [CatalogVarStorage] {Main} Setting var from catalog Client.PromotedScreenVersion=3
D 2022-03-22 19:37:32.396811 [CatalogVarStorage] {Main} Setting var from catalog Client.Version.BetaAccessOverride=enabled
D 2022-03-22 19:37:32.396820 [CatalogVarStorage] {Main} Setting var from catalog Client.Version.BetaBranchOverride=beta
D 2022-03-22 19:37:32.396829 [CatalogVarStorage] {Main} Setting var from catalog Services.WhisperChannels.InactivityTimeoutMS=0
D 2022-03-22 19:37:32.396839 [CatalogVarStorage] {Main} Setting var from catalog Services.HTTPClient.ConnectionTimeoutMS=0
I 2022-03-22 19:37:32.400120 [CatalogLoader] {Main} *** LOAD COMPLETE default ***
I 2022-03-22 19:37:32.408578 [Main] {Main} Connecting to server. address=eu.actual.battle.net port=1119
D 2022-03-22 19:37:32.594432 [ClientServiceAlertMonitor] {Main} Service alert monitor force update requested
D 2022-03-22 19:37:32.594458 [ClientServiceAlertMonitor] {Main} Breaking News update requested
D 2022-03-22 19:37:32.594467 [ClientServiceAlertMonitor] {Main} Maintenance update requested
D 2022-03-22 19:37:32.738332 [InstallManager] {Main} Game finished versioning diablo3
D 2022-03-22 19:37:32.738360 [InstallManager] {Main} Game finished versioning s2
D 2022-03-22 19:37:32.738548 [InstallManager] {Main} Registration complete for agentUid=s2 and region=eu
I 2022-03-22 19:37:32.738892 [Main] {Main} Cached WidevineCDM is up-to-date: 4.10.2391.0
I 2022-03-22 19:37:32.743195 [CacheManager] {Main} CacheManager is now initialized
I 2022-03-22 19:37:32.743241 [TactVersionWatcher] {Main} Fetched new tact metadata. productCode=catalogs region=eu branch=PUB-29 version=2104 seq=211 buildConfig=f8a2bc95be1de3644d1ae57fdd7daa83
I 2022-03-22 19:37:32.957562 [DIAG_BuildConfig] {Main} no 'encoding' key in build configuration 'f8a2bc95be1de3644d1ae57fdd7daa83', selecting plain-data mode
I 2022-03-22 19:37:32.957590 [CatalogLoader] {Main} *** LOAD STARTED default: Context(RemoteCAS: 87a9a95975542460df7c1b0de882b0e6|tpr/catalogs/data) ***
D 2022-03-22 19:37:33.037791 [InstallManager] {Main} Game finished versioning s2
D 2022-03-22 19:37:33.398035 [CatalogVarStorage] {Main} Setting var from catalog Client.Shop.SaleNotificationVersion=6
D 2022-03-22 19:37:33.398086 [CatalogVarStorage] {Main} Setting var from catalog Browser.DisableSiteIsolation=true
D 2022-03-22 19:37:33.398101 [CatalogVarStorage] {Main} Setting var from catalog Client.ActivisionAutoAccountCreation.Games=ODIN,ZEUS,FORE,AUKS
D 2022-03-22 19:37:33.398111 [CatalogVarStorage] {Main} Setting var from catalog Client.Shop.SaleNotificationEnabled=false
D 2022-03-22 19:37:33.398120 [CatalogVarStorage] {Main} Setting var from catalog Client.OwlScreen.LiveCheckIntervalMS=300000
D 2022-03-22 19:37:33.398140 [CatalogVarStorage] {Main} Setting var from catalog Client.Announcements.MaximumAnnouncements=20
D 2022-03-22 19:37:33.398150 [CatalogVarStorage] {Main} Setting var from catalog Client.NewProfileWindowLayout=true
D 2022-03-22 19:37:33.398159 [CatalogVarStorage] {Main} Setting var from catalog Client.PromotedScreenVersion=3
D 2022-03-22 19:37:33.398169 [CatalogVarStorage] {Main} Setting var from catalog Client.Version.BetaAccessOverride=enabled
D 2022-03-22 19:37:33.398177 [CatalogVarStorage] {Main} Setting var from catalog Client.Version.BetaBranchOverride=beta
D 2022-03-22 19:37:33.398187 [CatalogVarStorage] {Main} Setting var from catalog Services.WhisperChannels.InactivityTimeoutMS=0
D 2022-03-22 19:37:33.398197 [CatalogVarStorage] {Main} Setting var from catalog Services.HTTPClient.ConnectionTimeoutMS=0
I 2022-03-22 19:37:33.407644 [CatalogLoader] {Main} *** LOAD COMPLETE default ***
D 2022-03-22 19:37:33.458250 [InstallManager] {Main} Game finished versioning battle.net
D 2022-03-22 19:37:33.637931 [LoginController] {Main} Login_QueueUpdate (position=1,clientWaitTime=00:00:00.999061,skipLoginQueueUi=true)
I 2022-03-22 19:37:33.842619 [Main] {Main} Opened database at: C:\Users\User\AppData\Local\Battle.net\Account\402069929\account.db
I 2022-03-22 19:37:33.854304 [GSStateTracker] {Main} State changed to: Incomplete
I 2022-03-22 19:37:33.854367 [GSStateTracker] {Main} State Change: Incomplete
I 2022-03-22 19:37:33.854427 [GSAccountProvider] {Main} Login triggered. entityId=1:0:17f719a9
I 2022-03-22 19:37:33.854474 [GSStateTracker] {Main} State changed to: WaitingForAccountState
I 2022-03-22 19:37:33.854558 [AccountManager] {Main} Account manager state has changed to: Loading
D 2022-03-22 19:37:33.856507 [GSAccountProvider] {Main} Querying account level info for account: 1:0:17f719a9
D 2022-03-22 19:37:33.856659 [GSAccountProvider] {Main} Querying parental control info for account: 1:0:17f719a9
D 2022-03-22 19:37:33.856762 [GSAccountProvider] {Main} Querying game accounts for region: US
D 2022-03-22 19:37:33.856833 [GSAccountProvider] {Main} Querying game accounts for region: EU
D 2022-03-22 19:37:33.856879 [GSAccountProvider] {Main} Querying game accounts for region: KR
D 2022-03-22 19:37:33.856906 [GSAccountProvider] {Main} Querying game accounts for region: SG
D 2022-03-22 19:37:33.856930 [GSAccountProvider] {Main} Querying game accounts for region: XX
D 2022-03-22 19:37:33.856958 [GSAccountProvider] {Main} Querying game accounts for region: GLOBAL
D 2022-03-22 19:37:33.856985 [GSAccountProvider] {Main} Querying parental control info for account: 1:0:17f719a9
D 2022-03-22 19:37:33.857148 [GSAccountProvider] {Main} Querying program level information for program: OSI
D 2022-03-22 19:37:33.857250 [GSAccountProvider] {Main} Querying program level information for program: Fen
D 2022-03-22 19:37:33.857290 [GSAccountProvider] {Main} Querying program level information for program: D3
D 2022-03-22 19:37:33.857325 [GSAccountProvider] {Main} Querying program level information for program: S2
D 2022-03-22 19:37:33.857365 [GSAccountProvider] {Main} Querying program level information for program: S1
D 2022-03-22 19:37:33.857401 [GSAccountProvider] {Main} Querying program level information for program: FORE
D 2022-03-22 19:37:33.857438 [GSAccountProvider] {Main} Querying program level information for program: W3
D 2022-03-22 19:37:33.857509 [GSAccountProvider] {Main} Querying program level information for program: WoW
D 2022-03-22 19:37:33.857558 [GSAccountProvider] {Main} Querying program level information for program: Pro
D 2022-03-22 19:37:33.857595 [GSAccountProvider] {Main} Querying program level information for program: Hero
D 2022-03-22 19:37:33.857637 [GSAccountProvider] {Main} Querying program level information for program: D3CN
D 2022-03-22 19:37:33.857676 [GSAccountProvider] {Main} Querying program level information for program: AUKS
D 2022-03-22 19:37:33.857713 [GSAccountProvider] {Main} Querying program level information for program: LAZR
D 2022-03-22 19:37:33.857772 [GSAccountProvider] {Main} Querying program level information for program: ODIN
D 2022-03-22 19:37:33.857811 [GSAccountProvider] {Main} Querying program level information for program: RTRO
D 2022-03-22 19:37:33.857847 [GSAccountProvider] {Main} Querying program level information for program: SPOT
D 2022-03-22 19:37:33.857882 [GSAccountProvider] {Main} Querying program level information for program: VIPR
D 2022-03-22 19:37:33.857917 [GSAccountProvider] {Main} Querying program level information for program: WLBY
D 2022-03-22 19:37:33.857952 [GSAccountProvider] {Main} Querying program level information for program: WTCG
D 2022-03-22 19:37:33.857990 [GSAccountProvider] {Main} Querying program level information for program: ZEUS
D 2022-03-22 19:37:33.876331 [GSAccountProvider] {Main} Received AccountLevelInfo for account. entityId=1:0:17f719a9 accountLevelInfo=|licenses:|id=265|id=268|id=274|id=10107|id=10432|id=24636|:licenses|default_currency=5395778|country=RUS|preferred_region=2|account_paid_any=1
I 2022-03-22 19:37:33.876515 [AccountManager] {Main} Account site region code changed: EU
I 2022-03-22 19:37:33.876538 [AccountManager] {Main} Account country changed: RUS
D 2022-03-22 19:37:33.876617 [GSAccountProvider] {Main} Parental control info for account (1:0:17f719a9) resulted in cache miss.
D 2022-03-22 19:37:33.876659 [GSAccountProvider] {Main} Game account list for region 'US' resulted in cache miss.
I 2022-03-22 19:37:33.876675 [GSStateTracker] {Main} State changed to: Loading
D 2022-03-22 19:37:33.876718 [GSAccountProvider] {Main} Querying game level information for entity: (Game: EU-D3-918804046)
D 2022-03-22 19:37:33.876769 [GSAccountProvider] {Main} Querying game time info for entity Id: (Game: EU-D3-918804046)
D 2022-03-22 19:37:33.876821 [GSAccountProvider] {Main} Querying game level information for entity: (Game: EU-S2-913901202)
D 2022-03-22 19:37:33.876844 [GSAccountProvider] {Main} Querying game time info for entity Id: (Game: EU-S2-913901202)
D 2022-03-22 19:37:33.876880 [GSAccountProvider] {Main} Querying game level information for entity: (Game: EU-WTCG-19154452)
D 2022-03-22 19:37:33.876909 [GSAccountProvider] {Main} Querying game time info for entity Id: (Game: EU-WTCG-19154452)
D 2022-03-22 19:37:33.876929 [GSAccountProvider] {Main} Received 3 game accounts from region 'EU'
D 2022-03-22 19:37:33.876949 [GSAccountProvider] {Main} Game account list for region 'KR' resulted in cache miss.
D 2022-03-22 19:37:33.876962 [GSAccountProvider] {Main} Game account list for region 'SG' resulted in cache miss.
D 2022-03-22 19:37:33.876990 [GSAccountProvider] {Main} Querying game level information for entity: (Game: XX-WTCG-21388410)
D 2022-03-22 19:37:33.877010 [GSAccountProvider] {Main} Querying game time info for entity Id: (Game: XX-WTCG-21388410)
D 2022-03-22 19:37:33.877029 [GSAccountProvider] {Main} Received 1 game accounts from region 'XX'
D 2022-03-22 19:37:33.877051 [GSAccountProvider] {Main} Game account list for region 'GLOBAL' resulted in cache miss.
D 2022-03-22 19:37:33.877065 [GSAccountProvider] {Main} Parental control info for account (1:0:17f719a9) resulted in cache miss.
D 2022-03-22 19:37:33.877085 [GSAccountProvider] {Main} Received program level info. programId=OSI programLevelInfo=|program=5198665
D 2022-03-22 19:37:33.877152 [GSAccountProvider] {Main} Received program level info. programId=Fen programLevelInfo=|program=4613486
D 2022-03-22 19:37:33.877175 [GSAccountProvider] {Main} Received program level info. programId=D3 programLevelInfo=|program=17459
D 2022-03-22 19:37:33.877194 [GSAccountProvider] {Main} Received program level info. programId=S2 programLevelInfo=|program=21298|licenses:|id=24636|:licenses
D 2022-03-22 19:37:33.877237 [GSAccountProvider] {Main} Received program level info. programId=S1 programLevelInfo=|program=21297
D 2022-03-22 19:37:33.877280 [GSAccountProvider] {Main} Received program level info. programId=FORE programLevelInfo=|program=1179603525
D 2022-03-22 19:37:33.877300 [GSAccountProvider] {Main} Received program level info. programId=W3 programLevelInfo=|program=22323
D 2022-03-22 19:37:33.877316 [GSAccountProvider] {Main} Received program level info. programId=WoW programLevelInfo=|program=5730135|licenses:|id=274|:licenses
D 2022-03-22 19:37:33.877337 [GSAccountProvider] {Main} Received program level info. programId=Pro programLevelInfo=|program=5272175
D 2022-03-22 19:37:33.877354 [GSAccountProvider] {Main} Received program level info. programId=Hero programLevelInfo=|is_beta=1|program=1214607983|licenses:|id=10107|:licenses|licenses:|id=10432|:licenses
D 2022-03-22 19:37:33.877416 [GSAccountProvider] {Main} Cache miss for program level info. programId=D3CN
D 2022-03-22 19:37:33.877439 [GSAccountProvider] {Main} Received program level info. programId=AUKS programLevelInfo=|program=1096108883
D 2022-03-22 19:37:33.877470 [GSAccountProvider] {Main} Received program level info. programId=LAZR programLevelInfo=|program=1279351378
D 2022-03-22 19:37:33.877502 [GSAccountProvider] {Main} Received program level info. programId=ODIN programLevelInfo=|program=1329875278
D 2022-03-22 19:37:33.877532 [GSAccountProvider] {Main} Received program level info. programId=RTRO programLevelInfo=|program=1381257807
D 2022-03-22 19:37:33.877561 [GSAccountProvider] {Main} Received program level info. programId=SPOT programLevelInfo=|program=1397772116
D 2022-03-22 19:37:33.877595 [GSAccountProvider] {Main} Received program level info. programId=VIPR programLevelInfo=|program=1447645266
D 2022-03-22 19:37:33.877627 [GSAccountProvider] {Main} Received program level info. programId=WLBY programLevelInfo=|program=1464615513
D 2022-03-22 19:37:33.877663 [GSAccountProvider] {Main} Received program level info. programId=WTCG programLevelInfo=|is_lifetime=1|program=1465140039|licenses:|id=265|:licenses
D 2022-03-22 19:37:33.877692 [GSAccountProvider] {Main} Received program level info. programId=ZEUS programLevelInfo=|program=1514493267
D 2022-03-22 19:37:33.878402 [GSAccountProvider] {Main} Received GameLevelInfo: (Game: EU-D3-918804046) info=|name="D31"|program=17459|realm_permissions=1|last_logout_time_ms=1585779644000
D 2022-03-22 19:37:33.878511 [GSAccountProvider] {Main} Received GameTimeInfo: (Game: EU-D3-918804046) info=
D 2022-03-22 19:37:33.878568 [GSAccountProvider] {Main} Received GameLevelInfo: (Game: EU-S2-913901202) info=|is_trial=0|is_restricted=0|name="S21"|program=21298|realm_permissions=1|last_logout_time_ms=1647716024000
D 2022-03-22 19:37:33.878615 [GSAccountProvider] {Main} Received GameTimeInfo: (Game: EU-S2-913901202) info=
D 2022-03-22 19:37:33.878637 [GSAccountProvider] {Main} Received GameLevelInfo: (Game: EU-WTCG-19154452) info=|name="WTCG1"|program=1465140039|licenses:|id=10444|:licenses|licenses:|id=11340|:licenses|realm_permissions=1
D 2022-03-22 19:37:33.878688 [GSAccountProvider] {Main} Received GameTimeInfo: (Game: EU-WTCG-19154452) info=
D 2022-03-22 19:37:33.878708 [GSAccountProvider] {Main} Received GameLevelInfo: (Game: XX-WTCG-21388410) info=|name="WTCG1"|program=1465140039|realm_permissions=1
D 2022-03-22 19:37:33.878739 [GSAccountProvider] {Main} Received GameTimeInfo: (Game: XX-WTCG-21388410) info=
D 2022-03-22 19:37:34.038868 [GSAccountProvider] {Main} Subscription has been activated. entityId=(Game: EU-S2-913901202)
D 2022-03-22 19:37:34.038951 [GSAccountProvider] {Main} Subscription has been activated. entityId=(Game: EU-D3-918804046)
D 2022-03-22 19:37:34.038985 [GSAccountProvider] {Main} Subscription has been activated. entityId=(Game: EU-WTCG-19154452)
D 2022-03-22 19:37:34.039015 [GSAccountProvider] {Main} Received GameTimeRemainingInfo: (Game: EU-D3-918804046) info=
D 2022-03-22 19:37:34.039048 [GSAccountProvider] {Main} Received GameTimeRemainingInfo: (Game: EU-S2-913901202) info=
I 2022-03-22 19:37:34.040066 [GameSessionList] {Agent} Reporting process: TrackingInfo(uid=battle.net, type=game, opStatus=On, reqId=0, running=2, oldRunning=1)
I 2022-03-22 19:37:34.047632 [InstallManager] {Main} Setting Process Running: true uid=battle.net binaryType=game any=true
D 2022-03-22 19:37:34.138484 [GSAccountProvider] {Main} Subscription has been activated. entityId=(BNet: 1:0:17f719a9)
D 2022-03-22 19:37:34.138594 [GSAccountProvider] {Main} Querying game accounts for region: US
D 2022-03-22 19:37:34.138633 [GSAccountProvider] {Main} Querying game accounts for region: KR
D 2022-03-22 19:37:34.138658 [GSAccountProvider] {Main} Querying game accounts for region: SG
D 2022-03-22 19:37:34.138680 [GSAccountProvider] {Main} Querying game accounts for region: GLOBAL
D 2022-03-22 19:37:34.138716 [GSAccountProvider] {Main} Received GameTimeRemainingInfo: (Game: EU-WTCG-19154452) info=
D 2022-03-22 19:37:34.148453 [GSAccountProvider] {Main} Region 'US' has no game accounts.
D 2022-03-22 19:37:34.148515 [GSAccountProvider] {Main} Region 'KR' has no game accounts.
D 2022-03-22 19:37:34.148538 [GSAccountProvider] {Main} Region 'SG' has no game accounts.
D 2022-03-22 19:37:34.148560 [GSAccountProvider] {Main} Region 'GLOBAL' has no game accounts.
I 2022-03-22 19:37:34.148579 [GSStateTracker] {Main} All region requests have been completed!
I 2022-03-22 19:37:34.148600 [GSStateTracker] {Main} State changed to: WaitingForEntitlements
D 2022-03-22 19:37:34.148671 [GSAccountProvider] {Main} Completed initial load.
D 2022-03-22 19:37:34.148692 [GSAccountProvider] {Main} Querying game status for program id: D3
D 2022-03-22 19:37:34.148723 [GSAccountProvider] {Main} Querying game status for program id: S1
D 2022-03-22 19:37:34.148745 [GSAccountProvider] {Main} Querying game status for program id: S2
D 2022-03-22 19:37:34.148766 [GSAccountProvider] {Main} Querying game status for program id: W3
D 2022-03-22 19:37:34.148787 [GSAccountProvider] {Main} Querying game status for program id: Fen
D 2022-03-22 19:37:34.148811 [GSAccountProvider] {Main} Querying game status for program id: OSI
D 2022-03-22 19:37:34.148832 [GSAccountProvider] {Main} Querying game status for program id: Pro
D 2022-03-22 19:37:34.148852 [GSAccountProvider] {Main} Querying game status for program id: AUKS
D 2022-03-22 19:37:34.148873 [GSAccountProvider] {Main} Querying game status for program id: D3CN
D 2022-03-22 19:37:34.148893 [GSAccountProvider] {Main} Querying game status for program id: FORE
D 2022-03-22 19:37:34.148914 [GSAccountProvider] {Main} Querying game status for program id: Hero
D 2022-03-22 19:37:34.148933 [GSAccountProvider] {Main} Querying game status for program id: LAZR
D 2022-03-22 19:37:34.148954 [GSAccountProvider] {Main} Querying game status for program id: ODIN
D 2022-03-22 19:37:34.148979 [GSAccountProvider] {Main} Querying game status for program id: RTRO
D 2022-03-22 19:37:34.149001 [GSAccountProvider] {Main} Querying game status for program id: SPOT
D 2022-03-22 19:37:34.149021 [GSAccountProvider] {Main} Querying game status for program id: VIPR
D 2022-03-22 19:37:34.149042 [GSAccountProvider] {Main} Querying game status for program id: WLBY
D 2022-03-22 19:37:34.149063 [GSAccountProvider] {Main} Querying game status for program id: WTCG
D 2022-03-22 19:37:34.149083 [GSAccountProvider] {Main} Querying game status for program id: ZEUS
I 2022-03-22 19:37:34.157541 [GSStateTracker] {Main} State changed to: Ready
I 2022-03-22 19:37:34.157622 [GSAccountProvider] {Main} Loaded accounts: 10
I 2022-03-22 19:37:34.157654 [GSAccountProvider] {Main} [OSI-OSI:beta]
I 2022-03-22 19:37:34.157675 [GSAccountProvider] {Main} [ODIN-ODIN_MW:beta]
I 2022-03-22 19:37:34.157695 [GSAccountProvider] {Main} [D3-D3:retail]
I 2022-03-22 19:37:34.157711 [GSAccountProvider] {Main} [WTCG-WTCG:retail]
I 2022-03-22 19:37:34.157727 [GSAccountProvider] {Main} [S2-S2:ptr]
I 2022-03-22 19:37:34.157742 [GSAccountProvider] {Main} [S2-S2:retail]
I 2022-03-22 19:37:34.157755 [GSAccountProvider] {Main} [ZEUS-ZEUS:beta]
I 2022-03-22 19:37:34.157772 [GSAccountProvider] {Main} [S1-S1:ptr]
I 2022-03-22 19:37:34.157787 [GSAccountProvider] {Main} [FORE-FORE:beta]
I 2022-03-22 19:37:34.157805 [GSAccountProvider] {Main} [Hero-Hero:ptr]
I 2022-03-22 19:37:34.157821 [AccountManager] {Main} Account manager state has changed to: Ready
I 2022-03-22 19:37:34.158052 [GameProvider] {Main} Beginning GameProvider initialization.
D 2022-03-22 19:37:34.158206 [GameProvider] {Main} Inserting new unbound entity because no suitable match was found. uniqueId=Hero_retail
D 2022-03-22 19:37:34.158710 [GameProvider] {Main} Inserting new unbound entity because no suitable match was found. uniqueId=AUKS_retail
D 2022-03-22 19:37:34.159138 [GameProvider] {Main} Inserting new unbound entity because no suitable match was found. uniqueId=D3_retail
D 2022-03-22 19:37:34.159197 [GameProvider] {Main} Inserting new unbound entity because no suitable match was found. uniqueId=D3CN_retail
D 2022-03-22 19:37:34.159516 [GameProvider] {Main} Inserting new unbound entity because no suitable match was found. uniqueId=FORE_retail
D 2022-03-22 19:37:34.159936 [GameProvider] {Main} Inserting new unbound entity because no suitable match was found. uniqueId=Fen_retail
D 2022-03-22 19:37:34.160286 [GameProvider] {Main} Inserting new unbound entity because no suitable match was found. uniqueId=OSI_retail
D 2022-03-22 19:37:34.160651 [GameProvider] {Main} Inserting new unbound entity because no suitable match was found. uniqueId=LAZR_retail
D 2022-03-22 19:37:34.160996 [GameProvider] {Main} Inserting new unbound entity because no suitable match was found. uniqueId=ODIN_retail
D 2022-03-22 19:37:34.161428 [GameProvider] {Main} Inserting new unbound entity because no suitable match was found. uniqueId=Pro_retail
D 2022-03-22 19:37:34.161798 [GameProvider] {Main} Inserting new unbound entity because no suitable match was found. uniqueId=RTRO_retail
D 2022-03-22 19:37:34.162116 [GameProvider] {Main} Inserting new unbound entity because no suitable match was found. uniqueId=S1_retail
D 2022-03-22 19:37:34.162543 [GameProvider] {Main} Inserting new unbound entity because no suitable match was found. uniqueId=S2_retail
D 2022-03-22 19:37:34.162595 [GameProvider] {Main} Inserting new unbound entity because no suitable match was found. uniqueId=SPOT_retail
D 2022-03-22 19:37:34.162920 [GameProvider] {Main} Inserting new unbound entity because no suitable match was found. uniqueId=VIPR_retail
D 2022-03-22 19:37:34.163239 [GameProvider] {Main} Inserting new unbound entity because no suitable match was found. uniqueId=W3_retail
D 2022-03-22 19:37:34.163576 [GameProvider] {Main} Inserting new unbound entity because no suitable match was found. uniqueId=WLBY_retail
D 2022-03-22 19:37:34.163887 [GameProvider] {Main} Inserting new unbound entity because no suitable match was found. uniqueId=WTCG_retail
D 2022-03-22 19:37:34.164304 [GameProvider] {Main} Inserting new unbound entity because no suitable match was found. uniqueId=WoW_retail
D 2022-03-22 19:37:34.164947 [GameProvider] {Main} Tried to insert an unbound entity with no uid. productCode=WoWC_wow_classic
D 2022-03-22 19:37:34.165000 [GameProvider] {Main} Inserting new unbound entity because no suitable match was found. uniqueId=ZEUS_retail
D 2022-03-22 19:37:34.165364 [GameProvider] {Main} Tried to insert an unbound entity that already exists. productCode=D3_retail bound=0
D 2022-03-22 19:37:34.165458 [GameProvider] {Main} Tried to insert an unbound entity that already exists. productCode=S2_retail bound=0
I 2022-03-22 19:37:34.165598 [GameProvider] {Main} Inserting new bound entity because no suitable match was found. accountInfo=[OSI-OSI:beta] productId=OSI productType=beta
I 2022-03-22 19:37:34.166021 [GameProvider] {Main} Inserting new bound entity because no suitable match was found. accountInfo=[ODIN-ODIN_MW:beta] productId=ODIN_MW productType=beta
D 2022-03-22 19:37:34.166353 [GameProvider] {Main} Binding account info to available unbound entity. productCode=D3_retail accountInfo=[D3-D3:retail]
D 2022-03-22 19:37:34.166484 [GameProvider] {Main} Binding account info to available unbound entity. productCode=WTCG_retail accountInfo=[WTCG-WTCG:retail]
I 2022-03-22 19:37:34.166605 [GameProvider] {Main} Inserting new bound entity because no suitable match was found. accountInfo=[S2-S2:ptr] productId=S2 productType=ptr
D 2022-03-22 19:37:34.167175 [GameProvider] {Main} Binding account info to available unbound entity. productCode=S2_retail accountInfo=[S2-S2:retail]
I 2022-03-22 19:37:34.167256 [GameProvider] {Main} Inserting new bound entity because no suitable match was found. accountInfo=[ZEUS-ZEUS:beta] productId=ZEUS productType=beta
I 2022-03-22 19:37:34.167612 [GameProvider] {Main} Inserting new bound entity because no suitable match was found. accountInfo=[S1-S1:ptr] productId=S1 productType=ptr
I 2022-03-22 19:37:34.167946 [GameProvider] {Main} Inserting new bound entity because no suitable match was found. accountInfo=[FORE-FORE:beta] productId=FORE productType=beta
I 2022-03-22 19:37:34.168302 [GameProvider] {Main} Inserting new bound entity because no suitable match was found. accountInfo=[Hero-Hero:ptr] productId=Hero productType=ptr
I 2022-03-22 19:37:34.168627 [GameProvider] {Main} Game provider is now initialized
I 2022-03-22 19:37:34.169063 [InstallFlow] {Main} FlowController is now initialized
I 2022-03-22 19:37:34.169190 [GameController] {Main} Beginning GameController initialization
D 2022-03-22 19:37:34.169523 [GameController] {Main} Game Family Added: id=Hero visible=0
D 2022-03-22 19:37:34.169833 [ProductState] {Main} Game product state created: uid=heroes
D 2022-03-22 19:37:34.169911 [ProductState] {Main} InstallState (heroes): currentOperation=Install currentOperationStatus=New
I 2022-03-22 19:37:34.170280 [GameController] {Main} GameAccount added to family: family=Hero account=GameAccount(Hero:retail region=EU unbound)
D 2022-03-22 19:37:34.170482 [GameController] {Main} Adding product state reference. uid=heroes refCount=0
D 2022-03-22 19:37:34.170869 [GameController] {Main} Visibility Changed. family=Hero visible=1
D 2022-03-22 19:37:34.185493 [GameController] {Main} Game Family Added: id=Fen visible=0
D 2022-03-22 19:37:34.185800 [ProductState] {Main} Game product state created: uid=fenris
D 2022-03-22 19:37:34.185913 [ProductState] {Main} InstallState (fenris): currentOperation=Install currentOperationStatus=New
I 2022-03-22 19:37:34.186178 [GameController] {Main} GameAccount added to family: family=Fen account=GameAccount(Fen:retail region=EU unbound hidden)
D 2022-03-22 19:37:34.186321 [GameController] {Main} Adding product state reference. uid=fenris refCount=0
D 2022-03-22 19:37:34.188887 [GameController] {Main} Game Family Added: id=AUKS visible=0
D 2022-03-22 19:37:34.189134 [ProductState] {Main} Game product state created: uid=auks
D 2022-03-22 19:37:34.189262 [ProductState] {Main} InstallState (auks): currentOperation=Install currentOperationStatus=New
I 2022-03-22 19:37:34.189528 [GameController] {Main} GameAccount added to family: family=AUKS account=GameAccount(AUKS:retail region=EU unbound hidden)
D 2022-03-22 19:37:34.189661 [GameController] {Main} Adding product state reference. uid=auks refCount=0
D 2022-03-22 19:37:34.191386 [GameController] {Main} Game Family Added: id=FORE visible=0
D 2022-03-22 19:37:34.191620 [ProductState] {Main} Game product state created: uid=fore
D 2022-03-22 19:37:34.191686 [ProductState] {Main} InstallState (fore): currentOperation=Install currentOperationStatus=New
I 2022-03-22 19:37:34.191891 [GameController] {Main} GameAccount added to family: family=FORE account=GameAccount(FORE:retail region=EU unbound)
D 2022-03-22 19:37:34.191985 [GameController] {Main} Adding product state reference. uid=fore refCount=0
D 2022-03-22 19:37:34.192159 [GameController] {Main} Visibility Changed. family=FORE visible=1
D 2022-03-22 19:37:34.193145 [GameController] {Main} Game Family Added: id=D3 visible=0
I 2022-03-22 19:37:34.193356 [GameController] {Main} GameAccount added to family: family=D3 account=GameAccount(D3:retail region=EU)
D 2022-03-22 19:37:34.193430 [GameController] {Main} Adding product state reference. uid=diablo3 refCount=0
D 2022-03-22 19:37:34.193528 [GameController] {Main} Visibility Changed. family=D3 visible=1
D 2022-03-22 19:37:34.194269 [GameController] {Main} Game Family Added: id=D3CN visible=0
D 2022-03-22 19:37:34.194367 [ProductState] {Main} Game product state created: uid=d3cn
D 2022-03-22 19:37:34.194406 [ProductState] {Main} InstallState (d3cn): currentOperation=Install currentOperationStatus=New
I 2022-03-22 19:37:34.194499 [GameController] {Main} GameAccount added to family: family=D3CN account=GameAccount(D3CN:retail region=<none> unbound hidden)
D 2022-03-22 19:37:34.194537 [GameController] {Main} Adding product state reference. uid=d3cn refCount=0
D 2022-03-22 19:37:34.195322 [GameController] {Main} Game Family Added: id=OSI visible=0
D 2022-03-22 19:37:34.195463 [ProductState] {Main} Game product state created: uid=osi
D 2022-03-22 19:37:34.195497 [ProductState] {Main} InstallState (osi): currentOperation=Install currentOperationStatus=New
I 2022-03-22 19:37:34.195630 [GameController] {Main} GameAccount added to family: family=OSI account=GameAccount(OSI:retail region=EU unbound)
D 2022-03-22 19:37:34.195688 [GameController] {Main} Adding product state reference. uid=osi refCount=0
D 2022-03-22 19:37:34.195777 [GameController] {Main} Visibility Changed. family=OSI visible=1
D 2022-03-22 19:37:34.196540 [GameController] {Main} Game Family Added: id=ODIN visible=0
D 2022-03-22 19:37:34.196645 [ProductState] {Main} Game product state created: uid=odin
D 2022-03-22 19:37:34.196673 [ProductState] {Main} InstallState (odin): currentOperation=Install currentOperationStatus=New
I 2022-03-22 19:37:34.196777 [GameController] {Main} GameAccount added to family: family=ODIN account=GameAccount(ODIN:retail region=EU unbound)
D 2022-03-22 19:37:34.196830 [GameController] {Main} Adding product state reference. uid=odin refCount=0
D 2022-03-22 19:37:34.196932 [GameController] {Main} Visibility Changed. family=ODIN visible=1
D 2022-03-22 19:37:34.197692 [GameController] {Main} Game Family Added: id=RTRO visible=0
D 2022-03-22 19:37:34.197811 [ProductState] {Main} Game product state created: uid=rtro
D 2022-03-22 19:37:34.197845 [ProductState] {Main} InstallState (rtro): currentOperation=Install currentOperationStatus=New
I 2022-03-22 19:37:34.197945 [GameController] {Main} GameAccount added to family: family=RTRO account=GameAccount(RTRO:retail region=EU unbound)
D 2022-03-22 19:37:34.198008 [GameController] {Main} Adding product state reference. uid=rtro refCount=0
D 2022-03-22 19:37:34.198099 [GameController] {Main} Visibility Changed. family=RTRO visible=1
D 2022-03-22 19:37:34.198868 [GameController] {Main} Game Family Added: id=LAZR visible=0
D 2022-03-22 19:37:34.198989 [ProductState] {Main} Game product state created: uid=lazarus
D 2022-03-22 19:37:34.199022 [ProductState] {Main} InstallState (lazarus): currentOperation=Install currentOperationStatus=New
I 2022-03-22 19:37:34.199123 [GameController] {Main} GameAccount added to family: family=LAZR account=GameAccount(LAZR:retail region=EU unbound)
D 2022-03-22 19:37:34.199168 [GameController] {Main} Adding product state reference. uid=lazarus refCount=0
D 2022-03-22 19:37:34.199256 [GameController] {Main} Visibility Changed. family=LAZR visible=1
D 2022-03-22 19:37:34.200031 [GameController] {Main} Game Family Added: id=Pro visible=0
D 2022-03-22 19:37:34.200157 [ProductState] {Main} Game product state created: uid=prometheus
D 2022-03-22 19:37:34.200207 [ProductState] {Main} InstallState (prometheus): currentOperation=Install currentOperationStatus=New
I 2022-03-22 19:37:34.200317 [GameController] {Main} GameAccount added to family: family=Pro account=GameAccount(Pro:retail region=EU unbound)
D 2022-03-22 19:37:34.200370 [GameController] {Main} Adding product state reference. uid=prometheus refCount=0
D 2022-03-22 19:37:34.200475 [GameController] {Main} Visibility Changed. family=Pro visible=1
D 2022-03-22 19:37:34.201221 [GameController] {Main} Game Family Added: id=S1 visible=0
D 2022-03-22 19:37:34.201317 [ProductState] {Main} Game product state created: uid=s1
D 2022-03-22 19:37:34.201349 [ProductState] {Main} InstallState (s1): currentOperation=Install currentOperationStatus=New
I 2022-03-22 19:37:34.201465 [GameController] {Main} GameAccount added to family: family=S1 account=GameAccount(S1:retail region=EU unbound)
D 2022-03-22 19:37:34.201516 [GameController] {Main} Adding product state reference. uid=s1 refCount=0
D 2022-03-22 19:37:34.201599 [GameController] {Main} Visibility Changed. family=S1 visible=1
D 2022-03-22 19:37:34.202327 [GameController] {Main} Game Family Added: id=S2 visible=0
I 2022-03-22 19:37:34.202409 [GameController] {Main} GameAccount added to family: family=S2 account=GameAccount(S2:retail region=EU)
D 2022-03-22 19:37:34.202456 [GameController] {Main} Adding product state reference. uid=s2 refCount=0
D 2022-03-22 19:37:34.202528 [GameController] {Main} Visibility Changed. family=S2 visible=1
D 2022-03-22 19:37:34.203277 [GameController] {Main} Game Family Added: id=SPOT visible=0
D 2022-03-22 19:37:34.203371 [ProductState] {Main} Game product state created: uid=spot
D 2022-03-22 19:37:34.203414 [ProductState] {Main} InstallState (spot): currentOperation=Install currentOperationStatus=New
I 2022-03-22 19:37:34.203513 [GameController] {Main} GameAccount added to family: family=SPOT account=GameAccount(SPOT:retail region=EU unbound hidden)
D 2022-03-22 19:37:34.203562 [GameController] {Main} Adding product state reference. uid=spot refCount=0
D 2022-03-22 19:37:34.204363 [GameController] {Main} Game Family Added: id=VIPR visible=0
D 2022-03-22 19:37:34.204529 [ProductState] {Main} Game product state created: uid=viper
D 2022-03-22 19:37:34.204584 [ProductState] {Main} InstallState (viper): currentOperation=Install currentOperationStatus=New
I 2022-03-22 19:37:34.204695 [GameController] {Main} GameAccount added to family: family=VIPR account=GameAccount(VIPR:retail region=EU unbound)
D 2022-03-22 19:37:34.204742 [GameController] {Main} Adding product state reference. uid=viper refCount=0
D 2022-03-22 19:37:34.204828 [GameController] {Main} Visibility Changed. family=VIPR visible=1
D 2022-03-22 19:37:34.205579 [GameController] {Main} Game Family Added: id=W3 visible=0
D 2022-03-22 19:37:34.205698 [ProductState] {Main} Game product state created: uid=w3
D 2022-03-22 19:37:34.205730 [ProductState] {Main} InstallState (w3): currentOperation=Install currentOperationStatus=New
I 2022-03-22 19:37:34.205861 [GameController] {Main} GameAccount added to family: family=W3 account=GameAccount(W3:retail region=EU unbound)
D 2022-03-22 19:37:34.205907 [GameController] {Main} Adding product state reference. uid=w3 refCount=0
D 2022-03-22 19:37:34.205990 [GameController] {Main} Visibility Changed. family=W3 visible=1
D 2022-03-22 19:37:34.206762 [GameController] {Main} Game Family Added: id=ZEUS visible=0
D 2022-03-22 19:37:34.206870 [ProductState] {Main} Game product state created: uid=zeus
D 2022-03-22 19:37:34.206901 [ProductState] {Main} InstallState (zeus): currentOperation=Install currentOperationStatus=New
I 2022-03-22 19:37:34.207001 [GameController] {Main} GameAccount added to family: family=ZEUS account=GameAccount(ZEUS:retail region=EU unbound)
D 2022-03-22 19:37:34.207047 [GameController] {Main} Adding product state reference. uid=zeus refCount=0
D 2022-03-22 19:37:34.207133 [GameController] {Main} Visibility Changed. family=ZEUS visible=1
D 2022-03-22 19:37:34.207926 [GameController] {Main} Game Family Added: id=WLBY visible=0
D 2022-03-22 19:37:34.208034 [ProductState] {Main} Game product state created: uid=wlby
D 2022-03-22 19:37:34.208066 [ProductState] {Main} InstallState (wlby): currentOperation=Install currentOperationStatus=New
I 2022-03-22 19:37:34.208168 [GameController] {Main} GameAccount added to family: family=WLBY account=GameAccount(WLBY:retail region=EU unbound)
D 2022-03-22 19:37:34.208220 [GameController] {Main} Adding product state reference. uid=wlby refCount=0
D 2022-03-22 19:37:34.208303 [GameController] {Main} Visibility Changed. family=WLBY visible=1
D 2022-03-22 19:37:34.209048 [GameController] {Main} Game Family Added: id=WTCG visible=0
D 2022-03-22 19:37:34.209163 [ProductState] {Main} Game product state created: uid=hs_beta
D 2022-03-22 19:37:34.209195 [ProductState] {Main} InstallState (hs_beta): currentOperation=Install currentOperationStatus=New
I 2022-03-22 19:37:34.209342 [GameController] {Main} GameAccount added to family: family=WTCG account=GameAccount(WTCG:retail region=EU)
D 2022-03-22 19:37:34.209394 [GameController] {Main} Adding product state reference. uid=hs_beta refCount=0
D 2022-03-22 19:37:34.209497 [GameController] {Main} Visibility Changed. family=WTCG visible=1
D 2022-03-22 19:37:34.210319 [GameController] {Main} Game Family Added: id=WoW visible=0
D 2022-03-22 19:37:34.210456 [ProductState] {Main} Game product state created: uid=wow
D 2022-03-22 19:37:34.210489 [ProductState] {Main} InstallState (wow): currentOperation=Install currentOperationStatus=New
I 2022-03-22 19:37:34.210597 [GameController] {Main} GameAccount added to family: family=WoW account=GameAccount(WoW:retail region=EU unbound)
D 2022-03-22 19:37:34.210644 [GameController] {Main} Adding product state reference. uid=wow refCount=0
D 2022-03-22 19:37:34.210729 [GameController] {Main} Visibility Changed. family=WoW visible=1
D 2022-03-22 19:37:34.211518 [ProductState] {Main} Game product state created: uid=osi_beta
D 2022-03-22 19:37:34.211552 [ProductState] {Main} InstallState (osi_beta): currentOperation=Install currentOperationStatus=New
I 2022-03-22 19:37:34.211676 [GameController] {Main} GameAccount added to family: family=OSI account=GameAccount(OSI:beta region=EU hidden)
D 2022-03-22 19:37:34.211716 [GameController] {Main} Adding product state reference. uid=osi_beta refCount=0
D 2022-03-22 19:37:34.212592 [ProductState] {Main} Game product state created: uid=odin_beta
D 2022-03-22 19:37:34.212627 [ProductState] {Main} InstallState (odin_beta): currentOperation=Install currentOperationStatus=New
I 2022-03-22 19:37:34.212752 [GameController] {Main} GameAccount added to family: family=ODIN account=GameAccount(ODIN:beta region=EU hidden)
D 2022-03-22 19:37:34.212821 [GameController] {Main} Adding product state reference. uid=odin_beta refCount=0
D 2022-03-22 19:37:34.213721 [ProductState] {Main} Game product state created: uid=s2_ptr
D 2022-03-22 19:37:34.213756 [ProductState] {Main} InstallState (s2_ptr): currentOperation=Install currentOperationStatus=New
I 2022-03-22 19:37:34.213847 [GameController] {Main} GameAccount added to family: family=S2 account=GameAccount(S2:ptr region=XX)
D 2022-03-22 19:37:34.213895 [GameController] {Main} Adding product state reference. uid=s2_ptr refCount=0
D 2022-03-22 19:37:34.214775 [ProductState] {Main} Game product state created: uid=zeus_beta
D 2022-03-22 19:37:34.214809 [ProductState] {Main} InstallState (zeus_beta): currentOperation=Install currentOperationStatus=New
I 2022-03-22 19:37:34.214944 [GameController] {Main} GameAccount added to family: family=ZEUS account=GameAccount(ZEUS:beta region=EU hidden)
D 2022-03-22 19:37:34.214986 [GameController] {Main} Adding product state reference. uid=zeus_beta refCount=0
D 2022-03-22 19:37:34.215854 [ProductState] {Main} Game product state created: uid=s1_ptr
D 2022-03-22 19:37:34.215888 [ProductState] {Main} InstallState (s1_ptr): currentOperation=Install currentOperationStatus=New
I 2022-03-22 19:37:34.215991 [GameController] {Main} GameAccount added to family: family=S1 account=GameAccount(S1:ptr region=XX)
D 2022-03-22 19:37:34.216039 [GameController] {Main} Adding product state reference. uid=s1_ptr refCount=0
D 2022-03-22 19:37:34.216890 [ProductState] {Main} Game product state created: uid=fore_beta
D 2022-03-22 19:37:34.216934 [ProductState] {Main} InstallState (fore_beta): currentOperation=Install currentOperationStatus=New
I 2022-03-22 19:37:34.217057 [GameController] {Main} GameAccount added to family: family=FORE account=GameAccount(FORE:beta region=EU hidden)
D 2022-03-22 19:37:34.217099 [GameController] {Main} Adding product state reference. uid=fore_beta refCount=0
D 2022-03-22 19:37:34.217969 [ProductState] {Main} Game product state created: uid=heroes_ptr
D 2022-03-22 19:37:34.218003 [ProductState] {Main} InstallState (heroes_ptr): currentOperation=Install currentOperationStatus=New
I 2022-03-22 19:37:34.218094 [GameController] {Main} GameAccount added to family: family=Hero account=GameAccount(Hero:ptr region=XX)
D 2022-03-22 19:37:34.218143 [GameController] {Main} Adding product state reference. uid=heroes_ptr refCount=0
I 2022-03-22 19:37:34.228484 [GameController] {Main} Setting default selections for game controller
D 2022-03-22 19:37:34.228529 [GameController] {Main} Picked default selection by type for product group: Pro account=GameAccount(Pro:retail region=EU unbound)
D 2022-03-22 19:37:34.229665 [GameController] {Main} New selection for product group Pro: account=GameAccount(Pro:retail region=EU unbound) selectedItem=Overwatch
D 2022-03-22 19:37:34.233720 [RemoteContentCache] {Main} Found cached remote content. url=https://nydus.battle.net/App/ruRU/client/overwatch/alert?targetRegion=EU
D 2022-03-22 19:37:34.233772 [GameController] {Main} Picked default selection by type for product group: VIPR account=GameAccount(VIPR:retail region=EU unbound)
D 2022-03-22 19:37:34.234703 [GameController] {Main} New selection for product group VIPR: account=GameAccount(VIPR:retail region=EU unbound) selectedItem=Call of Duty Black Ops 4
D 2022-03-22 19:37:34.238155 [RemoteContentCache] {Main} Found cached remote content. url=https://nydus.battle.net/App/ruRU/client/VIPR/alert?targetRegion=EU
D 2022-03-22 19:37:34.238205 [GameController] {Main} Picked default selection by type for product group: D3 account=GameAccount(D3:retail region=EU)
D 2022-03-22 19:37:34.239125 [GameController] {Main} New selection for product group D3: account=GameAccount(D3:retail region=EU) selectedItem=Diablo III
D 2022-03-22 19:37:34.242708 [RemoteContentCache] {Main} Found cached remote content. url=https://nydus.battle.net/App/ruRU/client/D3/alert?targetRegion=EU
D 2022-03-22 19:37:34.242756 [GameController] {Main} Picked default selection by type for product group: Fen account=GameAccount(null)
D 2022-03-22 19:37:34.242774 [GameController] {Main} Picked default selection by type for product group: WLBY account=GameAccount(WLBY:retail region=EU unbound)
D 2022-03-22 19:37:34.243695 [GameController] {Main} New selection for product group WLBY: account=GameAccount(WLBY:retail region=EU unbound) selectedItem=Crash Bandicoot 4:   
D 2022-03-22 19:37:34.247101 [GameController] {Main} Picked default selection by type for product group: WTCG account=GameAccount(WTCG:retail region=EU)
D 2022-03-22 19:37:34.248016 [GameController] {Main} New selection for product group WTCG: account=GameAccount(WTCG:retail region=EU) selectedItem=Hearthstone
D 2022-03-22 19:37:34.251561 [RemoteContentCache] {Main} Found cached remote content. url=https://nydus.battle.net/App/ruRU/client/WTCG/alert?targetRegion=EU
D 2022-03-22 19:37:34.251608 [GameController] {Main} Picked default selection by type for product group: WoW account=GameAccount(WoW:retail region=EU unbound)
D 2022-03-22 19:37:34.252530 [GameController] {Main} New selection for product group WoW: account=GameAccount(WoW:retail region=EU unbound) selectedItem=World of Warcraft
D 2022-03-22 19:37:34.256019 [RemoteContentCache] {Main} Found cached remote content. url=https://nydus.battle.net/App/ruRU/client/WoW/alert?targetRegion=EU
D 2022-03-22 19:37:34.256068 [GameController] {Main} Picked default selection by type for product group: S1 account=GameAccount(S1:retail region=EU unbound)
D 2022-03-22 19:37:34.257090 [GameController] {Main} New selection for product group S1: account=GameAccount(S1:retail region=EU unbound) selectedItem=StarCraft
D 2022-03-22 19:37:34.260526 [RemoteContentCache] {Main} Found cached remote content. url=https://nydus.battle.net/App/ruRU/client/S1/alert?targetRegion=EU
D 2022-03-22 19:37:34.260579 [GameController] {Main} Picked default selection by type for product group: ODIN account=GameAccount(ODIN:retail region=EU unbound)
D 2022-03-22 19:37:34.261483 [GameController] {Main} New selection for product group ODIN: account=GameAccount(ODIN:retail region=EU unbound) selectedItem=Call of Duty: Warzone
D 2022-03-22 19:37:34.264782 [RemoteContentCache] {Main} Found cached remote content. url=https://nydus.battle.net/App/ruRU/client/odin/alert?targetRegion=EU
D 2022-03-22 19:37:34.264834 [GameController] {Main} Picked default selection by type for product group: Hero account=GameAccount(Hero:retail region=EU unbound)
D 2022-03-22 19:37:34.265862 [GameController] {Main} New selection for product group Hero: account=GameAccount(Hero:retail region=EU unbound) selectedItem=Heroes of the Storm
D 2022-03-22 19:37:34.269354 [RemoteContentCache] {Main} Found cached remote content. url=https://nydus.battle.net/App/ruRU/client/Hero/alert?targetRegion=EU
D 2022-03-22 19:37:34.269397 [GameController] {Main} Picked default selection by type for product group: LAZR account=GameAccount(LAZR:retail region=EU unbound)
D 2022-03-22 19:37:34.270305 [GameController] {Main} New selection for product group LAZR: account=GameAccount(LAZR:retail region=EU unbound) selectedItem=Call of Duty: MW2 Campaign Remastered
D 2022-03-22 19:37:34.273661 [GameController] {Main} Picked default selection by type for product group: OSI account=GameAccount(OSI:retail region=EU unbound)
D 2022-03-22 19:37:34.274588 [GameController] {Main} Selected region change: GameAccount(OSI:retail region=EU unbound)
D 2022-03-22 19:37:34.274612 [GameController] {Main} Region changed for selected game account: GameAccount(OSI:retail region=EU unbound)
D 2022-03-22 19:37:34.277962 [GameController] {Main} New selection for product group OSI: account=GameAccount(OSI:retail region=EU unbound) selectedItem=Diablo II: Resurrected
D 2022-03-22 19:37:34.281062 [GameController] {Main} Picked default selection by type for product group: D3CN account=GameAccount(null)
D 2022-03-22 19:37:34.281094 [GameController] {Main} Picked default selection by type for product group: S2 account=GameAccount(S2:retail region=EU)
D 2022-03-22 19:37:34.282154 [GameController] {Main} New selection for product group S2: account=GameAccount(S2:retail region=EU) selectedItem=StarCraft II
D 2022-03-22 19:37:34.285467 [RemoteContentCache] {Main} Found cached remote content. url=https://nydus.battle.net/App/ruRU/client/S2/alert?targetRegion=EU
D 2022-03-22 19:37:34.285517 [GameController] {Main} Picked default selection by type for product group: SPOT account=GameAccount(null)
D 2022-03-22 19:37:34.285538 [GameController] {Main} Picked default selection by type for product group: AUKS account=GameAccount(null)
D 2022-03-22 19:37:34.285561 [GameController] {Main} Picked default selection by type for product group: RTRO account=GameAccount(RTRO:retail region=EU unbound)
D 2022-03-22 19:37:34.286486 [GameController] {Main} Selected region change: GameAccount(RTRO:retail region=EU unbound)
D 2022-03-22 19:37:34.286510 [GameController] {Main} Region changed for selected game account: GameAccount(RTRO:retail region=EU unbound)
D 2022-03-22 19:37:34.289985 [GameController] {Main} New selection for product group RTRO: account=GameAccount(RTRO:retail region=EU unbound) selectedItem=Blizzard Arcade Collection
D 2022-03-22 19:37:34.293399 [GameController] {Main} Picked default selection by type for product group: W3 account=GameAccount(W3:retail region=EU unbound)
D 2022-03-22 19:37:34.294351 [GameController] {Main} New selection for product group W3: account=GameAccount(W3:retail region=EU unbound) selectedItem=Warcraft III
D 2022-03-22 19:37:34.297938 [RemoteContentCache] {Main} Found cached remote content. url=https://nydus.battle.net/App/ruRU/client/war3r/alert?targetRegion=EU
D 2022-03-22 19:37:34.297985 [GameController] {Main} Picked default selection by type for product group: ZEUS account=GameAccount(ZEUS:retail region=EU unbound)
D 2022-03-22 19:37:34.298904 [GameController] {Main} New selection for product group ZEUS: account=GameAccount(ZEUS:retail region=EU unbound) selectedItem=Call of Duty: Black Ops Cold War
D 2022-03-22 19:37:34.302322 [GameController] {Main} Picked default selection by type for product group: FORE account=GameAccount(FORE:retail region=EU unbound)
D 2022-03-22 19:37:34.303258 [GameController] {Main} Selected region change: GameAccount(FORE:retail region=EU unbound)
D 2022-03-22 19:37:34.303281 [GameController] {Main} Region changed for selected game account: GameAccount(FORE:retail region=EU unbound)
D 2022-03-22 19:37:34.303305 [GameController] {Main} New selection for product group FORE: account=GameAccount(FORE:retail region=EU unbound) selectedItem=Call of Duty: Vanguard
D 2022-03-22 19:37:34.303386 [GameController] {Main} Selecting game family by id: S2
D 2022-03-22 19:37:34.303400 [GameController] {Main} Active family set to: S2
D 2022-03-22 19:37:34.313814 [GameController] {Main} Active product set to: S2_retail
I 2022-03-22 19:37:34.317501 [GameController] {Main} GameController initialization complete
D 2022-03-22 19:37:34.318183 [GSAccountProvider] {Main} Completed final load.
D 2022-03-22 19:37:34.321588 [GSAccountProvider] {Main} Subscription has been activated. entityId=(Game: XX-WTCG-21388410)
D 2022-03-22 19:37:36.399177 [BAPIGateway] {Main} API request: https://eu.api.blizzard.com/content-api/v1/layoutTemplates/blt478cfc6c41578ddb/layout?cxpProductId=blt90855744d00cd378
I 2022-03-22 19:37:37.038486 [GameSessionList] {Agent} Reporting process: TrackingInfo(uid=battle.net, type=game, opStatus=On, reqId=0, running=4, oldRunning=2)
I 2022-03-22 19:37:37.116053 [GameController] {Main} Selecting game by uid. uid=s2 prioritizeUpdate=1
I 2022-03-22 19:37:37.119702 [GameController] {Main} Prioritize Update: uid=s2
I 2022-03-22 19:37:37.119737 [ScreenController] {Main} Changing screen to: Games
I 2022-03-22 19:37:37.123235 [StartupGameSearch] {Main} Skipping automated search for unregistered games
W 2022-03-22 19:37:37.123259 [InstallManager] {Main} Skipping search for unregistered games.
I 2022-03-22 19:37:37.123269 [InstallManager] {Main} Searching for unregistered games finished.
I 2022-03-22 19:37:37.123321 [StartupGameSearch] {Main} Completed automated search for unregistered games
I 2022-03-22 19:37:37.123522 [InstallFlow] {Main} No longer waiting for game registration search to complete.
D 2022-03-22 19:37:37.124932 [InventoryController] {Main} Updating inventory
D 2022-03-22 19:37:37.124950 [InventoryController] {Main} GetInventoryInfo request
D 2022-03-22 19:37:37.124972 [BAPIGateway] {Main} API request: https://eu.api.blizzard.com/AccountInventoryService/v1/GetNewInventoryItemCount
I 2022-03-22 19:37:37.128606 [Clubs] {Main} Subscribing to club membership.
I 2022-03-22 19:37:37.128732 [ChannelV2] {Main} Subscribing to channelv2 membership service. |agentId=|id=19067494|program=4288624|region=2
I 2022-03-22 19:37:37.128785 [BNLogin] {Main} Logged into Battle.net successfully. |bnet=1:0:17f719a9|game=2:200417070:122f266
I 2022-03-22 19:37:37.128840 [InstallManager] {Main} Setting Process Running: true uid=battle.net binaryType=game any=true
D 2022-03-22 19:37:37.185477 [BAPIGateway] {Main} API response: OK content={"layoutId":"blt9fc836ef855c7669","sections":[],"context":{"locale":"ru-ru","cxpProductId":"blt90855744d00cd378","layoutTemplateId":"blt478cfc6c41578ddb","region":"North America","includeFeed":false}}
I 2022-03-22 19:37:37.317706 [ChannelV2] {Main} ChannelV2 membership subscription created.
I 2022-03-22 19:37:37.467908 [Clubs] {Main} Club membership subscription created: |accountId=|id=402069929
D 2022-03-22 19:37:37.517949 [BAPIGateway] {Main} API response: OK content={"error":null,"newCount":0,"totalCount":0}
D 2022-03-22 19:37:37.518059 [InventoryController] {Main} Inventory changed, new: 0 total: 0
E 2022-03-22 19:37:44.628510 [BNSocialNetwork] {Main} Error response for BGS Facebook friend list. error=ERROR_SOCIAL_NETWORK_NO_ACCOUNT_DATA (9005)
D 2022-03-22 19:37:49.900217 [GameController] {Main} Selecting game family by id: S2
I 2022-03-22 19:37:49.907341 [Main] {Main} LaunchBinary: uid=s2 selectedRegion=EU binaryType=game
D 2022-03-22 19:37:49.914073 [InstallInfo] {Main} Operation status changed: opType=Execute oldStatus=Off newStatus=Pending agentUid=s2
D 2022-03-22 19:37:49.914200 [ProductState] {Main} InstallState (s2): GameLaunching=1
I 2022-03-22 19:37:50.111256 [InstallManager] {Main} Game launch options: programId=S2 GAME_ACCOUNT= REGION=EU LOCALE=ruRU LOCALE_AUDIO=enUS LAUNCH_64BIT=1
I 2022-03-22 19:37:50.112106 [InstallManager] {Main} Game launch options: programId=S2 ACCOUNT=(hidden) ACCOUNT_TS=1647977870
I 2022-03-22 19:37:50.302596 [InstallManager] {Main} Launched E:/Games/Call of Duty/StarCraft II/Support64/SC2Switcher_x64.exe with args: -sso=1 -launch -uid s2, pid: 6836
I 2022-03-22 19:37:55.278203 [GameSessionList] {Agent} Reporting process: TrackingInfo(uid=s2, type=game, opStatus=On, reqId=0, running=1, oldRunning=0)
I 2022-03-22 19:37:55.288011 [InstallManager] {Main} Setting Process Running: true uid=s2 binaryType=game any=true
D 2022-03-22 19:37:55.288086 [InstallInfo] {Main} Operation status changed: opType=Execute oldStatus=Pending newStatus=On agentUid=s2
D 2022-03-22 19:37:55.288161 [InstallManager] {Main} Game is running: s2
D 2022-03-22 19:37:55.290471 [ProductState] {Main} InstallState (s2): gameRunning=1 isGameProcessRunning=1 GameLaunching=0
W 2022-03-22 19:38:40.287853 [BNResources] {Main} |event=GetResource failure|code=ERROR_INVALID_ARGS (7)|program=0|stream=0|version=1920291413
W 2022-03-22 19:38:40.288013 [RichPresence] {Main} |event=RichPresence resource failure.|error=ERROR_INVALID_ARGS (7)
I 2022-03-22 20:53:42.148718 [Main] {Main} Frontend is requesting to close window.
