D 2022-03-21 16:19:55.983193 [Main] {Main} Removing old/extra log file: battle.net-20220306T163832.083871.log
D 2022-03-21 16:19:55.983890 [Main] {Main} Removing old/extra log file: battle.net-20220306T163932.268544.log
D 2022-03-21 16:19:55.984112 [Main] {Main} Removing old/extra log file: libcef-20220306T163835.339082.log
D 2022-03-21 16:19:55.984300 [Main] {Main} Removing old/extra log file: libcef-20220307T145412.339938.log
I 2022-03-21 16:19:55.984480 [Main] {Main} Logging started for Battle.net build 2.10.3.13369
I 2022-03-21 16:19:55.984801 [Configuration] {Main} SharedConfigRoot: C:\ProgramData\Battle.net
I 2022-03-21 16:19:55.985092 [Configuration] {Main} RoamingConfigRoot: C:\Users\User\AppData\Roaming\Battle.net
I 2022-03-21 16:19:55.985102 [Configuration] {Main} LocalConfigRoot: C:\Users\User\AppData\Local\Battle.net
D 2022-03-21 16:19:55.985193 [Configuration] {Main} Searching for config file: E:\Games\warzone\Battle.net\Battle.net.13369\Battle.net.config
D 2022-03-21 16:19:55.985257 [Configuration] {Main} Searching for config file: E:\Games\warzone\Battle.net\Battle.net.config
D 2022-03-21 16:19:55.985731 [Configuration] {Main} User Configuration File: C:\Users\User\AppData\Roaming\Battle.net\Battle.net.config
I 2022-03-21 16:19:55.987782 [Main] {Main} Command line arguments: {[0]=--game=s2_ruru, [1]=--gamepath=E:\Games\Call of Duty\StarCraft II}
I 2022-03-21 16:19:55.990062 [Main] {Main} Opening IPC shared memory. queueName=User:User:Battle.net IPC ShMem mode=server
I 2022-03-21 16:19:55.996885 [CommandQueue] {Main} Dispatching Command: register s2_ruru E:\Games\Call of Duty\StarCraft II   false
I 2022-03-21 16:19:56.098209 [Frontend] {Main} Supplying list of renderers: d3d11,warp,desktop
I 2022-03-21 16:19:57.070236 [LocalizationData] {Main} 21 language(s) loaded from languages.xml, default=enUS
D 2022-03-21 16:19:57.616422 [Main] {Main} Adding application font: resources/fonts/BlizzardReg.ttf
D 2022-03-21 16:19:57.618629 [Main] {Main} Adding application font: resources/fonts/BlizzardLig.ttf
D 2022-03-21 16:19:57.620330 [Main] {Main} Adding application font: resources/fonts/BlizzardBol.ttf
D 2022-03-21 16:19:57.621839 [Main] {Main} Adding application font: resources/fonts/NotoSans-Bold.ttf
D 2022-03-21 16:19:57.627196 [Main] {Main} Adding application font: resources/fonts/NotoSans-BoldItalic.ttf
D 2022-03-21 16:19:57.631950 [Main] {Main} Adding application font: resources/fonts/NotoSans-Italic.ttf
D 2022-03-21 16:19:57.636966 [Main] {Main} Adding application font: resources/fonts/NotoSans-Regular.ttf
D 2022-03-21 16:19:57.641834 [Main] {Main} Adding application font: resources/fonts/ObjectSans-Bold.ttf
D 2022-03-21 16:19:57.643524 [Main] {Main} Adding application font: resources/fonts/ObjectSans-Medium.ttf
D 2022-03-21 16:19:58.571780 [Main] {Main} Setting font to: Blizzard
I 2022-03-21 16:19:58.572908 [CacheManager] {Main} Local storage cache at: C:\Users\User\AppData\Local\Battle.net\Cache
I 2022-03-21 16:19:58.577322 [Main] {Main} Opened database at: C:\Users\User\AppData\Local\Battle.net\CachedData.db
D 2022-03-21 16:19:58.579014 [Agent] {Main} PolicyHandler Thread STARTED
D 2022-03-21 16:19:58.579024 [Agent] {Agent} PolicyHandlerThreadProc: I shall in all my best obey you.
I 2022-03-21 16:19:58.688139 [Agent] {Agent} Agent has different session: 8218183469031143220
I 2022-03-21 16:19:58.688167 [Agent] {Agent} Agent Version is now: 2.26.0.7661 (retail)
I 2022-03-21 16:19:58.690904 [GameSessionList] {Agent} Reporting process: TrackingInfo(uid=battle.net, type=game, opStatus=On, reqId=0, running=1, oldRunning=0)
D 2022-03-21 16:19:58.693046 [Agent] {Agent} GameResource created for uid: agent
D 2022-03-21 16:19:58.693128 [Agent] {Agent} GameResource created for uid: battle.net
D 2022-03-21 16:19:58.693153 [Agent] {Agent} GameResource created for uid: diablo3
D 2022-03-21 16:19:58.693171 [Agent] {Agent} GameResource created for uid: s2
I 2022-03-21 16:19:58.838127 [DIAG_BNL_Voice] {Main} Audio device monitor using already-initialized COM
I 2022-03-21 16:19:58.839853 [VoiceSessionBroker] {Main} Global voice is on
I 2022-03-21 16:19:58.840203 [Main] {Main} Execution environment changed. environment=EE_STANDARD
I 2022-03-21 16:19:58.840743 [CatalogManager] {Main} Loaded catalog hash from the database cache. hash=b48428369f5860b3328d7d36d46876be
I 2022-03-21 16:19:58.841374 [CatalogManager] {Main} Built-in catalog hash (catalog/digesthash.txt): b48428369f5860b3328d7d36d46876be
I 2022-03-21 16:19:58.841517 [CatalogManager] {Main} Built-in catalog hash (catalog/signaturehash.txt): 856260d232fb6e0a3ec7c6bdbc5c711f
I 2022-03-21 16:19:58.841548 [CatalogLoader] {Main} *** LOAD STARTED default: Context(LocalCAS: b48428369f5860b3328d7d36d46876be I) ***
W 2022-03-21 16:20:03.532875 [FeatureManager] {Main} Feature 'battle.net_http_request_0_c6caed0e' depends on missing feature 'http_test'
E 2022-03-21 16:20:03.532902 [FeatureManager] {Main} Feature 'battle.net_http_request_0_c6caed0e' has dependency errors and will not respond to dependency changes
I 2022-03-21 16:20:03.532928 [FeatureManager] {Main} Moving feature record from active to inactive: whisper_voice
I 2022-03-21 16:20:03.532937 [FeatureManager] {Main} Moving feature record from active to inactive: trace_route
I 2022-03-21 16:20:03.532942 [FeatureManager] {Main} Moving feature record from active to inactive: mapped_urls
I 2022-03-21 16:20:03.532954 [FeatureManager] {Main} Feature changed: hearthstone_limited_event_57b4aca6=true
I 2022-03-21 16:20:03.532966 [FeatureManager] {Main} Feature changed: fore_limited_alpha_f6824657=true
I 2022-03-21 16:20:03.532975 [FeatureManager] {Main} Feature changed: fore_buy_now_fore_fef83a73=true
I 2022-03-21 16:20:03.532984 [FeatureManager] {Main} Feature changed: lazarus_show_on_beta_5bbf784c=true
I 2022-03-21 16:20:03.532992 [FeatureManager] {Main} Feature changed: odin_deprecate_event_21bf1dc9=true
I 2022-03-21 16:20:03.533001 [FeatureManager] {Main} Feature changed: odin_show_on_beta_5bbf784c=true
I 2022-03-21 16:20:03.533010 [FeatureManager] {Main} Feature changed: odin_upgrade_from_odin_fef83a73=true
I 2022-03-21 16:20:03.533020 [FeatureManager] {Main} Feature changed: osi_limited_install_773b93da=true
I 2022-03-21 16:20:03.533028 [FeatureManager] {Main} Feature changed: osi_limited_product_d9fa6516=true
I 2022-03-21 16:20:03.533036 [FeatureManager] {Main} Feature changed: viper_show_on_beta_5bbf784c=true
I 2022-03-21 16:20:03.533045 [FeatureManager] {Main} Feature changed: warcraft_iii_upgrade_05e4b09b=true
I 2022-03-21 16:20:03.533054 [FeatureManager] {Main} Feature changed: wlby_show_on_beta_5bbf784c=true
I 2022-03-21 16:20:03.533063 [FeatureManager] {Main} Feature changed: zeus_refresh_without_license_b63211e4=true
I 2022-03-21 16:20:03.533070 [FeatureManager] {Main} Feature changed: zeus_show_on_beta_5bbf784c=true
I 2022-03-21 16:20:03.543100 [FeatureManager] {Main} Feature changed: cts_takeovers=true
I 2022-03-21 16:20:03.544006 [FeatureManager] {Main} Feature changed: http_test=true tags=http_request_0
I 2022-03-21 16:20:03.544054 [FeatureManager] {Main} Feature changed: shop_wish_list=true
I 2022-03-21 16:20:03.544067 [FeatureManager] {Main} Feature changed: activision_auto_account_creation=true
I 2022-03-21 16:20:03.544073 [FeatureManager] {Main} Feature changed: suggested_group_members=true
I 2022-03-21 16:20:03.544081 [FeatureManager] {Main} Feature changed: all_games_v2=true
I 2022-03-21 16:20:03.544088 [FeatureManager] {Main} Feature changed: all_games_new_badge=true
I 2022-03-21 16:20:03.544094 [FeatureManager] {Main} Feature changed: collapsible_social_panel=true
I 2022-03-21 16:20:03.544101 [FeatureManager] {Main} Feature changed: blizzard_profiles=true
I 2022-03-21 16:20:03.544110 [FeatureManager] {Main} Feature changed: clear_chat_history=true
I 2022-03-21 16:20:03.544117 [FeatureManager] {Main} Feature changed: mentions=true
I 2022-03-21 16:20:03.544123 [FeatureManager] {Main} Feature changed: social_tab=true
I 2022-03-21 16:20:03.544130 [FeatureManager] {Main} Feature changed: auto_update_optimization=true
I 2022-03-21 16:20:03.544136 [FeatureManager] {Main} Feature changed: embedded_web_view=true
I 2022-03-21 16:20:03.544143 [FeatureManager] {Main} Feature changed: group_privacy_settings=true
I 2022-03-21 16:20:03.544152 [FeatureManager] {Main} Feature changed: cn_age_alert=true
I 2022-03-21 16:20:03.544160 [FeatureManager] {Main} Feature changed: appear_offline=true
I 2022-03-21 16:20:03.544167 [FeatureManager] {Main} Feature changed: refresh_toast=true
I 2022-03-21 16:20:03.544173 [FeatureManager] {Main} Feature changed: app_feedback_dialog=true
I 2022-03-21 16:20:03.544180 [FeatureManager] {Main} Feature changed: browser_main_window=true
I 2022-03-21 16:20:03.544188 [FeatureManager] {Main} Feature changed: chat_giphy=true
I 2022-03-21 16:20:03.544194 [FeatureManager] {Main} Feature changed: content_ui=true
I 2022-03-21 16:20:03.544202 [FeatureManager] {Main} Feature changed: multichats=true
I 2022-03-21 16:20:03.544213 [FeatureManager] {Main} Feature changed: first_time_experience=true
I 2022-03-21 16:20:03.544219 [FeatureManager] {Main} Feature changed: friend_request_management=true
I 2022-03-21 16:20:03.544226 [FeatureManager] {Main} Feature changed: link_previews=true
I 2022-03-21 16:20:03.544232 [FeatureManager] {Main} Feature changed: sms_protect_requirements=true
I 2022-03-21 16:20:03.544238 [FeatureManager] {Main} Feature changed: friends_list_popout=true
I 2022-03-21 16:20:03.544244 [FeatureManager] {Main} Feature changed: gift_inventory=true
I 2022-03-21 16:20:03.544250 [FeatureManager] {Main} Feature changed: global_legendary_promos=true
I 2022-03-21 16:20:03.544256 [FeatureManager] {Main} Feature changed: refresh_friend_tooltip=true
I 2022-03-21 16:20:03.544263 [FeatureManager] {Main} Feature changed: install_packages=true
I 2022-03-21 16:20:03.544269 [FeatureManager] {Main} Feature changed: modify_install=true
I 2022-03-21 16:20:03.544276 [FeatureManager] {Main} Feature changed: non_friend_whispers=true
I 2022-03-21 16:20:03.544282 [FeatureManager] {Main} Feature changed: notification_center=true
I 2022-03-21 16:20:03.544289 [FeatureManager] {Main} Feature changed: playscreen_migrate_cms=true
I 2022-03-21 16:20:03.544295 [FeatureManager] {Main} Feature changed: shared_container_installs=true
I 2022-03-21 16:20:03.544302 [FeatureManager] {Main} Feature changed: sc2_account_selection_dialog=true
I 2022-03-21 16:20:03.544308 [FeatureManager] {Main} Feature changed: suggested_facebook_friends=true
I 2022-03-21 16:20:03.544316 [FeatureManager] {Main} Feature changed: split_test_shop_sale_promo_2021=true tags=shop_sale_promo_spring_2022
I 2022-03-21 16:20:03.544325 [FeatureManager] {Main} Feature changed: whisper_voice=true
I 2022-03-21 16:20:03.544335 [FeatureManager] {Main} Feature changed: battle.net_http_request_0_c6caed0e=true
D 2022-03-21 16:20:03.544451 [Configuration] {Main} Searching for config file: E:\Games\warzone\Battle.net\Battle.net.13369\Environments.yaml
D 2022-03-21 16:20:03.544520 [Configuration] {Main} Searching for config file: E:\Games\warzone\Battle.net\Environments.yaml
I 2022-03-21 16:20:03.544565 [EnvironmentManager] {Main} Login parameters changed: address=eu.actual.battle.net:1119 region=EU
D 2022-03-21 16:20:03.561669 [CatalogVarStorage] {Main} Setting var from catalog Client.Shop.SaleNotificationVersion=6
D 2022-03-21 16:20:03.561706 [CatalogVarStorage] {Main} Setting var from catalog Browser.DisableSiteIsolation=true
D 2022-03-21 16:20:03.561718 [CatalogVarStorage] {Main} Setting var from catalog Client.ActivisionAutoAccountCreation.Games=ODIN,ZEUS,FORE,AUKS
D 2022-03-21 16:20:03.561727 [CatalogVarStorage] {Main} Setting var from catalog Client.Shop.SaleNotificationEnabled=false
D 2022-03-21 16:20:03.561736 [CatalogVarStorage] {Main} Setting var from catalog Client.OwlScreen.LiveCheckIntervalMS=300000
D 2022-03-21 16:20:03.561755 [CatalogVarStorage] {Main} Setting var from catalog Client.Announcements.MaximumAnnouncements=20
D 2022-03-21 16:20:03.561764 [CatalogVarStorage] {Main} Setting var from catalog Client.NewProfileWindowLayout=true
D 2022-03-21 16:20:03.561773 [CatalogVarStorage] {Main} Setting var from catalog Client.PromotedScreenVersion=3
D 2022-03-21 16:20:03.561784 [CatalogVarStorage] {Main} Setting var from catalog Client.Version.BetaAccessOverride=enabled
I 2022-03-21 16:20:03.561793 [VersionManager] {Main} Beta Access: enabled
D 2022-03-21 16:20:03.561801 [CatalogVarStorage] {Main} Setting var from catalog Client.Version.BetaBranchOverride=beta
D 2022-03-21 16:20:03.561811 [CatalogVarStorage] {Main} Setting var from catalog Services.WhisperChannels.InactivityTimeoutMS=0
I 2022-03-21 16:20:03.565057 [CatalogLoader] {Main} *** LOAD COMPLETE default ***
I 2022-03-21 16:20:03.565080 [CatalogManager] {Main} Loaded initial catalog: hash=b48428369f5860b3328d7d36d46876be
I 2022-03-21 16:20:03.663940 [WebServer] {Backend:0} Listening on port 22885
I 2022-03-21 16:20:10.740986 [GameSessionList] {Agent} Reporting process: TrackingInfo(uid=battle.net, type=game, opStatus=On, reqId=0, running=2, oldRunning=1)
I 2022-03-21 16:20:11.191493 [Main] {Main} Attempting to fetch WidevineCDM: 1
D 2022-03-21 16:20:11.198937 [UI] {Main} Fixup allowed regions and locales. installedRegion=EU allowedRegions= allowedLocales=
I 2022-03-21 16:20:11.199314 [ToastManager] {Main} Toasts are enabled in ClientSettings
D 2022-03-21 16:20:11.200887 [ProductState] {Main} Game product state created: uid=
D 2022-03-21 16:20:11.200928 [ProductState] {Main} InstallState (): currentOperation=Install currentOperationStatus=New
I 2022-03-21 16:20:11.209888 [Main] {Main} Application path is: E:\Games\warzone\Battle.net\Battle.net.exe
I 2022-03-21 16:20:11.270943 [ClientServiceAlertMonitor] {Main} Breaking News url has changed. url=https://nydus.battle.net/App/ruRU/client/App/alert?targetRegion=EU
D 2022-03-21 16:20:11.271189 [RemoteContentCache] {Main} Found cached remote content. url=https://nydus.battle.net/App/ruRU/client/App/alert?targetRegion=EU
I 2022-03-21 16:20:11.274571 [ClientServiceAlertMonitor] {Main} Maintenance url has changed. url=https://nydus.battle.net/App/ruRU/client/App/maintenance?targetRegion=EU
D 2022-03-21 16:20:11.274740 [RemoteContentCache] {Main} Found cached remote content. url=https://nydus.battle.net/App/ruRU/client/App/maintenance?targetRegion=EU
I 2022-03-21 16:20:11.276480 [Frontend] {Main} Public Computer state changed. is_public=false
D 2022-03-21 16:20:11.276507 [Frontend] {Main} Session id changed. session_id=8020697728260986319
D 2022-03-21 16:20:11.276608 [Frontend] {Main} Tracking info changed. client_id=1713518960.1636732290, user_agent=
I 2022-03-21 16:20:11.287363 [HighDpiManager] {Main} High dpi support available changed: 0
I 2022-03-21 16:20:11.287403 [Frontend] {Main} High dpi support: disabled
D 2022-03-21 16:20:11.287827 [Main] {WorkerPool:0} Checking permissions on path: C:\ProgramData\Battle.net\Setup depth=-1
D 2022-03-21 16:20:11.289796 [Main] {WorkerPool:0} Checking permissions on path: C:\ProgramData\Battle.net\Agent depth=1
D 2022-03-21 16:20:11.293279 [Main] {WorkerPool:0} Checking permissions on path: C:\ProgramData\Battle.net\Agent\Agent.7614 depth=1
D 2022-03-21 16:20:11.294087 [Main] {WorkerPool:0} Checking permissions on path: C:\ProgramData\Battle.net\Agent\Agent.7661 depth=1
D 2022-03-21 16:20:11.294761 [Main] {WorkerPool:0} Checking permissions on path: C:\ProgramData\Blizzard Entertainment depth=2
D 2022-03-21 16:20:11.397035 [Frontend] {Main} Session id changed. session_id=8218183469031143220
I 2022-03-21 16:20:11.397580 [Agent] {Main} AgentManager is now initialized
I 2022-03-21 16:20:11.397596 [InstallManager] {Main} Install manager is now initialized
D 2022-03-21 16:20:11.397604 [InstallManager] {Main} Selecting best game install data for game battle.net: savedUid=battle.net originalUid=<none> newUid=battle.net
D 2022-03-21 16:20:11.397614 [InstallInfo] {Main} InstallInfo agent association has been changed: uid=battle.net agentUid=battle.net
D 2022-03-21 16:20:11.397628 [InstallManager] {Main} Selecting best game install data for game diablo3: savedUid=diablo3 originalUid=<none> newUid=diablo3
D 2022-03-21 16:20:11.397638 [InstallInfo] {Main} InstallInfo agent association has been changed: uid=diablo3 agentUid=diablo3
D 2022-03-21 16:20:11.397660 [InstallManager] {Main} Selecting best game install data for game s2: savedUid=s2 originalUid=<none> newUid=s2
D 2022-03-21 16:20:11.397670 [InstallInfo] {Main} InstallInfo agent association has been changed: uid=s2 agentUid=s2
D 2022-03-21 16:20:11.397692 [VersionManager] {Main} Branch change from Agent detected. activeBranch= branches={[0]=beta, [1]=cn, [2]=eu, [3]=kr, [4]=sg, [5]=tw, [6]=us}
D 2022-03-21 16:20:11.397718 [VersionManager] {Main} Beta branch is available: true
D 2022-03-21 16:20:11.397797 [ProductState] {Main} Game product state created: uid=diablo3
D 2022-03-21 16:20:11.397872 [ProductState] {Main} InstallState (diablo3): currentOperation=Update currentOperationStatus=New installed=1 installPath=E:/Games/Call of Duty/Diablo III canCreateShortcut=1 selectedRegion=eu activeConfigKey=21ab24be60c4aea4ff2e0868ab3e0edb regionalVersions=(eu: {playable:false config_key:d6330f59521e60649ab36942f6f2f299}, kr: {playable:false config_key:d6330f59521e60649ab36942f6f2f299}, tw: {playable:false config_key:d6330f59521e60649ab36942f6f2f299}, us: {playable:false config_key:d6330f59521e60649ab36942f6f2f299}) localVersion=2.6.8.66666 latestVersion=79575 progress=1
D 2022-03-21 16:20:11.397911 [ProductState] {Main} Game product state created: uid=s2
D 2022-03-21 16:20:11.397952 [ProductState] {Main} InstallState (s2): currentOperation=UpToDate currentOperationStatus=Paused installed=1 optionalPackageInstalled=1 installPath=E:/Games/Call of Duty/StarCraft II playable=1 canCreateShortcut=1 selectedRegion=eu activeConfigKey=e55770a2b2e2252a75da7ae8af363698 regionalVersions=(cn: {playable:true config_key:e55770a2b2e2252a75da7ae8af363698}, eu: {playable:true config_key:e55770a2b2e2252a75da7ae8af363698}, kr: {playable:true config_key:e55770a2b2e2252a75da7ae8af363698}, tw: {playable:true config_key:e55770a2b2e2252a75da7ae8af363698}, us: {playable:true config_key:e55770a2b2e2252a75da7ae8af363698}) supports_multibox=true localVersion=5.0.9.87702 latestVersion=87702 progress=1 currentStage=Complete
D 2022-03-21 16:20:11.397980 [Agent] {Main} Versioning is now enabled
D 2022-03-21 16:20:11.398001 [Agent] {Main} Triggering game versioning: battle.net
D 2022-03-21 16:20:11.398030 [Agent] {Main} Triggering game versioning: diablo3
D 2022-03-21 16:20:11.398042 [Agent] {Main} Triggering game versioning: s2
D 2022-03-21 16:20:11.398241 [InstallManager] {Main} Sending a queued OnProcessPidsUpdated notification: agentUid=battle.net binaryType=game
D 2022-03-21 16:20:11.398264 [InstallManager] {Main} Sending a queued OnProcessRunning notification: agentUid=battle.net binaryType=game
I 2022-03-21 16:20:11.398276 [InstallManager] {Main} Setting Process Running: true uid=battle.net binaryType=game any=true
D 2022-03-21 16:20:11.398292 [InstallInfo] {Main} Operation status changed: opType=Execute oldStatus=Off newStatus=On agentUid=battle.net
I 2022-03-21 16:20:11.398421 [InstallManager] {Main} Setting Process Running: true uid=battle.net binaryType=game any=true
D 2022-03-21 16:20:11.586258 [InstallManager] {Main} Command_RegisterGame uid: s2_ruru path: E:\Games\Call of Duty\StarCraft II productcode:  subfolder:  repairing: false
D 2022-03-21 16:20:11.586302 [InstallManager] {Main} PerformRegisterInstall uid= productCode=* installDir=E:\Games\Call of Duty\StarCraft II subfolder= region=EU
I 2022-03-21 16:20:11.586374 [CatalogLoader] {Main} *** LOAD STARTED default: Context(LocalCAS: b48428369f5860b3328d7d36d46876be I) ***
I 2022-03-21 16:20:12.241561 [FeatureManager] {Main} Moving feature record from active to inactive: overwatch_league_tab
I 2022-03-21 16:20:12.241589 [FeatureManager] {Main} Moving feature record from active to inactive: blizzcon_tab
D 2022-03-21 16:20:12.256852 [CatalogVarStorage] {Main} Setting var from catalog Client.Shop.SaleNotificationVersion=6
D 2022-03-21 16:20:12.256919 [CatalogVarStorage] {Main} Setting var from catalog Browser.DisableSiteIsolation=true
D 2022-03-21 16:20:12.256931 [CatalogVarStorage] {Main} Setting var from catalog Client.ActivisionAutoAccountCreation.Games=ODIN,ZEUS,FORE,AUKS
D 2022-03-21 16:20:12.256942 [CatalogVarStorage] {Main} Setting var from catalog Client.Shop.SaleNotificationEnabled=false
D 2022-03-21 16:20:12.256951 [CatalogVarStorage] {Main} Setting var from catalog Client.OwlScreen.LiveCheckIntervalMS=300000
D 2022-03-21 16:20:12.256971 [CatalogVarStorage] {Main} Setting var from catalog Client.Announcements.MaximumAnnouncements=20
D 2022-03-21 16:20:12.256981 [CatalogVarStorage] {Main} Setting var from catalog Client.NewProfileWindowLayout=true
D 2022-03-21 16:20:12.256991 [CatalogVarStorage] {Main} Setting var from catalog Client.PromotedScreenVersion=3
D 2022-03-21 16:20:12.257003 [CatalogVarStorage] {Main} Setting var from catalog Client.Version.BetaAccessOverride=enabled
D 2022-03-21 16:20:12.257011 [CatalogVarStorage] {Main} Setting var from catalog Client.Version.BetaBranchOverride=beta
D 2022-03-21 16:20:12.257022 [CatalogVarStorage] {Main} Setting var from catalog Services.WhisperChannels.InactivityTimeoutMS=0
D 2022-03-21 16:20:12.257032 [CatalogVarStorage] {Main} Setting var from catalog Services.HTTPClient.ConnectionTimeoutMS=0
I 2022-03-21 16:20:12.260226 [CatalogLoader] {Main} *** LOAD COMPLETE default ***
I 2022-03-21 16:20:12.268815 [Main] {Main} Connecting to server. address=eu.actual.battle.net port=1119
D 2022-03-21 16:20:12.454524 [ClientServiceAlertMonitor] {Main} Service alert monitor force update requested
D 2022-03-21 16:20:12.454551 [ClientServiceAlertMonitor] {Main} Breaking News update requested
D 2022-03-21 16:20:12.454560 [ClientServiceAlertMonitor] {Main} Maintenance update requested
D 2022-03-21 16:20:12.547396 [InstallManager] {Main} Game finished versioning diablo3
D 2022-03-21 16:20:12.547425 [InstallManager] {Main} Game finished versioning s2
I 2022-03-21 16:20:12.562353 [Main] {Main} Cached WidevineCDM is up-to-date: 4.10.2391.0
D 2022-03-21 16:20:12.562415 [InstallManager] {Main} Registration complete for agentUid=s2 and region=eu
I 2022-03-21 16:20:12.573824 [CacheManager] {Main} CacheManager is now initialized
I 2022-03-21 16:20:12.573895 [TactVersionWatcher] {Main} Fetched new tact metadata. productCode=catalogs region=eu branch=PUB-29 version=2103 seq=210 buildConfig=055e674e9e0b32e048bceb50f059b40c
I 2022-03-21 16:20:12.627307 [DIAG_BuildConfig] {Main} no 'encoding' key in build configuration '055e674e9e0b32e048bceb50f059b40c', selecting plain-data mode
I 2022-03-21 16:20:12.627342 [CatalogLoader] {Main} *** LOAD STARTED default: Context(RemoteCAS: b48428369f5860b3328d7d36d46876be|tpr/catalogs/data) ***
D 2022-03-21 16:20:12.935712 [CatalogVarStorage] {Main} Setting var from catalog Client.Shop.SaleNotificationVersion=6
D 2022-03-21 16:20:12.935761 [CatalogVarStorage] {Main} Setting var from catalog Browser.DisableSiteIsolation=true
D 2022-03-21 16:20:12.935783 [CatalogVarStorage] {Main} Setting var from catalog Client.ActivisionAutoAccountCreation.Games=ODIN,ZEUS,FORE,AUKS
D 2022-03-21 16:20:12.935802 [CatalogVarStorage] {Main} Setting var from catalog Client.Shop.SaleNotificationEnabled=false
D 2022-03-21 16:20:12.935819 [CatalogVarStorage] {Main} Setting var from catalog Client.OwlScreen.LiveCheckIntervalMS=300000
D 2022-03-21 16:20:12.935850 [CatalogVarStorage] {Main} Setting var from catalog Client.Announcements.MaximumAnnouncements=20
D 2022-03-21 16:20:12.935873 [CatalogVarStorage] {Main} Setting var from catalog Client.NewProfileWindowLayout=true
D 2022-03-21 16:20:12.935893 [CatalogVarStorage] {Main} Setting var from catalog Client.PromotedScreenVersion=3
D 2022-03-21 16:20:12.935912 [CatalogVarStorage] {Main} Setting var from catalog Client.Version.BetaAccessOverride=enabled
D 2022-03-21 16:20:12.935928 [CatalogVarStorage] {Main} Setting var from catalog Client.Version.BetaBranchOverride=beta
D 2022-03-21 16:20:12.935946 [CatalogVarStorage] {Main} Setting var from catalog Services.WhisperChannels.InactivityTimeoutMS=0
D 2022-03-21 16:20:12.935965 [CatalogVarStorage] {Main} Setting var from catalog Services.HTTPClient.ConnectionTimeoutMS=0
I 2022-03-21 16:20:12.943031 [CatalogLoader] {Main} *** LOAD COMPLETE default ***
D 2022-03-21 16:20:13.297050 [InstallManager] {Main} Game finished versioning battle.net
D 2022-03-21 16:20:13.507570 [LoginController] {Main} Login_QueueUpdate (position=1,clientWaitTime=00:00:01.005961,skipLoginQueueUi=true)
I 2022-03-21 16:20:13.810920 [Main] {Main} Opened database at: C:\Users\User\AppData\Local\Battle.net\Account\402069929\account.db
I 2022-03-21 16:20:13.814657 [GSAccountProvider] {Main} Login triggered. entityId=1:0:17f719a9
I 2022-03-21 16:20:13.814682 [GSStateTracker] {Main} State changed to: WaitingForAccountState
I 2022-03-21 16:20:13.814712 [AccountManager] {Main} Account manager state has changed to: Loading
D 2022-03-21 16:20:13.815266 [GSAccountProvider] {Main} Querying account level info for account: 1:0:17f719a9
D 2022-03-21 16:20:13.815313 [GSAccountProvider] {Main} Querying parental control info for account: 1:0:17f719a9
D 2022-03-21 16:20:13.815340 [GSAccountProvider] {Main} Querying game accounts for region: US
D 2022-03-21 16:20:13.815359 [GSAccountProvider] {Main} Querying game accounts for region: EU
D 2022-03-21 16:20:13.815370 [GSAccountProvider] {Main} Querying game accounts for region: KR
D 2022-03-21 16:20:13.815378 [GSAccountProvider] {Main} Querying game accounts for region: SG
D 2022-03-21 16:20:13.815386 [GSAccountProvider] {Main} Querying game accounts for region: XX
D 2022-03-21 16:20:13.815394 [GSAccountProvider] {Main} Querying game accounts for region: GLOBAL
D 2022-03-21 16:20:13.815403 [GSAccountProvider] {Main} Querying parental control info for account: 1:0:17f719a9
D 2022-03-21 16:20:13.815452 [GSAccountProvider] {Main} Querying program level information for program: OSI
D 2022-03-21 16:20:13.815484 [GSAccountProvider] {Main} Querying program level information for program: Fen
D 2022-03-21 16:20:13.815496 [GSAccountProvider] {Main} Querying program level information for program: D3
D 2022-03-21 16:20:13.815507 [GSAccountProvider] {Main} Querying program level information for program: S2
D 2022-03-21 16:20:13.815518 [GSAccountProvider] {Main} Querying program level information for program: S1
D 2022-03-21 16:20:13.815528 [GSAccountProvider] {Main} Querying program level information for program: FORE
D 2022-03-21 16:20:13.815539 [GSAccountProvider] {Main} Querying program level information for program: W3
D 2022-03-21 16:20:13.815550 [GSAccountProvider] {Main} Querying program level information for program: WoW
D 2022-03-21 16:20:13.815562 [GSAccountProvider] {Main} Querying program level information for program: Pro
D 2022-03-21 16:20:13.815572 [GSAccountProvider] {Main} Querying program level information for program: Hero
D 2022-03-21 16:20:13.815584 [GSAccountProvider] {Main} Querying program level information for program: D3CN
D 2022-03-21 16:20:13.815595 [GSAccountProvider] {Main} Querying program level information for program: AUKS
D 2022-03-21 16:20:13.815606 [GSAccountProvider] {Main} Querying program level information for program: LAZR
D 2022-03-21 16:20:13.815617 [GSAccountProvider] {Main} Querying program level information for program: ODIN
D 2022-03-21 16:20:13.815627 [GSAccountProvider] {Main} Querying program level information for program: RTRO
D 2022-03-21 16:20:13.815637 [GSAccountProvider] {Main} Querying program level information for program: SPOT
D 2022-03-21 16:20:13.815648 [GSAccountProvider] {Main} Querying program level information for program: VIPR
D 2022-03-21 16:20:13.815658 [GSAccountProvider] {Main} Querying program level information for program: WLBY
D 2022-03-21 16:20:13.815668 [GSAccountProvider] {Main} Querying program level information for program: WTCG
D 2022-03-21 16:20:13.815679 [GSAccountProvider] {Main} Querying program level information for program: ZEUS
D 2022-03-21 16:20:13.825619 [GSAccountProvider] {Main} Received AccountLevelInfo for account. entityId=1:0:17f719a9 accountLevelInfo=|licenses:|id=265|id=268|id=274|id=10107|id=10432|id=24636|:licenses|default_currency=5395778|country=RUS|preferred_region=2|account_paid_any=1
I 2022-03-21 16:20:13.825727 [AccountManager] {Main} Account site region code changed: EU
I 2022-03-21 16:20:13.825740 [AccountManager] {Main} Account country changed: RUS
D 2022-03-21 16:20:13.825787 [GSAccountProvider] {Main} Parental control info for account (1:0:17f719a9) resulted in cache miss.
D 2022-03-21 16:20:13.825811 [GSAccountProvider] {Main} Game account list for region 'US' resulted in cache miss.
I 2022-03-21 16:20:13.825822 [GSStateTracker] {Main} State changed to: Loading
D 2022-03-21 16:20:13.825851 [GSAccountProvider] {Main} Querying game level information for entity: (Game: EU-D3-918804046)
D 2022-03-21 16:20:13.825868 [GSAccountProvider] {Main} Querying game time info for entity Id: (Game: EU-D3-918804046)
D 2022-03-21 16:20:13.825888 [GSAccountProvider] {Main} Querying game level information for entity: (Game: EU-S2-913901202)
D 2022-03-21 16:20:13.825901 [GSAccountProvider] {Main} Querying game time info for entity Id: (Game: EU-S2-913901202)
D 2022-03-21 16:20:13.825917 [GSAccountProvider] {Main} Querying game level information for entity: (Game: EU-WTCG-19154452)
D 2022-03-21 16:20:13.825929 [GSAccountProvider] {Main} Querying game time info for entity Id: (Game: EU-WTCG-19154452)
D 2022-03-21 16:20:13.825940 [GSAccountProvider] {Main} Received 3 game accounts from region 'EU'
D 2022-03-21 16:20:13.825950 [GSAccountProvider] {Main} Game account list for region 'KR' resulted in cache miss.
D 2022-03-21 16:20:13.825957 [GSAccountProvider] {Main} Game account list for region 'SG' resulted in cache miss.
D 2022-03-21 16:20:13.825971 [GSAccountProvider] {Main} Querying game level information for entity: (Game: XX-WTCG-21388410)
D 2022-03-21 16:20:13.825982 [GSAccountProvider] {Main} Querying game time info for entity Id: (Game: XX-WTCG-21388410)
D 2022-03-21 16:20:13.825992 [GSAccountProvider] {Main} Received 1 game accounts from region 'XX'
D 2022-03-21 16:20:13.826002 [GSAccountProvider] {Main} Game account list for region 'GLOBAL' resulted in cache miss.
D 2022-03-21 16:20:13.826009 [GSAccountProvider] {Main} Parental control info for account (1:0:17f719a9) resulted in cache miss.
D 2022-03-21 16:20:13.826020 [GSAccountProvider] {Main} Received program level info. programId=OSI programLevelInfo=|program=5198665
D 2022-03-21 16:20:13.826056 [GSAccountProvider] {Main} Received program level info. programId=Fen programLevelInfo=|program=4613486
D 2022-03-21 16:20:13.826092 [GSAccountProvider] {Main} Received program level info. programId=D3 programLevelInfo=|program=17459
D 2022-03-21 16:20:13.826103 [GSAccountProvider] {Main} Received program level info. programId=S2 programLevelInfo=|program=21298|licenses:|id=24636|:licenses
D 2022-03-21 16:20:13.826131 [GSAccountProvider] {Main} Received program level info. programId=S1 programLevelInfo=|program=21297
D 2022-03-21 16:20:13.826142 [GSAccountProvider] {Main} Received program level info. programId=FORE programLevelInfo=|program=1179603525
D 2022-03-21 16:20:13.826153 [GSAccountProvider] {Main} Received program level info. programId=W3 programLevelInfo=|program=22323
D 2022-03-21 16:20:13.826163 [GSAccountProvider] {Main} Received program level info. programId=WoW programLevelInfo=|program=5730135|licenses:|id=274|:licenses
D 2022-03-21 16:20:13.826176 [GSAccountProvider] {Main} Received program level info. programId=Pro programLevelInfo=|program=5272175
D 2022-03-21 16:20:13.826187 [GSAccountProvider] {Main} Received program level info. programId=Hero programLevelInfo=|is_beta=1|program=1214607983|licenses:|id=10107|:licenses|licenses:|id=10432|:licenses
D 2022-03-21 16:20:13.826216 [GSAccountProvider] {Main} Cache miss for program level info. programId=D3CN
D 2022-03-21 16:20:13.826224 [GSAccountProvider] {Main} Received program level info. programId=AUKS programLevelInfo=|program=1096108883
D 2022-03-21 16:20:13.826235 [GSAccountProvider] {Main} Received program level info. programId=LAZR programLevelInfo=|program=1279351378
D 2022-03-21 16:20:13.826245 [GSAccountProvider] {Main} Received program level info. programId=ODIN programLevelInfo=|program=1329875278
D 2022-03-21 16:20:13.826255 [GSAccountProvider] {Main} Received program level info. programId=RTRO programLevelInfo=|program=1381257807
D 2022-03-21 16:20:13.826265 [GSAccountProvider] {Main} Received program level info. programId=SPOT programLevelInfo=|program=1397772116
D 2022-03-21 16:20:13.826274 [GSAccountProvider] {Main} Received program level info. programId=VIPR programLevelInfo=|program=1447645266
D 2022-03-21 16:20:13.826284 [GSAccountProvider] {Main} Received program level info. programId=WLBY programLevelInfo=|program=1464615513
D 2022-03-21 16:20:13.826293 [GSAccountProvider] {Main} Received program level info. programId=WTCG programLevelInfo=|is_lifetime=1|program=1465140039|licenses:|id=265|:licenses
D 2022-03-21 16:20:13.826307 [GSAccountProvider] {Main} Received program level info. programId=ZEUS programLevelInfo=|program=1514493267
D 2022-03-21 16:20:13.827241 [GSAccountProvider] {Main} Received GameLevelInfo: (Game: EU-D3-918804046) info=|name="D31"|program=17459|realm_permissions=1|last_logout_time_ms=1585779644000
D 2022-03-21 16:20:13.827305 [GSAccountProvider] {Main} Received GameTimeInfo: (Game: EU-D3-918804046) info=
D 2022-03-21 16:20:13.827339 [GSAccountProvider] {Main} Received GameLevelInfo: (Game: EU-S2-913901202) info=|is_trial=0|is_restricted=0|name="S21"|program=21298|realm_permissions=1|last_logout_time_ms=1647106727000
D 2022-03-21 16:20:13.827369 [GSAccountProvider] {Main} Received GameTimeInfo: (Game: EU-S2-913901202) info=
D 2022-03-21 16:20:13.827381 [GSAccountProvider] {Main} Received GameLevelInfo: (Game: EU-WTCG-19154452) info=|name="WTCG1"|program=1465140039|licenses:|id=10444|:licenses|licenses:|id=11340|:licenses|realm_permissions=1
D 2022-03-21 16:20:13.827407 [GSAccountProvider] {Main} Received GameTimeInfo: (Game: EU-WTCG-19154452) info=
D 2022-03-21 16:20:13.827419 [GSAccountProvider] {Main} Received GameLevelInfo: (Game: XX-WTCG-21388410) info=|name="WTCG1"|program=1465140039|realm_permissions=1
D 2022-03-21 16:20:13.827439 [GSAccountProvider] {Main} Received GameTimeInfo: (Game: XX-WTCG-21388410) info=
D 2022-03-21 16:20:14.117706 [GSAccountProvider] {Main} Subscription has been activated. entityId=(BNet: 1:0:17f719a9)
D 2022-03-21 16:20:14.117745 [GSAccountProvider] {Main} Querying game accounts for region: US
D 2022-03-21 16:20:14.117760 [GSAccountProvider] {Main} Querying game accounts for region: KR
D 2022-03-21 16:20:14.117768 [GSAccountProvider] {Main} Querying game accounts for region: SG
D 2022-03-21 16:20:14.117776 [GSAccountProvider] {Main} Querying game accounts for region: GLOBAL
D 2022-03-21 16:20:14.117789 [GSAccountProvider] {Main} Received GameTimeRemainingInfo: (Game: EU-D3-918804046) info=
D 2022-03-21 16:20:14.117803 [GSAccountProvider] {Main} Received GameTimeRemainingInfo: (Game: EU-WTCG-19154452) info=
D 2022-03-21 16:20:14.117837 [GSAccountProvider] {Main} Received GameTimeRemainingInfo: (Game: EU-S2-913901202) info=
D 2022-03-21 16:20:14.117852 [GSAccountProvider] {Main} Received GameLevelInfo: (Game: EU-S2-913901202) info=|is_trial=0|is_restricted=0|name="S21"|program=21298|realm_permissions=1|last_logout_time_ms=1647716024000
D 2022-03-21 16:20:14.117885 [GSAccountProvider] {Main} Subscription has been activated. entityId=(Game: EU-S2-913901202)
D 2022-03-21 16:20:14.117897 [GSAccountProvider] {Main} Subscription has been activated. entityId=(Game: EU-D3-918804046)
D 2022-03-21 16:20:14.127881 [GSAccountProvider] {Main} Region 'US' has no game accounts.
D 2022-03-21 16:20:14.127903 [GSAccountProvider] {Main} Region 'KR' has no game accounts.
D 2022-03-21 16:20:14.127912 [GSAccountProvider] {Main} Region 'SG' has no game accounts.
D 2022-03-21 16:20:14.127918 [GSAccountProvider] {Main} Region 'GLOBAL' has no game accounts.
I 2022-03-21 16:20:14.127925 [GSStateTracker] {Main} All region requests have been completed!
I 2022-03-21 16:20:14.127932 [GSStateTracker] {Main} State changed to: WaitingForEntitlements
D 2022-03-21 16:20:14.127955 [GSAccountProvider] {Main} Completed initial load.
D 2022-03-21 16:20:14.127962 [GSAccountProvider] {Main} Querying game status for program id: D3
D 2022-03-21 16:20:14.127973 [GSAccountProvider] {Main} Querying game status for program id: S1
D 2022-03-21 16:20:14.127982 [GSAccountProvider] {Main} Querying game status for program id: S2
D 2022-03-21 16:20:14.127989 [GSAccountProvider] {Main} Querying game status for program id: W3
D 2022-03-21 16:20:14.127996 [GSAccountProvider] {Main} Querying game status for program id: Fen
D 2022-03-21 16:20:14.128003 [GSAccountProvider] {Main} Querying game status for program id: OSI
D 2022-03-21 16:20:14.128011 [GSAccountProvider] {Main} Querying game status for program id: Pro
D 2022-03-21 16:20:14.128018 [GSAccountProvider] {Main} Querying game status for program id: AUKS
D 2022-03-21 16:20:14.128026 [GSAccountProvider] {Main} Querying game status for program id: D3CN
D 2022-03-21 16:20:14.128033 [GSAccountProvider] {Main} Querying game status for program id: FORE
D 2022-03-21 16:20:14.128040 [GSAccountProvider] {Main} Querying game status for program id: Hero
D 2022-03-21 16:20:14.128047 [GSAccountProvider] {Main} Querying game status for program id: LAZR
D 2022-03-21 16:20:14.128054 [GSAccountProvider] {Main} Querying game status for program id: ODIN
D 2022-03-21 16:20:14.128061 [GSAccountProvider] {Main} Querying game status for program id: RTRO
D 2022-03-21 16:20:14.128068 [GSAccountProvider] {Main} Querying game status for program id: SPOT
D 2022-03-21 16:20:14.128075 [GSAccountProvider] {Main} Querying game status for program id: VIPR
D 2022-03-21 16:20:14.128082 [GSAccountProvider] {Main} Querying game status for program id: WLBY
D 2022-03-21 16:20:14.128089 [GSAccountProvider] {Main} Querying game status for program id: WTCG
D 2022-03-21 16:20:14.128097 [GSAccountProvider] {Main} Querying game status for program id: ZEUS
I 2022-03-21 16:20:14.138102 [GSStateTracker] {Main} State changed to: Ready
I 2022-03-21 16:20:14.138127 [GSAccountProvider] {Main} Loaded accounts: 10
I 2022-03-21 16:20:14.138145 [GSAccountProvider] {Main} [OSI-OSI:beta]
I 2022-03-21 16:20:14.138153 [GSAccountProvider] {Main} [WTCG-WTCG:retail]
I 2022-03-21 16:20:14.138159 [GSAccountProvider] {Main} [D3-D3:retail]
I 2022-03-21 16:20:14.138165 [GSAccountProvider] {Main} [S2-S2:ptr]
I 2022-03-21 16:20:14.138171 [GSAccountProvider] {Main} [ODIN-ODIN_MW:beta]
I 2022-03-21 16:20:14.138177 [GSAccountProvider] {Main} [S2-S2:retail]
I 2022-03-21 16:20:14.138182 [GSAccountProvider] {Main} [S1-S1:ptr]
I 2022-03-21 16:20:14.138187 [GSAccountProvider] {Main} [FORE-FORE:beta]
I 2022-03-21 16:20:14.138201 [GSAccountProvider] {Main} [Hero-Hero:ptr]
I 2022-03-21 16:20:14.138206 [GSAccountProvider] {Main} [ZEUS-ZEUS:beta]
I 2022-03-21 16:20:14.138212 [AccountManager] {Main} Account manager state has changed to: Ready
I 2022-03-21 16:20:14.138288 [GameProvider] {Main} Beginning GameProvider initialization.
D 2022-03-21 16:20:14.138338 [GameProvider] {Main} Inserting new unbound entity because no suitable match was found. uniqueId=Hero_retail
D 2022-03-21 16:20:14.138483 [GameProvider] {Main} Inserting new unbound entity because no suitable match was found. uniqueId=AUKS_retail
D 2022-03-21 16:20:14.138604 [GameProvider] {Main} Inserting new unbound entity because no suitable match was found. uniqueId=D3_retail
D 2022-03-21 16:20:14.138626 [GameProvider] {Main} Inserting new unbound entity because no suitable match was found. uniqueId=D3CN_retail
D 2022-03-21 16:20:14.138732 [GameProvider] {Main} Inserting new unbound entity because no suitable match was found. uniqueId=FORE_retail
D 2022-03-21 16:20:14.138849 [GameProvider] {Main} Inserting new unbound entity because no suitable match was found. uniqueId=Fen_retail
D 2022-03-21 16:20:14.138970 [GameProvider] {Main} Inserting new unbound entity because no suitable match was found. uniqueId=OSI_retail
D 2022-03-21 16:20:14.139116 [GameProvider] {Main} Inserting new unbound entity because no suitable match was found. uniqueId=LAZR_retail
D 2022-03-21 16:20:14.139220 [GameProvider] {Main} Inserting new unbound entity because no suitable match was found. uniqueId=ODIN_retail
D 2022-03-21 16:20:14.139348 [GameProvider] {Main} Inserting new unbound entity because no suitable match was found. uniqueId=Pro_retail
D 2022-03-21 16:20:14.139461 [GameProvider] {Main} Inserting new unbound entity because no suitable match was found. uniqueId=RTRO_retail
D 2022-03-21 16:20:14.139557 [GameProvider] {Main} Inserting new unbound entity because no suitable match was found. uniqueId=S1_retail
D 2022-03-21 16:20:14.139649 [GameProvider] {Main} Inserting new unbound entity because no suitable match was found. uniqueId=S2_retail
D 2022-03-21 16:20:14.139663 [GameProvider] {Main} Inserting new unbound entity because no suitable match was found. uniqueId=SPOT_retail
D 2022-03-21 16:20:14.139752 [GameProvider] {Main} Inserting new unbound entity because no suitable match was found. uniqueId=VIPR_retail
D 2022-03-21 16:20:14.139874 [GameProvider] {Main} Inserting new unbound entity because no suitable match was found. uniqueId=W3_retail
D 2022-03-21 16:20:14.139982 [GameProvider] {Main} Inserting new unbound entity because no suitable match was found. uniqueId=WLBY_retail
D 2022-03-21 16:20:14.140079 [GameProvider] {Main} Inserting new unbound entity because no suitable match was found. uniqueId=WTCG_retail
D 2022-03-21 16:20:14.140195 [GameProvider] {Main} Inserting new unbound entity because no suitable match was found. uniqueId=WoW_retail
D 2022-03-21 16:20:14.140384 [GameProvider] {Main} Tried to insert an unbound entity with no uid. productCode=WoWC_wow_classic
D 2022-03-21 16:20:14.140400 [GameProvider] {Main} Inserting new unbound entity because no suitable match was found. uniqueId=ZEUS_retail
D 2022-03-21 16:20:14.140513 [GameProvider] {Main} Tried to insert an unbound entity that already exists. productCode=D3_retail bound=0
D 2022-03-21 16:20:14.140527 [GameProvider] {Main} Tried to insert an unbound entity that already exists. productCode=S2_retail bound=0
I 2022-03-21 16:20:14.140568 [GameProvider] {Main} Inserting new bound entity because no suitable match was found. accountInfo=[OSI-OSI:beta] productId=OSI productType=beta
D 2022-03-21 16:20:14.140686 [GameProvider] {Main} Binding account info to available unbound entity. productCode=WTCG_retail accountInfo=[WTCG-WTCG:retail]
D 2022-03-21 16:20:14.140706 [GameProvider] {Main} Binding account info to available unbound entity. productCode=D3_retail accountInfo=[D3-D3:retail]
I 2022-03-21 16:20:14.140727 [GameProvider] {Main} Inserting new bound entity because no suitable match was found. accountInfo=[S2-S2:ptr] productId=S2 productType=ptr
I 2022-03-21 16:20:14.140857 [GameProvider] {Main} Inserting new bound entity because no suitable match was found. accountInfo=[ODIN-ODIN_MW:beta] productId=ODIN_MW productType=beta
D 2022-03-21 16:20:14.141008 [GameProvider] {Main} Binding account info to available unbound entity. productCode=S2_retail accountInfo=[S2-S2:retail]
I 2022-03-21 16:20:14.141031 [GameProvider] {Main} Inserting new bound entity because no suitable match was found. accountInfo=[S1-S1:ptr] productId=S1 productType=ptr
I 2022-03-21 16:20:14.141138 [GameProvider] {Main} Inserting new bound entity because no suitable match was found. accountInfo=[FORE-FORE:beta] productId=FORE productType=beta
I 2022-03-21 16:20:14.141250 [GameProvider] {Main} Inserting new bound entity because no suitable match was found. accountInfo=[Hero-Hero:ptr] productId=Hero productType=ptr
I 2022-03-21 16:20:14.141385 [GameProvider] {Main} Inserting new bound entity because no suitable match was found. accountInfo=[ZEUS-ZEUS:beta] productId=ZEUS productType=beta
I 2022-03-21 16:20:14.141507 [GameProvider] {Main} Game provider is now initialized
I 2022-03-21 16:20:14.141648 [InstallFlow] {Main} FlowController is now initialized
I 2022-03-21 16:20:14.141707 [GameController] {Main} Beginning GameController initialization
D 2022-03-21 16:20:14.141826 [GameController] {Main} Game Family Added: id=Hero visible=0
D 2022-03-21 16:20:14.141951 [ProductState] {Main} Game product state created: uid=heroes
D 2022-03-21 16:20:14.141977 [ProductState] {Main} InstallState (heroes): currentOperation=Install currentOperationStatus=New
I 2022-03-21 16:20:14.142090 [GameController] {Main} GameAccount added to family: family=Hero account=GameAccount(Hero:retail region=EU unbound)
D 2022-03-21 16:20:14.142133 [GameController] {Main} Adding product state reference. uid=heroes refCount=0
D 2022-03-21 16:20:14.142219 [GameController] {Main} Visibility Changed. family=Hero visible=1
D 2022-03-21 16:20:14.149011 [GameController] {Main} Game Family Added: id=ODIN visible=0
D 2022-03-21 16:20:14.149113 [ProductState] {Main} Game product state created: uid=odin
D 2022-03-21 16:20:14.149143 [ProductState] {Main} InstallState (odin): currentOperation=Install currentOperationStatus=New
I 2022-03-21 16:20:14.149244 [GameController] {Main} GameAccount added to family: family=ODIN account=GameAccount(ODIN:retail region=EU unbound)
D 2022-03-21 16:20:14.149281 [GameController] {Main} Adding product state reference. uid=odin refCount=0
D 2022-03-21 16:20:14.149343 [GameController] {Main} Visibility Changed. family=ODIN visible=1
D 2022-03-21 16:20:14.149830 [GameController] {Main} Game Family Added: id=ZEUS visible=0
D 2022-03-21 16:20:14.149929 [ProductState] {Main} Game product state created: uid=zeus_beta
D 2022-03-21 16:20:14.149952 [ProductState] {Main} InstallState (zeus_beta): currentOperation=Install currentOperationStatus=New
I 2022-03-21 16:20:14.150038 [GameController] {Main} GameAccount added to family: family=ZEUS account=GameAccount(ZEUS:beta region=EU hidden)
D 2022-03-21 16:20:14.150065 [GameController] {Main} Adding product state reference. uid=zeus_beta refCount=0
D 2022-03-21 16:20:14.150538 [GameController] {Main} Game Family Added: id=WLBY visible=0
D 2022-03-21 16:20:14.150600 [ProductState] {Main} Game product state created: uid=wlby
D 2022-03-21 16:20:14.150620 [ProductState] {Main} InstallState (wlby): currentOperation=Install currentOperationStatus=New
I 2022-03-21 16:20:14.150679 [GameController] {Main} GameAccount added to family: family=WLBY account=GameAccount(WLBY:retail region=EU unbound)
D 2022-03-21 16:20:14.150705 [GameController] {Main} Adding product state reference. uid=wlby refCount=0
D 2022-03-21 16:20:14.150754 [GameController] {Main} Visibility Changed. family=WLBY visible=1
D 2022-03-21 16:20:14.151182 [GameController] {Main} Game Family Added: id=AUKS visible=0
D 2022-03-21 16:20:14.151239 [ProductState] {Main} Game product state created: uid=auks
D 2022-03-21 16:20:14.151261 [ProductState] {Main} InstallState (auks): currentOperation=Install currentOperationStatus=New
I 2022-03-21 16:20:14.151318 [GameController] {Main} GameAccount added to family: family=AUKS account=GameAccount(AUKS:retail region=EU unbound hidden)
D 2022-03-21 16:20:14.151346 [GameController] {Main} Adding product state reference. uid=auks refCount=0
D 2022-03-21 16:20:14.151845 [GameController] {Main} Game Family Added: id=D3 visible=0
I 2022-03-21 16:20:14.151968 [GameController] {Main} GameAccount added to family: family=D3 account=GameAccount(D3:retail region=EU)
D 2022-03-21 16:20:14.151998 [GameController] {Main} Adding product state reference. uid=diablo3 refCount=0
D 2022-03-21 16:20:14.152050 [GameController] {Main} Visibility Changed. family=D3 visible=1
D 2022-03-21 16:20:14.152471 [GameController] {Main} Game Family Added: id=OSI visible=0
D 2022-03-21 16:20:14.152533 [ProductState] {Main} Game product state created: uid=osi_beta
D 2022-03-21 16:20:14.152552 [ProductState] {Main} InstallState (osi_beta): currentOperation=Install currentOperationStatus=New
I 2022-03-21 16:20:14.152634 [GameController] {Main} GameAccount added to family: family=OSI account=GameAccount(OSI:beta region=EU hidden)
D 2022-03-21 16:20:14.152659 [GameController] {Main} Adding product state reference. uid=osi_beta refCount=0
D 2022-03-21 16:20:14.153134 [ProductState] {Main} Game product state created: uid=osi
D 2022-03-21 16:20:14.153154 [ProductState] {Main} InstallState (osi): currentOperation=Install currentOperationStatus=New
I 2022-03-21 16:20:14.153210 [GameController] {Main} GameAccount added to family: family=OSI account=GameAccount(OSI:retail region=EU unbound)
D 2022-03-21 16:20:14.153240 [GameController] {Main} Adding product state reference. uid=osi refCount=0
D 2022-03-21 16:20:14.153295 [GameController] {Main} Visibility Changed. family=OSI visible=1
D 2022-03-21 16:20:14.153719 [GameController] {Main} Game Family Added: id=D3CN visible=0
D 2022-03-21 16:20:14.153776 [ProductState] {Main} Game product state created: uid=d3cn
D 2022-03-21 16:20:14.153795 [ProductState] {Main} InstallState (d3cn): currentOperation=Install currentOperationStatus=New
I 2022-03-21 16:20:14.153854 [GameController] {Main} GameAccount added to family: family=D3CN account=GameAccount(D3CN:retail region=<none> unbound hidden)
D 2022-03-21 16:20:14.153879 [GameController] {Main} Adding product state reference. uid=d3cn refCount=0
D 2022-03-21 16:20:14.154328 [GameController] {Main} Game Family Added: id=FORE visible=0
D 2022-03-21 16:20:14.154387 [ProductState] {Main} Game product state created: uid=fore
D 2022-03-21 16:20:14.154405 [ProductState] {Main} InstallState (fore): currentOperation=Install currentOperationStatus=New
I 2022-03-21 16:20:14.154463 [GameController] {Main} GameAccount added to family: family=FORE account=GameAccount(FORE:retail region=EU unbound)
D 2022-03-21 16:20:14.154489 [GameController] {Main} Adding product state reference. uid=fore refCount=0
D 2022-03-21 16:20:14.154537 [GameController] {Main} Visibility Changed. family=FORE visible=1
D 2022-03-21 16:20:14.154973 [GameController] {Main} Game Family Added: id=S1 visible=0
D 2022-03-21 16:20:14.155048 [ProductState] {Main} Game product state created: uid=s1_ptr
D 2022-03-21 16:20:14.155067 [ProductState] {Main} InstallState (s1_ptr): currentOperation=Install currentOperationStatus=New
I 2022-03-21 16:20:14.155121 [GameController] {Main} GameAccount added to family: family=S1 account=GameAccount(S1:ptr region=XX)
D 2022-03-21 16:20:14.155149 [GameController] {Main} Adding product state reference. uid=s1_ptr refCount=0
D 2022-03-21 16:20:14.155200 [GameController] {Main} Visibility Changed. family=S1 visible=1
D 2022-03-21 16:20:14.155619 [GameController] {Main} Game Family Added: id=Fen visible=0
D 2022-03-21 16:20:14.155673 [ProductState] {Main} Game product state created: uid=fenris
D 2022-03-21 16:20:14.155691 [ProductState] {Main} InstallState (fenris): currentOperation=Install currentOperationStatus=New
I 2022-03-21 16:20:14.155746 [GameController] {Main} GameAccount added to family: family=Fen account=GameAccount(Fen:retail region=EU unbound hidden)
D 2022-03-21 16:20:14.155775 [GameController] {Main} Adding product state reference. uid=fenris refCount=0
D 2022-03-21 16:20:14.156244 [GameController] {Main} Game Family Added: id=LAZR visible=0
D 2022-03-21 16:20:14.156306 [ProductState] {Main} Game product state created: uid=lazarus
D 2022-03-21 16:20:14.156335 [ProductState] {Main} InstallState (lazarus): currentOperation=Install currentOperationStatus=New
I 2022-03-21 16:20:14.156394 [GameController] {Main} GameAccount added to family: family=LAZR account=GameAccount(LAZR:retail region=EU unbound)
D 2022-03-21 16:20:14.156422 [GameController] {Main} Adding product state reference. uid=lazarus refCount=0
D 2022-03-21 16:20:14.156472 [GameController] {Main} Visibility Changed. family=LAZR visible=1
D 2022-03-21 16:20:14.156903 [GameController] {Main} Game Family Added: id=Pro visible=0
D 2022-03-21 16:20:14.156964 [ProductState] {Main} Game product state created: uid=prometheus
D 2022-03-21 16:20:14.156983 [ProductState] {Main} InstallState (prometheus): currentOperation=Install currentOperationStatus=New
I 2022-03-21 16:20:14.157045 [GameController] {Main} GameAccount added to family: family=Pro account=GameAccount(Pro:retail region=EU unbound)
D 2022-03-21 16:20:14.157077 [GameController] {Main} Adding product state reference. uid=prometheus refCount=0
D 2022-03-21 16:20:14.157132 [GameController] {Main} Visibility Changed. family=Pro visible=1
D 2022-03-21 16:20:14.157576 [GameController] {Main} Game Family Added: id=RTRO visible=0
D 2022-03-21 16:20:14.157634 [ProductState] {Main} Game product state created: uid=rtro
D 2022-03-21 16:20:14.157653 [ProductState] {Main} InstallState (rtro): currentOperation=Install currentOperationStatus=New
I 2022-03-21 16:20:14.157711 [GameController] {Main} GameAccount added to family: family=RTRO account=GameAccount(RTRO:retail region=EU unbound)
D 2022-03-21 16:20:14.157741 [GameController] {Main} Adding product state reference. uid=rtro refCount=0
D 2022-03-21 16:20:14.157792 [GameController] {Main} Visibility Changed. family=RTRO visible=1
D 2022-03-21 16:20:14.158235 [ProductState] {Main} Game product state created: uid=s1
D 2022-03-21 16:20:14.158254 [ProductState] {Main} InstallState (s1): currentOperation=Install currentOperationStatus=New
I 2022-03-21 16:20:14.158313 [GameController] {Main} GameAccount added to family: family=S1 account=GameAccount(S1:retail region=EU unbound)
D 2022-03-21 16:20:14.158339 [GameController] {Main} Adding product state reference. uid=s1 refCount=0
D 2022-03-21 16:20:14.158845 [ProductState] {Main} Game product state created: uid=heroes_ptr
D 2022-03-21 16:20:14.158867 [ProductState] {Main} InstallState (heroes_ptr): currentOperation=Install currentOperationStatus=New
I 2022-03-21 16:20:14.158920 [GameController] {Main} GameAccount added to family: family=Hero account=GameAccount(Hero:ptr region=XX)
D 2022-03-21 16:20:14.158950 [GameController] {Main} Adding product state reference. uid=heroes_ptr refCount=0
D 2022-03-21 16:20:14.159460 [GameController] {Main} Game Family Added: id=S2 visible=0
I 2022-03-21 16:20:14.159504 [GameController] {Main} GameAccount added to family: family=S2 account=GameAccount(S2:retail region=EU)
D 2022-03-21 16:20:14.159525 [GameController] {Main} Adding product state reference. uid=s2 refCount=0
D 2022-03-21 16:20:14.159566 [GameController] {Main} Visibility Changed. family=S2 visible=1
D 2022-03-21 16:20:14.159995 [GameController] {Main} Game Family Added: id=SPOT visible=0
D 2022-03-21 16:20:14.160050 [ProductState] {Main} Game product state created: uid=spot
D 2022-03-21 16:20:14.160069 [ProductState] {Main} InstallState (spot): currentOperation=Install currentOperationStatus=New
I 2022-03-21 16:20:14.160123 [GameController] {Main} GameAccount added to family: family=SPOT account=GameAccount(SPOT:retail region=EU unbound hidden)
D 2022-03-21 16:20:14.160150 [GameController] {Main} Adding product state reference. uid=spot refCount=0
D 2022-03-21 16:20:14.160607 [GameController] {Main} Game Family Added: id=VIPR visible=0
D 2022-03-21 16:20:14.160668 [ProductState] {Main} Game product state created: uid=viper
D 2022-03-21 16:20:14.160686 [ProductState] {Main} InstallState (viper): currentOperation=Install currentOperationStatus=New
I 2022-03-21 16:20:14.160742 [GameController] {Main} GameAccount added to family: family=VIPR account=GameAccount(VIPR:retail region=EU unbound)
D 2022-03-21 16:20:14.160767 [GameController] {Main} Adding product state reference. uid=viper refCount=0
D 2022-03-21 16:20:14.160814 [GameController] {Main} Visibility Changed. family=VIPR visible=1
D 2022-03-21 16:20:14.161242 [GameController] {Main} Game Family Added: id=W3 visible=0
D 2022-03-21 16:20:14.161301 [ProductState] {Main} Game product state created: uid=w3
D 2022-03-21 16:20:14.161319 [ProductState] {Main} InstallState (w3): currentOperation=Install currentOperationStatus=New
I 2022-03-21 16:20:14.161386 [GameController] {Main} GameAccount added to family: family=W3 account=GameAccount(W3:retail region=EU unbound)
D 2022-03-21 16:20:14.161413 [GameController] {Main} Adding product state reference. uid=w3 refCount=0
D 2022-03-21 16:20:14.161477 [GameController] {Main} Visibility Changed. family=W3 visible=1
D 2022-03-21 16:20:14.161904 [GameController] {Main} Game Family Added: id=WTCG visible=0
D 2022-03-21 16:20:14.161966 [ProductState] {Main} Game product state created: uid=hs_beta
D 2022-03-21 16:20:14.161986 [ProductState] {Main} InstallState (hs_beta): currentOperation=Install currentOperationStatus=New
I 2022-03-21 16:20:14.162066 [GameController] {Main} GameAccount added to family: family=WTCG account=GameAccount(WTCG:retail region=EU)
D 2022-03-21 16:20:14.162096 [GameController] {Main} Adding product state reference. uid=hs_beta refCount=0
D 2022-03-21 16:20:14.162146 [GameController] {Main} Visibility Changed. family=WTCG visible=1
D 2022-03-21 16:20:14.162623 [GameController] {Main} Game Family Added: id=WoW visible=0
D 2022-03-21 16:20:14.162698 [ProductState] {Main} Game product state created: uid=wow
D 2022-03-21 16:20:14.162717 [ProductState] {Main} InstallState (wow): currentOperation=Install currentOperationStatus=New
I 2022-03-21 16:20:14.162779 [GameController] {Main} GameAccount added to family: family=WoW account=GameAccount(WoW:retail region=EU unbound)
D 2022-03-21 16:20:14.162806 [GameController] {Main} Adding product state reference. uid=wow refCount=0
D 2022-03-21 16:20:14.162864 [GameController] {Main} Visibility Changed. family=WoW visible=1
D 2022-03-21 16:20:14.163305 [ProductState] {Main} Game product state created: uid=odin_beta
D 2022-03-21 16:20:14.163324 [ProductState] {Main} InstallState (odin_beta): currentOperation=Install currentOperationStatus=New
I 2022-03-21 16:20:14.163404 [GameController] {Main} GameAccount added to family: family=ODIN account=GameAccount(ODIN:beta region=EU hidden)
D 2022-03-21 16:20:14.163429 [GameController] {Main} Adding product state reference. uid=odin_beta refCount=0
D 2022-03-21 16:20:14.163916 [ProductState] {Main} Game product state created: uid=zeus
D 2022-03-21 16:20:14.163935 [ProductState] {Main} InstallState (zeus): currentOperation=Install currentOperationStatus=New
I 2022-03-21 16:20:14.163991 [GameController] {Main} GameAccount added to family: family=ZEUS account=GameAccount(ZEUS:retail region=EU unbound)
D 2022-03-21 16:20:14.164016 [GameController] {Main} Adding product state reference. uid=zeus refCount=0
D 2022-03-21 16:20:14.164063 [GameController] {Main} Visibility Changed. family=ZEUS visible=1
D 2022-03-21 16:20:14.164517 [ProductState] {Main} Game product state created: uid=s2_ptr
D 2022-03-21 16:20:14.164537 [ProductState] {Main} InstallState (s2_ptr): currentOperation=Install currentOperationStatus=New
I 2022-03-21 16:20:14.164591 [GameController] {Main} GameAccount added to family: family=S2 account=GameAccount(S2:ptr region=XX)
D 2022-03-21 16:20:14.164619 [GameController] {Main} Adding product state reference. uid=s2_ptr refCount=0
D 2022-03-21 16:20:14.165140 [ProductState] {Main} Game product state created: uid=fore_beta
D 2022-03-21 16:20:14.165160 [ProductState] {Main} InstallState (fore_beta): currentOperation=Install currentOperationStatus=New
I 2022-03-21 16:20:14.165232 [GameController] {Main} GameAccount added to family: family=FORE account=GameAccount(FORE:beta region=EU hidden)
D 2022-03-21 16:20:14.165263 [GameController] {Main} Adding product state reference. uid=fore_beta refCount=0
I 2022-03-21 16:20:14.174167 [GameController] {Main} Setting default selections for game controller
D 2022-03-21 16:20:14.174206 [GameController] {Main} Picked default selection by type for product group: WLBY account=GameAccount(WLBY:retail region=EU unbound)
D 2022-03-21 16:20:14.175313 [GameController] {Main} New selection for product group WLBY: account=GameAccount(WLBY:retail region=EU unbound) selectedItem=Crash Bandicoot 4:   
D 2022-03-21 16:20:14.179594 [GameController] {Main} Picked default selection by type for product group: Pro account=GameAccount(Pro:retail region=EU unbound)
D 2022-03-21 16:20:14.180584 [GameController] {Main} New selection for product group Pro: account=GameAccount(Pro:retail region=EU unbound) selectedItem=Overwatch
D 2022-03-21 16:20:14.184336 [RemoteContentCache] {Main} Found cached remote content. url=https://nydus.battle.net/App/ruRU/client/overwatch/alert?targetRegion=EU
D 2022-03-21 16:20:14.184384 [GameController] {Main} Picked default selection by type for product group: Fen account=GameAccount(null)
D 2022-03-21 16:20:14.184416 [GameController] {Main} Picked default selection by type for product group: S1 account=GameAccount(S1:retail region=EU unbound)
D 2022-03-21 16:20:14.185501 [GameController] {Main} New selection for product group S1: account=GameAccount(S1:retail region=EU unbound) selectedItem=StarCraft
D 2022-03-21 16:20:14.189108 [RemoteContentCache] {Main} Found cached remote content. url=https://nydus.battle.net/App/ruRU/client/S1/alert?targetRegion=EU
D 2022-03-21 16:20:14.189155 [GameController] {Main} Picked default selection by type for product group: WoW account=GameAccount(WoW:retail region=EU unbound)
D 2022-03-21 16:20:14.190113 [GameController] {Main} New selection for product group WoW: account=GameAccount(WoW:retail region=EU unbound) selectedItem=World of Warcraft
D 2022-03-21 16:20:14.193626 [RemoteContentCache] {Main} Found cached remote content. url=https://nydus.battle.net/App/ruRU/client/WoW/alert?targetRegion=EU
D 2022-03-21 16:20:14.193672 [GameController] {Main} Picked default selection by type for product group: D3 account=GameAccount(D3:retail region=EU)
D 2022-03-21 16:20:14.194622 [GameController] {Main} New selection for product group D3: account=GameAccount(D3:retail region=EU) selectedItem=Diablo III
D 2022-03-21 16:20:14.198045 [RemoteContentCache] {Main} Found cached remote content. url=https://nydus.battle.net/App/ruRU/client/D3/alert?targetRegion=EU
D 2022-03-21 16:20:14.198092 [GameController] {Main} Picked default selection by type for product group: W3 account=GameAccount(W3:retail region=EU unbound)
D 2022-03-21 16:20:14.199050 [GameController] {Main} New selection for product group W3: account=GameAccount(W3:retail region=EU unbound) selectedItem=Warcraft III
D 2022-03-21 16:20:14.202497 [RemoteContentCache] {Main} Found cached remote content. url=https://nydus.battle.net/App/ruRU/client/war3r/alert?targetRegion=EU
D 2022-03-21 16:20:14.202548 [GameController] {Main} Picked default selection by type for product group: LAZR account=GameAccount(LAZR:retail region=EU unbound)
D 2022-03-21 16:20:14.203577 [GameController] {Main} New selection for product group LAZR: account=GameAccount(LAZR:retail region=EU unbound) selectedItem=Call of Duty: MW2 Campaign Remastered
D 2022-03-21 16:20:14.207069 [GameController] {Main} Picked default selection by type for product group: S2 account=GameAccount(S2:retail region=EU)
D 2022-03-21 16:20:14.208148 [GameController] {Main} New selection for product group S2: account=GameAccount(S2:retail region=EU) selectedItem=StarCraft II
D 2022-03-21 16:20:14.211610 [RemoteContentCache] {Main} Found cached remote content. url=https://nydus.battle.net/App/ruRU/client/S2/alert?targetRegion=EU
D 2022-03-21 16:20:14.211656 [GameController] {Main} Picked default selection by type for product group: WTCG account=GameAccount(WTCG:retail region=EU)
D 2022-03-21 16:20:14.212624 [GameController] {Main} New selection for product group WTCG: account=GameAccount(WTCG:retail region=EU) selectedItem=Hearthstone
D 2022-03-21 16:20:14.216110 [RemoteContentCache] {Main} Found cached remote content. url=https://nydus.battle.net/App/ruRU/client/WTCG/alert?targetRegion=EU
D 2022-03-21 16:20:14.216164 [GameController] {Main} Picked default selection by type for product group: Hero account=GameAccount(Hero:retail region=EU unbound)
D 2022-03-21 16:20:14.217252 [GameController] {Main} New selection for product group Hero: account=GameAccount(Hero:retail region=EU unbound) selectedItem=Heroes of the Storm
D 2022-03-21 16:20:14.220793 [RemoteContentCache] {Main} Found cached remote content. url=https://nydus.battle.net/App/ruRU/client/Hero/alert?targetRegion=EU
D 2022-03-21 16:20:14.220848 [GameController] {Main} Picked default selection by type for product group: AUKS account=GameAccount(null)
D 2022-03-21 16:20:14.220875 [GameController] {Main} Picked default selection by type for product group: OSI account=GameAccount(OSI:retail region=EU unbound)
D 2022-03-21 16:20:14.221895 [GameController] {Main} Selected region change: GameAccount(OSI:retail region=EU unbound)
D 2022-03-21 16:20:14.221919 [GameController] {Main} Region changed for selected game account: GameAccount(OSI:retail region=EU unbound)
D 2022-03-21 16:20:14.225395 [GameController] {Main} New selection for product group OSI: account=GameAccount(OSI:retail region=EU unbound) selectedItem=Diablo II: Resurrected
D 2022-03-21 16:20:14.228756 [GameController] {Main} Picked default selection by type for product group: D3CN account=GameAccount(null)
D 2022-03-21 16:20:14.228791 [GameController] {Main} Picked default selection by type for product group: SPOT account=GameAccount(null)
D 2022-03-21 16:20:14.228808 [GameController] {Main} Picked default selection by type for product group: VIPR account=GameAccount(VIPR:retail region=EU unbound)
D 2022-03-21 16:20:14.229783 [GameController] {Main} New selection for product group VIPR: account=GameAccount(VIPR:retail region=EU unbound) selectedItem=Call of Duty Black Ops 4
D 2022-03-21 16:20:14.233304 [RemoteContentCache] {Main} Found cached remote content. url=https://nydus.battle.net/App/ruRU/client/VIPR/alert?targetRegion=EU
D 2022-03-21 16:20:14.233355 [GameController] {Main} Picked default selection by type for product group: ODIN account=GameAccount(ODIN:retail region=EU unbound)
D 2022-03-21 16:20:14.234334 [GameController] {Main} New selection for product group ODIN: account=GameAccount(ODIN:retail region=EU unbound) selectedItem=Call of Duty: Warzone
D 2022-03-21 16:20:14.237815 [RemoteContentCache] {Main} Found cached remote content. url=https://nydus.battle.net/App/ruRU/client/odin/alert?targetRegion=EU
D 2022-03-21 16:20:14.237860 [GameController] {Main} Picked default selection by type for product group: FORE account=GameAccount(FORE:retail region=EU unbound)
D 2022-03-21 16:20:14.238809 [GameController] {Main} Selected region change: GameAccount(FORE:retail region=EU unbound)
D 2022-03-21 16:20:14.238830 [GameController] {Main} Region changed for selected game account: GameAccount(FORE:retail region=EU unbound)
D 2022-03-21 16:20:14.238851 [GameController] {Main} New selection for product group FORE: account=GameAccount(FORE:retail region=EU unbound) selectedItem=Call of Duty: Vanguard
D 2022-03-21 16:20:14.238876 [GameController] {Main} Picked default selection by type for product group: ZEUS account=GameAccount(ZEUS:retail region=EU unbound)
D 2022-03-21 16:20:14.239757 [GameController] {Main} New selection for product group ZEUS: account=GameAccount(ZEUS:retail region=EU unbound) selectedItem=Call of Duty: Black Ops Cold War
D 2022-03-21 16:20:14.243253 [GameController] {Main} Picked default selection by type for product group: RTRO account=GameAccount(RTRO:retail region=EU unbound)
D 2022-03-21 16:20:14.244214 [GameController] {Main} Selected region change: GameAccount(RTRO:retail region=EU unbound)
D 2022-03-21 16:20:14.244238 [GameController] {Main} Region changed for selected game account: GameAccount(RTRO:retail region=EU unbound)
D 2022-03-21 16:20:14.247759 [GameController] {Main} New selection for product group RTRO: account=GameAccount(RTRO:retail region=EU unbound) selectedItem=Blizzard Arcade Collection
D 2022-03-21 16:20:14.251102 [GameController] {Main} Selecting game family by id: S2
D 2022-03-21 16:20:14.251122 [GameController] {Main} Active family set to: S2
D 2022-03-21 16:20:14.261592 [GameController] {Main} Active product set to: S2_retail
I 2022-03-21 16:20:14.265274 [GameController] {Main} GameController initialization complete
D 2022-03-21 16:20:14.278662 [GSAccountProvider] {Main} Completed final load.
D 2022-03-21 16:20:14.288968 [InstallManager] {Main} Game finished versioning s2
D 2022-03-21 16:20:14.293219 [GSAccountProvider] {Main} Subscription has been activated. entityId=(Game: EU-WTCG-19154452)
D 2022-03-21 16:20:14.367654 [GSAccountProvider] {Main} Subscription has been activated. entityId=(Game: XX-WTCG-21388410)
D 2022-03-21 16:20:16.244391 [BAPIGateway] {Main} API request: https://eu.api.blizzard.com/content-api/v1/layoutTemplates/blt478cfc6c41578ddb/layout?cxpProductId=blt90855744d00cd378
I 2022-03-21 16:20:16.966001 [GameController] {Main} Selecting game by uid. uid=s2 prioritizeUpdate=1
I 2022-03-21 16:20:16.969917 [GameController] {Main} Prioritize Update: uid=s2
I 2022-03-21 16:20:16.969943 [ScreenController] {Main} Changing screen to: Games
I 2022-03-21 16:20:16.973493 [StartupGameSearch] {Main} Skipping automated search for unregistered games
W 2022-03-21 16:20:16.973514 [InstallManager] {Main} Skipping search for unregistered games.
I 2022-03-21 16:20:16.973521 [InstallManager] {Main} Searching for unregistered games finished.
I 2022-03-21 16:20:16.973556 [StartupGameSearch] {Main} Completed automated search for unregistered games
I 2022-03-21 16:20:16.973694 [InstallFlow] {Main} No longer waiting for game registration search to complete.
D 2022-03-21 16:20:16.975127 [InventoryController] {Main} Updating inventory
D 2022-03-21 16:20:16.975142 [InventoryController] {Main} GetInventoryInfo request
D 2022-03-21 16:20:16.975159 [BAPIGateway] {Main} API request: https://eu.api.blizzard.com/AccountInventoryService/v1/GetNewInventoryItemCount
I 2022-03-21 16:20:16.978722 [Clubs] {Main} Subscribing to club membership.
I 2022-03-21 16:20:16.978853 [ChannelV2] {Main} Subscribing to channelv2 membership service. |agentId=|id=19067494|program=4288624|region=2
I 2022-03-21 16:20:16.978925 [BNLogin] {Main} Logged into Battle.net successfully. |bnet=1:0:17f719a9|game=2:200417070:122f266
D 2022-03-21 16:20:17.060593 [BAPIGateway] {Main} API response: OK content={"layoutId":"blt9fc836ef855c7669","sections":[],"context":{"locale":"ru-ru","cxpProductId":"blt90855744d00cd378","layoutTemplateId":"blt478cfc6c41578ddb","region":"North America","includeFeed":false}}
I 2022-03-21 16:20:17.250552 [ChannelV2] {Main} ChannelV2 membership subscription created.
I 2022-03-21 16:20:17.250587 [Clubs] {Main} Club membership subscription created: |accountId=|id=402069929
D 2022-03-21 16:20:17.367868 [BAPIGateway] {Main} API response: OK content={"error":null,"newCount":0,"totalCount":0}
D 2022-03-21 16:20:17.367918 [InventoryController] {Main} Inventory changed, new: 0 total: 0
I 2022-03-21 16:20:19.929736 [GameSessionList] {Agent} Reporting process: TrackingInfo(uid=battle.net, type=game, opStatus=On, reqId=0, running=4, oldRunning=2)
I 2022-03-21 16:20:19.975598 [InstallManager] {Main} Setting Process Running: true uid=battle.net binaryType=game any=true
E 2022-03-21 16:20:26.227346 [BNSocialNetwork] {Main} Error response for BGS Facebook friend list. error=ERROR_SOCIAL_NETWORK_NO_ACCOUNT_DATA (9005)
D 2022-03-21 16:21:03.152299 [GameController] {Main} Selecting game family by id: S2
I 2022-03-21 16:21:03.159294 [Main] {Main} LaunchBinary: uid=s2 selectedRegion=EU binaryType=game
D 2022-03-21 16:21:03.164966 [InstallInfo] {Main} Operation status changed: opType=Execute oldStatus=Off newStatus=Pending agentUid=s2
D 2022-03-21 16:21:03.165063 [ProductState] {Main} InstallState (s2): GameLaunching=1
I 2022-03-21 16:21:03.351599 [InstallManager] {Main} Game launch options: programId=S2 GAME_ACCOUNT= REGION=EU LOCALE=ruRU LOCALE_AUDIO=enUS LAUNCH_64BIT=1
I 2022-03-21 16:21:03.352438 [InstallManager] {Main} Game launch options: programId=S2 ACCOUNT=(hidden) ACCOUNT_TS=1647879663
I 2022-03-21 16:21:03.496354 [InstallManager] {Main} Launched E:/Games/Call of Duty/StarCraft II/Support64/SC2Switcher_x64.exe with args: -sso=1 -launch -uid s2, pid: 320
I 2022-03-21 16:21:08.093535 [GameSessionList] {Agent} Reporting process: TrackingInfo(uid=s2, type=game, opStatus=On, reqId=0, running=1, oldRunning=0)
I 2022-03-21 16:21:08.097881 [InstallManager] {Main} Setting Process Running: true uid=s2 binaryType=game any=true
D 2022-03-21 16:21:08.097947 [InstallInfo] {Main} Operation status changed: opType=Execute oldStatus=Pending newStatus=On agentUid=s2
D 2022-03-21 16:21:08.097994 [InstallManager] {Main} Game is running: s2
D 2022-03-21 16:21:08.099355 [ProductState] {Main} InstallState (s2): gameRunning=1 isGameProcessRunning=1 GameLaunching=0
W 2022-03-21 17:00:28.780098 [GamesService] {http} Request failed. url=https://nydus.battle.net/App/ruRU/client/S2/alert?targetRegion=EU statusCode=0 err=schannel: failed to receive handshake, SSL/TLS connection failed
I 2022-03-21 17:12:34.049251 [Main] {Main} Frontend is requesting to close window.
