I 2022-03-16 19:21:06.670499 [Main] {Main} Logging started for Battle.net build 2.10.0.13335
I 2022-03-16 19:21:06.670822 [Configuration] {Main} SharedConfigRoot: C:\ProgramData\Battle.net
I 2022-03-16 19:21:06.671142 [Configuration] {Main} RoamingConfigRoot: C:\Users\User\AppData\Roaming\Battle.net
I 2022-03-16 19:21:06.671157 [Configuration] {Main} LocalConfigRoot: C:\Users\User\AppData\Local\Battle.net
D 2022-03-16 19:21:06.671259 [Configuration] {Main} Searching for config file: E:\Games\warzone\Battle.net\Battle.net.13335\Battle.net.config
D 2022-03-16 19:21:06.671314 [Configuration] {Main} Searching for config file: E:\Games\warzone\Battle.net\Battle.net.config
D 2022-03-16 19:21:06.671765 [Configuration] {Main} User Configuration File: C:\Users\User\AppData\Roaming\Battle.net\Battle.net.config
I 2022-03-16 19:21:06.673904 [Main] {Main} Command line arguments: {[0]=--game=s2_ruru, [1]=--gamepath=E:\Games\Call of Duty\StarCraft II}
I 2022-03-16 19:21:06.675748 [Main] {Main} Opening IPC shared memory. queueName=User:User:Battle.net IPC ShMem mode=server
I 2022-03-16 19:21:06.682957 [CommandQueue] {Main} Dispatching Command: register s2_ruru E:\Games\Call of Duty\StarCraft II   false
I 2022-03-16 19:21:06.770369 [Frontend] {Main} Supplying list of renderers: d3d11,warp,desktop
I 2022-03-16 19:21:07.831880 [LocalizationData] {Main} 21 language(s) loaded from languages.xml, default=enUS
D 2022-03-16 19:21:08.205536 [Main] {Main} Adding application font: resources/fonts/BlizzardReg.ttf
D 2022-03-16 19:21:08.207482 [Main] {Main} Adding application font: resources/fonts/BlizzardLig.ttf
D 2022-03-16 19:21:08.208948 [Main] {Main} Adding application font: resources/fonts/BlizzardBol.ttf
D 2022-03-16 19:21:08.210276 [Main] {Main} Adding application font: resources/fonts/NotoSans-Bold.ttf
D 2022-03-16 19:21:08.215347 [Main] {Main} Adding application font: resources/fonts/NotoSans-BoldItalic.ttf
D 2022-03-16 19:21:08.219630 [Main] {Main} Adding application font: resources/fonts/NotoSans-Italic.ttf
D 2022-03-16 19:21:08.224598 [Main] {Main} Adding application font: resources/fonts/NotoSans-Regular.ttf
D 2022-03-16 19:21:08.229435 [Main] {Main} Adding application font: resources/fonts/ObjectSans-Bold.ttf
D 2022-03-16 19:21:08.231012 [Main] {Main} Adding application font: resources/fonts/ObjectSans-Medium.ttf
D 2022-03-16 19:21:09.005318 [Main] {Main} Setting font to: Blizzard
I 2022-03-16 19:21:09.006296 [CacheManager] {Main} Local storage cache at: C:\Users\User\AppData\Local\Battle.net\Cache
I 2022-03-16 19:21:09.036766 [Main] {Main} Opened database at: C:\Users\User\AppData\Local\Battle.net\CachedData.db
D 2022-03-16 19:21:09.038432 [Agent] {Main} PolicyHandler Thread STARTED
D 2022-03-16 19:21:09.038482 [Agent] {Agent} PolicyHandlerThreadProc: I shall in all my best obey you.
I 2022-03-16 19:21:09.107512 [DIAG_BNL_Voice] {Main} Audio device monitor using already-initialized COM
I 2022-03-16 19:21:09.109083 [VoiceSessionBroker] {Main} Global voice is on
I 2022-03-16 19:21:09.109436 [Main] {Main} Execution environment changed. environment=EE_STANDARD
I 2022-03-16 19:21:09.109959 [CatalogManager] {Main} Loaded catalog hash from the database cache. hash=b48428369f5860b3328d7d36d46876be
I 2022-03-16 19:21:09.110618 [CatalogManager] {Main} Built-in catalog hash (catalog/digesthash.txt): 25ac15941b6f0b0b3ae4f9c6dcbe51b0
I 2022-03-16 19:21:09.110758 [CatalogManager] {Main} Built-in catalog hash (catalog/signaturehash.txt): 6ae4515e5370e7f53e65905f8270a805
I 2022-03-16 19:21:09.110792 [CatalogLoader] {Main} *** LOAD STARTED default: Context(LocalCAS: b48428369f5860b3328d7d36d46876be I) ***
I 2022-03-16 19:21:09.156504 [Agent] {Agent} Agent has different session: 11973584805537695355
I 2022-03-16 19:21:09.156530 [Agent] {Agent} Agent Version is now: 2.26.0.7661 (retail)
I 2022-03-16 19:21:09.159152 [GameSessionList] {Agent} Reporting process: TrackingInfo(uid=battle.net, type=game, opStatus=On, reqId=0, running=1, oldRunning=0)
D 2022-03-16 19:21:09.171471 [Agent] {Agent} GameResource created for uid: agent
D 2022-03-16 19:21:09.171538 [Agent] {Agent} GameResource created for uid: battle.net
D 2022-03-16 19:21:09.171558 [Agent] {Agent} GameResource created for uid: diablo3
D 2022-03-16 19:21:09.171580 [Agent] {Agent} GameResource created for uid: s2
W 2022-03-16 19:21:14.014694 [FeatureManager] {Main} Feature 'battle.net_http_request_0_c6caed0e' depends on missing feature 'http_test'
E 2022-03-16 19:21:14.014725 [FeatureManager] {Main} Feature 'battle.net_http_request_0_c6caed0e' has dependency errors and will not respond to dependency changes
I 2022-03-16 19:21:14.014750 [FeatureManager] {Main} Moving feature record from active to inactive: whisper_voice
I 2022-03-16 19:21:14.014758 [FeatureManager] {Main} Moving feature record from active to inactive: trace_route
I 2022-03-16 19:21:14.014765 [FeatureManager] {Main} Moving feature record from active to inactive: mapped_urls
I 2022-03-16 19:21:14.014777 [FeatureManager] {Main} Feature changed: hearthstone_limited_event_57b4aca6=true
I 2022-03-16 19:21:14.014790 [FeatureManager] {Main} Feature changed: fore_limited_alpha_f6824657=true
I 2022-03-16 19:21:14.014799 [FeatureManager] {Main} Feature changed: fore_buy_now_fore_fef83a73=true
I 2022-03-16 19:21:14.014808 [FeatureManager] {Main} Feature changed: lazarus_show_on_beta_5bbf784c=true
I 2022-03-16 19:21:14.014817 [FeatureManager] {Main} Feature changed: odin_deprecate_event_21bf1dc9=true
I 2022-03-16 19:21:14.014825 [FeatureManager] {Main} Feature changed: odin_show_on_beta_5bbf784c=true
I 2022-03-16 19:21:14.014834 [FeatureManager] {Main} Feature changed: odin_upgrade_from_odin_fef83a73=true
I 2022-03-16 19:21:14.014844 [FeatureManager] {Main} Feature changed: osi_limited_install_773b93da=true
I 2022-03-16 19:21:14.014852 [FeatureManager] {Main} Feature changed: osi_limited_product_d9fa6516=true
I 2022-03-16 19:21:14.014860 [FeatureManager] {Main} Feature changed: viper_show_on_beta_5bbf784c=true
I 2022-03-16 19:21:14.014871 [FeatureManager] {Main} Feature changed: warcraft_iii_upgrade_05e4b09b=true
I 2022-03-16 19:21:14.014878 [FeatureManager] {Main} Feature changed: wlby_show_on_beta_5bbf784c=true
I 2022-03-16 19:21:14.014887 [FeatureManager] {Main} Feature changed: zeus_refresh_without_license_b63211e4=true
I 2022-03-16 19:21:14.014895 [FeatureManager] {Main} Feature changed: zeus_show_on_beta_5bbf784c=true
I 2022-03-16 19:21:14.026790 [FeatureManager] {Main} Feature changed: cts_takeovers=true
I 2022-03-16 19:21:14.027601 [FeatureManager] {Main} Feature changed: http_test=true tags=http_request_0
I 2022-03-16 19:21:14.027641 [FeatureManager] {Main} Feature changed: shop_wish_list=true
I 2022-03-16 19:21:14.027682 [FeatureManager] {Main} Feature changed: activision_auto_account_creation=true
I 2022-03-16 19:21:14.027713 [FeatureManager] {Main} Feature changed: suggested_group_members=true
I 2022-03-16 19:21:14.027748 [FeatureManager] {Main} Feature changed: all_games_v2=true
I 2022-03-16 19:21:14.027774 [FeatureManager] {Main} Feature changed: all_games_new_badge=true
I 2022-03-16 19:21:14.027803 [FeatureManager] {Main} Feature changed: collapsible_social_panel=true
I 2022-03-16 19:21:14.027829 [FeatureManager] {Main} Feature changed: blizzard_profiles=true
I 2022-03-16 19:21:14.027842 [FeatureManager] {Main} Feature changed: clear_chat_history=true
I 2022-03-16 19:21:14.027848 [FeatureManager] {Main} Feature changed: mentions=true
I 2022-03-16 19:21:14.027855 [FeatureManager] {Main} Feature changed: social_tab=true
I 2022-03-16 19:21:14.027861 [FeatureManager] {Main} Feature changed: auto_update_optimization=true
I 2022-03-16 19:21:14.027866 [FeatureManager] {Main} Feature changed: embedded_web_view=true
I 2022-03-16 19:21:14.027873 [FeatureManager] {Main} Feature changed: group_privacy_settings=true
I 2022-03-16 19:21:14.027879 [FeatureManager] {Main} Feature changed: cn_age_alert=true
I 2022-03-16 19:21:14.027887 [FeatureManager] {Main} Feature changed: appear_offline=true
I 2022-03-16 19:21:14.027892 [FeatureManager] {Main} Feature changed: refresh_toast=true
I 2022-03-16 19:21:14.027898 [FeatureManager] {Main} Feature changed: app_feedback_dialog=true
I 2022-03-16 19:21:14.027904 [FeatureManager] {Main} Feature changed: browser_main_window=true
I 2022-03-16 19:21:14.027912 [FeatureManager] {Main} Feature changed: chat_giphy=true
I 2022-03-16 19:21:14.027918 [FeatureManager] {Main} Feature changed: content_ui=true
I 2022-03-16 19:21:14.027924 [FeatureManager] {Main} Feature changed: multichats=true
I 2022-03-16 19:21:14.027935 [FeatureManager] {Main} Feature changed: first_time_experience=true
I 2022-03-16 19:21:14.027940 [FeatureManager] {Main} Feature changed: friend_request_management=true
I 2022-03-16 19:21:14.027946 [FeatureManager] {Main} Feature changed: link_previews=true
I 2022-03-16 19:21:14.027952 [FeatureManager] {Main} Feature changed: sms_protect_requirements=true
I 2022-03-16 19:21:14.027957 [FeatureManager] {Main} Feature changed: friends_list_popout=true
I 2022-03-16 19:21:14.027963 [FeatureManager] {Main} Feature changed: gift_inventory=true
I 2022-03-16 19:21:14.027968 [FeatureManager] {Main} Feature changed: global_legendary_promos=true
I 2022-03-16 19:21:14.027974 [FeatureManager] {Main} Feature changed: refresh_friend_tooltip=true
I 2022-03-16 19:21:14.027981 [FeatureManager] {Main} Feature changed: non_friend_whispers=true
I 2022-03-16 19:21:14.027987 [FeatureManager] {Main} Feature changed: notification_center=true
I 2022-03-16 19:21:14.027992 [FeatureManager] {Main} Feature changed: playscreen_migrate_cms=true
I 2022-03-16 19:21:14.027998 [FeatureManager] {Main} Feature changed: shared_container_installs=true
I 2022-03-16 19:21:14.028004 [FeatureManager] {Main} Feature changed: sc2_account_selection_dialog=true
I 2022-03-16 19:21:14.028009 [FeatureManager] {Main} Feature changed: suggested_facebook_friends=true
I 2022-03-16 19:21:14.028016 [FeatureManager] {Main} Feature changed: split_test_shop_sale_promo_2021=true tags=shop_sale_promo_spring_2022
I 2022-03-16 19:21:14.028028 [FeatureManager] {Main} Feature changed: whisper_voice=true
I 2022-03-16 19:21:14.028037 [FeatureManager] {Main} Feature changed: battle.net_http_request_0_c6caed0e=true
D 2022-03-16 19:21:14.028182 [Configuration] {Main} Searching for config file: E:\Games\warzone\Battle.net\Battle.net.13335\Environments.yaml
D 2022-03-16 19:21:14.028242 [Configuration] {Main} Searching for config file: E:\Games\warzone\Battle.net\Environments.yaml
I 2022-03-16 19:21:14.028280 [EnvironmentManager] {Main} Login parameters changed: address=eu.actual.battle.net:1119 region=EU
D 2022-03-16 19:21:14.052836 [CatalogVarStorage] {Main} Setting var from catalog Client.Shop.SaleNotificationVersion=6
D 2022-03-16 19:21:14.052874 [CatalogVarStorage] {Main} Setting var from catalog Browser.DisableSiteIsolation=true
D 2022-03-16 19:21:14.052885 [CatalogVarStorage] {Main} Setting var from catalog Client.ActivisionAutoAccountCreation.Games=ODIN,ZEUS,FORE,AUKS
D 2022-03-16 19:21:14.052894 [CatalogVarStorage] {Main} Setting var from catalog Client.Shop.SaleNotificationEnabled=false
D 2022-03-16 19:21:14.052907 [CatalogVarStorage] {Main} Setting var from catalog Client.OwlScreen.LiveCheckIntervalMS=300000
D 2022-03-16 19:21:14.052928 [CatalogVarStorage] {Main} Setting var from catalog Client.Announcements.MaximumAnnouncements=20
D 2022-03-16 19:21:14.052936 [CatalogVarStorage] {Main} Setting var from catalog Client.NewProfileWindowLayout=true
D 2022-03-16 19:21:14.052945 [CatalogVarStorage] {Main} Setting var from catalog Client.PromotedScreenVersion=3
D 2022-03-16 19:21:14.052957 [CatalogVarStorage] {Main} Setting var from catalog Client.Version.BetaAccessOverride=enabled
I 2022-03-16 19:21:14.052964 [VersionManager] {Main} Beta Access: enabled
D 2022-03-16 19:21:14.052972 [CatalogVarStorage] {Main} Setting var from catalog Client.Version.BetaBranchOverride=beta
D 2022-03-16 19:21:14.052981 [CatalogVarStorage] {Main} Setting var from catalog Services.WhisperChannels.InactivityTimeoutMS=0
I 2022-03-16 19:21:14.056598 [CatalogLoader] {Main} *** LOAD COMPLETE default ***
I 2022-03-16 19:21:14.056631 [CatalogManager] {Main} Loaded initial catalog: hash=b48428369f5860b3328d7d36d46876be
I 2022-03-16 19:21:14.189550 [WebServer] {Backend:0} Listening on port 22885
I 2022-03-16 19:21:20.496378 [Main] {Main} Attempting to fetch WidevineCDM: 1
D 2022-03-16 19:21:20.503850 [UI] {Main} Fixup allowed regions and locales. installedRegion=EU allowedRegions= allowedLocales=
I 2022-03-16 19:21:20.504434 [ToastManager] {Main} Toasts are enabled in ClientSettings
D 2022-03-16 19:21:20.506124 [ProductState] {Main} Game product state created: uid=
D 2022-03-16 19:21:20.506165 [ProductState] {Main} InstallState (): currentOperation=Install currentOperationStatus=New
I 2022-03-16 19:21:20.520355 [Main] {Main} Application path is: E:\Games\warzone\Battle.net\Battle.net.exe
I 2022-03-16 19:21:20.587083 [ClientServiceAlertMonitor] {Main} Breaking News url has changed. url=https://nydus.battle.net/App/ruRU/client/App/alert?targetRegion=EU
D 2022-03-16 19:21:20.587311 [RemoteContentCache] {Main} Found cached remote content. url=https://nydus.battle.net/App/ruRU/client/App/alert?targetRegion=EU
I 2022-03-16 19:21:20.590753 [ClientServiceAlertMonitor] {Main} Maintenance url has changed. url=https://nydus.battle.net/App/ruRU/client/App/maintenance?targetRegion=EU
D 2022-03-16 19:21:20.590928 [RemoteContentCache] {Main} Found cached remote content. url=https://nydus.battle.net/App/ruRU/client/App/maintenance?targetRegion=EU
I 2022-03-16 19:21:20.593064 [Frontend] {Main} Public Computer state changed. is_public=false
D 2022-03-16 19:21:20.593106 [Frontend] {Main} Session id changed. session_id=11347159058991899092
D 2022-03-16 19:21:20.593280 [Frontend] {Main} Tracking info changed. client_id=1713518960.1636732290, user_agent=
I 2022-03-16 19:21:20.606296 [HighDpiManager] {Main} High dpi support available changed: 0
I 2022-03-16 19:21:20.606319 [Frontend] {Main} High dpi support: disabled
D 2022-03-16 19:21:20.606715 [Main] {WorkerPool:0} Checking permissions on path: C:\ProgramData\Battle.net\Setup depth=-1
D 2022-03-16 19:21:20.608661 [Main] {WorkerPool:0} Checking permissions on path: C:\ProgramData\Battle.net\Agent depth=1
D 2022-03-16 19:21:20.611070 [Main] {WorkerPool:0} Checking permissions on path: C:\ProgramData\Battle.net\Agent\Agent.7614 depth=1
D 2022-03-16 19:21:20.611616 [Main] {WorkerPool:0} Checking permissions on path: C:\ProgramData\Battle.net\Agent\Agent.7661 depth=1
D 2022-03-16 19:21:20.612128 [Main] {WorkerPool:0} Checking permissions on path: C:\ProgramData\Blizzard Entertainment depth=2
D 2022-03-16 19:21:20.782917 [Frontend] {Main} Session id changed. session_id=11973584805537695355
I 2022-03-16 19:21:20.783134 [FeatureManager] {Main} Feature changed: install_packages=true
I 2022-03-16 19:21:20.783155 [FeatureManager] {Main} Feature changed: modify_install=true
I 2022-03-16 19:21:20.783536 [Agent] {Main} AgentManager is now initialized
I 2022-03-16 19:21:20.783559 [InstallManager] {Main} Install manager is now initialized
D 2022-03-16 19:21:20.783571 [InstallManager] {Main} Selecting best game install data for game battle.net: savedUid=battle.net originalUid=<none> newUid=battle.net
D 2022-03-16 19:21:20.783586 [InstallInfo] {Main} InstallInfo agent association has been changed: uid=battle.net agentUid=battle.net
D 2022-03-16 19:21:20.783607 [InstallManager] {Main} Selecting best game install data for game diablo3: savedUid=diablo3 originalUid=<none> newUid=diablo3
D 2022-03-16 19:21:20.783621 [InstallInfo] {Main} InstallInfo agent association has been changed: uid=diablo3 agentUid=diablo3
D 2022-03-16 19:21:20.783646 [InstallManager] {Main} Selecting best game install data for game s2: savedUid=s2 originalUid=<none> newUid=s2
D 2022-03-16 19:21:20.783659 [InstallInfo] {Main} InstallInfo agent association has been changed: uid=s2 agentUid=s2
D 2022-03-16 19:21:20.783691 [VersionManager] {Main} Branch change from Agent detected. activeBranch= branches={[0]=beta, [1]=cn, [2]=eu, [3]=kr, [4]=sg, [5]=tw, [6]=us}
D 2022-03-16 19:21:20.783723 [VersionManager] {Main} Beta branch is available: true
D 2022-03-16 19:21:20.783795 [ProductState] {Main} Game product state created: uid=diablo3
D 2022-03-16 19:21:20.783871 [ProductState] {Main} InstallState (diablo3): currentOperation=Update currentOperationStatus=New installed=1 installPath=E:/Games/Call of Duty/Diablo III canCreateShortcut=1 selectedRegion=eu activeConfigKey=21ab24be60c4aea4ff2e0868ab3e0edb regionalVersions=(eu: {playable:false config_key:d6330f59521e60649ab36942f6f2f299}, kr: {playable:false config_key:d6330f59521e60649ab36942f6f2f299}, tw: {playable:false config_key:d6330f59521e60649ab36942f6f2f299}, us: {playable:false config_key:d6330f59521e60649ab36942f6f2f299}) localVersion=2.6.8.66666 latestVersion=79575 progress=1
D 2022-03-16 19:21:20.783931 [ProductState] {Main} Game product state created: uid=s2
D 2022-03-16 19:21:20.784012 [ProductState] {Main} InstallState (s2): currentOperation=Update currentOperationStatus=New installed=1 optionalPackageInstalled=1 installPath=E:/Games/Call of Duty/StarCraft II canCreateShortcut=1 selectedRegion=eu activeConfigKey=5b0ac430559437ccd27dfafdfe526c6a regionalVersions=(cn: {playable:false config_key:e55770a2b2e2252a75da7ae8af363698}, eu: {playable:false config_key:e55770a2b2e2252a75da7ae8af363698}, kr: {playable:false config_key:e55770a2b2e2252a75da7ae8af363698}, tw: {playable:false config_key:e55770a2b2e2252a75da7ae8af363698}, us: {playable:false config_key:e55770a2b2e2252a75da7ae8af363698}) supports_multibox=true localVersion=5.0.8.86383 latestVersion=87702 progress=1
D 2022-03-16 19:21:20.784172 [Agent] {Main} Versioning is now enabled
D 2022-03-16 19:21:20.784209 [Agent] {Main} Triggering game versioning: battle.net
D 2022-03-16 19:21:20.784256 [Agent] {Main} Triggering game versioning: diablo3
D 2022-03-16 19:21:20.784275 [Agent] {Main} Triggering game versioning: s2
D 2022-03-16 19:21:20.784455 [InstallManager] {Main} Sending a queued OnProcessPidsUpdated notification: agentUid=battle.net binaryType=game
D 2022-03-16 19:21:20.784484 [InstallManager] {Main} Sending a queued OnProcessRunning notification: agentUid=battle.net binaryType=game
I 2022-03-16 19:21:20.784504 [InstallManager] {Main} Setting Process Running: true uid=battle.net binaryType=game any=true
D 2022-03-16 19:21:20.784528 [InstallInfo] {Main} Operation status changed: opType=Execute oldStatus=Off newStatus=On agentUid=battle.net
I 2022-03-16 19:21:20.784593 [InstallManager] {Main} Starting [Auto] UPDATE operation for "battle.net".
D 2022-03-16 19:21:20.784629 [InstallInfo] {Main} Operation status changed: opType=Update oldStatus=Off newStatus=On agentUid=battle.net
D 2022-03-16 19:21:20.796375 [InstallManager] {Main} Command_RegisterGame uid: s2_ruru path: E:\Games\Call of Duty\StarCraft II productcode:  subfolder:  repairing: false
D 2022-03-16 19:21:20.796431 [InstallManager] {Main} PerformRegisterInstall uid= productCode=* installDir=E:\Games\Call of Duty\StarCraft II subfolder= region=EU
I 2022-03-16 19:21:20.796522 [CatalogLoader] {Main} *** LOAD STARTED default: Context(LocalCAS: b48428369f5860b3328d7d36d46876be I) ***
I 2022-03-16 19:21:21.180412 [GameSessionList] {Agent} Reporting process: TrackingInfo(uid=battle.net, type=game, opStatus=On, reqId=0, running=2, oldRunning=1)
I 2022-03-16 19:21:21.437847 [FeatureManager] {Main} Moving feature record from active to inactive: overwatch_league_tab
I 2022-03-16 19:21:21.437875 [FeatureManager] {Main} Moving feature record from active to inactive: blizzcon_tab
D 2022-03-16 19:21:21.453067 [CatalogVarStorage] {Main} Setting var from catalog Client.Shop.SaleNotificationVersion=6
D 2022-03-16 19:21:21.453100 [CatalogVarStorage] {Main} Setting var from catalog Browser.DisableSiteIsolation=true
D 2022-03-16 19:21:21.453111 [CatalogVarStorage] {Main} Setting var from catalog Client.ActivisionAutoAccountCreation.Games=ODIN,ZEUS,FORE,AUKS
D 2022-03-16 19:21:21.453120 [CatalogVarStorage] {Main} Setting var from catalog Client.Shop.SaleNotificationEnabled=false
D 2022-03-16 19:21:21.453127 [CatalogVarStorage] {Main} Setting var from catalog Client.OwlScreen.LiveCheckIntervalMS=300000
D 2022-03-16 19:21:21.453146 [CatalogVarStorage] {Main} Setting var from catalog Client.Announcements.MaximumAnnouncements=20
D 2022-03-16 19:21:21.453155 [CatalogVarStorage] {Main} Setting var from catalog Client.NewProfileWindowLayout=true
D 2022-03-16 19:21:21.453163 [CatalogVarStorage] {Main} Setting var from catalog Client.PromotedScreenVersion=3
D 2022-03-16 19:21:21.453173 [CatalogVarStorage] {Main} Setting var from catalog Client.Version.BetaAccessOverride=enabled
D 2022-03-16 19:21:21.453180 [CatalogVarStorage] {Main} Setting var from catalog Client.Version.BetaBranchOverride=beta
D 2022-03-16 19:21:21.453189 [CatalogVarStorage] {Main} Setting var from catalog Services.WhisperChannels.InactivityTimeoutMS=0
D 2022-03-16 19:21:21.453198 [CatalogVarStorage] {Main} Setting var from catalog Services.HTTPClient.ConnectionTimeoutMS=0
I 2022-03-16 19:21:21.456365 [CatalogLoader] {Main} *** LOAD COMPLETE default ***
I 2022-03-16 19:21:21.463522 [Main] {Main} Cached WidevineCDM is up-to-date: 4.10.2391.0
I 2022-03-16 19:21:21.464616 [Main] {Main} Connecting to server. address=eu.actual.battle.net port=1119
D 2022-03-16 19:21:21.674911 [ClientServiceAlertMonitor] {Main} Service alert monitor force update requested
D 2022-03-16 19:21:21.674933 [ClientServiceAlertMonitor] {Main} Breaking News update requested
D 2022-03-16 19:21:21.674940 [ClientServiceAlertMonitor] {Main} Maintenance update requested
D 2022-03-16 19:21:21.777781 [InstallManager] {Main} Game finished versioning diablo3
D 2022-03-16 19:21:21.777863 [InstallManager] {Main} Game finished versioning s2
I 2022-03-16 19:21:21.777937 [InstallManager] {Main} Setting Process Running: true uid=battle.net binaryType=game any=true
D 2022-03-16 19:21:21.778191 [InstallManager] {Main} Game finished versioning battle.net
D 2022-03-16 19:21:21.778762 [InstallManager] {Main} Registration complete for agentUid=s2 and region=eu
I 2022-03-16 19:21:21.778965 [CacheManager] {Main} CacheManager is now initialized
I 2022-03-16 19:21:21.779060 [TactVersionWatcher] {Main} Fetched new tact metadata. productCode=catalogs region=eu branch=PUB-29 version=2103 seq=210 buildConfig=055e674e9e0b32e048bceb50f059b40c
I 2022-03-16 19:21:21.844973 [DIAG_BuildConfig] {Main} no 'encoding' key in build configuration '055e674e9e0b32e048bceb50f059b40c', selecting plain-data mode
I 2022-03-16 19:21:21.845013 [CatalogLoader] {Main} *** LOAD STARTED default: Context(RemoteCAS: b48428369f5860b3328d7d36d46876be|tpr/catalogs/data) ***
D 2022-03-16 19:21:22.003725 [InstallManager] {Main} Game finished versioning s2
D 2022-03-16 19:21:22.104001 [CatalogVarStorage] {Main} Setting var from catalog Client.Shop.SaleNotificationVersion=6
D 2022-03-16 19:21:22.104038 [CatalogVarStorage] {Main} Setting var from catalog Browser.DisableSiteIsolation=true
D 2022-03-16 19:21:22.104050 [CatalogVarStorage] {Main} Setting var from catalog Client.ActivisionAutoAccountCreation.Games=ODIN,ZEUS,FORE,AUKS
D 2022-03-16 19:21:22.104059 [CatalogVarStorage] {Main} Setting var from catalog Client.Shop.SaleNotificationEnabled=false
D 2022-03-16 19:21:22.104067 [CatalogVarStorage] {Main} Setting var from catalog Client.OwlScreen.LiveCheckIntervalMS=300000
D 2022-03-16 19:21:22.104086 [CatalogVarStorage] {Main} Setting var from catalog Client.Announcements.MaximumAnnouncements=20
D 2022-03-16 19:21:22.104095 [CatalogVarStorage] {Main} Setting var from catalog Client.NewProfileWindowLayout=true
D 2022-03-16 19:21:22.104104 [CatalogVarStorage] {Main} Setting var from catalog Client.PromotedScreenVersion=3
D 2022-03-16 19:21:22.104114 [CatalogVarStorage] {Main} Setting var from catalog Client.Version.BetaAccessOverride=enabled
D 2022-03-16 19:21:22.104122 [CatalogVarStorage] {Main} Setting var from catalog Client.Version.BetaBranchOverride=beta
D 2022-03-16 19:21:22.104131 [CatalogVarStorage] {Main} Setting var from catalog Services.WhisperChannels.InactivityTimeoutMS=0
D 2022-03-16 19:21:22.104141 [CatalogVarStorage] {Main} Setting var from catalog Services.HTTPClient.ConnectionTimeoutMS=0
I 2022-03-16 19:21:22.111590 [CatalogLoader] {Main} *** LOAD COMPLETE default ***
D 2022-03-16 19:21:22.692954 [LoginController] {Main} Login_QueueUpdate (position=1,clientWaitTime=00:00:01.011986,skipLoginQueueUi=true)
D 2022-03-16 19:21:23.613246 [InstallManager] {Main} Update started: battle.net
I 2022-03-16 19:21:23.657961 [Main] {Main} Opened database at: C:\Users\User\AppData\Local\Battle.net\Account\402069929\account.db
I 2022-03-16 19:21:23.671596 [GSAccountProvider] {Main} Login triggered. entityId=1:0:17f719a9
I 2022-03-16 19:21:23.671693 [GSStateTracker] {Main} State changed to: WaitingForAccountState
I 2022-03-16 19:21:23.671783 [AccountManager] {Main} Account manager state has changed to: Loading
D 2022-03-16 19:21:23.674276 [GSAccountProvider] {Main} Querying account level info for account: 1:0:17f719a9
D 2022-03-16 19:21:23.674461 [GSAccountProvider] {Main} Querying parental control info for account: 1:0:17f719a9
D 2022-03-16 19:21:23.674541 [GSAccountProvider] {Main} Querying game accounts for region: US
D 2022-03-16 19:21:23.674618 [GSAccountProvider] {Main} Querying game accounts for region: EU
D 2022-03-16 19:21:23.674656 [GSAccountProvider] {Main} Querying game accounts for region: KR
D 2022-03-16 19:21:23.674680 [GSAccountProvider] {Main} Querying game accounts for region: SG
D 2022-03-16 19:21:23.674704 [GSAccountProvider] {Main} Querying game accounts for region: XX
D 2022-03-16 19:21:23.674730 [GSAccountProvider] {Main} Querying game accounts for region: GLOBAL
D 2022-03-16 19:21:23.674758 [GSAccountProvider] {Main} Querying parental control info for account: 1:0:17f719a9
D 2022-03-16 19:21:23.674919 [GSAccountProvider] {Main} Querying program level information for program: OSI
D 2022-03-16 19:21:23.675020 [GSAccountProvider] {Main} Querying program level information for program: Fen
D 2022-03-16 19:21:23.675060 [GSAccountProvider] {Main} Querying program level information for program: D3
D 2022-03-16 19:21:23.675095 [GSAccountProvider] {Main} Querying program level information for program: S2
D 2022-03-16 19:21:23.675136 [GSAccountProvider] {Main} Querying program level information for program: S1
D 2022-03-16 19:21:23.675218 [GSAccountProvider] {Main} Querying program level information for program: FORE
D 2022-03-16 19:21:23.675254 [GSAccountProvider] {Main} Querying program level information for program: W3
D 2022-03-16 19:21:23.675338 [GSAccountProvider] {Main} Querying program level information for program: WoW
D 2022-03-16 19:21:23.675397 [GSAccountProvider] {Main} Querying program level information for program: Pro
D 2022-03-16 19:21:23.675439 [GSAccountProvider] {Main} Querying program level information for program: Hero
D 2022-03-16 19:21:23.675483 [GSAccountProvider] {Main} Querying program level information for program: D3CN
D 2022-03-16 19:21:23.675534 [GSAccountProvider] {Main} Querying program level information for program: AUKS
D 2022-03-16 19:21:23.675570 [GSAccountProvider] {Main} Querying program level information for program: LAZR
D 2022-03-16 19:21:23.675612 [GSAccountProvider] {Main} Querying program level information for program: ODIN
D 2022-03-16 19:21:23.675647 [GSAccountProvider] {Main} Querying program level information for program: RTRO
D 2022-03-16 19:21:23.675680 [GSAccountProvider] {Main} Querying program level information for program: SPOT
D 2022-03-16 19:21:23.675713 [GSAccountProvider] {Main} Querying program level information for program: VIPR
D 2022-03-16 19:21:23.675749 [GSAccountProvider] {Main} Querying program level information for program: WLBY
D 2022-03-16 19:21:23.675790 [GSAccountProvider] {Main} Querying program level information for program: WTCG
D 2022-03-16 19:21:23.675837 [GSAccountProvider] {Main} Querying program level information for program: ZEUS
D 2022-03-16 19:21:23.697660 [GSAccountProvider] {Main} Received AccountLevelInfo for account. entityId=1:0:17f719a9 accountLevelInfo=|licenses:|id=265|id=268|id=274|id=10107|id=10432|id=24636|:licenses|default_currency=5395778|country=RUS|preferred_region=2|account_paid_any=1
I 2022-03-16 19:21:23.697865 [AccountManager] {Main} Account site region code changed: EU
I 2022-03-16 19:21:23.697888 [AccountManager] {Main} Account country changed: RUS
D 2022-03-16 19:21:23.697985 [GSAccountProvider] {Main} Parental control info for account (1:0:17f719a9) resulted in cache miss.
D 2022-03-16 19:21:23.698032 [GSAccountProvider] {Main} Game account list for region 'US' resulted in cache miss.
I 2022-03-16 19:21:23.698048 [GSStateTracker] {Main} State changed to: Loading
D 2022-03-16 19:21:23.698100 [GSAccountProvider] {Main} Querying game level information for entity: (Game: EU-D3-918804046)
D 2022-03-16 19:21:23.698139 [GSAccountProvider] {Main} Querying game time info for entity Id: (Game: EU-D3-918804046)
D 2022-03-16 19:21:23.698198 [GSAccountProvider] {Main} Querying game level information for entity: (Game: EU-S2-913901202)
D 2022-03-16 19:21:23.698240 [GSAccountProvider] {Main} Querying game time info for entity Id: (Game: EU-S2-913901202)
D 2022-03-16 19:21:23.698298 [GSAccountProvider] {Main} Querying game level information for entity: (Game: EU-WTCG-19154452)
D 2022-03-16 19:21:23.698346 [GSAccountProvider] {Main} Querying game time info for entity Id: (Game: EU-WTCG-19154452)
D 2022-03-16 19:21:23.698386 [GSAccountProvider] {Main} Received 3 game accounts from region 'EU'
D 2022-03-16 19:21:23.698425 [GSAccountProvider] {Main} Game account list for region 'KR' resulted in cache miss.
D 2022-03-16 19:21:23.698449 [GSAccountProvider] {Main} Game account list for region 'SG' resulted in cache miss.
D 2022-03-16 19:21:23.698501 [GSAccountProvider] {Main} Querying game level information for entity: (Game: XX-WTCG-21388410)
D 2022-03-16 19:21:23.698539 [GSAccountProvider] {Main} Querying game time info for entity Id: (Game: XX-WTCG-21388410)
D 2022-03-16 19:21:23.698578 [GSAccountProvider] {Main} Received 1 game accounts from region 'XX'
D 2022-03-16 19:21:23.698611 [GSAccountProvider] {Main} Game account list for region 'GLOBAL' resulted in cache miss.
D 2022-03-16 19:21:23.698642 [GSAccountProvider] {Main} Parental control info for account (1:0:17f719a9) resulted in cache miss.
D 2022-03-16 19:21:23.698681 [GSAccountProvider] {Main} Received program level info. programId=OSI programLevelInfo=|program=5198665
D 2022-03-16 19:21:23.698783 [GSAccountProvider] {Main} Received program level info. programId=Fen programLevelInfo=|program=4613486
D 2022-03-16 19:21:23.698816 [GSAccountProvider] {Main} Received program level info. programId=D3 programLevelInfo=|program=17459
D 2022-03-16 19:21:23.698853 [GSAccountProvider] {Main} Received program level info. programId=S2 programLevelInfo=|program=21298|licenses:|id=24636|:licenses
D 2022-03-16 19:21:23.698930 [GSAccountProvider] {Main} Received program level info. programId=S1 programLevelInfo=|program=21297
D 2022-03-16 19:21:23.698972 [GSAccountProvider] {Main} Received program level info. programId=FORE programLevelInfo=|program=1179603525
D 2022-03-16 19:21:23.699011 [GSAccountProvider] {Main} Received program level info. programId=W3 programLevelInfo=|program=22323
D 2022-03-16 19:21:23.699051 [GSAccountProvider] {Main} Received program level info. programId=WoW programLevelInfo=|program=5730135|licenses:|id=274|:licenses
D 2022-03-16 19:21:23.699105 [GSAccountProvider] {Main} Received program level info. programId=Pro programLevelInfo=|program=5272175
D 2022-03-16 19:21:23.699129 [GSAccountProvider] {Main} Received program level info. programId=Hero programLevelInfo=|is_beta=1|program=1214607983|licenses:|id=10107|:licenses|licenses:|id=10432|:licenses
D 2022-03-16 19:21:23.699192 [GSAccountProvider] {Main} Cache miss for program level info. programId=D3CN
D 2022-03-16 19:21:23.699210 [GSAccountProvider] {Main} Received program level info. programId=AUKS programLevelInfo=|program=1096108883
D 2022-03-16 19:21:23.699228 [GSAccountProvider] {Main} Received program level info. programId=LAZR programLevelInfo=|program=1279351378
D 2022-03-16 19:21:23.699248 [GSAccountProvider] {Main} Received program level info. programId=ODIN programLevelInfo=|program=1329875278
D 2022-03-16 19:21:23.699267 [GSAccountProvider] {Main} Received program level info. programId=RTRO programLevelInfo=|program=1381257807
D 2022-03-16 19:21:23.699290 [GSAccountProvider] {Main} Received program level info. programId=SPOT programLevelInfo=|program=1397772116
D 2022-03-16 19:21:23.699307 [GSAccountProvider] {Main} Received program level info. programId=VIPR programLevelInfo=|program=1447645266
D 2022-03-16 19:21:23.699326 [GSAccountProvider] {Main} Received program level info. programId=WLBY programLevelInfo=|program=1464615513
D 2022-03-16 19:21:23.699342 [GSAccountProvider] {Main} Received program level info. programId=WTCG programLevelInfo=|is_lifetime=1|program=1465140039|licenses:|id=265|:licenses
D 2022-03-16 19:21:23.699370 [GSAccountProvider] {Main} Received program level info. programId=ZEUS programLevelInfo=|program=1514493267
D 2022-03-16 19:21:23.703229 [GSAccountProvider] {Main} Received GameLevelInfo: (Game: EU-D3-918804046) info=|name="D31"|program=17459|realm_permissions=1|last_logout_time_ms=1585779644000
D 2022-03-16 19:21:23.703413 [GSAccountProvider] {Main} Received GameTimeInfo: (Game: EU-D3-918804046) info=
D 2022-03-16 19:21:23.703524 [GSAccountProvider] {Main} Received GameLevelInfo: (Game: EU-S2-913901202) info=|is_trial=0|is_restricted=0|name="S21"|program=21298|realm_permissions=1|last_logout_time_ms=1647106727000
D 2022-03-16 19:21:23.703625 [GSAccountProvider] {Main} Received GameTimeInfo: (Game: EU-S2-913901202) info=
D 2022-03-16 19:21:23.703656 [GSAccountProvider] {Main} Received GameLevelInfo: (Game: EU-WTCG-19154452) info=|name="WTCG1"|program=1465140039|licenses:|id=10444|:licenses|licenses:|id=11340|:licenses|realm_permissions=1
D 2022-03-16 19:21:23.703734 [GSAccountProvider] {Main} Received GameTimeInfo: (Game: EU-WTCG-19154452) info=
D 2022-03-16 19:21:23.703768 [GSAccountProvider] {Main} Received GameLevelInfo: (Game: XX-WTCG-21388410) info=|name="WTCG1"|program=1465140039|realm_permissions=1
D 2022-03-16 19:21:23.703824 [GSAccountProvider] {Main} Received GameTimeInfo: (Game: XX-WTCG-21388410) info=
D 2022-03-16 19:21:23.863857 [GSAccountProvider] {Main} Subscription has been activated. entityId=(BNet: 1:0:17f719a9)
D 2022-03-16 19:21:23.863949 [GSAccountProvider] {Main} Querying game accounts for region: US
D 2022-03-16 19:21:23.863986 [GSAccountProvider] {Main} Querying game accounts for region: KR
D 2022-03-16 19:21:23.864012 [GSAccountProvider] {Main} Querying game accounts for region: SG
D 2022-03-16 19:21:23.864035 [GSAccountProvider] {Main} Querying game accounts for region: GLOBAL
D 2022-03-16 19:21:23.873576 [GSAccountProvider] {Main} Region 'US' has no game accounts.
D 2022-03-16 19:21:23.873654 [GSAccountProvider] {Main} Region 'KR' has no game accounts.
D 2022-03-16 19:21:23.873693 [GSAccountProvider] {Main} Region 'SG' has no game accounts.
D 2022-03-16 19:21:23.873733 [GSAccountProvider] {Main} Region 'GLOBAL' has no game accounts.
I 2022-03-16 19:21:23.873770 [GSStateTracker] {Main} All region requests have been completed!
I 2022-03-16 19:21:23.873812 [GSStateTracker] {Main} State changed to: WaitingForEntitlements
D 2022-03-16 19:21:23.873922 [GSAccountProvider] {Main} Completed initial load.
D 2022-03-16 19:21:23.873960 [GSAccountProvider] {Main} Querying game status for program id: D3
D 2022-03-16 19:21:23.874014 [GSAccountProvider] {Main} Querying game status for program id: S1
D 2022-03-16 19:21:23.874061 [GSAccountProvider] {Main} Querying game status for program id: S2
D 2022-03-16 19:21:23.874108 [GSAccountProvider] {Main} Querying game status for program id: W3
D 2022-03-16 19:21:23.874155 [GSAccountProvider] {Main} Querying game status for program id: Fen
D 2022-03-16 19:21:23.874200 [GSAccountProvider] {Main} Querying game status for program id: OSI
D 2022-03-16 19:21:23.874242 [GSAccountProvider] {Main} Querying game status for program id: Pro
D 2022-03-16 19:21:23.874290 [GSAccountProvider] {Main} Querying game status for program id: AUKS
D 2022-03-16 19:21:23.874339 [GSAccountProvider] {Main} Querying game status for program id: D3CN
D 2022-03-16 19:21:23.874385 [GSAccountProvider] {Main} Querying game status for program id: FORE
D 2022-03-16 19:21:23.874429 [GSAccountProvider] {Main} Querying game status for program id: Hero
D 2022-03-16 19:21:23.874469 [GSAccountProvider] {Main} Querying game status for program id: LAZR
D 2022-03-16 19:21:23.874515 [GSAccountProvider] {Main} Querying game status for program id: ODIN
D 2022-03-16 19:21:23.874557 [GSAccountProvider] {Main} Querying game status for program id: RTRO
D 2022-03-16 19:21:23.874599 [GSAccountProvider] {Main} Querying game status for program id: SPOT
D 2022-03-16 19:21:23.874652 [GSAccountProvider] {Main} Querying game status for program id: VIPR
D 2022-03-16 19:21:23.874696 [GSAccountProvider] {Main} Querying game status for program id: WLBY
D 2022-03-16 19:21:23.874741 [GSAccountProvider] {Main} Querying game status for program id: WTCG
D 2022-03-16 19:21:23.874786 [GSAccountProvider] {Main} Querying game status for program id: ZEUS
I 2022-03-16 19:21:23.883065 [GSStateTracker] {Main} State changed to: Ready
I 2022-03-16 19:21:23.883185 [GSAccountProvider] {Main} Loaded accounts: 10
I 2022-03-16 19:21:23.883241 [GSAccountProvider] {Main} [OSI-OSI:beta]
I 2022-03-16 19:21:23.883276 [GSAccountProvider] {Main} [S1-S1:ptr]
I 2022-03-16 19:21:23.883325 [GSAccountProvider] {Main} [FORE-FORE:beta]
I 2022-03-16 19:21:23.883361 [GSAccountProvider] {Main} [D3-D3:retail]
I 2022-03-16 19:21:23.883392 [GSAccountProvider] {Main} [S2-S2:ptr]
I 2022-03-16 19:21:23.883422 [GSAccountProvider] {Main} [Hero-Hero:ptr]
I 2022-03-16 19:21:23.883454 [GSAccountProvider] {Main} [S2-S2:retail]
I 2022-03-16 19:21:23.883484 [GSAccountProvider] {Main} [ODIN-ODIN_MW:beta]
I 2022-03-16 19:21:23.883518 [GSAccountProvider] {Main} [WTCG-WTCG:retail]
I 2022-03-16 19:21:23.883553 [GSAccountProvider] {Main} [ZEUS-ZEUS:beta]
I 2022-03-16 19:21:23.883589 [AccountManager] {Main} Account manager state has changed to: Ready
I 2022-03-16 19:21:23.883924 [GameProvider] {Main} Beginning GameProvider initialization.
D 2022-03-16 19:21:23.884162 [GameProvider] {Main} Inserting new unbound entity because no suitable match was found. uniqueId=Hero_retail
D 2022-03-16 19:21:23.885417 [GameProvider] {Main} Inserting new unbound entity because no suitable match was found. uniqueId=AUKS_retail
D 2022-03-16 19:21:23.886392 [GameProvider] {Main} Inserting new unbound entity because no suitable match was found. uniqueId=D3_retail
D 2022-03-16 19:21:23.886470 [GameProvider] {Main} Inserting new unbound entity because no suitable match was found. uniqueId=D3CN_retail
D 2022-03-16 19:21:23.887011 [GameProvider] {Main} Inserting new unbound entity because no suitable match was found. uniqueId=FORE_retail
D 2022-03-16 19:21:23.887431 [GameProvider] {Main} Inserting new unbound entity because no suitable match was found. uniqueId=Fen_retail
D 2022-03-16 19:21:23.887986 [GameProvider] {Main} Inserting new unbound entity because no suitable match was found. uniqueId=OSI_retail
D 2022-03-16 19:21:23.888367 [GameProvider] {Main} Inserting new unbound entity because no suitable match was found. uniqueId=LAZR_retail
D 2022-03-16 19:21:23.888933 [GameProvider] {Main} Inserting new unbound entity because no suitable match was found. uniqueId=ODIN_retail
D 2022-03-16 19:21:23.889416 [GameProvider] {Main} Inserting new unbound entity because no suitable match was found. uniqueId=Pro_retail
D 2022-03-16 19:21:23.889821 [GameProvider] {Main} Inserting new unbound entity because no suitable match was found. uniqueId=RTRO_retail
D 2022-03-16 19:21:23.890235 [GameProvider] {Main} Inserting new unbound entity because no suitable match was found. uniqueId=S1_retail
D 2022-03-16 19:21:23.890581 [GameProvider] {Main} Inserting new unbound entity because no suitable match was found. uniqueId=S2_retail
D 2022-03-16 19:21:23.890631 [GameProvider] {Main} Inserting new unbound entity because no suitable match was found. uniqueId=SPOT_retail
D 2022-03-16 19:21:23.891003 [GameProvider] {Main} Inserting new unbound entity because no suitable match was found. uniqueId=VIPR_retail
D 2022-03-16 19:21:23.891360 [GameProvider] {Main} Inserting new unbound entity because no suitable match was found. uniqueId=W3_retail
D 2022-03-16 19:21:23.891773 [GameProvider] {Main} Inserting new unbound entity because no suitable match was found. uniqueId=WLBY_retail
D 2022-03-16 19:21:23.892160 [GameProvider] {Main} Inserting new unbound entity because no suitable match was found. uniqueId=WTCG_retail
D 2022-03-16 19:21:23.892908 [GameProvider] {Main} Inserting new unbound entity because no suitable match was found. uniqueId=WoW_retail
D 2022-03-16 19:21:23.893986 [GameProvider] {Main} Tried to insert an unbound entity with no uid. productCode=WoWC_wow_classic
D 2022-03-16 19:21:23.894079 [GameProvider] {Main} Inserting new unbound entity because no suitable match was found. uniqueId=ZEUS_retail
D 2022-03-16 19:21:23.894847 [GameProvider] {Main} Tried to insert an unbound entity that already exists. productCode=D3_retail bound=0
D 2022-03-16 19:21:23.894947 [GameProvider] {Main} Tried to insert an unbound entity that already exists. productCode=S2_retail bound=0
I 2022-03-16 19:21:23.895139 [GameProvider] {Main} Inserting new bound entity because no suitable match was found. accountInfo=[OSI-OSI:beta] productId=OSI productType=beta
I 2022-03-16 19:21:23.895581 [GameProvider] {Main} Inserting new bound entity because no suitable match was found. accountInfo=[S1-S1:ptr] productId=S1 productType=ptr
I 2022-03-16 19:21:23.896024 [GameProvider] {Main} Inserting new bound entity because no suitable match was found. accountInfo=[FORE-FORE:beta] productId=FORE productType=beta
D 2022-03-16 19:21:23.896535 [GameProvider] {Main} Binding account info to available unbound entity. productCode=D3_retail accountInfo=[D3-D3:retail]
I 2022-03-16 19:21:23.896625 [GameProvider] {Main} Inserting new bound entity because no suitable match was found. accountInfo=[S2-S2:ptr] productId=S2 productType=ptr
I 2022-03-16 19:21:23.897030 [GameProvider] {Main} Inserting new bound entity because no suitable match was found. accountInfo=[Hero-Hero:ptr] productId=Hero productType=ptr
D 2022-03-16 19:21:23.897447 [GameProvider] {Main} Binding account info to available unbound entity. productCode=S2_retail accountInfo=[S2-S2:retail]
I 2022-03-16 19:21:23.897534 [GameProvider] {Main} Inserting new bound entity because no suitable match was found. accountInfo=[ODIN-ODIN_MW:beta] productId=ODIN_MW productType=beta
D 2022-03-16 19:21:23.897896 [GameProvider] {Main} Binding account info to available unbound entity. productCode=WTCG_retail accountInfo=[WTCG-WTCG:retail]
I 2022-03-16 19:21:23.897981 [GameProvider] {Main} Inserting new bound entity because no suitable match was found. accountInfo=[ZEUS-ZEUS:beta] productId=ZEUS productType=beta
I 2022-03-16 19:21:23.898298 [GameProvider] {Main} Game provider is now initialized
I 2022-03-16 19:21:23.898857 [InstallFlow] {Main} FlowController is now initialized
I 2022-03-16 19:21:23.899010 [GameController] {Main} Beginning GameController initialization
D 2022-03-16 19:21:23.899520 [GameController] {Main} Game Family Added: id=WoW visible=0
D 2022-03-16 19:21:23.899904 [ProductState] {Main} Game product state created: uid=wow
D 2022-03-16 19:21:23.899980 [ProductState] {Main} InstallState (wow): currentOperation=Install currentOperationStatus=New
I 2022-03-16 19:21:23.900345 [GameController] {Main} GameAccount added to family: family=WoW account=GameAccount(WoW:retail region=EU unbound)
D 2022-03-16 19:21:23.900558 [GameController] {Main} Adding product state reference. uid=wow refCount=0
D 2022-03-16 19:21:23.900980 [GameController] {Main} Visibility Changed. family=WoW visible=1
D 2022-03-16 19:21:23.912365 [GameController] {Main} Game Family Added: id=FORE visible=0
D 2022-03-16 19:21:23.912543 [ProductState] {Main} Game product state created: uid=fore
D 2022-03-16 19:21:23.912603 [ProductState] {Main} InstallState (fore): currentOperation=Install currentOperationStatus=New
I 2022-03-16 19:21:23.912801 [GameController] {Main} GameAccount added to family: family=FORE account=GameAccount(FORE:retail region=EU unbound)
D 2022-03-16 19:21:23.912905 [GameController] {Main} Adding product state reference. uid=fore refCount=0
D 2022-03-16 19:21:23.913094 [GameController] {Main} Visibility Changed. family=FORE visible=1
D 2022-03-16 19:21:23.914258 [GameController] {Main} Game Family Added: id=Hero visible=0
D 2022-03-16 19:21:23.914425 [ProductState] {Main} Game product state created: uid=heroes
D 2022-03-16 19:21:23.914469 [ProductState] {Main} InstallState (heroes): currentOperation=Install currentOperationStatus=New
I 2022-03-16 19:21:23.914605 [GameController] {Main} GameAccount added to family: family=Hero account=GameAccount(Hero:retail region=EU unbound)
D 2022-03-16 19:21:23.914665 [GameController] {Main} Adding product state reference. uid=heroes refCount=0
D 2022-03-16 19:21:23.914784 [GameController] {Main} Visibility Changed. family=Hero visible=1
D 2022-03-16 19:21:23.915656 [GameController] {Main} Game Family Added: id=VIPR visible=0
D 2022-03-16 19:21:23.915781 [ProductState] {Main} Game product state created: uid=viper
D 2022-03-16 19:21:23.915838 [ProductState] {Main} InstallState (viper): currentOperation=Install currentOperationStatus=New
I 2022-03-16 19:21:23.915964 [GameController] {Main} GameAccount added to family: family=VIPR account=GameAccount(VIPR:retail region=EU unbound)
D 2022-03-16 19:21:23.916019 [GameController] {Main} Adding product state reference. uid=viper refCount=0
D 2022-03-16 19:21:23.916118 [GameController] {Main} Visibility Changed. family=VIPR visible=1
D 2022-03-16 19:21:23.916970 [GameController] {Main} Game Family Added: id=D3 visible=0
I 2022-03-16 19:21:23.917170 [GameController] {Main} GameAccount added to family: family=D3 account=GameAccount(D3:retail region=EU)
D 2022-03-16 19:21:23.917258 [GameController] {Main} Adding product state reference. uid=diablo3 refCount=0
D 2022-03-16 19:21:23.917379 [GameController] {Main} Visibility Changed. family=D3 visible=1
D 2022-03-16 19:21:23.918242 [GameController] {Main} Game Family Added: id=AUKS visible=0
D 2022-03-16 19:21:23.918354 [ProductState] {Main} Game product state created: uid=auks
D 2022-03-16 19:21:23.918391 [ProductState] {Main} InstallState (auks): currentOperation=Install currentOperationStatus=New
I 2022-03-16 19:21:23.918507 [GameController] {Main} GameAccount added to family: family=AUKS account=GameAccount(AUKS:retail region=EU unbound hidden)
D 2022-03-16 19:21:23.918560 [GameController] {Main} Adding product state reference. uid=auks refCount=0
D 2022-03-16 19:21:23.919489 [GameController] {Main} Game Family Added: id=OSI visible=0
D 2022-03-16 19:21:23.919618 [ProductState] {Main} Game product state created: uid=osi
D 2022-03-16 19:21:23.919654 [ProductState] {Main} InstallState (osi): currentOperation=Install currentOperationStatus=New
I 2022-03-16 19:21:23.919783 [GameController] {Main} GameAccount added to family: family=OSI account=GameAccount(OSI:retail region=EU unbound)
D 2022-03-16 19:21:23.919876 [GameController] {Main} Adding product state reference. uid=osi refCount=0
D 2022-03-16 19:21:23.920033 [GameController] {Main} Visibility Changed. family=OSI visible=1
D 2022-03-16 19:21:23.920884 [GameController] {Main} Game Family Added: id=D3CN visible=0
D 2022-03-16 19:21:23.921006 [ProductState] {Main} Game product state created: uid=d3cn
D 2022-03-16 19:21:23.921045 [ProductState] {Main} InstallState (d3cn): currentOperation=Install currentOperationStatus=New
I 2022-03-16 19:21:23.921148 [GameController] {Main} GameAccount added to family: family=D3CN account=GameAccount(D3CN:retail region=<none> unbound hidden)
D 2022-03-16 19:21:23.921191 [GameController] {Main} Adding product state reference. uid=d3cn refCount=0
D 2022-03-16 19:21:23.922214 [GameController] {Main} Game Family Added: id=Fen visible=0
D 2022-03-16 19:21:23.922325 [ProductState] {Main} Game product state created: uid=fenris
D 2022-03-16 19:21:23.922361 [ProductState] {Main} InstallState (fenris): currentOperation=Install currentOperationStatus=New
I 2022-03-16 19:21:23.922478 [GameController] {Main} GameAccount added to family: family=Fen account=GameAccount(Fen:retail region=EU unbound hidden)
D 2022-03-16 19:21:23.922536 [GameController] {Main} Adding product state reference. uid=fenris refCount=0
D 2022-03-16 19:21:23.923460 [GameController] {Main} Game Family Added: id=LAZR visible=0
D 2022-03-16 19:21:23.923604 [ProductState] {Main} Game product state created: uid=lazarus
D 2022-03-16 19:21:23.923643 [ProductState] {Main} InstallState (lazarus): currentOperation=Install currentOperationStatus=New
I 2022-03-16 19:21:23.923759 [GameController] {Main} GameAccount added to family: family=LAZR account=GameAccount(LAZR:retail region=EU unbound)
D 2022-03-16 19:21:23.923811 [GameController] {Main} Adding product state reference. uid=lazarus refCount=0
D 2022-03-16 19:21:23.923924 [GameController] {Main} Visibility Changed. family=LAZR visible=1
D 2022-03-16 19:21:23.924771 [GameController] {Main} Game Family Added: id=ODIN visible=0
D 2022-03-16 19:21:23.924938 [ProductState] {Main} Game product state created: uid=odin
D 2022-03-16 19:21:23.924980 [ProductState] {Main} InstallState (odin): currentOperation=Install currentOperationStatus=New
I 2022-03-16 19:21:23.925109 [GameController] {Main} GameAccount added to family: family=ODIN account=GameAccount(ODIN:retail region=EU unbound)
D 2022-03-16 19:21:23.925169 [GameController] {Main} Adding product state reference. uid=odin refCount=0
D 2022-03-16 19:21:23.925268 [GameController] {Main} Visibility Changed. family=ODIN visible=1
D 2022-03-16 19:21:23.926114 [GameController] {Main} Game Family Added: id=Pro visible=0
D 2022-03-16 19:21:23.926237 [ProductState] {Main} Game product state created: uid=prometheus
D 2022-03-16 19:21:23.926273 [ProductState] {Main} InstallState (prometheus): currentOperation=Install currentOperationStatus=New
I 2022-03-16 19:21:23.926393 [GameController] {Main} GameAccount added to family: family=Pro account=GameAccount(Pro:retail region=EU unbound)
D 2022-03-16 19:21:23.926455 [GameController] {Main} Adding product state reference. uid=prometheus refCount=0
D 2022-03-16 19:21:23.926572 [GameController] {Main} Visibility Changed. family=Pro visible=1
D 2022-03-16 19:21:23.927422 [GameController] {Main} Game Family Added: id=RTRO visible=0
D 2022-03-16 19:21:23.927551 [ProductState] {Main} Game product state created: uid=rtro
D 2022-03-16 19:21:23.927589 [ProductState] {Main} InstallState (rtro): currentOperation=Install currentOperationStatus=New
I 2022-03-16 19:21:23.927700 [GameController] {Main} GameAccount added to family: family=RTRO account=GameAccount(RTRO:retail region=EU unbound)
D 2022-03-16 19:21:23.927758 [GameController] {Main} Adding product state reference. uid=rtro refCount=0
D 2022-03-16 19:21:23.927869 [GameController] {Main} Visibility Changed. family=RTRO visible=1
D 2022-03-16 19:21:23.928705 [GameController] {Main} Game Family Added: id=S1 visible=0
D 2022-03-16 19:21:23.928816 [ProductState] {Main} Game product state created: uid=s1
D 2022-03-16 19:21:23.928871 [ProductState] {Main} InstallState (s1): currentOperation=Install currentOperationStatus=New
I 2022-03-16 19:21:23.929030 [GameController] {Main} GameAccount added to family: family=S1 account=GameAccount(S1:retail region=EU unbound)
D 2022-03-16 19:21:23.929084 [GameController] {Main} Adding product state reference. uid=s1 refCount=0
D 2022-03-16 19:21:23.929190 [GameController] {Main} Visibility Changed. family=S1 visible=1
D 2022-03-16 19:21:23.930095 [GameController] {Main} Game Family Added: id=S2 visible=0
I 2022-03-16 19:21:23.930174 [GameController] {Main} GameAccount added to family: family=S2 account=GameAccount(S2:retail region=EU)
D 2022-03-16 19:21:23.930218 [GameController] {Main} Adding product state reference. uid=s2 refCount=0
D 2022-03-16 19:21:23.930308 [GameController] {Main} Visibility Changed. family=S2 visible=1
D 2022-03-16 19:21:23.931078 [GameController] {Main} Game Family Added: id=SPOT visible=0
D 2022-03-16 19:21:23.931140 [ProductState] {Main} Game product state created: uid=spot
D 2022-03-16 19:21:23.931160 [ProductState] {Main} InstallState (spot): currentOperation=Install currentOperationStatus=New
I 2022-03-16 19:21:23.931215 [GameController] {Main} GameAccount added to family: family=SPOT account=GameAccount(SPOT:retail region=EU unbound hidden)
D 2022-03-16 19:21:23.931243 [GameController] {Main} Adding product state reference. uid=spot refCount=0
D 2022-03-16 19:21:23.931699 [GameController] {Main} Game Family Added: id=W3 visible=0
D 2022-03-16 19:21:23.931755 [ProductState] {Main} Game product state created: uid=w3
D 2022-03-16 19:21:23.931773 [ProductState] {Main} InstallState (w3): currentOperation=Install currentOperationStatus=New
I 2022-03-16 19:21:23.931839 [GameController] {Main} GameAccount added to family: family=W3 account=GameAccount(W3:retail region=EU unbound)
D 2022-03-16 19:21:23.931865 [GameController] {Main} Adding product state reference. uid=w3 refCount=0
D 2022-03-16 19:21:23.931911 [GameController] {Main} Visibility Changed. family=W3 visible=1
D 2022-03-16 19:21:23.932356 [ProductState] {Main} Game product state created: uid=osi_beta
D 2022-03-16 19:21:23.932376 [ProductState] {Main} InstallState (osi_beta): currentOperation=Install currentOperationStatus=New
I 2022-03-16 19:21:23.932452 [GameController] {Main} GameAccount added to family: family=OSI account=GameAccount(OSI:beta region=EU hidden)
D 2022-03-16 19:21:23.932475 [GameController] {Main} Adding product state reference. uid=osi_beta refCount=0
D 2022-03-16 19:21:23.932947 [GameController] {Main} Game Family Added: id=WLBY visible=0
D 2022-03-16 19:21:23.933017 [ProductState] {Main} Game product state created: uid=wlby
D 2022-03-16 19:21:23.933041 [ProductState] {Main} InstallState (wlby): currentOperation=Install currentOperationStatus=New
I 2022-03-16 19:21:23.933102 [GameController] {Main} GameAccount added to family: family=WLBY account=GameAccount(WLBY:retail region=EU unbound)
D 2022-03-16 19:21:23.933127 [GameController] {Main} Adding product state reference. uid=wlby refCount=0
D 2022-03-16 19:21:23.933176 [GameController] {Main} Visibility Changed. family=WLBY visible=1
D 2022-03-16 19:21:23.933589 [GameController] {Main} Game Family Added: id=WTCG visible=0
D 2022-03-16 19:21:23.933651 [ProductState] {Main} Game product state created: uid=hs_beta
D 2022-03-16 19:21:23.933670 [ProductState] {Main} InstallState (hs_beta): currentOperation=Install currentOperationStatus=New
I 2022-03-16 19:21:23.933749 [GameController] {Main} GameAccount added to family: family=WTCG account=GameAccount(WTCG:retail region=EU)
D 2022-03-16 19:21:23.933778 [GameController] {Main} Adding product state reference. uid=hs_beta refCount=0
D 2022-03-16 19:21:23.933842 [GameController] {Main} Visibility Changed. family=WTCG visible=1
D 2022-03-16 19:21:23.934289 [GameController] {Main} Game Family Added: id=ZEUS visible=0
D 2022-03-16 19:21:23.934365 [ProductState] {Main} Game product state created: uid=zeus
D 2022-03-16 19:21:23.934384 [ProductState] {Main} InstallState (zeus): currentOperation=Install currentOperationStatus=New
I 2022-03-16 19:21:23.934448 [GameController] {Main} GameAccount added to family: family=ZEUS account=GameAccount(ZEUS:retail region=EU unbound)
D 2022-03-16 19:21:23.934473 [GameController] {Main} Adding product state reference. uid=zeus refCount=0
D 2022-03-16 19:21:23.934523 [GameController] {Main} Visibility Changed. family=ZEUS visible=1
D 2022-03-16 19:21:23.934968 [ProductState] {Main} Game product state created: uid=s1_ptr
D 2022-03-16 19:21:23.934987 [ProductState] {Main} InstallState (s1_ptr): currentOperation=Install currentOperationStatus=New
I 2022-03-16 19:21:23.935039 [GameController] {Main} GameAccount added to family: family=S1 account=GameAccount(S1:ptr region=XX)
D 2022-03-16 19:21:23.935065 [GameController] {Main} Adding product state reference. uid=s1_ptr refCount=0
D 2022-03-16 19:21:23.935547 [ProductState] {Main} Game product state created: uid=fore_beta
D 2022-03-16 19:21:23.935566 [ProductState] {Main} InstallState (fore_beta): currentOperation=Install currentOperationStatus=New
I 2022-03-16 19:21:23.935642 [GameController] {Main} GameAccount added to family: family=FORE account=GameAccount(FORE:beta region=EU hidden)
D 2022-03-16 19:21:23.935666 [GameController] {Main} Adding product state reference. uid=fore_beta refCount=0
D 2022-03-16 19:21:23.936139 [ProductState] {Main} Game product state created: uid=s2_ptr
D 2022-03-16 19:21:23.936158 [ProductState] {Main} InstallState (s2_ptr): currentOperation=Install currentOperationStatus=New
I 2022-03-16 19:21:23.936207 [GameController] {Main} GameAccount added to family: family=S2 account=GameAccount(S2:ptr region=XX)
D 2022-03-16 19:21:23.936234 [GameController] {Main} Adding product state reference. uid=s2_ptr refCount=0
D 2022-03-16 19:21:23.936703 [ProductState] {Main} Game product state created: uid=heroes_ptr
D 2022-03-16 19:21:23.936725 [ProductState] {Main} InstallState (heroes_ptr): currentOperation=Install currentOperationStatus=New
I 2022-03-16 19:21:23.936777 [GameController] {Main} GameAccount added to family: family=Hero account=GameAccount(Hero:ptr region=XX)
D 2022-03-16 19:21:23.936808 [GameController] {Main} Adding product state reference. uid=heroes_ptr refCount=0
D 2022-03-16 19:21:23.937299 [ProductState] {Main} Game product state created: uid=odin_beta
D 2022-03-16 19:21:23.937319 [ProductState] {Main} InstallState (odin_beta): currentOperation=Install currentOperationStatus=New
I 2022-03-16 19:21:23.937386 [GameController] {Main} GameAccount added to family: family=ODIN account=GameAccount(ODIN:beta region=EU hidden)
D 2022-03-16 19:21:23.937408 [GameController] {Main} Adding product state reference. uid=odin_beta refCount=0
D 2022-03-16 19:21:23.937887 [ProductState] {Main} Game product state created: uid=zeus_beta
D 2022-03-16 19:21:23.937907 [ProductState] {Main} InstallState (zeus_beta): currentOperation=Install currentOperationStatus=New
I 2022-03-16 19:21:23.937975 [GameController] {Main} GameAccount added to family: family=ZEUS account=GameAccount(ZEUS:beta region=EU hidden)
D 2022-03-16 19:21:23.937998 [GameController] {Main} Adding product state reference. uid=zeus_beta refCount=0
I 2022-03-16 19:21:23.946929 [GameController] {Main} Setting default selections for game controller
D 2022-03-16 19:21:23.946989 [GameController] {Main} Picked default selection by type for product group: WoW account=GameAccount(WoW:retail region=EU unbound)
D 2022-03-16 19:21:23.948186 [GameController] {Main} New selection for product group WoW: account=GameAccount(WoW:retail region=EU unbound) selectedItem=World of Warcraft
D 2022-03-16 19:21:23.951969 [RemoteContentCache] {Main} Found cached remote content. url=https://nydus.battle.net/App/ruRU/client/WoW/alert?targetRegion=EU
D 2022-03-16 19:21:23.952036 [GameController] {Main} Picked default selection by type for product group: D3 account=GameAccount(D3:retail region=EU)
D 2022-03-16 19:21:23.953031 [GameController] {Main} New selection for product group D3: account=GameAccount(D3:retail region=EU) selectedItem=Diablo III
D 2022-03-16 19:21:23.956592 [RemoteContentCache] {Main} Found cached remote content. url=https://nydus.battle.net/App/ruRU/client/D3/alert?targetRegion=EU
D 2022-03-16 19:21:23.956647 [GameController] {Main} Picked default selection by type for product group: AUKS account=GameAccount(null)
D 2022-03-16 19:21:23.956668 [GameController] {Main} Picked default selection by type for product group: SPOT account=GameAccount(null)
D 2022-03-16 19:21:23.956688 [GameController] {Main} Picked default selection by type for product group: S1 account=GameAccount(S1:retail region=EU unbound)
D 2022-03-16 19:21:23.957757 [GameController] {Main} New selection for product group S1: account=GameAccount(S1:retail region=EU unbound) selectedItem=StarCraft
D 2022-03-16 19:21:23.961366 [RemoteContentCache] {Main} Found cached remote content. url=https://nydus.battle.net/App/ruRU/client/S1/alert?targetRegion=EU
D 2022-03-16 19:21:23.961414 [GameController] {Main} Picked default selection by type for product group: S2 account=GameAccount(S2:retail region=EU)
D 2022-03-16 19:21:23.962450 [GameController] {Main} New selection for product group S2: account=GameAccount(S2:retail region=EU) selectedItem=StarCraft II
D 2022-03-16 19:21:23.966015 [RemoteContentCache] {Main} Found cached remote content. url=https://nydus.battle.net/App/ruRU/client/S2/alert?targetRegion=EU
D 2022-03-16 19:21:23.966059 [GameController] {Main} Picked default selection by type for product group: VIPR account=GameAccount(VIPR:retail region=EU unbound)
D 2022-03-16 19:21:23.966988 [GameController] {Main} New selection for product group VIPR: account=GameAccount(VIPR:retail region=EU unbound) selectedItem=Call of Duty Black Ops 4
D 2022-03-16 19:21:23.970434 [RemoteContentCache] {Main} Found cached remote content. url=https://nydus.battle.net/App/ruRU/client/VIPR/alert?targetRegion=EU
D 2022-03-16 19:21:23.970478 [GameController] {Main} Picked default selection by type for product group: ZEUS account=GameAccount(ZEUS:retail region=EU unbound)
D 2022-03-16 19:21:23.971400 [GameController] {Main} New selection for product group ZEUS: account=GameAccount(ZEUS:retail region=EU unbound) selectedItem=Call of Duty: Black Ops Cold War
D 2022-03-16 19:21:23.974842 [GameController] {Main} Picked default selection by type for product group: OSI account=GameAccount(OSI:retail region=EU unbound)
D 2022-03-16 19:21:23.975810 [GameController] {Main} Selected region change: GameAccount(OSI:retail region=EU unbound)
D 2022-03-16 19:21:23.975836 [GameController] {Main} Region changed for selected game account: GameAccount(OSI:retail region=EU unbound)
D 2022-03-16 19:21:23.979247 [GameController] {Main} New selection for product group OSI: account=GameAccount(OSI:retail region=EU unbound) selectedItem=Diablo II: Resurrected
D 2022-03-16 19:21:23.982451 [GameController] {Main} Picked default selection by type for product group: RTRO account=GameAccount(RTRO:retail region=EU unbound)
D 2022-03-16 19:21:23.983405 [GameController] {Main} Selected region change: GameAccount(RTRO:retail region=EU unbound)
D 2022-03-16 19:21:23.983430 [GameController] {Main} Region changed for selected game account: GameAccount(RTRO:retail region=EU unbound)
D 2022-03-16 19:21:23.986869 [GameController] {Main} New selection for product group RTRO: account=GameAccount(RTRO:retail region=EU unbound) selectedItem=Blizzard Arcade Collection
D 2022-03-16 19:21:23.989943 [GameController] {Main} Picked default selection by type for product group: Hero account=GameAccount(Hero:retail region=EU unbound)
D 2022-03-16 19:21:23.991070 [GameController] {Main} New selection for product group Hero: account=GameAccount(Hero:retail region=EU unbound) selectedItem=Heroes of the Storm
D 2022-03-16 19:21:23.994305 [RemoteContentCache] {Main} Found cached remote content. url=https://nydus.battle.net/App/ruRU/client/Hero/alert?targetRegion=EU
D 2022-03-16 19:21:23.994356 [GameController] {Main} Picked default selection by type for product group: Pro account=GameAccount(Pro:retail region=EU unbound)
D 2022-03-16 19:21:23.995292 [GameController] {Main} New selection for product group Pro: account=GameAccount(Pro:retail region=EU unbound) selectedItem=Overwatch
D 2022-03-16 19:21:23.998689 [RemoteContentCache] {Main} Found cached remote content. url=https://nydus.battle.net/App/ruRU/client/overwatch/alert?targetRegion=EU
D 2022-03-16 19:21:23.998727 [GameController] {Main} Picked default selection by type for product group: D3CN account=GameAccount(null)
D 2022-03-16 19:21:23.998748 [GameController] {Main} Picked default selection by type for product group: LAZR account=GameAccount(LAZR:retail region=EU unbound)
D 2022-03-16 19:21:23.999671 [GameController] {Main} New selection for product group LAZR: account=GameAccount(LAZR:retail region=EU unbound) selectedItem=Call of Duty: MW2 Campaign Remastered
D 2022-03-16 19:21:24.002833 [GameController] {Main} Picked default selection by type for product group: Fen account=GameAccount(null)
D 2022-03-16 19:21:24.002859 [GameController] {Main} Picked default selection by type for product group: FORE account=GameAccount(FORE:retail region=EU unbound)
D 2022-03-16 19:21:24.003828 [GameController] {Main} Selected region change: GameAccount(FORE:retail region=EU unbound)
D 2022-03-16 19:21:24.003850 [GameController] {Main} Region changed for selected game account: GameAccount(FORE:retail region=EU unbound)
D 2022-03-16 19:21:24.003875 [GameController] {Main} New selection for product group FORE: account=GameAccount(FORE:retail region=EU unbound) selectedItem=Call of Duty: Vanguard
D 2022-03-16 19:21:24.003909 [GameController] {Main} Picked default selection by type for product group: ODIN account=GameAccount(ODIN:retail region=EU unbound)
D 2022-03-16 19:21:24.004783 [GameController] {Main} New selection for product group ODIN: account=GameAccount(ODIN:retail region=EU unbound) selectedItem=Call of Duty: Warzone
D 2022-03-16 19:21:24.008207 [RemoteContentCache] {Main} Found cached remote content. url=https://nydus.battle.net/App/ruRU/client/odin/alert?targetRegion=EU
D 2022-03-16 19:21:24.008269 [GameController] {Main} Picked default selection by type for product group: W3 account=GameAccount(W3:retail region=EU unbound)
D 2022-03-16 19:21:24.009267 [GameController] {Main} New selection for product group W3: account=GameAccount(W3:retail region=EU unbound) selectedItem=Warcraft III
D 2022-03-16 19:21:24.012573 [RemoteContentCache] {Main} Found cached remote content. url=https://nydus.battle.net/App/ruRU/client/war3r/alert?targetRegion=EU
D 2022-03-16 19:21:24.012636 [GameController] {Main} Picked default selection by type for product group: WLBY account=GameAccount(WLBY:retail region=EU unbound)
D 2022-03-16 19:21:24.013616 [GameController] {Main} New selection for product group WLBY: account=GameAccount(WLBY:retail region=EU unbound) selectedItem=Crash Bandicoot 4:   
D 2022-03-16 19:21:24.016974 [GameController] {Main} Picked default selection by type for product group: WTCG account=GameAccount(WTCG:retail region=EU)
D 2022-03-16 19:21:24.017925 [GameController] {Main} New selection for product group WTCG: account=GameAccount(WTCG:retail region=EU) selectedItem=Hearthstone
D 2022-03-16 19:21:24.021082 [RemoteContentCache] {Main} Found cached remote content. url=https://nydus.battle.net/App/ruRU/client/WTCG/alert?targetRegion=EU
D 2022-03-16 19:21:24.021187 [GameController] {Main} Selecting game family by id: S2
D 2022-03-16 19:21:24.021204 [GameController] {Main} Active family set to: S2
D 2022-03-16 19:21:24.031675 [GameController] {Main} Active product set to: S2_retail
I 2022-03-16 19:21:24.035273 [GameController] {Main} GameController initialization complete
D 2022-03-16 19:21:24.035940 [GSAccountProvider] {Main} Completed final load.
D 2022-03-16 19:21:24.039257 [GSAccountProvider] {Main} Subscription has been activated. entityId=(Game: EU-WTCG-19154452)
D 2022-03-16 19:21:24.039285 [GSAccountProvider] {Main} Subscription has been activated. entityId=(Game: XX-WTCG-21388410)
D 2022-03-16 19:21:24.039296 [GSAccountProvider] {Main} Subscription has been activated. entityId=(Game: EU-D3-918804046)
D 2022-03-16 19:21:24.039305 [GSAccountProvider] {Main} Subscription has been activated. entityId=(Game: EU-S2-913901202)
D 2022-03-16 19:21:24.039314 [GSAccountProvider] {Main} Received GameTimeRemainingInfo: (Game: EU-D3-918804046) info=
D 2022-03-16 19:21:24.039326 [GSAccountProvider] {Main} Received GameTimeRemainingInfo: (Game: EU-WTCG-19154452) info=
D 2022-03-16 19:21:24.113768 [GSAccountProvider] {Main} Received GameTimeRemainingInfo: (Game: EU-S2-913901202) info=
D 2022-03-16 19:21:26.464590 [BAPIGateway] {Main} API request: https://eu.api.blizzard.com/content-api/v1/layoutTemplates/blt478cfc6c41578ddb/layout?cxpProductId=blt90855744d00cd378
I 2022-03-16 19:21:28.162416 [GameController] {Main} Selecting game by uid. uid=s2 prioritizeUpdate=1
I 2022-03-16 19:21:28.166197 [GameController] {Main} Prioritize Update: uid=s2
I 2022-03-16 19:21:28.166232 [ScreenController] {Main} Changing screen to: Games
I 2022-03-16 19:21:28.169978 [StartupGameSearch] {Main} Skipping automated search for unregistered games
W 2022-03-16 19:21:28.170002 [InstallManager] {Main} Skipping search for unregistered games.
I 2022-03-16 19:21:28.170009 [InstallManager] {Main} Searching for unregistered games finished.
I 2022-03-16 19:21:28.170043 [StartupGameSearch] {Main} Completed automated search for unregistered games
I 2022-03-16 19:21:28.170190 [InstallFlow] {Main} No longer waiting for game registration search to complete.
D 2022-03-16 19:21:28.171729 [InventoryController] {Main} Updating inventory
D 2022-03-16 19:21:28.171754 [InventoryController] {Main} GetInventoryInfo request
D 2022-03-16 19:21:28.171776 [BAPIGateway] {Main} API request: https://eu.api.blizzard.com/AccountInventoryService/v1/GetNewInventoryItemCount
I 2022-03-16 19:21:28.176090 [Clubs] {Main} Subscribing to club membership.
I 2022-03-16 19:21:28.176276 [ChannelV2] {Main} Subscribing to channelv2 membership service. |agentId=|id=19067494|program=4288624|region=2
I 2022-03-16 19:21:28.176339 [BNLogin] {Main} Logged into Battle.net successfully. |bnet=1:0:17f719a9|game=2:200417070:122f266
D 2022-03-16 19:21:28.207613 [BAPIGateway] {Main} API response: OK content={"layoutId":"blt9fc836ef855c7669","sections":[],"context":{"locale":"ru-ru","cxpProductId":"blt90855744d00cd378","layoutTemplateId":"blt478cfc6c41578ddb","region":"North America","includeFeed":false}}
I 2022-03-16 19:21:28.243646 [InstallManager] {Main} Starting [Auto] UPDATE operation for "s2".
D 2022-03-16 19:21:28.243674 [InstallInfo] {Main} Operation status changed: opType=Update oldStatus=Off newStatus=On agentUid=s2
D 2022-03-16 19:21:28.243716 [ProductState] {Main} InstallState (s2): currentOperationStatus=Waiting
I 2022-03-16 19:21:28.250548 [Frontend] {Main} Switching Progress display mode. uid=s2 mode=ShowProgressBar
I 2022-03-16 19:21:28.451890 [ChannelV2] {Main} ChannelV2 membership subscription created.
I 2022-03-16 19:21:28.557192 [Clubs] {Main} Club membership subscription created: |accountId=|id=402069929
D 2022-03-16 19:21:28.557415 [BAPIGateway] {Main} API response: OK content={"error":null,"newCount":0,"totalCount":0}
D 2022-03-16 19:21:28.557456 [InventoryController] {Main} Inventory changed, new: 0 total: 0
D 2022-03-16 19:21:28.843478 [ProductState] {Main} InstallState (s2): currentOperationStatus=Initializing downloadRemainingExists=1 progress=0
D 2022-03-16 19:21:29.843448 [InstallManager] {Main} Update started: s2
I 2022-03-16 19:21:30.294073 [GameSessionList] {Agent} Reporting process: TrackingInfo(uid=battle.net, type=game, opStatus=On, reqId=0, running=4, oldRunning=2)
I 2022-03-16 19:21:30.303369 [InstallManager] {Main} Setting Process Running: true uid=battle.net binaryType=game any=true
W 2022-03-16 19:21:30.371517 [GamesService] {http} Request failed. url=https://nydus.battle.net/App/ruRU/client/S2/alert?targetRegion=EU statusCode=0 err=Operation timed out after 143 milliseconds with 0 out of 0 bytes received
E 2022-03-16 19:21:30.413518 [BNSocialNetwork] {Main} Error response for BGS Facebook friend list. error=ERROR_SOCIAL_NETWORK_NO_ACCOUNT_DATA (9005)
D 2022-03-16 19:21:31.923201 [ProductState] {Main} InstallState (s2):
D 2022-03-16 19:21:33.443466 [ProductState] {Main} InstallState (s2):
D 2022-03-16 19:21:41.533552 [ProductState] {Main} InstallState (s2):
D 2022-03-16 19:21:43.602844 [ProductState] {Main} InstallState (s2):
D 2022-03-16 19:21:57.473456 [ProductState] {Main} InstallState (s2):
D 2022-03-16 19:22:12.062994 [ProductState] {Main} InstallState (s2):
D 2022-03-16 19:22:12.693071 [ProductState] {Main} InstallState (s2):
D 2022-03-16 19:22:13.073482 [ProductState] {Main} InstallState (s2): currentOperationStatus=Running bytesToDownload=224921696 downloadRemaining=224921696 thresholds=(1,1)
D 2022-03-16 19:22:55.923796 [ProductState] {Main} InstallState (s2): currentOperationStatus=Finalizing bytesToDownload=0 downloadRate=4282731 downloadRemaining=0 progress=1 playableProgress=1
D 2022-03-16 19:23:00.533171 [ProductState] {Main} InstallState (s2):
I 2022-03-16 19:23:00.533330 [Frontend] {Main} Switching Progress display mode. uid=s2 mode=ShowProgressSpinner
D 2022-03-16 19:23:00.533820 [ProductState] {Main} InstallState (s2): playable=1 activeConfigKey=e55770a2b2e2252a75da7ae8af363698 regionalVersions=(cn: {playable:true config_key:e55770a2b2e2252a75da7ae8af363698}, eu: {playable:true config_key:e55770a2b2e2252a75da7ae8af363698}, kr: {playable:true config_key:e55770a2b2e2252a75da7ae8af363698}, tw: {playable:true config_key:e55770a2b2e2252a75da7ae8af363698}, us: {playable:true config_key:e55770a2b2e2252a75da7ae8af363698}) localVersion=5.0.9.87702 currentStage=Optimal
I 2022-03-16 19:23:07.367079 [InstallManager] {Main} Self-update patch applied: seqn 11 -> 11
D 2022-03-16 19:23:07.367275 [Main] {Main} SelfUpdate received by SelfUpdateEventProxy. isCriticalUpdate=false applyUpdateNow=false
D 2022-03-16 19:23:07.367346 [InstallManager] {Main} Update completed: battle.net
D 2022-03-16 19:23:07.370326 [InstallInfo] {Main} Operation status changed: opType=Update oldStatus=On newStatus=Off agentUid=battle.net
D 2022-03-16 19:23:14.883889 [ProductState] {Main} InstallState (s2): currentOperationStatus=Waiting downloadRate=0 thresholds=() currentStage=Setup
I 2022-03-16 19:23:14.884122 [Frontend] {Main} Switching Progress display mode. uid=s2 mode=ShowProgressBar
D 2022-03-16 19:23:14.884311 [ProductState] {Main} InstallState (s2): currentStage=Complete
D 2022-03-16 19:23:14.884378 [InstallManager] {Main} Update completed: s2
D 2022-03-16 19:23:14.885620 [InstallInfo] {Main} Operation status changed: opType=Update oldStatus=On newStatus=Off agentUid=s2
D 2022-03-16 19:23:14.885675 [ProductState] {Main} InstallState (s2): currentOperation=UpToDate currentOperationStatus=Paused
I 2022-03-16 19:23:14.893386 [Frontend] {Main} Switching Progress display mode. uid=s2 mode=Invisible
I 2022-03-16 19:23:22.481851 [GameSessionList] {Agent} Reporting process: TrackingInfo(uid=battle.net, type=game, opStatus=On, reqId=0, running=5, oldRunning=4)
I 2022-03-16 19:23:22.483398 [InstallManager] {Main} Setting Process Running: true uid=battle.net binaryType=game any=true
I 2022-03-16 19:23:31.493760 [GameSessionList] {Agent} Reporting process: TrackingInfo(uid=battle.net, type=game, opStatus=On, reqId=0, running=4, oldRunning=5)
I 2022-03-16 19:23:31.503416 [InstallManager] {Main} Setting Process Running: true uid=battle.net binaryType=game any=true
D 2022-03-16 19:28:17.619401 [Main] {Main} Popup dialog can now be shown
D 2022-03-16 19:28:18.914631 [GameController] {Main} Selecting game family by id: S2
I 2022-03-16 19:28:18.934270 [Main] {Main} LaunchBinary: uid=s2 selectedRegion=EU binaryType=game
D 2022-03-16 19:28:18.948309 [InstallInfo] {Main} Operation status changed: opType=Execute oldStatus=Off newStatus=Pending agentUid=s2
D 2022-03-16 19:28:18.963600 [ProductState] {Main} InstallState (s2): GameLaunching=1
I 2022-03-16 19:28:19.158520 [InstallManager] {Main} Game launch options: programId=S2 GAME_ACCOUNT= REGION=EU LOCALE=ruRU LOCALE_AUDIO=enUS LAUNCH_64BIT=1
I 2022-03-16 19:28:19.161058 [InstallManager] {Main} Game launch options: programId=S2 ACCOUNT=(hidden) ACCOUNT_TS=1647458899
I 2022-03-16 19:28:19.341252 [InstallManager] {Main} Launched E:/Games/Call of Duty/StarCraft II/Support64/SC2Switcher_x64.exe with args: -sso=1 -launch -uid s2, pid: 7620
I 2022-03-16 19:28:23.364501 [GameSessionList] {Agent} Reporting process: TrackingInfo(uid=s2, type=game, opStatus=On, reqId=0, running=1, oldRunning=0)
I 2022-03-16 19:28:23.372883 [InstallManager] {Main} Setting Process Running: true uid=s2 binaryType=game any=true
D 2022-03-16 19:28:23.372948 [InstallInfo] {Main} Operation status changed: opType=Execute oldStatus=Pending newStatus=On agentUid=s2
D 2022-03-16 19:28:23.373028 [InstallManager] {Main} Game is running: s2
D 2022-03-16 19:28:23.402516 [ProductState] {Main} InstallState (s2): gameRunning=1 isGameProcessRunning=1 GameLaunching=0
W 2022-03-16 19:30:04.232954 [BNResources] {Main} |event=GetResource failure|code=ERROR_INVALID_ARGS (7)|program=0|stream=0|version=1920291413
W 2022-03-16 19:30:04.236683 [RichPresence] {Main} |event=RichPresence resource failure.|error=ERROR_INVALID_ARGS (7)
W 2022-03-16 19:31:28.223150 [RemoteContentManager] {http} Request failed. url=https://nydus.battle.net/App/ruRU/client/S2/alert?targetRegion=EU statusCode=0 err=Connection timed out after 6 milliseconds
W 2022-03-16 19:51:22.855028 [RemoteContentManager] {http} Request failed. url=https://nydus.battle.net/App/ruRU/client/App/alert?targetRegion=EU statusCode=0 err=Connection timed out after 6 milliseconds
W 2022-03-16 20:41:26.600636 [RemoteContentManager] {http} Request failed. url=https://nydus.battle.net/App/ruRU/client/App/maintenance?targetRegion=EU statusCode=0 err=schannel: failed to receive handshake, SSL/TLS connection failed
I 2022-03-16 21:04:58.562343 [Main] {Main} Frontend is requesting to close window.
I 2022-03-16 21:05:03.095940 [GameSessionList] {Agent} Reporting process: TrackingInfo(uid=battle.net, type=game, opStatus=On, reqId=0, running=3, oldRunning=4)
I 2022-03-16 21:05:03.096096 [GameSessionList] {Agent} Reporting process: TrackingInfo(uid=s2, type=game, opStatus=Off, reqId=0, running=0, oldRunning=1)
I 2022-03-16 21:05:03.103292 [InstallManager] {Main} Setting Process Running: true uid=battle.net binaryType=game any=true
I 2022-03-16 21:05:03.103461 [InstallManager] {Main} Setting Process Running: false uid=s2 binaryType=game any=false
D 2022-03-16 21:05:03.103510 [InstallInfo] {Main} Operation status changed: opType=Execute oldStatus=On newStatus=Off agentUid=s2
D 2022-03-16 21:05:03.103542 [InstallManager] {Main} Game is no longer running: s2
D 2022-03-16 21:05:03.113260 [ProductState] {Main} InstallState (s2): gameRunning=0 isGameProcessRunning=0
D 2022-03-16 21:05:04.033016 [InstallManager] {Main} Game finished versioning s2
