I 2022-03-21 18:59:59.536757 [Main] {Main} Logging started for Battle.net build 2.10.3.13369
I 2022-03-21 18:59:59.537100 [Configuration] {Main} SharedConfigRoot: C:\ProgramData\Battle.net
I 2022-03-21 18:59:59.537407 [Configuration] {Main} RoamingConfigRoot: C:\Users\User\AppData\Roaming\Battle.net
I 2022-03-21 18:59:59.537421 [Configuration] {Main} LocalConfigRoot: C:\Users\User\AppData\Local\Battle.net
D 2022-03-21 18:59:59.537530 [Configuration] {Main} Searching for config file: E:\Games\warzone\Battle.net\Battle.net.13369\Battle.net.config
D 2022-03-21 18:59:59.537600 [Configuration] {Main} Searching for config file: E:\Games\warzone\Battle.net\Battle.net.config
D 2022-03-21 18:59:59.538117 [Configuration] {Main} User Configuration File: C:\Users\User\AppData\Roaming\Battle.net\Battle.net.config
I 2022-03-21 18:59:59.540290 [Main] {Main} Command line arguments: {[0]=--game=s2_ruru, [1]=--gamepath=E:\Games\Call of Duty\StarCraft II}
I 2022-03-21 18:59:59.542386 [Main] {Main} Opening IPC shared memory. queueName=User:User:Battle.net IPC ShMem mode=server
I 2022-03-21 18:59:59.548636 [CommandQueue] {Main} Dispatching Command: register s2_ruru E:\Games\Call of Duty\StarCraft II   false
I 2022-03-21 18:59:59.658165 [Frontend] {Main} Supplying list of renderers: d3d11,warp,desktop
I 2022-03-21 19:00:00.642084 [LocalizationData] {Main} 21 language(s) loaded from languages.xml, default=enUS
D 2022-03-21 19:00:01.178953 [Main] {Main} Adding application font: resources/fonts/BlizzardReg.ttf
D 2022-03-21 19:00:01.180812 [Main] {Main} Adding application font: resources/fonts/BlizzardLig.ttf
D 2022-03-21 19:00:01.182330 [Main] {Main} Adding application font: resources/fonts/BlizzardBol.ttf
D 2022-03-21 19:00:01.183604 [Main] {Main} Adding application font: resources/fonts/NotoSans-Bold.ttf
D 2022-03-21 19:00:01.188598 [Main] {Main} Adding application font: resources/fonts/NotoSans-BoldItalic.ttf
D 2022-03-21 19:00:01.193061 [Main] {Main} Adding application font: resources/fonts/NotoSans-Italic.ttf
D 2022-03-21 19:00:01.197846 [Main] {Main} Adding application font: resources/fonts/NotoSans-Regular.ttf
D 2022-03-21 19:00:01.202923 [Main] {Main} Adding application font: resources/fonts/ObjectSans-Bold.ttf
D 2022-03-21 19:00:01.204769 [Main] {Main} Adding application font: resources/fonts/ObjectSans-Medium.ttf
D 2022-03-21 19:00:02.072878 [Main] {Main} Setting font to: Blizzard
I 2022-03-21 19:00:02.073868 [CacheManager] {Main} Local storage cache at: C:\Users\User\AppData\Local\Battle.net\Cache
I 2022-03-21 19:00:02.078560 [Main] {Main} Opened database at: C:\Users\User\AppData\Local\Battle.net\CachedData.db
D 2022-03-21 19:00:02.080316 [Agent] {Main} PolicyHandler Thread STARTED
D 2022-03-21 19:00:02.080330 [Agent] {Agent} PolicyHandlerThreadProc: I shall in all my best obey you.
I 2022-03-21 19:00:02.203097 [Agent] {Agent} Agent has different session: 17141979398510369361
I 2022-03-21 19:00:02.203126 [Agent] {Agent} Agent Version is now: 2.26.0.7661 (retail)
I 2022-03-21 19:00:02.205608 [GameSessionList] {Agent} Reporting process: TrackingInfo(uid=battle.net, type=game, opStatus=On, reqId=0, running=1, oldRunning=0)
D 2022-03-21 19:00:02.207884 [Agent] {Agent} GameResource created for uid: agent
D 2022-03-21 19:00:02.207959 [Agent] {Agent} GameResource created for uid: battle.net
D 2022-03-21 19:00:02.207982 [Agent] {Agent} GameResource created for uid: diablo3
D 2022-03-21 19:00:02.207999 [Agent] {Agent} GameResource created for uid: s2
I 2022-03-21 19:00:02.245223 [DIAG_BNL_Voice] {Main} Audio device monitor using already-initialized COM
I 2022-03-21 19:00:02.246777 [VoiceSessionBroker] {Main} Global voice is on
I 2022-03-21 19:00:02.247135 [Main] {Main} Execution environment changed. environment=EE_STANDARD
I 2022-03-21 19:00:02.247667 [CatalogManager] {Main} Loaded catalog hash from the database cache. hash=b48428369f5860b3328d7d36d46876be
I 2022-03-21 19:00:02.248338 [CatalogManager] {Main} Built-in catalog hash (catalog/digesthash.txt): b48428369f5860b3328d7d36d46876be
I 2022-03-21 19:00:02.248479 [CatalogManager] {Main} Built-in catalog hash (catalog/signaturehash.txt): 856260d232fb6e0a3ec7c6bdbc5c711f
I 2022-03-21 19:00:02.248512 [CatalogLoader] {Main} *** LOAD STARTED default: Context(LocalCAS: b48428369f5860b3328d7d36d46876be I) ***
W 2022-03-21 19:00:03.318886 [FeatureManager] {Main} Feature 'battle.net_http_request_0_c6caed0e' depends on missing feature 'http_test'
E 2022-03-21 19:00:03.318915 [FeatureManager] {Main} Feature 'battle.net_http_request_0_c6caed0e' has dependency errors and will not respond to dependency changes
I 2022-03-21 19:00:03.318941 [FeatureManager] {Main} Moving feature record from active to inactive: whisper_voice
I 2022-03-21 19:00:03.318950 [FeatureManager] {Main} Moving feature record from active to inactive: trace_route
I 2022-03-21 19:00:03.318956 [FeatureManager] {Main} Moving feature record from active to inactive: mapped_urls
I 2022-03-21 19:00:03.318969 [FeatureManager] {Main} Feature changed: hearthstone_limited_event_57b4aca6=true
I 2022-03-21 19:00:03.318982 [FeatureManager] {Main} Feature changed: fore_limited_alpha_f6824657=true
I 2022-03-21 19:00:03.318991 [FeatureManager] {Main} Feature changed: fore_buy_now_fore_fef83a73=true
I 2022-03-21 19:00:03.319001 [FeatureManager] {Main} Feature changed: lazarus_show_on_beta_5bbf784c=true
I 2022-03-21 19:00:03.319009 [FeatureManager] {Main} Feature changed: odin_deprecate_event_21bf1dc9=true
I 2022-03-21 19:00:03.319018 [FeatureManager] {Main} Feature changed: odin_show_on_beta_5bbf784c=true
I 2022-03-21 19:00:03.319027 [FeatureManager] {Main} Feature changed: odin_upgrade_from_odin_fef83a73=true
I 2022-03-21 19:00:03.319037 [FeatureManager] {Main} Feature changed: osi_limited_install_773b93da=true
I 2022-03-21 19:00:03.319044 [FeatureManager] {Main} Feature changed: osi_limited_product_d9fa6516=true
I 2022-03-21 19:00:03.319054 [FeatureManager] {Main} Feature changed: viper_show_on_beta_5bbf784c=true
I 2022-03-21 19:00:03.319067 [FeatureManager] {Main} Feature changed: warcraft_iii_upgrade_05e4b09b=true
I 2022-03-21 19:00:03.319075 [FeatureManager] {Main} Feature changed: wlby_show_on_beta_5bbf784c=true
I 2022-03-21 19:00:03.319084 [FeatureManager] {Main} Feature changed: zeus_refresh_without_license_b63211e4=true
I 2022-03-21 19:00:03.319093 [FeatureManager] {Main} Feature changed: zeus_show_on_beta_5bbf784c=true
I 2022-03-21 19:00:03.329714 [FeatureManager] {Main} Feature changed: cts_takeovers=true
I 2022-03-21 19:00:03.330426 [FeatureManager] {Main} Feature changed: http_test=true tags=http_request_0
I 2022-03-21 19:00:03.330448 [FeatureManager] {Main} Feature changed: shop_wish_list=true
I 2022-03-21 19:00:03.330463 [FeatureManager] {Main} Feature changed: activision_auto_account_creation=true
I 2022-03-21 19:00:03.330471 [FeatureManager] {Main} Feature changed: suggested_group_members=true
I 2022-03-21 19:00:03.330479 [FeatureManager] {Main} Feature changed: all_games_v2=true
I 2022-03-21 19:00:03.330485 [FeatureManager] {Main} Feature changed: all_games_new_badge=true
I 2022-03-21 19:00:03.330493 [FeatureManager] {Main} Feature changed: collapsible_social_panel=true
I 2022-03-21 19:00:03.330500 [FeatureManager] {Main} Feature changed: blizzard_profiles=true
I 2022-03-21 19:00:03.330511 [FeatureManager] {Main} Feature changed: clear_chat_history=true
I 2022-03-21 19:00:03.330517 [FeatureManager] {Main} Feature changed: mentions=true
I 2022-03-21 19:00:03.330524 [FeatureManager] {Main} Feature changed: social_tab=true
I 2022-03-21 19:00:03.330531 [FeatureManager] {Main} Feature changed: auto_update_optimization=true
I 2022-03-21 19:00:03.330537 [FeatureManager] {Main} Feature changed: embedded_web_view=true
I 2022-03-21 19:00:03.330544 [FeatureManager] {Main} Feature changed: group_privacy_settings=true
I 2022-03-21 19:00:03.330550 [FeatureManager] {Main} Feature changed: cn_age_alert=true
I 2022-03-21 19:00:03.330559 [FeatureManager] {Main} Feature changed: appear_offline=true
I 2022-03-21 19:00:03.330565 [FeatureManager] {Main} Feature changed: refresh_toast=true
I 2022-03-21 19:00:03.330571 [FeatureManager] {Main} Feature changed: app_feedback_dialog=true
I 2022-03-21 19:00:03.330578 [FeatureManager] {Main} Feature changed: browser_main_window=true
I 2022-03-21 19:00:03.330586 [FeatureManager] {Main} Feature changed: chat_giphy=true
I 2022-03-21 19:00:03.330592 [FeatureManager] {Main} Feature changed: content_ui=true
I 2022-03-21 19:00:03.330598 [FeatureManager] {Main} Feature changed: multichats=true
I 2022-03-21 19:00:03.330609 [FeatureManager] {Main} Feature changed: first_time_experience=true
I 2022-03-21 19:00:03.330616 [FeatureManager] {Main} Feature changed: friend_request_management=true
I 2022-03-21 19:00:03.330622 [FeatureManager] {Main} Feature changed: link_previews=true
I 2022-03-21 19:00:03.330629 [FeatureManager] {Main} Feature changed: sms_protect_requirements=true
I 2022-03-21 19:00:03.330635 [FeatureManager] {Main} Feature changed: friends_list_popout=true
I 2022-03-21 19:00:03.330641 [FeatureManager] {Main} Feature changed: gift_inventory=true
I 2022-03-21 19:00:03.330647 [FeatureManager] {Main} Feature changed: global_legendary_promos=true
I 2022-03-21 19:00:03.330654 [FeatureManager] {Main} Feature changed: refresh_friend_tooltip=true
I 2022-03-21 19:00:03.330660 [FeatureManager] {Main} Feature changed: install_packages=true
I 2022-03-21 19:00:03.330667 [FeatureManager] {Main} Feature changed: modify_install=true
I 2022-03-21 19:00:03.330673 [FeatureManager] {Main} Feature changed: non_friend_whispers=true
I 2022-03-21 19:00:03.330678 [FeatureManager] {Main} Feature changed: notification_center=true
I 2022-03-21 19:00:03.330684 [FeatureManager] {Main} Feature changed: playscreen_migrate_cms=true
I 2022-03-21 19:00:03.330690 [FeatureManager] {Main} Feature changed: shared_container_installs=true
I 2022-03-21 19:00:03.330696 [FeatureManager] {Main} Feature changed: sc2_account_selection_dialog=true
I 2022-03-21 19:00:03.330703 [FeatureManager] {Main} Feature changed: suggested_facebook_friends=true
I 2022-03-21 19:00:03.330710 [FeatureManager] {Main} Feature changed: split_test_shop_sale_promo_2021=true tags=shop_sale_promo_spring_2022
I 2022-03-21 19:00:03.330723 [FeatureManager] {Main} Feature changed: whisper_voice=true
I 2022-03-21 19:00:03.330732 [FeatureManager] {Main} Feature changed: battle.net_http_request_0_c6caed0e=true
D 2022-03-21 19:00:03.330874 [Configuration] {Main} Searching for config file: E:\Games\warzone\Battle.net\Battle.net.13369\Environments.yaml
D 2022-03-21 19:00:03.330937 [Configuration] {Main} Searching for config file: E:\Games\warzone\Battle.net\Environments.yaml
I 2022-03-21 19:00:03.330973 [EnvironmentManager] {Main} Login parameters changed: address=eu.actual.battle.net:1119 region=EU
D 2022-03-21 19:00:03.349500 [CatalogVarStorage] {Main} Setting var from catalog Client.Shop.SaleNotificationVersion=6
D 2022-03-21 19:00:03.349549 [CatalogVarStorage] {Main} Setting var from catalog Browser.DisableSiteIsolation=true
D 2022-03-21 19:00:03.349566 [CatalogVarStorage] {Main} Setting var from catalog Client.ActivisionAutoAccountCreation.Games=ODIN,ZEUS,FORE,AUKS
D 2022-03-21 19:00:03.349583 [CatalogVarStorage] {Main} Setting var from catalog Client.Shop.SaleNotificationEnabled=false
D 2022-03-21 19:00:03.349599 [CatalogVarStorage] {Main} Setting var from catalog Client.OwlScreen.LiveCheckIntervalMS=300000
D 2022-03-21 19:00:03.349628 [CatalogVarStorage] {Main} Setting var from catalog Client.Announcements.MaximumAnnouncements=20
D 2022-03-21 19:00:03.349647 [CatalogVarStorage] {Main} Setting var from catalog Client.NewProfileWindowLayout=true
D 2022-03-21 19:00:03.349664 [CatalogVarStorage] {Main} Setting var from catalog Client.PromotedScreenVersion=3
D 2022-03-21 19:00:03.349683 [CatalogVarStorage] {Main} Setting var from catalog Client.Version.BetaAccessOverride=enabled
I 2022-03-21 19:00:03.349697 [VersionManager] {Main} Beta Access: enabled
D 2022-03-21 19:00:03.349711 [CatalogVarStorage] {Main} Setting var from catalog Client.Version.BetaBranchOverride=beta
D 2022-03-21 19:00:03.349729 [CatalogVarStorage] {Main} Setting var from catalog Services.WhisperChannels.InactivityTimeoutMS=0
I 2022-03-21 19:00:03.353396 [CatalogLoader] {Main} *** LOAD COMPLETE default ***
I 2022-03-21 19:00:03.353442 [CatalogManager] {Main} Loaded initial catalog: hash=b48428369f5860b3328d7d36d46876be
I 2022-03-21 19:00:03.503373 [WebServer] {Backend:0} Listening on port 22885
I 2022-03-21 19:00:09.509473 [Main] {Main} Attempting to fetch WidevineCDM: 1
D 2022-03-21 19:00:09.516568 [UI] {Main} Fixup allowed regions and locales. installedRegion=EU allowedRegions= allowedLocales=
I 2022-03-21 19:00:09.516968 [ToastManager] {Main} Toasts are enabled in ClientSettings
D 2022-03-21 19:00:09.518633 [ProductState] {Main} Game product state created: uid=
D 2022-03-21 19:00:09.518672 [ProductState] {Main} InstallState (): currentOperation=Install currentOperationStatus=New
I 2022-03-21 19:00:09.529780 [Main] {Main} Application path is: E:\Games\warzone\Battle.net\Battle.net.exe
I 2022-03-21 19:00:09.590305 [ClientServiceAlertMonitor] {Main} Breaking News url has changed. url=https://nydus.battle.net/App/ruRU/client/App/alert?targetRegion=EU
D 2022-03-21 19:00:09.590544 [RemoteContentCache] {Main} Found cached remote content. url=https://nydus.battle.net/App/ruRU/client/App/alert?targetRegion=EU
I 2022-03-21 19:00:09.593949 [ClientServiceAlertMonitor] {Main} Maintenance url has changed. url=https://nydus.battle.net/App/ruRU/client/App/maintenance?targetRegion=EU
D 2022-03-21 19:00:09.594106 [RemoteContentCache] {Main} Found cached remote content. url=https://nydus.battle.net/App/ruRU/client/App/maintenance?targetRegion=EU
I 2022-03-21 19:00:09.595982 [Frontend] {Main} Public Computer state changed. is_public=false
D 2022-03-21 19:00:09.596013 [Frontend] {Main} Session id changed. session_id=13399142106542368077
D 2022-03-21 19:00:09.596145 [Frontend] {Main} Tracking info changed. client_id=1713518960.1636732290, user_agent=
I 2022-03-21 19:00:09.607604 [HighDpiManager] {Main} High dpi support available changed: 0
I 2022-03-21 19:00:09.607627 [Frontend] {Main} High dpi support: disabled
D 2022-03-21 19:00:09.608055 [Main] {WorkerPool:0} Checking permissions on path: C:\ProgramData\Battle.net\Setup depth=-1
D 2022-03-21 19:00:09.610708 [Main] {WorkerPool:0} Checking permissions on path: C:\ProgramData\Battle.net\Agent depth=1
D 2022-03-21 19:00:09.614212 [Main] {WorkerPool:0} Checking permissions on path: C:\ProgramData\Battle.net\Agent\Agent.7614 depth=1
D 2022-03-21 19:00:09.614994 [Main] {WorkerPool:0} Checking permissions on path: C:\ProgramData\Battle.net\Agent\Agent.7661 depth=1
D 2022-03-21 19:00:09.615762 [Main] {WorkerPool:0} Checking permissions on path: C:\ProgramData\Blizzard Entertainment depth=2
D 2022-03-21 19:00:09.819343 [Frontend] {Main} Session id changed. session_id=17141979398510369361
I 2022-03-21 19:00:09.819885 [Agent] {Main} AgentManager is now initialized
I 2022-03-21 19:00:09.819902 [InstallManager] {Main} Install manager is now initialized
D 2022-03-21 19:00:09.819910 [InstallManager] {Main} Selecting best game install data for game battle.net: savedUid=battle.net originalUid=<none> newUid=battle.net
D 2022-03-21 19:00:09.819921 [InstallInfo] {Main} InstallInfo agent association has been changed: uid=battle.net agentUid=battle.net
D 2022-03-21 19:00:09.819939 [InstallManager] {Main} Selecting best game install data for game diablo3: savedUid=diablo3 originalUid=<none> newUid=diablo3
D 2022-03-21 19:00:09.819951 [InstallInfo] {Main} InstallInfo agent association has been changed: uid=diablo3 agentUid=diablo3
D 2022-03-21 19:00:09.819971 [InstallManager] {Main} Selecting best game install data for game s2: savedUid=s2 originalUid=<none> newUid=s2
D 2022-03-21 19:00:09.819982 [InstallInfo] {Main} InstallInfo agent association has been changed: uid=s2 agentUid=s2
D 2022-03-21 19:00:09.820014 [VersionManager] {Main} Branch change from Agent detected. activeBranch= branches={[0]=beta, [1]=cn, [2]=eu, [3]=kr, [4]=sg, [5]=tw, [6]=us}
D 2022-03-21 19:00:09.820041 [VersionManager] {Main} Beta branch is available: true
D 2022-03-21 19:00:09.820135 [ProductState] {Main} Game product state created: uid=diablo3
D 2022-03-21 19:00:09.820189 [ProductState] {Main} InstallState (diablo3): currentOperation=Update currentOperationStatus=New installed=1 installPath=E:/Games/Call of Duty/Diablo III canCreateShortcut=1 selectedRegion=eu activeConfigKey=21ab24be60c4aea4ff2e0868ab3e0edb regionalVersions=(eu: {playable:false config_key:d6330f59521e60649ab36942f6f2f299}, kr: {playable:false config_key:d6330f59521e60649ab36942f6f2f299}, tw: {playable:false config_key:d6330f59521e60649ab36942f6f2f299}, us: {playable:false config_key:d6330f59521e60649ab36942f6f2f299}) localVersion=2.6.8.66666 latestVersion=79575 progress=1
D 2022-03-21 19:00:09.820231 [ProductState] {Main} Game product state created: uid=s2
D 2022-03-21 19:00:09.820274 [ProductState] {Main} InstallState (s2): currentOperation=UpToDate currentOperationStatus=Paused installed=1 optionalPackageInstalled=1 installPath=E:/Games/Call of Duty/StarCraft II playable=1 canCreateShortcut=1 selectedRegion=eu activeConfigKey=e55770a2b2e2252a75da7ae8af363698 regionalVersions=(cn: {playable:true config_key:e55770a2b2e2252a75da7ae8af363698}, eu: {playable:true config_key:e55770a2b2e2252a75da7ae8af363698}, kr: {playable:true config_key:e55770a2b2e2252a75da7ae8af363698}, tw: {playable:true config_key:e55770a2b2e2252a75da7ae8af363698}, us: {playable:true config_key:e55770a2b2e2252a75da7ae8af363698}) supports_multibox=true localVersion=5.0.9.87702 latestVersion=87702 progress=1 currentStage=Complete
D 2022-03-21 19:00:09.820305 [Agent] {Main} Versioning is now enabled
D 2022-03-21 19:00:09.820328 [Agent] {Main} Triggering game versioning: battle.net
D 2022-03-21 19:00:09.820357 [Agent] {Main} Triggering game versioning: diablo3
D 2022-03-21 19:00:09.820371 [Agent] {Main} Triggering game versioning: s2
D 2022-03-21 19:00:09.820560 [InstallManager] {Main} Sending a queued OnProcessPidsUpdated notification: agentUid=battle.net binaryType=game
D 2022-03-21 19:00:09.820583 [InstallManager] {Main} Sending a queued OnProcessRunning notification: agentUid=battle.net binaryType=game
I 2022-03-21 19:00:09.820593 [InstallManager] {Main} Setting Process Running: true uid=battle.net binaryType=game any=true
D 2022-03-21 19:00:09.820606 [InstallInfo] {Main} Operation status changed: opType=Execute oldStatus=Off newStatus=On agentUid=battle.net
D 2022-03-21 19:00:09.993356 [CommandQueue] {Main} Received IPC Message: IPC_COMMAND
I 2022-03-21 19:00:09.993460 [CommandQueue] {Main} Dispatching Command: launch_register s2_ruru
D 2022-03-21 19:00:09.993475 [CommandQueue] {Main} Received IPC Message: IPC_COMMAND
I 2022-03-21 19:00:09.993492 [CommandQueue] {Main} Dispatching Command: register s2_ruru E:\Games\Call of Duty\StarCraft II   false
D 2022-03-21 19:00:09.993517 [InstallManager] {Main} Command_RegisterGame uid: s2_ruru path: E:\Games\Call of Duty\StarCraft II productcode:  subfolder:  repairing: false
D 2022-03-21 19:00:09.993551 [InstallManager] {Main} PerformRegisterInstall uid= productCode=* installDir=E:\Games\Call of Duty\StarCraft II subfolder= region=EU
D 2022-03-21 19:00:09.993597 [InstallManager] {Main} Command_RegisterGame uid: s2_ruru path: E:\Games\Call of Duty\StarCraft II productcode:  subfolder:  repairing: false
D 2022-03-21 19:00:09.993611 [InstallManager] {Main} PerformRegisterInstall uid= productCode=* installDir=E:\Games\Call of Duty\StarCraft II subfolder= region=EU
I 2022-03-21 19:00:09.993682 [CatalogLoader] {Main} *** LOAD STARTED default: Context(LocalCAS: b48428369f5860b3328d7d36d46876be I) ***
I 2022-03-21 19:00:10.646138 [FeatureManager] {Main} Moving feature record from active to inactive: overwatch_league_tab
I 2022-03-21 19:00:10.646169 [FeatureManager] {Main} Moving feature record from active to inactive: blizzcon_tab
D 2022-03-21 19:00:10.662966 [CatalogVarStorage] {Main} Setting var from catalog Client.Shop.SaleNotificationVersion=6
D 2022-03-21 19:00:10.663008 [CatalogVarStorage] {Main} Setting var from catalog Browser.DisableSiteIsolation=true
D 2022-03-21 19:00:10.663025 [CatalogVarStorage] {Main} Setting var from catalog Client.ActivisionAutoAccountCreation.Games=ODIN,ZEUS,FORE,AUKS
D 2022-03-21 19:00:10.663040 [CatalogVarStorage] {Main} Setting var from catalog Client.Shop.SaleNotificationEnabled=false
D 2022-03-21 19:00:10.663055 [CatalogVarStorage] {Main} Setting var from catalog Client.OwlScreen.LiveCheckIntervalMS=300000
D 2022-03-21 19:00:10.663084 [CatalogVarStorage] {Main} Setting var from catalog Client.Announcements.MaximumAnnouncements=20
D 2022-03-21 19:00:10.663101 [CatalogVarStorage] {Main} Setting var from catalog Client.NewProfileWindowLayout=true
D 2022-03-21 19:00:10.663118 [CatalogVarStorage] {Main} Setting var from catalog Client.PromotedScreenVersion=3
D 2022-03-21 19:00:10.663136 [CatalogVarStorage] {Main} Setting var from catalog Client.Version.BetaAccessOverride=enabled
D 2022-03-21 19:00:10.663150 [CatalogVarStorage] {Main} Setting var from catalog Client.Version.BetaBranchOverride=beta
D 2022-03-21 19:00:10.663165 [CatalogVarStorage] {Main} Setting var from catalog Services.WhisperChannels.InactivityTimeoutMS=0
D 2022-03-21 19:00:10.663183 [CatalogVarStorage] {Main} Setting var from catalog Services.HTTPClient.ConnectionTimeoutMS=0
I 2022-03-21 19:00:10.666450 [CatalogLoader] {Main} *** LOAD COMPLETE default ***
I 2022-03-21 19:00:10.673850 [Main] {Main} Cached WidevineCDM is up-to-date: 4.10.2391.0
I 2022-03-21 19:00:10.674924 [Main] {Main} Connecting to server. address=eu.actual.battle.net port=1119
D 2022-03-21 19:00:10.888744 [ClientServiceAlertMonitor] {Main} Service alert monitor force update requested
D 2022-03-21 19:00:10.888768 [ClientServiceAlertMonitor] {Main} Breaking News update requested
D 2022-03-21 19:00:10.888778 [ClientServiceAlertMonitor] {Main} Maintenance update requested
D 2022-03-21 19:00:10.946747 [InstallManager] {Main} Game finished versioning diablo3
D 2022-03-21 19:00:10.980688 [InstallManager] {Main} Registration complete for agentUid=s2 and region=eu
D 2022-03-21 19:00:10.980798 [InstallManager] {Main} Registration complete for agentUid=s2 and region=eu
I 2022-03-21 19:00:10.984881 [CacheManager] {Main} CacheManager is now initialized
I 2022-03-21 19:00:10.984922 [TactVersionWatcher] {Main} Fetched new tact metadata. productCode=catalogs region=eu branch=PUB-29 version=2103 seq=210 buildConfig=055e674e9e0b32e048bceb50f059b40c
I 2022-03-21 19:00:11.081406 [DIAG_BuildConfig] {Main} no 'encoding' key in build configuration '055e674e9e0b32e048bceb50f059b40c', selecting plain-data mode
I 2022-03-21 19:00:11.081437 [CatalogLoader] {Main} *** LOAD STARTED default: Context(RemoteCAS: b48428369f5860b3328d7d36d46876be|tpr/catalogs/data) ***
I 2022-03-21 19:00:11.285407 [GameSessionList] {Agent} Reporting process: TrackingInfo(uid=battle.net, type=game, opStatus=On, reqId=0, running=2, oldRunning=1)
D 2022-03-21 19:00:11.296171 [InstallManager] {Main} Game finished versioning s2
D 2022-03-21 19:00:11.296209 [InstallManager] {Main} Game finished versioning s2
D 2022-03-21 19:00:11.296225 [InstallManager] {Main} Game finished versioning s2
I 2022-03-21 19:00:11.296265 [InstallManager] {Main} Setting Process Running: true uid=battle.net binaryType=game any=true
D 2022-03-21 19:00:11.375404 [CatalogVarStorage] {Main} Setting var from catalog Client.Shop.SaleNotificationVersion=6
D 2022-03-21 19:00:11.375443 [CatalogVarStorage] {Main} Setting var from catalog Browser.DisableSiteIsolation=true
D 2022-03-21 19:00:11.375454 [CatalogVarStorage] {Main} Setting var from catalog Client.ActivisionAutoAccountCreation.Games=ODIN,ZEUS,FORE,AUKS
D 2022-03-21 19:00:11.375464 [CatalogVarStorage] {Main} Setting var from catalog Client.Shop.SaleNotificationEnabled=false
D 2022-03-21 19:00:11.375472 [CatalogVarStorage] {Main} Setting var from catalog Client.OwlScreen.LiveCheckIntervalMS=300000
D 2022-03-21 19:00:11.375492 [CatalogVarStorage] {Main} Setting var from catalog Client.Announcements.MaximumAnnouncements=20
D 2022-03-21 19:00:11.375501 [CatalogVarStorage] {Main} Setting var from catalog Client.NewProfileWindowLayout=true
D 2022-03-21 19:00:11.375511 [CatalogVarStorage] {Main} Setting var from catalog Client.PromotedScreenVersion=3
D 2022-03-21 19:00:11.375522 [CatalogVarStorage] {Main} Setting var from catalog Client.Version.BetaAccessOverride=enabled
D 2022-03-21 19:00:11.375529 [CatalogVarStorage] {Main} Setting var from catalog Client.Version.BetaBranchOverride=beta
D 2022-03-21 19:00:11.375538 [CatalogVarStorage] {Main} Setting var from catalog Services.WhisperChannels.InactivityTimeoutMS=0
D 2022-03-21 19:00:11.375548 [CatalogVarStorage] {Main} Setting var from catalog Services.HTTPClient.ConnectionTimeoutMS=0
I 2022-03-21 19:00:11.381765 [CatalogLoader] {Main} *** LOAD COMPLETE default ***
D 2022-03-21 19:00:11.493998 [InstallManager] {Main} Game finished versioning battle.net
D 2022-03-21 19:00:11.893948 [LoginController] {Main} Login_QueueUpdate (position=1,clientWaitTime=00:00:01.001921,skipLoginQueueUi=true)
I 2022-03-21 19:00:12.145130 [Main] {Main} Opened database at: C:\Users\User\AppData\Local\Battle.net\Account\402069929\account.db
I 2022-03-21 19:00:12.149338 [GSAccountProvider] {Main} Login triggered. entityId=1:0:17f719a9
I 2022-03-21 19:00:12.149377 [GSStateTracker] {Main} State changed to: WaitingForAccountState
I 2022-03-21 19:00:12.149413 [AccountManager] {Main} Account manager state has changed to: Loading
D 2022-03-21 19:00:12.150078 [GSAccountProvider] {Main} Querying account level info for account: 1:0:17f719a9
D 2022-03-21 19:00:12.150126 [GSAccountProvider] {Main} Querying parental control info for account: 1:0:17f719a9
D 2022-03-21 19:00:12.150152 [GSAccountProvider] {Main} Querying game accounts for region: US
D 2022-03-21 19:00:12.150174 [GSAccountProvider] {Main} Querying game accounts for region: EU
D 2022-03-21 19:00:12.150184 [GSAccountProvider] {Main} Querying game accounts for region: KR
D 2022-03-21 19:00:12.150192 [GSAccountProvider] {Main} Querying game accounts for region: SG
D 2022-03-21 19:00:12.150199 [GSAccountProvider] {Main} Querying game accounts for region: XX
D 2022-03-21 19:00:12.150206 [GSAccountProvider] {Main} Querying game accounts for region: GLOBAL
D 2022-03-21 19:00:12.150215 [GSAccountProvider] {Main} Querying parental control info for account: 1:0:17f719a9
D 2022-03-21 19:00:12.150265 [GSAccountProvider] {Main} Querying program level information for program: OSI
D 2022-03-21 19:00:12.150296 [GSAccountProvider] {Main} Querying program level information for program: Fen
D 2022-03-21 19:00:12.150309 [GSAccountProvider] {Main} Querying program level information for program: D3
D 2022-03-21 19:00:12.150320 [GSAccountProvider] {Main} Querying program level information for program: S2
D 2022-03-21 19:00:12.150331 [GSAccountProvider] {Main} Querying program level information for program: S1
D 2022-03-21 19:00:12.150342 [GSAccountProvider] {Main} Querying program level information for program: FORE
D 2022-03-21 19:00:12.150354 [GSAccountProvider] {Main} Querying program level information for program: W3
D 2022-03-21 19:00:12.150368 [GSAccountProvider] {Main} Querying program level information for program: WoW
D 2022-03-21 19:00:12.150380 [GSAccountProvider] {Main} Querying program level information for program: Pro
D 2022-03-21 19:00:12.150390 [GSAccountProvider] {Main} Querying program level information for program: Hero
D 2022-03-21 19:00:12.150401 [GSAccountProvider] {Main} Querying program level information for program: D3CN
D 2022-03-21 19:00:12.150412 [GSAccountProvider] {Main} Querying program level information for program: AUKS
D 2022-03-21 19:00:12.150422 [GSAccountProvider] {Main} Querying program level information for program: LAZR
D 2022-03-21 19:00:12.150431 [GSAccountProvider] {Main} Querying program level information for program: ODIN
D 2022-03-21 19:00:12.150443 [GSAccountProvider] {Main} Querying program level information for program: RTRO
D 2022-03-21 19:00:12.150452 [GSAccountProvider] {Main} Querying program level information for program: SPOT
D 2022-03-21 19:00:12.150462 [GSAccountProvider] {Main} Querying program level information for program: VIPR
D 2022-03-21 19:00:12.150472 [GSAccountProvider] {Main} Querying program level information for program: WLBY
D 2022-03-21 19:00:12.150481 [GSAccountProvider] {Main} Querying program level information for program: WTCG
D 2022-03-21 19:00:12.150491 [GSAccountProvider] {Main} Querying program level information for program: ZEUS
D 2022-03-21 19:00:12.158779 [GSAccountProvider] {Main} Received AccountLevelInfo for account. entityId=1:0:17f719a9 accountLevelInfo=|licenses:|id=265|id=268|id=274|id=10107|id=10432|id=24636|:licenses|default_currency=5395778|country=RUS|preferred_region=2|account_paid_any=1
I 2022-03-21 19:00:12.158883 [AccountManager] {Main} Account site region code changed: EU
I 2022-03-21 19:00:12.158894 [AccountManager] {Main} Account country changed: RUS
D 2022-03-21 19:00:12.158943 [GSAccountProvider] {Main} Parental control info for account (1:0:17f719a9) resulted in cache miss.
D 2022-03-21 19:00:12.158965 [GSAccountProvider] {Main} Game account list for region 'US' resulted in cache miss.
I 2022-03-21 19:00:12.158973 [GSStateTracker] {Main} State changed to: Loading
D 2022-03-21 19:00:12.159001 [GSAccountProvider] {Main} Querying game level information for entity: (Game: EU-D3-918804046)
D 2022-03-21 19:00:12.159017 [GSAccountProvider] {Main} Querying game time info for entity Id: (Game: EU-D3-918804046)
D 2022-03-21 19:00:12.159037 [GSAccountProvider] {Main} Querying game level information for entity: (Game: EU-S2-913901202)
D 2022-03-21 19:00:12.159046 [GSAccountProvider] {Main} Querying game time info for entity Id: (Game: EU-S2-913901202)
D 2022-03-21 19:00:12.159067 [GSAccountProvider] {Main} Querying game level information for entity: (Game: EU-WTCG-19154452)
D 2022-03-21 19:00:12.159087 [GSAccountProvider] {Main} Querying game time info for entity Id: (Game: EU-WTCG-19154452)
D 2022-03-21 19:00:12.159102 [GSAccountProvider] {Main} Received 3 game accounts from region 'EU'
D 2022-03-21 19:00:12.159116 [GSAccountProvider] {Main} Game account list for region 'KR' resulted in cache miss.
D 2022-03-21 19:00:12.159127 [GSAccountProvider] {Main} Game account list for region 'SG' resulted in cache miss.
D 2022-03-21 19:00:12.159149 [GSAccountProvider] {Main} Querying game level information for entity: (Game: XX-WTCG-21388410)
D 2022-03-21 19:00:12.159165 [GSAccountProvider] {Main} Querying game time info for entity Id: (Game: XX-WTCG-21388410)
D 2022-03-21 19:00:12.159179 [GSAccountProvider] {Main} Received 1 game accounts from region 'XX'
D 2022-03-21 19:00:12.159193 [GSAccountProvider] {Main} Game account list for region 'GLOBAL' resulted in cache miss.
D 2022-03-21 19:00:12.159205 [GSAccountProvider] {Main} Parental control info for account (1:0:17f719a9) resulted in cache miss.
D 2022-03-21 19:00:12.159217 [GSAccountProvider] {Main} Received program level info. programId=OSI programLevelInfo=|program=5198665
D 2022-03-21 19:00:12.159252 [GSAccountProvider] {Main} Received program level info. programId=Fen programLevelInfo=|program=4613486
D 2022-03-21 19:00:12.159263 [GSAccountProvider] {Main} Received program level info. programId=D3 programLevelInfo=|program=17459
D 2022-03-21 19:00:12.159271 [GSAccountProvider] {Main} Received program level info. programId=S2 programLevelInfo=|program=21298|licenses:|id=24636|:licenses
D 2022-03-21 19:00:12.159293 [GSAccountProvider] {Main} Received program level info. programId=S1 programLevelInfo=|program=21297
D 2022-03-21 19:00:12.159302 [GSAccountProvider] {Main} Received program level info. programId=FORE programLevelInfo=|program=1179603525
D 2022-03-21 19:00:12.159311 [GSAccountProvider] {Main} Received program level info. programId=W3 programLevelInfo=|program=22323
D 2022-03-21 19:00:12.159319 [GSAccountProvider] {Main} Received program level info. programId=WoW programLevelInfo=|program=5730135|licenses:|id=274|:licenses
D 2022-03-21 19:00:12.159336 [GSAccountProvider] {Main} Received program level info. programId=Pro programLevelInfo=|program=5272175
D 2022-03-21 19:00:12.159352 [GSAccountProvider] {Main} Received program level info. programId=Hero programLevelInfo=|is_beta=1|program=1214607983|licenses:|id=10107|:licenses|licenses:|id=10432|:licenses
D 2022-03-21 19:00:12.159384 [GSAccountProvider] {Main} Cache miss for program level info. programId=D3CN
D 2022-03-21 19:00:12.159395 [GSAccountProvider] {Main} Received program level info. programId=AUKS programLevelInfo=|program=1096108883
D 2022-03-21 19:00:12.159409 [GSAccountProvider] {Main} Received program level info. programId=LAZR programLevelInfo=|program=1279351378
D 2022-03-21 19:00:12.159418 [GSAccountProvider] {Main} Received program level info. programId=ODIN programLevelInfo=|program=1329875278
D 2022-03-21 19:00:12.159426 [GSAccountProvider] {Main} Received program level info. programId=RTRO programLevelInfo=|program=1381257807
D 2022-03-21 19:00:12.159434 [GSAccountProvider] {Main} Received program level info. programId=SPOT programLevelInfo=|program=1397772116
D 2022-03-21 19:00:12.159443 [GSAccountProvider] {Main} Received program level info. programId=VIPR programLevelInfo=|program=1447645266
D 2022-03-21 19:00:12.159451 [GSAccountProvider] {Main} Received program level info. programId=WLBY programLevelInfo=|program=1464615513
D 2022-03-21 19:00:12.159459 [GSAccountProvider] {Main} Received program level info. programId=WTCG programLevelInfo=|is_lifetime=1|program=1465140039|licenses:|id=265|:licenses
D 2022-03-21 19:00:12.159477 [GSAccountProvider] {Main} Received program level info. programId=ZEUS programLevelInfo=|program=1514493267
D 2022-03-21 19:00:12.164097 [GSAccountProvider] {Main} Received GameLevelInfo: (Game: EU-D3-918804046) info=|name="D31"|program=17459|realm_permissions=1|last_logout_time_ms=1585779644000
D 2022-03-21 19:00:12.164168 [GSAccountProvider] {Main} Received GameTimeInfo: (Game: EU-D3-918804046) info=
D 2022-03-21 19:00:12.164200 [GSAccountProvider] {Main} Received GameLevelInfo: (Game: EU-S2-913901202) info=|is_trial=0|is_restricted=0|name="S21"|program=21298|realm_permissions=1|last_logout_time_ms=1647716024000
D 2022-03-21 19:00:12.164227 [GSAccountProvider] {Main} Received GameTimeInfo: (Game: EU-S2-913901202) info=
D 2022-03-21 19:00:12.164238 [GSAccountProvider] {Main} Received GameLevelInfo: (Game: EU-WTCG-19154452) info=|name="WTCG1"|program=1465140039|licenses:|id=10444|:licenses|licenses:|id=11340|:licenses|realm_permissions=1
D 2022-03-21 19:00:12.164266 [GSAccountProvider] {Main} Received GameTimeInfo: (Game: EU-WTCG-19154452) info=
D 2022-03-21 19:00:12.164276 [GSAccountProvider] {Main} Received GameLevelInfo: (Game: XX-WTCG-21388410) info=|name="WTCG1"|program=1465140039|realm_permissions=1
D 2022-03-21 19:00:12.164292 [GSAccountProvider] {Main} Received GameTimeInfo: (Game: XX-WTCG-21388410) info=
D 2022-03-21 19:00:12.344438 [GSAccountProvider] {Main} Subscription has been activated. entityId=(BNet: 1:0:17f719a9)
D 2022-03-21 19:00:12.344488 [GSAccountProvider] {Main} Querying game accounts for region: US
D 2022-03-21 19:00:12.344508 [GSAccountProvider] {Main} Querying game accounts for region: KR
D 2022-03-21 19:00:12.344524 [GSAccountProvider] {Main} Querying game accounts for region: SG
D 2022-03-21 19:00:12.344537 [GSAccountProvider] {Main} Querying game accounts for region: GLOBAL
D 2022-03-21 19:00:12.354280 [GSAccountProvider] {Main} Region 'US' has no game accounts.
D 2022-03-21 19:00:12.354300 [GSAccountProvider] {Main} Region 'KR' has no game accounts.
D 2022-03-21 19:00:12.354309 [GSAccountProvider] {Main} Region 'SG' has no game accounts.
D 2022-03-21 19:00:12.354316 [GSAccountProvider] {Main} Region 'GLOBAL' has no game accounts.
I 2022-03-21 19:00:12.354323 [GSStateTracker] {Main} All region requests have been completed!
I 2022-03-21 19:00:12.354329 [GSStateTracker] {Main} State changed to: WaitingForEntitlements
D 2022-03-21 19:00:12.354352 [GSAccountProvider] {Main} Completed initial load.
D 2022-03-21 19:00:12.354358 [GSAccountProvider] {Main} Querying game status for program id: D3
D 2022-03-21 19:00:12.354369 [GSAccountProvider] {Main} Querying game status for program id: S1
D 2022-03-21 19:00:12.354376 [GSAccountProvider] {Main} Querying game status for program id: S2
D 2022-03-21 19:00:12.354383 [GSAccountProvider] {Main} Querying game status for program id: W3
D 2022-03-21 19:00:12.354390 [GSAccountProvider] {Main} Querying game status for program id: Fen
D 2022-03-21 19:00:12.354396 [GSAccountProvider] {Main} Querying game status for program id: OSI
D 2022-03-21 19:00:12.354403 [GSAccountProvider] {Main} Querying game status for program id: Pro
D 2022-03-21 19:00:12.354410 [GSAccountProvider] {Main} Querying game status for program id: AUKS
D 2022-03-21 19:00:12.354416 [GSAccountProvider] {Main} Querying game status for program id: D3CN
D 2022-03-21 19:00:12.354423 [GSAccountProvider] {Main} Querying game status for program id: FORE
D 2022-03-21 19:00:12.354429 [GSAccountProvider] {Main} Querying game status for program id: Hero
D 2022-03-21 19:00:12.354436 [GSAccountProvider] {Main} Querying game status for program id: LAZR
D 2022-03-21 19:00:12.354442 [GSAccountProvider] {Main} Querying game status for program id: ODIN
D 2022-03-21 19:00:12.354448 [GSAccountProvider] {Main} Querying game status for program id: RTRO
D 2022-03-21 19:00:12.354454 [GSAccountProvider] {Main} Querying game status for program id: SPOT
D 2022-03-21 19:00:12.354460 [GSAccountProvider] {Main} Querying game status for program id: VIPR
D 2022-03-21 19:00:12.354467 [GSAccountProvider] {Main} Querying game status for program id: WLBY
D 2022-03-21 19:00:12.354474 [GSAccountProvider] {Main} Querying game status for program id: WTCG
D 2022-03-21 19:00:12.354480 [GSAccountProvider] {Main} Querying game status for program id: ZEUS
I 2022-03-21 19:00:12.364249 [GSStateTracker] {Main} State changed to: Ready
I 2022-03-21 19:00:12.364279 [GSAccountProvider] {Main} Loaded accounts: 10
I 2022-03-21 19:00:12.364289 [GSAccountProvider] {Main} [OSI-OSI:beta]
I 2022-03-21 19:00:12.364296 [GSAccountProvider] {Main} [S2-S2:retail]
I 2022-03-21 19:00:12.364302 [GSAccountProvider] {Main} [S1-S1:ptr]
I 2022-03-21 19:00:12.364306 [GSAccountProvider] {Main} [S2-S2:ptr]
I 2022-03-21 19:00:12.364311 [GSAccountProvider] {Main} [D3-D3:retail]
I 2022-03-21 19:00:12.364315 [GSAccountProvider] {Main} [ODIN-ODIN_MW:beta]
I 2022-03-21 19:00:12.364320 [GSAccountProvider] {Main} [FORE-FORE:beta]
I 2022-03-21 19:00:12.364325 [GSAccountProvider] {Main} [WTCG-WTCG:retail]
I 2022-03-21 19:00:12.364330 [GSAccountProvider] {Main} [Hero-Hero:ptr]
I 2022-03-21 19:00:12.364335 [GSAccountProvider] {Main} [ZEUS-ZEUS:beta]
I 2022-03-21 19:00:12.364341 [AccountManager] {Main} Account manager state has changed to: Ready
I 2022-03-21 19:00:12.364412 [GameProvider] {Main} Beginning GameProvider initialization.
D 2022-03-21 19:00:12.364461 [GameProvider] {Main} Inserting new unbound entity because no suitable match was found. uniqueId=Hero_retail
D 2022-03-21 19:00:12.364608 [GameProvider] {Main} Inserting new unbound entity because no suitable match was found. uniqueId=AUKS_retail
D 2022-03-21 19:00:12.364714 [GameProvider] {Main} Inserting new unbound entity because no suitable match was found. uniqueId=D3_retail
D 2022-03-21 19:00:12.364728 [GameProvider] {Main} Inserting new unbound entity because no suitable match was found. uniqueId=D3CN_retail
D 2022-03-21 19:00:12.364826 [GameProvider] {Main} Inserting new unbound entity because no suitable match was found. uniqueId=FORE_retail
D 2022-03-21 19:00:12.364948 [GameProvider] {Main} Inserting new unbound entity because no suitable match was found. uniqueId=Fen_retail
D 2022-03-21 19:00:12.365075 [GameProvider] {Main} Inserting new unbound entity because no suitable match was found. uniqueId=OSI_retail
D 2022-03-21 19:00:12.365179 [GameProvider] {Main} Inserting new unbound entity because no suitable match was found. uniqueId=LAZR_retail
D 2022-03-21 19:00:12.365299 [GameProvider] {Main} Inserting new unbound entity because no suitable match was found. uniqueId=ODIN_retail
D 2022-03-21 19:00:12.365428 [GameProvider] {Main} Inserting new unbound entity because no suitable match was found. uniqueId=Pro_retail
D 2022-03-21 19:00:12.365547 [GameProvider] {Main} Inserting new unbound entity because no suitable match was found. uniqueId=RTRO_retail
D 2022-03-21 19:00:12.365643 [GameProvider] {Main} Inserting new unbound entity because no suitable match was found. uniqueId=S1_retail
D 2022-03-21 19:00:12.365736 [GameProvider] {Main} Inserting new unbound entity because no suitable match was found. uniqueId=S2_retail
D 2022-03-21 19:00:12.365750 [GameProvider] {Main} Inserting new unbound entity because no suitable match was found. uniqueId=SPOT_retail
D 2022-03-21 19:00:12.365840 [GameProvider] {Main} Inserting new unbound entity because no suitable match was found. uniqueId=VIPR_retail
D 2022-03-21 19:00:12.365934 [GameProvider] {Main} Inserting new unbound entity because no suitable match was found. uniqueId=W3_retail
D 2022-03-21 19:00:12.366050 [GameProvider] {Main} Inserting new unbound entity because no suitable match was found. uniqueId=WLBY_retail
D 2022-03-21 19:00:12.366148 [GameProvider] {Main} Inserting new unbound entity because no suitable match was found. uniqueId=WTCG_retail
D 2022-03-21 19:00:12.366272 [GameProvider] {Main} Inserting new unbound entity because no suitable match was found. uniqueId=WoW_retail
D 2022-03-21 19:00:12.366450 [GameProvider] {Main} Tried to insert an unbound entity with no uid. productCode=WoWC_wow_classic
D 2022-03-21 19:00:12.366466 [GameProvider] {Main} Inserting new unbound entity because no suitable match was found. uniqueId=ZEUS_retail
D 2022-03-21 19:00:12.366583 [GameProvider] {Main} Tried to insert an unbound entity that already exists. productCode=D3_retail bound=0
D 2022-03-21 19:00:12.366598 [GameProvider] {Main} Tried to insert an unbound entity that already exists. productCode=S2_retail bound=0
I 2022-03-21 19:00:12.366636 [GameProvider] {Main} Inserting new bound entity because no suitable match was found. accountInfo=[OSI-OSI:beta] productId=OSI productType=beta
D 2022-03-21 19:00:12.366747 [GameProvider] {Main} Binding account info to available unbound entity. productCode=S2_retail accountInfo=[S2-S2:retail]
I 2022-03-21 19:00:12.366772 [GameProvider] {Main} Inserting new bound entity because no suitable match was found. accountInfo=[S1-S1:ptr] productId=S1 productType=ptr
I 2022-03-21 19:00:12.366879 [GameProvider] {Main} Inserting new bound entity because no suitable match was found. accountInfo=[S2-S2:ptr] productId=S2 productType=ptr
D 2022-03-21 19:00:12.367034 [GameProvider] {Main} Binding account info to available unbound entity. productCode=D3_retail accountInfo=[D3-D3:retail]
I 2022-03-21 19:00:12.367061 [GameProvider] {Main} Inserting new bound entity because no suitable match was found. accountInfo=[ODIN-ODIN_MW:beta] productId=ODIN_MW productType=beta
I 2022-03-21 19:00:12.367170 [GameProvider] {Main} Inserting new bound entity because no suitable match was found. accountInfo=[FORE-FORE:beta] productId=FORE productType=beta
D 2022-03-21 19:00:12.367311 [GameProvider] {Main} Binding account info to available unbound entity. productCode=WTCG_retail accountInfo=[WTCG-WTCG:retail]
I 2022-03-21 19:00:12.367335 [GameProvider] {Main} Inserting new bound entity because no suitable match was found. accountInfo=[Hero-Hero:ptr] productId=Hero productType=ptr
I 2022-03-21 19:00:12.367443 [GameProvider] {Main} Inserting new bound entity because no suitable match was found. accountInfo=[ZEUS-ZEUS:beta] productId=ZEUS productType=beta
I 2022-03-21 19:00:12.367544 [GameProvider] {Main} Game provider is now initialized
I 2022-03-21 19:00:12.367676 [InstallFlow] {Main} FlowController is now initialized
I 2022-03-21 19:00:12.367718 [GameController] {Main} Beginning GameController initialization
D 2022-03-21 19:00:12.367826 [GameController] {Main} Game Family Added: id=FORE visible=0
D 2022-03-21 19:00:12.367930 [ProductState] {Main} Game product state created: uid=fore
D 2022-03-21 19:00:12.367953 [ProductState] {Main} InstallState (fore): currentOperation=Install currentOperationStatus=New
I 2022-03-21 19:00:12.368060 [GameController] {Main} GameAccount added to family: family=FORE account=GameAccount(FORE:retail region=EU unbound)
D 2022-03-21 19:00:12.368100 [GameController] {Main} Adding product state reference. uid=fore refCount=0
D 2022-03-21 19:00:12.368176 [GameController] {Main} Visibility Changed. family=FORE visible=1
D 2022-03-21 19:00:12.373510 [ProductState] {Main} Game product state created: uid=fore_beta
D 2022-03-21 19:00:12.373556 [ProductState] {Main} InstallState (fore_beta): currentOperation=Install currentOperationStatus=New
I 2022-03-21 19:00:12.373699 [GameController] {Main} GameAccount added to family: family=FORE account=GameAccount(FORE:beta region=EU hidden)
D 2022-03-21 19:00:12.373746 [GameController] {Main} Adding product state reference. uid=fore_beta refCount=0
D 2022-03-21 19:00:12.374470 [GameController] {Main} Game Family Added: id=D3CN visible=0
D 2022-03-21 19:00:12.374571 [ProductState] {Main} Game product state created: uid=d3cn
D 2022-03-21 19:00:12.374601 [ProductState] {Main} InstallState (d3cn): currentOperation=Install currentOperationStatus=New
I 2022-03-21 19:00:12.374686 [GameController] {Main} GameAccount added to family: family=D3CN account=GameAccount(D3CN:retail region=<none> unbound hidden)
D 2022-03-21 19:00:12.374719 [GameController] {Main} Adding product state reference. uid=d3cn refCount=0
D 2022-03-21 19:00:12.375235 [GameController] {Main} Game Family Added: id=Hero visible=0
D 2022-03-21 19:00:12.375301 [ProductState] {Main} Game product state created: uid=heroes
D 2022-03-21 19:00:12.375319 [ProductState] {Main} InstallState (heroes): currentOperation=Install currentOperationStatus=New
I 2022-03-21 19:00:12.375388 [GameController] {Main} GameAccount added to family: family=Hero account=GameAccount(Hero:retail region=EU unbound)
D 2022-03-21 19:00:12.375420 [GameController] {Main} Adding product state reference. uid=heroes refCount=0
D 2022-03-21 19:00:12.375474 [GameController] {Main} Visibility Changed. family=Hero visible=1
D 2022-03-21 19:00:12.375987 [GameController] {Main} Game Family Added: id=AUKS visible=0
D 2022-03-21 19:00:12.376047 [ProductState] {Main} Game product state created: uid=auks
D 2022-03-21 19:00:12.376065 [ProductState] {Main} InstallState (auks): currentOperation=Install currentOperationStatus=New
I 2022-03-21 19:00:12.376124 [GameController] {Main} GameAccount added to family: family=AUKS account=GameAccount(AUKS:retail region=EU unbound hidden)
D 2022-03-21 19:00:12.376160 [GameController] {Main} Adding product state reference. uid=auks refCount=0
D 2022-03-21 19:00:12.376650 [GameController] {Main} Game Family Added: id=VIPR visible=0
D 2022-03-21 19:00:12.376714 [ProductState] {Main} Game product state created: uid=viper
D 2022-03-21 19:00:12.376734 [ProductState] {Main} InstallState (viper): currentOperation=Install currentOperationStatus=New
I 2022-03-21 19:00:12.376800 [GameController] {Main} GameAccount added to family: family=VIPR account=GameAccount(VIPR:retail region=EU unbound)
D 2022-03-21 19:00:12.376825 [GameController] {Main} Adding product state reference. uid=viper refCount=0
D 2022-03-21 19:00:12.376875 [GameController] {Main} Visibility Changed. family=VIPR visible=1
D 2022-03-21 19:00:12.377296 [GameController] {Main} Game Family Added: id=D3 visible=0
I 2022-03-21 19:00:12.377400 [GameController] {Main} GameAccount added to family: family=D3 account=GameAccount(D3:retail region=EU)
D 2022-03-21 19:00:12.377430 [GameController] {Main} Adding product state reference. uid=diablo3 refCount=0
D 2022-03-21 19:00:12.377482 [GameController] {Main} Visibility Changed. family=D3 visible=1
D 2022-03-21 19:00:12.377916 [GameController] {Main} Game Family Added: id=ZEUS visible=0
D 2022-03-21 19:00:12.377984 [ProductState] {Main} Game product state created: uid=zeus_beta
D 2022-03-21 19:00:12.378004 [ProductState] {Main} InstallState (zeus_beta): currentOperation=Install currentOperationStatus=New
I 2022-03-21 19:00:12.378083 [GameController] {Main} GameAccount added to family: family=ZEUS account=GameAccount(ZEUS:beta region=EU hidden)
D 2022-03-21 19:00:12.378107 [GameController] {Main} Adding product state reference. uid=zeus_beta refCount=0
D 2022-03-21 19:00:12.378573 [GameController] {Main} Game Family Added: id=LAZR visible=0
D 2022-03-21 19:00:12.378638 [ProductState] {Main} Game product state created: uid=lazarus
D 2022-03-21 19:00:12.378657 [ProductState] {Main} InstallState (lazarus): currentOperation=Install currentOperationStatus=New
I 2022-03-21 19:00:12.378715 [GameController] {Main} GameAccount added to family: family=LAZR account=GameAccount(LAZR:retail region=EU unbound)
D 2022-03-21 19:00:12.378742 [GameController] {Main} Adding product state reference. uid=lazarus refCount=0
D 2022-03-21 19:00:12.378792 [GameController] {Main} Visibility Changed. family=LAZR visible=1
D 2022-03-21 19:00:12.379211 [GameController] {Main} Game Family Added: id=Fen visible=0
D 2022-03-21 19:00:12.379265 [ProductState] {Main} Game product state created: uid=fenris
D 2022-03-21 19:00:12.379284 [ProductState] {Main} InstallState (fenris): currentOperation=Install currentOperationStatus=New
I 2022-03-21 19:00:12.379339 [GameController] {Main} GameAccount added to family: family=Fen account=GameAccount(Fen:retail region=EU unbound hidden)
D 2022-03-21 19:00:12.379367 [GameController] {Main} Adding product state reference. uid=fenris refCount=0
D 2022-03-21 19:00:12.379830 [GameController] {Main} Game Family Added: id=OSI visible=0
D 2022-03-21 19:00:12.379904 [ProductState] {Main} Game product state created: uid=osi
D 2022-03-21 19:00:12.379925 [ProductState] {Main} InstallState (osi): currentOperation=Install currentOperationStatus=New
I 2022-03-21 19:00:12.379981 [GameController] {Main} GameAccount added to family: family=OSI account=GameAccount(OSI:retail region=EU unbound)
D 2022-03-21 19:00:12.380011 [GameController] {Main} Adding product state reference. uid=osi refCount=0
D 2022-03-21 19:00:12.380060 [GameController] {Main} Visibility Changed. family=OSI visible=1
D 2022-03-21 19:00:12.380501 [GameController] {Main} Game Family Added: id=ODIN visible=0
D 2022-03-21 19:00:12.380564 [ProductState] {Main} Game product state created: uid=odin
D 2022-03-21 19:00:12.380583 [ProductState] {Main} InstallState (odin): currentOperation=Install currentOperationStatus=New
I 2022-03-21 19:00:12.380676 [GameController] {Main} GameAccount added to family: family=ODIN account=GameAccount(ODIN:retail region=EU unbound)
D 2022-03-21 19:00:12.380707 [GameController] {Main} Adding product state reference. uid=odin refCount=0
D 2022-03-21 19:00:12.380758 [GameController] {Main} Visibility Changed. family=ODIN visible=1
D 2022-03-21 19:00:12.381182 [GameController] {Main} Game Family Added: id=Pro visible=0
D 2022-03-21 19:00:12.381241 [ProductState] {Main} Game product state created: uid=prometheus
D 2022-03-21 19:00:12.381261 [ProductState] {Main} InstallState (prometheus): currentOperation=Install currentOperationStatus=New
I 2022-03-21 19:00:12.381326 [GameController] {Main} GameAccount added to family: family=Pro account=GameAccount(Pro:retail region=EU unbound)
D 2022-03-21 19:00:12.381357 [GameController] {Main} Adding product state reference. uid=prometheus refCount=0
D 2022-03-21 19:00:12.381412 [GameController] {Main} Visibility Changed. family=Pro visible=1
D 2022-03-21 19:00:12.381844 [GameController] {Main} Game Family Added: id=RTRO visible=0
D 2022-03-21 19:00:12.381901 [ProductState] {Main} Game product state created: uid=rtro
D 2022-03-21 19:00:12.381919 [ProductState] {Main} InstallState (rtro): currentOperation=Install currentOperationStatus=New
I 2022-03-21 19:00:12.381977 [GameController] {Main} GameAccount added to family: family=RTRO account=GameAccount(RTRO:retail region=EU unbound)
D 2022-03-21 19:00:12.382009 [GameController] {Main} Adding product state reference. uid=rtro refCount=0
D 2022-03-21 19:00:12.382062 [GameController] {Main} Visibility Changed. family=RTRO visible=1
D 2022-03-21 19:00:12.382483 [GameController] {Main} Game Family Added: id=S1 visible=0
D 2022-03-21 19:00:12.382592 [ProductState] {Main} Game product state created: uid=s1
D 2022-03-21 19:00:12.382611 [ProductState] {Main} InstallState (s1): currentOperation=Install currentOperationStatus=New
I 2022-03-21 19:00:12.382677 [GameController] {Main} GameAccount added to family: family=S1 account=GameAccount(S1:retail region=EU unbound)
D 2022-03-21 19:00:12.382705 [GameController] {Main} Adding product state reference. uid=s1 refCount=0
D 2022-03-21 19:00:12.382754 [GameController] {Main} Visibility Changed. family=S1 visible=1
D 2022-03-21 19:00:12.383168 [GameController] {Main} Game Family Added: id=S2 visible=0
I 2022-03-21 19:00:12.383220 [GameController] {Main} GameAccount added to family: family=S2 account=GameAccount(S2:retail region=EU)
D 2022-03-21 19:00:12.383244 [GameController] {Main} Adding product state reference. uid=s2 refCount=0
D 2022-03-21 19:00:12.383286 [GameController] {Main} Visibility Changed. family=S2 visible=1
D 2022-03-21 19:00:12.383726 [ProductState] {Main} Game product state created: uid=s2_ptr
D 2022-03-21 19:00:12.383747 [ProductState] {Main} InstallState (s2_ptr): currentOperation=Install currentOperationStatus=New
I 2022-03-21 19:00:12.383800 [GameController] {Main} GameAccount added to family: family=S2 account=GameAccount(S2:ptr region=XX)
D 2022-03-21 19:00:12.383842 [GameController] {Main} Adding product state reference. uid=s2_ptr refCount=0
D 2022-03-21 19:00:12.384402 [ProductState] {Main} Game product state created: uid=osi_beta
D 2022-03-21 19:00:12.384423 [ProductState] {Main} InstallState (osi_beta): currentOperation=Install currentOperationStatus=New
I 2022-03-21 19:00:12.384496 [GameController] {Main} GameAccount added to family: family=OSI account=GameAccount(OSI:beta region=EU hidden)
D 2022-03-21 19:00:12.384527 [GameController] {Main} Adding product state reference. uid=osi_beta refCount=0
D 2022-03-21 19:00:12.384995 [GameController] {Main} Game Family Added: id=SPOT visible=0
D 2022-03-21 19:00:12.385052 [ProductState] {Main} Game product state created: uid=spot
D 2022-03-21 19:00:12.385072 [ProductState] {Main} InstallState (spot): currentOperation=Install currentOperationStatus=New
I 2022-03-21 19:00:12.385128 [GameController] {Main} GameAccount added to family: family=SPOT account=GameAccount(SPOT:retail region=EU unbound hidden)
D 2022-03-21 19:00:12.385157 [GameController] {Main} Adding product state reference. uid=spot refCount=0
D 2022-03-21 19:00:12.385632 [GameController] {Main} Game Family Added: id=W3 visible=0
D 2022-03-21 19:00:12.385694 [ProductState] {Main} Game product state created: uid=w3
D 2022-03-21 19:00:12.385712 [ProductState] {Main} InstallState (w3): currentOperation=Install currentOperationStatus=New
I 2022-03-21 19:00:12.385774 [GameController] {Main} GameAccount added to family: family=W3 account=GameAccount(W3:retail region=EU unbound)
D 2022-03-21 19:00:12.385800 [GameController] {Main} Adding product state reference. uid=w3 refCount=0
D 2022-03-21 19:00:12.385847 [GameController] {Main} Visibility Changed. family=W3 visible=1
D 2022-03-21 19:00:12.386273 [GameController] {Main} Game Family Added: id=WLBY visible=0
D 2022-03-21 19:00:12.386332 [ProductState] {Main} Game product state created: uid=wlby
D 2022-03-21 19:00:12.386351 [ProductState] {Main} InstallState (wlby): currentOperation=Install currentOperationStatus=New
I 2022-03-21 19:00:12.386408 [GameController] {Main} GameAccount added to family: family=WLBY account=GameAccount(WLBY:retail region=EU unbound)
D 2022-03-21 19:00:12.386434 [GameController] {Main} Adding product state reference. uid=wlby refCount=0
D 2022-03-21 19:00:12.386481 [GameController] {Main} Visibility Changed. family=WLBY visible=1
D 2022-03-21 19:00:12.386905 [GameController] {Main} Game Family Added: id=WTCG visible=0
D 2022-03-21 19:00:12.386967 [ProductState] {Main} Game product state created: uid=hs_beta
D 2022-03-21 19:00:12.386986 [ProductState] {Main} InstallState (hs_beta): currentOperation=Install currentOperationStatus=New
I 2022-03-21 19:00:12.387065 [GameController] {Main} GameAccount added to family: family=WTCG account=GameAccount(WTCG:retail region=EU)
D 2022-03-21 19:00:12.387094 [GameController] {Main} Adding product state reference. uid=hs_beta refCount=0
D 2022-03-21 19:00:12.387171 [GameController] {Main} Visibility Changed. family=WTCG visible=1
D 2022-03-21 19:00:12.387659 [ProductState] {Main} Game product state created: uid=heroes_ptr
D 2022-03-21 19:00:12.387681 [ProductState] {Main} InstallState (heroes_ptr): currentOperation=Install currentOperationStatus=New
I 2022-03-21 19:00:12.387734 [GameController] {Main} GameAccount added to family: family=Hero account=GameAccount(Hero:ptr region=XX)
D 2022-03-21 19:00:12.387762 [GameController] {Main} Adding product state reference. uid=heroes_ptr refCount=0
D 2022-03-21 19:00:12.388282 [GameController] {Main} Game Family Added: id=WoW visible=0
D 2022-03-21 19:00:12.388359 [ProductState] {Main} Game product state created: uid=wow
D 2022-03-21 19:00:12.388378 [ProductState] {Main} InstallState (wow): currentOperation=Install currentOperationStatus=New
I 2022-03-21 19:00:12.388441 [GameController] {Main} GameAccount added to family: family=WoW account=GameAccount(WoW:retail region=EU unbound)
D 2022-03-21 19:00:12.388468 [GameController] {Main} Adding product state reference. uid=wow refCount=0
D 2022-03-21 19:00:12.388521 [GameController] {Main} Visibility Changed. family=WoW visible=1
D 2022-03-21 19:00:12.388957 [ProductState] {Main} Game product state created: uid=zeus
D 2022-03-21 19:00:12.388976 [ProductState] {Main} InstallState (zeus): currentOperation=Install currentOperationStatus=New
I 2022-03-21 19:00:12.389031 [GameController] {Main} GameAccount added to family: family=ZEUS account=GameAccount(ZEUS:retail region=EU unbound)
D 2022-03-21 19:00:12.389056 [GameController] {Main} Adding product state reference. uid=zeus refCount=0
D 2022-03-21 19:00:12.389103 [GameController] {Main} Visibility Changed. family=ZEUS visible=1
D 2022-03-21 19:00:12.389560 [ProductState] {Main} Game product state created: uid=s1_ptr
D 2022-03-21 19:00:12.389579 [ProductState] {Main} InstallState (s1_ptr): currentOperation=Install currentOperationStatus=New
I 2022-03-21 19:00:12.389633 [GameController] {Main} GameAccount added to family: family=S1 account=GameAccount(S1:ptr region=XX)
D 2022-03-21 19:00:12.389661 [GameController] {Main} Adding product state reference. uid=s1_ptr refCount=0
D 2022-03-21 19:00:12.390145 [ProductState] {Main} Game product state created: uid=odin_beta
D 2022-03-21 19:00:12.390209 [ProductState] {Main} InstallState (odin_beta): currentOperation=Install currentOperationStatus=New
I 2022-03-21 19:00:12.390291 [GameController] {Main} GameAccount added to family: family=ODIN account=GameAccount(ODIN:beta region=EU hidden)
D 2022-03-21 19:00:12.390316 [GameController] {Main} Adding product state reference. uid=odin_beta refCount=0
I 2022-03-21 19:00:12.399165 [GameController] {Main} Setting default selections for game controller
D 2022-03-21 19:00:12.399218 [GameController] {Main} Picked default selection by type for product group: WTCG account=GameAccount(WTCG:retail region=EU)
D 2022-03-21 19:00:12.400355 [GameController] {Main} New selection for product group WTCG: account=GameAccount(WTCG:retail region=EU) selectedItem=Hearthstone
D 2022-03-21 19:00:12.404115 [RemoteContentCache] {Main} Found cached remote content. url=https://nydus.battle.net/App/ruRU/client/WTCG/alert?targetRegion=EU
D 2022-03-21 19:00:12.404190 [GameController] {Main} Picked default selection by type for product group: RTRO account=GameAccount(RTRO:retail region=EU unbound)
D 2022-03-21 19:00:12.405158 [GameController] {Main} Selected region change: GameAccount(RTRO:retail region=EU unbound)
D 2022-03-21 19:00:12.405183 [GameController] {Main} Region changed for selected game account: GameAccount(RTRO:retail region=EU unbound)
D 2022-03-21 19:00:12.408661 [GameController] {Main} New selection for product group RTRO: account=GameAccount(RTRO:retail region=EU unbound) selectedItem=Blizzard Arcade Collection
D 2022-03-21 19:00:12.411821 [GameController] {Main} Picked default selection by type for product group: FORE account=GameAccount(FORE:retail region=EU unbound)
D 2022-03-21 19:00:12.412851 [GameController] {Main} Selected region change: GameAccount(FORE:retail region=EU unbound)
D 2022-03-21 19:00:12.412874 [GameController] {Main} Region changed for selected game account: GameAccount(FORE:retail region=EU unbound)
D 2022-03-21 19:00:12.412898 [GameController] {Main} New selection for product group FORE: account=GameAccount(FORE:retail region=EU unbound) selectedItem=Call of Duty: Vanguard
D 2022-03-21 19:00:12.412926 [GameController] {Main} Picked default selection by type for product group: Pro account=GameAccount(Pro:retail region=EU unbound)
D 2022-03-21 19:00:12.413789 [GameController] {Main} New selection for product group Pro: account=GameAccount(Pro:retail region=EU unbound) selectedItem=Overwatch
D 2022-03-21 19:00:12.417131 [RemoteContentCache] {Main} Found cached remote content. url=https://nydus.battle.net/App/ruRU/client/overwatch/alert?targetRegion=EU
D 2022-03-21 19:00:12.417185 [GameController] {Main} Picked default selection by type for product group: S1 account=GameAccount(S1:retail region=EU unbound)
D 2022-03-21 19:00:12.418312 [GameController] {Main} New selection for product group S1: account=GameAccount(S1:retail region=EU unbound) selectedItem=StarCraft
D 2022-03-21 19:00:12.421515 [RemoteContentCache] {Main} Found cached remote content. url=https://nydus.battle.net/App/ruRU/client/S1/alert?targetRegion=EU
D 2022-03-21 19:00:12.421564 [GameController] {Main} Picked default selection by type for product group: S2 account=GameAccount(S2:retail region=EU)
D 2022-03-21 19:00:12.422656 [GameController] {Main} New selection for product group S2: account=GameAccount(S2:retail region=EU) selectedItem=StarCraft II
D 2022-03-21 19:00:12.425771 [RemoteContentCache] {Main} Found cached remote content. url=https://nydus.battle.net/App/ruRU/client/S2/alert?targetRegion=EU
D 2022-03-21 19:00:12.425832 [GameController] {Main} Picked default selection by type for product group: AUKS account=GameAccount(null)
D 2022-03-21 19:00:12.425858 [GameController] {Main} Picked default selection by type for product group: W3 account=GameAccount(W3:retail region=EU unbound)
D 2022-03-21 19:00:12.426802 [GameController] {Main} New selection for product group W3: account=GameAccount(W3:retail region=EU unbound) selectedItem=Warcraft III
D 2022-03-21 19:00:12.430040 [RemoteContentCache] {Main} Found cached remote content. url=https://nydus.battle.net/App/ruRU/client/war3r/alert?targetRegion=EU
D 2022-03-21 19:00:12.430086 [GameController] {Main} Picked default selection by type for product group: LAZR account=GameAccount(LAZR:retail region=EU unbound)
D 2022-03-21 19:00:12.431009 [GameController] {Main} New selection for product group LAZR: account=GameAccount(LAZR:retail region=EU unbound) selectedItem=Call of Duty: MW2 Campaign Remastered
D 2022-03-21 19:00:12.434326 [GameController] {Main} Picked default selection by type for product group: D3 account=GameAccount(D3:retail region=EU)
D 2022-03-21 19:00:12.435272 [GameController] {Main} New selection for product group D3: account=GameAccount(D3:retail region=EU) selectedItem=Diablo III
D 2022-03-21 19:00:12.438578 [RemoteContentCache] {Main} Found cached remote content. url=https://nydus.battle.net/App/ruRU/client/D3/alert?targetRegion=EU
D 2022-03-21 19:00:12.438623 [GameController] {Main} Picked default selection by type for product group: VIPR account=GameAccount(VIPR:retail region=EU unbound)
D 2022-03-21 19:00:12.439541 [GameController] {Main} New selection for product group VIPR: account=GameAccount(VIPR:retail region=EU unbound) selectedItem=Call of Duty Black Ops 4
D 2022-03-21 19:00:12.442804 [RemoteContentCache] {Main} Found cached remote content. url=https://nydus.battle.net/App/ruRU/client/VIPR/alert?targetRegion=EU
D 2022-03-21 19:00:12.442854 [GameController] {Main} Picked default selection by type for product group: SPOT account=GameAccount(null)
D 2022-03-21 19:00:12.442882 [GameController] {Main} Picked default selection by type for product group: ODIN account=GameAccount(ODIN:retail region=EU unbound)
D 2022-03-21 19:00:12.443852 [GameController] {Main} New selection for product group ODIN: account=GameAccount(ODIN:retail region=EU unbound) selectedItem=Call of Duty: Warzone
D 2022-03-21 19:00:12.447074 [RemoteContentCache] {Main} Found cached remote content. url=https://nydus.battle.net/App/ruRU/client/odin/alert?targetRegion=EU
D 2022-03-21 19:00:12.447119 [GameController] {Main} Picked default selection by type for product group: WLBY account=GameAccount(WLBY:retail region=EU unbound)
D 2022-03-21 19:00:12.448074 [GameController] {Main} New selection for product group WLBY: account=GameAccount(WLBY:retail region=EU unbound) selectedItem=Crash Bandicoot 4:   
D 2022-03-21 19:00:12.451286 [GameController] {Main} Picked default selection by type for product group: Fen account=GameAccount(null)
D 2022-03-21 19:00:12.451318 [GameController] {Main} Picked default selection by type for product group: Hero account=GameAccount(Hero:retail region=EU unbound)
D 2022-03-21 19:00:12.452578 [GameController] {Main} New selection for product group Hero: account=GameAccount(Hero:retail region=EU unbound) selectedItem=Heroes of the Storm
D 2022-03-21 19:00:12.456018 [RemoteContentCache] {Main} Found cached remote content. url=https://nydus.battle.net/App/ruRU/client/Hero/alert?targetRegion=EU
D 2022-03-21 19:00:12.456068 [GameController] {Main} Picked default selection by type for product group: D3CN account=GameAccount(null)
D 2022-03-21 19:00:12.456093 [GameController] {Main} Picked default selection by type for product group: ZEUS account=GameAccount(ZEUS:retail region=EU unbound)
D 2022-03-21 19:00:12.457077 [GameController] {Main} New selection for product group ZEUS: account=GameAccount(ZEUS:retail region=EU unbound) selectedItem=Call of Duty: Black Ops Cold War
D 2022-03-21 19:00:12.460444 [GameController] {Main} Picked default selection by type for product group: WoW account=GameAccount(WoW:retail region=EU unbound)
D 2022-03-21 19:00:12.461389 [GameController] {Main} New selection for product group WoW: account=GameAccount(WoW:retail region=EU unbound) selectedItem=World of Warcraft
D 2022-03-21 19:00:12.464664 [RemoteContentCache] {Main} Found cached remote content. url=https://nydus.battle.net/App/ruRU/client/WoW/alert?targetRegion=EU
D 2022-03-21 19:00:12.464719 [GameController] {Main} Picked default selection by type for product group: OSI account=GameAccount(OSI:retail region=EU unbound)
D 2022-03-21 19:00:12.465711 [GameController] {Main} Selected region change: GameAccount(OSI:retail region=EU unbound)
D 2022-03-21 19:00:12.465737 [GameController] {Main} Region changed for selected game account: GameAccount(OSI:retail region=EU unbound)
D 2022-03-21 19:00:12.469000 [GameController] {Main} New selection for product group OSI: account=GameAccount(OSI:retail region=EU unbound) selectedItem=Diablo II: Resurrected
D 2022-03-21 19:00:12.472036 [GameController] {Main} Selecting game family by id: S2
D 2022-03-21 19:00:12.472058 [GameController] {Main} Active family set to: S2
D 2022-03-21 19:00:12.482395 [GameController] {Main} Active product set to: S2_retail
I 2022-03-21 19:00:12.486001 [GameController] {Main} GameController initialization complete
D 2022-03-21 19:00:12.486664 [GSAccountProvider] {Main} Completed final load.
D 2022-03-21 19:00:12.499337 [GSAccountProvider] {Main} Subscription has been activated. entityId=(Game: EU-D3-918804046)
D 2022-03-21 19:00:12.499372 [GSAccountProvider] {Main} Subscription has been activated. entityId=(Game: EU-S2-913901202)
D 2022-03-21 19:00:12.499382 [GSAccountProvider] {Main} Received GameTimeRemainingInfo: (Game: EU-S2-913901202) info=
D 2022-03-21 19:00:12.499399 [GSAccountProvider] {Main} Subscription has been activated. entityId=(Game: EU-WTCG-19154452)
D 2022-03-21 19:00:12.499408 [GSAccountProvider] {Main} Subscription has been activated. entityId=(Game: XX-WTCG-21388410)
D 2022-03-21 19:00:12.544108 [GSAccountProvider] {Main} Received GameTimeRemainingInfo: (Game: EU-D3-918804046) info=
D 2022-03-21 19:00:12.544145 [GSAccountProvider] {Main} Received GameTimeRemainingInfo: (Game: EU-WTCG-19154452) info=
D 2022-03-21 19:00:15.552020 [BAPIGateway] {Main} API request: https://eu.api.blizzard.com/content-api/v1/layoutTemplates/blt478cfc6c41578ddb/layout?cxpProductId=blt90855744d00cd378
I 2022-03-21 19:00:18.361878 [GameController] {Main} Selecting game by uid. uid=s2 prioritizeUpdate=1
I 2022-03-21 19:00:18.365944 [GameController] {Main} Prioritize Update: uid=s2
I 2022-03-21 19:00:18.365981 [ScreenController] {Main} Changing screen to: Games
I 2022-03-21 19:00:18.369438 [StartupGameSearch] {Main} Skipping automated search for unregistered games
W 2022-03-21 19:00:18.369460 [InstallManager] {Main} Skipping search for unregistered games.
I 2022-03-21 19:00:18.369493 [InstallManager] {Main} Searching for unregistered games finished.
I 2022-03-21 19:00:18.369528 [StartupGameSearch] {Main} Completed automated search for unregistered games
I 2022-03-21 19:00:18.369665 [InstallFlow] {Main} No longer waiting for game registration search to complete.
D 2022-03-21 19:00:18.371159 [InventoryController] {Main} Updating inventory
D 2022-03-21 19:00:18.371175 [InventoryController] {Main} GetInventoryInfo request
D 2022-03-21 19:00:18.371190 [BAPIGateway] {Main} API request: https://eu.api.blizzard.com/AccountInventoryService/v1/GetNewInventoryItemCount
I 2022-03-21 19:00:18.374553 [Clubs] {Main} Subscribing to club membership.
I 2022-03-21 19:00:18.374678 [ChannelV2] {Main} Subscribing to channelv2 membership service. |agentId=|id=19067494|program=4288624|region=2
I 2022-03-21 19:00:18.374730 [BNLogin] {Main} Logged into Battle.net successfully. |bnet=1:0:17f719a9|game=2:200417070:122f266
D 2022-03-21 19:00:18.418301 [BAPIGateway] {Main} API response: OK content={"layoutId":"blt9fc836ef855c7669","sections":[],"context":{"locale":"ru-ru","cxpProductId":"blt90855744d00cd378","layoutTemplateId":"blt478cfc6c41578ddb","region":"North America","includeFeed":false}}
I 2022-03-21 19:00:18.578246 [ChannelV2] {Main} ChannelV2 membership subscription created.
I 2022-03-21 19:00:18.724972 [Clubs] {Main} Club membership subscription created: |accountId=|id=402069929
D 2022-03-21 19:00:18.764584 [BAPIGateway] {Main} API response: OK content={"error":null,"newCount":0,"totalCount":0}
D 2022-03-21 19:00:18.764658 [InventoryController] {Main} Inventory changed, new: 0 total: 0
I 2022-03-21 19:00:20.491019 [GameSessionList] {Agent} Reporting process: TrackingInfo(uid=battle.net, type=game, opStatus=On, reqId=0, running=4, oldRunning=2)
I 2022-03-21 19:00:20.494548 [InstallManager] {Main} Setting Process Running: true uid=battle.net binaryType=game any=true
E 2022-03-21 19:00:25.644312 [BNSocialNetwork] {Main} Error response for BGS Facebook friend list. error=ERROR_SOCIAL_NETWORK_NO_ACCOUNT_DATA (9005)
D 2022-03-21 19:00:29.328159 [GameController] {Main} Selecting game family by id: S2
I 2022-03-21 19:00:29.337563 [Main] {Main} LaunchBinary: uid=s2 selectedRegion=EU binaryType=game
D 2022-03-21 19:00:29.346505 [InstallInfo] {Main} Operation status changed: opType=Execute oldStatus=Off newStatus=Pending agentUid=s2
D 2022-03-21 19:00:29.346673 [ProductState] {Main} InstallState (s2): GameLaunching=1
I 2022-03-21 19:00:29.507944 [InstallManager] {Main} Game launch options: programId=S2 GAME_ACCOUNT= REGION=EU LOCALE=ruRU LOCALE_AUDIO=enUS LAUNCH_64BIT=1
I 2022-03-21 19:00:29.508814 [InstallManager] {Main} Game launch options: programId=S2 ACCOUNT=(hidden) ACCOUNT_TS=1647889229
I 2022-03-21 19:00:29.648361 [InstallManager] {Main} Launched E:/Games/Call of Duty/StarCraft II/Support64/SC2Switcher_x64.exe with args: -sso=1 -launch -uid s2, pid: 3324
I 2022-03-21 19:00:32.605433 [GameSessionList] {Agent} Reporting process: TrackingInfo(uid=s2, type=game, opStatus=On, reqId=0, running=1, oldRunning=0)
I 2022-03-21 19:00:32.614138 [InstallManager] {Main} Setting Process Running: true uid=s2 binaryType=game any=true
D 2022-03-21 19:00:32.614169 [InstallInfo] {Main} Operation status changed: opType=Execute oldStatus=Pending newStatus=On agentUid=s2
D 2022-03-21 19:00:32.614208 [InstallManager] {Main} Game is running: s2
D 2022-03-21 19:00:32.615011 [ProductState] {Main} InstallState (s2): gameRunning=1 isGameProcessRunning=1 GameLaunching=0
W 2022-03-21 19:01:17.734164 [BNResources] {Main} |event=GetResource failure|code=ERROR_INVALID_ARGS (7)|program=0|stream=0|version=1920291413
W 2022-03-21 19:01:17.734248 [RichPresence] {Main} |event=RichPresence resource failure.|error=ERROR_INVALID_ARGS (7)
W 2022-03-21 19:10:13.322648 [RemoteContentManager] {http} Request failed. url=https://nydus.battle.net/App/ruRU/client/App/alert?targetRegion=EU statusCode=0 err=schannel: failed to receive handshake, SSL/TLS connection failed
W 2022-03-21 20:10:27.990471 [GamesService] {http} Request failed. url=https://nydus.battle.net/App/ruRU/client/S2/alert?targetRegion=EU statusCode=0 err=schannel: failed to receive handshake, SSL/TLS connection failed
I 2022-03-21 20:41:59.726545 [Main] {Main} Frontend is requesting to close window.
I 2022-03-21 20:42:01.498669 [GameSessionList] {Agent} Reporting process: TrackingInfo(uid=s2, type=game, opStatus=Off, reqId=0, running=0, oldRunning=1)
I 2022-03-21 20:42:01.504291 [InstallManager] {Main} Setting Process Running: false uid=s2 binaryType=game any=false
D 2022-03-21 20:42:01.504322 [InstallInfo] {Main} Operation status changed: opType=Execute oldStatus=On newStatus=Off agentUid=s2
D 2022-03-21 20:42:01.504336 [InstallManager] {Main} Game is no longer running: s2
D 2022-03-21 20:42:01.507886 [ProductState] {Main} InstallState (s2): gameRunning=0 isGameProcessRunning=0
D 2022-03-21 20:42:02.424530 [InstallManager] {Main} Game finished versioning s2
