I 2022-03-15 18:18:19.947962 [Main] {Main} Logging started for Battle.net build 2.10.0.13335
I 2022-03-15 18:18:19.948283 [Configuration] {Main} SharedConfigRoot: C:\ProgramData\Battle.net
I 2022-03-15 18:18:19.948591 [Configuration] {Main} RoamingConfigRoot: C:\Users\User\AppData\Roaming\Battle.net
I 2022-03-15 18:18:19.948613 [Configuration] {Main} LocalConfigRoot: C:\Users\User\AppData\Local\Battle.net
D 2022-03-15 18:18:19.949022 [Configuration] {Main} Searching for config file: E:\Games\warzone\Battle.net\Battle.net.13335\Battle.net.config
D 2022-03-15 18:18:19.949093 [Configuration] {Main} Searching for config file: E:\Games\warzone\Battle.net\Battle.net.config
D 2022-03-15 18:18:19.950383 [Configuration] {Main} User Configuration File: C:\Users\User\AppData\Roaming\Battle.net\Battle.net.config
I 2022-03-15 18:18:19.953341 [Main] {Main} Command line arguments: {[0]=--game=s2_ruru, [1]=--gamepath=E:\Games\Call of Duty\StarCraft II}
I 2022-03-15 18:18:19.955831 [Main] {Main} Opening IPC shared memory. queueName=User:User:Battle.net IPC ShMem mode=server
I 2022-03-15 18:18:19.962336 [CommandQueue] {Main} Dispatching Command: register s2_ruru E:\Games\Call of Duty\StarCraft II   false
I 2022-03-15 18:18:20.086665 [Frontend] {Main} Supplying list of renderers: d3d11,warp,desktop
I 2022-03-15 18:18:21.152579 [LocalizationData] {Main} 21 language(s) loaded from languages.xml, default=enUS
D 2022-03-15 18:18:21.480814 [Main] {Main} Adding application font: resources/fonts/BlizzardReg.ttf
D 2022-03-15 18:18:21.482768 [Main] {Main} Adding application font: resources/fonts/BlizzardLig.ttf
D 2022-03-15 18:18:21.484217 [Main] {Main} Adding application font: resources/fonts/BlizzardBol.ttf
D 2022-03-15 18:18:21.485694 [Main] {Main} Adding application font: resources/fonts/NotoSans-Bold.ttf
D 2022-03-15 18:18:21.490784 [Main] {Main} Adding application font: resources/fonts/NotoSans-BoldItalic.ttf
D 2022-03-15 18:18:21.495065 [Main] {Main} Adding application font: resources/fonts/NotoSans-Italic.ttf
D 2022-03-15 18:18:21.499702 [Main] {Main} Adding application font: resources/fonts/NotoSans-Regular.ttf
D 2022-03-15 18:18:21.504332 [Main] {Main} Adding application font: resources/fonts/ObjectSans-Bold.ttf
D 2022-03-15 18:18:21.505867 [Main] {Main} Adding application font: resources/fonts/ObjectSans-Medium.ttf
D 2022-03-15 18:18:22.334951 [Main] {Main} Setting font to: Blizzard
I 2022-03-15 18:18:22.335910 [CacheManager] {Main} Local storage cache at: C:\Users\User\AppData\Local\Battle.net\Cache
I 2022-03-15 18:18:22.371151 [Main] {Main} Opened database at: C:\Users\User\AppData\Local\Battle.net\CachedData.db
D 2022-03-15 18:18:22.372851 [Agent] {Main} PolicyHandler Thread STARTED
D 2022-03-15 18:18:22.372880 [Agent] {Agent} PolicyHandlerThreadProc: I shall in all my best obey you.
I 2022-03-15 18:18:22.437436 [DIAG_BNL_Voice] {Main} Audio device monitor using already-initialized COM
I 2022-03-15 18:18:22.438991 [VoiceSessionBroker] {Main} Global voice is on
I 2022-03-15 18:18:22.439360 [Main] {Main} Execution environment changed. environment=EE_STANDARD
I 2022-03-15 18:18:22.439896 [CatalogManager] {Main} Loaded catalog hash from the database cache. hash=d22594d87ba6ff03a30e26e371b5acfa
I 2022-03-15 18:18:22.440524 [CatalogManager] {Main} Built-in catalog hash (catalog/digesthash.txt): 25ac15941b6f0b0b3ae4f9c6dcbe51b0
I 2022-03-15 18:18:22.440663 [CatalogManager] {Main} Built-in catalog hash (catalog/signaturehash.txt): 6ae4515e5370e7f53e65905f8270a805
I 2022-03-15 18:18:22.440694 [CatalogLoader] {Main} *** LOAD STARTED default: Context(LocalCAS: d22594d87ba6ff03a30e26e371b5acfa I) ***
I 2022-03-15 18:18:22.478457 [Agent] {Agent} Agent has different session: 1095162278570726435
I 2022-03-15 18:18:22.478483 [Agent] {Agent} Agent Version is now: 2.26.0.7661 (retail)
I 2022-03-15 18:18:22.481050 [GameSessionList] {Agent} Reporting process: TrackingInfo(uid=battle.net, type=game, opStatus=On, reqId=0, running=1, oldRunning=0)
D 2022-03-15 18:18:22.483240 [Agent] {Agent} GameResource created for uid: agent
D 2022-03-15 18:18:22.483301 [Agent] {Agent} GameResource created for uid: battle.net
D 2022-03-15 18:18:22.483324 [Agent] {Agent} GameResource created for uid: diablo3
D 2022-03-15 18:18:22.483339 [Agent] {Agent} GameResource created for uid: s2
W 2022-03-15 18:18:23.453111 [FeatureManager] {Main} Feature 'battle.net_http_request_0_c6caed0e' depends on missing feature 'http_test'
E 2022-03-15 18:18:23.453140 [FeatureManager] {Main} Feature 'battle.net_http_request_0_c6caed0e' has dependency errors and will not respond to dependency changes
I 2022-03-15 18:18:23.453163 [FeatureManager] {Main} Moving feature record from active to inactive: whisper_voice
I 2022-03-15 18:18:23.453172 [FeatureManager] {Main} Moving feature record from active to inactive: trace_route
I 2022-03-15 18:18:23.453178 [FeatureManager] {Main} Moving feature record from active to inactive: mapped_urls
I 2022-03-15 18:18:23.453190 [FeatureManager] {Main} Feature changed: hearthstone_limited_event_57b4aca6=true
I 2022-03-15 18:18:23.453203 [FeatureManager] {Main} Feature changed: fore_limited_alpha_f6824657=true
I 2022-03-15 18:18:23.453212 [FeatureManager] {Main} Feature changed: fore_buy_now_fore_fef83a73=true
I 2022-03-15 18:18:23.453221 [FeatureManager] {Main} Feature changed: lazarus_show_on_beta_5bbf784c=true
I 2022-03-15 18:18:23.453229 [FeatureManager] {Main} Feature changed: odin_deprecate_event_21bf1dc9=true
I 2022-03-15 18:18:23.453237 [FeatureManager] {Main} Feature changed: odin_show_on_beta_5bbf784c=true
I 2022-03-15 18:18:23.453246 [FeatureManager] {Main} Feature changed: odin_upgrade_from_odin_fef83a73=true
I 2022-03-15 18:18:23.453255 [FeatureManager] {Main} Feature changed: osi_limited_install_773b93da=true
I 2022-03-15 18:18:23.453263 [FeatureManager] {Main} Feature changed: osi_limited_product_d9fa6516=true
I 2022-03-15 18:18:23.453271 [FeatureManager] {Main} Feature changed: viper_show_on_beta_5bbf784c=true
I 2022-03-15 18:18:23.453281 [FeatureManager] {Main} Feature changed: warcraft_iii_upgrade_05e4b09b=true
I 2022-03-15 18:18:23.453288 [FeatureManager] {Main} Feature changed: wlby_show_on_beta_5bbf784c=true
I 2022-03-15 18:18:23.453297 [FeatureManager] {Main} Feature changed: zeus_refresh_without_license_b63211e4=true
I 2022-03-15 18:18:23.453305 [FeatureManager] {Main} Feature changed: zeus_show_on_beta_5bbf784c=true
I 2022-03-15 18:18:23.463816 [FeatureManager] {Main} Feature changed: cts_takeovers=true
I 2022-03-15 18:18:23.463858 [FeatureManager] {Main} Feature changed: http_test=true tags=http_request_0
I 2022-03-15 18:18:23.463867 [FeatureManager] {Main} Feature changed: shop_wish_list=true
I 2022-03-15 18:18:23.463879 [FeatureManager] {Main} Feature changed: activision_auto_account_creation=true
I 2022-03-15 18:18:23.463885 [FeatureManager] {Main} Feature changed: suggested_group_members=true
I 2022-03-15 18:18:23.463891 [FeatureManager] {Main} Feature changed: all_games_v2=true
I 2022-03-15 18:18:23.463898 [FeatureManager] {Main} Feature changed: all_games_new_badge=true
I 2022-03-15 18:18:23.463904 [FeatureManager] {Main} Feature changed: collapsible_social_panel=true
I 2022-03-15 18:18:23.463910 [FeatureManager] {Main} Feature changed: blizzard_profiles=true
I 2022-03-15 18:18:23.463919 [FeatureManager] {Main} Feature changed: clear_chat_history=true
I 2022-03-15 18:18:23.463924 [FeatureManager] {Main} Feature changed: mentions=true
I 2022-03-15 18:18:23.463930 [FeatureManager] {Main} Feature changed: social_tab=true
I 2022-03-15 18:18:23.463936 [FeatureManager] {Main} Feature changed: auto_update_optimization=true
I 2022-03-15 18:18:23.463942 [FeatureManager] {Main} Feature changed: embedded_web_view=true
I 2022-03-15 18:18:23.463949 [FeatureManager] {Main} Feature changed: group_privacy_settings=true
I 2022-03-15 18:18:23.463954 [FeatureManager] {Main} Feature changed: cn_age_alert=true
I 2022-03-15 18:18:23.463961 [FeatureManager] {Main} Feature changed: appear_offline=true
I 2022-03-15 18:18:23.463966 [FeatureManager] {Main} Feature changed: refresh_toast=true
I 2022-03-15 18:18:23.463972 [FeatureManager] {Main} Feature changed: app_feedback_dialog=true
I 2022-03-15 18:18:23.463978 [FeatureManager] {Main} Feature changed: browser_main_window=true
I 2022-03-15 18:18:23.463985 [FeatureManager] {Main} Feature changed: chat_giphy=true
I 2022-03-15 18:18:23.463991 [FeatureManager] {Main} Feature changed: content_ui=true
I 2022-03-15 18:18:23.463997 [FeatureManager] {Main} Feature changed: multichats=true
I 2022-03-15 18:18:23.464007 [FeatureManager] {Main} Feature changed: first_time_experience=true
I 2022-03-15 18:18:23.464013 [FeatureManager] {Main} Feature changed: friend_request_management=true
I 2022-03-15 18:18:23.464018 [FeatureManager] {Main} Feature changed: link_previews=true
I 2022-03-15 18:18:23.464024 [FeatureManager] {Main} Feature changed: sms_protect_requirements=true
I 2022-03-15 18:18:23.464029 [FeatureManager] {Main} Feature changed: friends_list_popout=true
I 2022-03-15 18:18:23.464034 [FeatureManager] {Main} Feature changed: gift_inventory=true
I 2022-03-15 18:18:23.464040 [FeatureManager] {Main} Feature changed: global_legendary_promos=true
I 2022-03-15 18:18:23.464045 [FeatureManager] {Main} Feature changed: refresh_friend_tooltip=true
I 2022-03-15 18:18:23.464052 [FeatureManager] {Main} Feature changed: non_friend_whispers=true
I 2022-03-15 18:18:23.464057 [FeatureManager] {Main} Feature changed: notification_center=true
I 2022-03-15 18:18:23.464062 [FeatureManager] {Main} Feature changed: playscreen_migrate_cms=true
I 2022-03-15 18:18:23.464068 [FeatureManager] {Main} Feature changed: shared_container_installs=true
I 2022-03-15 18:18:23.464073 [FeatureManager] {Main} Feature changed: sc2_account_selection_dialog=true
I 2022-03-15 18:18:23.464079 [FeatureManager] {Main} Feature changed: suggested_facebook_friends=true
I 2022-03-15 18:18:23.464087 [FeatureManager] {Main} Feature changed: whisper_voice=true
I 2022-03-15 18:18:23.464095 [FeatureManager] {Main} Feature changed: battle.net_http_request_0_c6caed0e=true
D 2022-03-15 18:18:23.464207 [Configuration] {Main} Searching for config file: E:\Games\warzone\Battle.net\Battle.net.13335\Environments.yaml
D 2022-03-15 18:18:23.464266 [Configuration] {Main} Searching for config file: E:\Games\warzone\Battle.net\Environments.yaml
I 2022-03-15 18:18:23.464304 [EnvironmentManager] {Main} Login parameters changed: address=eu.actual.battle.net:1119 region=EU
D 2022-03-15 18:18:23.480895 [CatalogVarStorage] {Main} Setting var from catalog Client.Shop.SaleNotificationVersion=6
D 2022-03-15 18:18:23.480937 [CatalogVarStorage] {Main} Setting var from catalog Browser.DisableSiteIsolation=true
D 2022-03-15 18:18:23.480948 [CatalogVarStorage] {Main} Setting var from catalog Client.ActivisionAutoAccountCreation.Games=ODIN,ZEUS,FORE,AUKS
D 2022-03-15 18:18:23.480957 [CatalogVarStorage] {Main} Setting var from catalog Client.Shop.SaleNotificationEnabled=false
D 2022-03-15 18:18:23.480965 [CatalogVarStorage] {Main} Setting var from catalog Client.OwlScreen.LiveCheckIntervalMS=300000
D 2022-03-15 18:18:23.480983 [CatalogVarStorage] {Main} Setting var from catalog Client.Announcements.MaximumAnnouncements=20
D 2022-03-15 18:18:23.480992 [CatalogVarStorage] {Main} Setting var from catalog Client.NewProfileWindowLayout=true
D 2022-03-15 18:18:23.480999 [CatalogVarStorage] {Main} Setting var from catalog Client.PromotedScreenVersion=3
D 2022-03-15 18:18:23.481009 [CatalogVarStorage] {Main} Setting var from catalog Client.Version.BetaAccessOverride=enabled
I 2022-03-15 18:18:23.481017 [VersionManager] {Main} Beta Access: enabled
D 2022-03-15 18:18:23.481024 [CatalogVarStorage] {Main} Setting var from catalog Client.Version.BetaBranchOverride=beta
D 2022-03-15 18:18:23.481034 [CatalogVarStorage] {Main} Setting var from catalog Services.WhisperChannels.InactivityTimeoutMS=0
I 2022-03-15 18:18:23.484196 [CatalogLoader] {Main} *** LOAD COMPLETE default ***
I 2022-03-15 18:18:23.484218 [CatalogManager] {Main} Loaded initial catalog: hash=d22594d87ba6ff03a30e26e371b5acfa
I 2022-03-15 18:18:23.612979 [WebServer] {Backend:0} Listening on port 22885
I 2022-03-15 18:18:30.250154 [Main] {Main} Attempting to fetch WidevineCDM: 1
D 2022-03-15 18:18:30.273241 [UI] {Main} Fixup allowed regions and locales. installedRegion=EU allowedRegions= allowedLocales=
I 2022-03-15 18:18:30.274464 [ToastManager] {Main} Toasts are enabled in ClientSettings
D 2022-03-15 18:18:30.279372 [ProductState] {Main} Game product state created: uid=
D 2022-03-15 18:18:30.279503 [ProductState] {Main} InstallState (): currentOperation=Install currentOperationStatus=New
I 2022-03-15 18:18:30.299324 [Main] {Main} Application path is: E:\Games\warzone\Battle.net\Battle.net.exe
I 2022-03-15 18:18:30.376202 [ClientServiceAlertMonitor] {Main} Breaking News url has changed. url=https://nydus.battle.net/App/ruRU/client/App/alert?targetRegion=EU
D 2022-03-15 18:18:30.376417 [RemoteContentCache] {Main} Found cached remote content. url=https://nydus.battle.net/App/ruRU/client/App/alert?targetRegion=EU
I 2022-03-15 18:18:30.379869 [ClientServiceAlertMonitor] {Main} Maintenance url has changed. url=https://nydus.battle.net/App/ruRU/client/App/maintenance?targetRegion=EU
D 2022-03-15 18:18:30.380026 [RemoteContentCache] {Main} Found cached remote content. url=https://nydus.battle.net/App/ruRU/client/App/maintenance?targetRegion=EU
I 2022-03-15 18:18:30.382420 [Frontend] {Main} Public Computer state changed. is_public=false
D 2022-03-15 18:18:30.382462 [Frontend] {Main} Session id changed. session_id=10953642218039100827
D 2022-03-15 18:18:30.382614 [Frontend] {Main} Tracking info changed. client_id=1713518960.1636732290, user_agent=
I 2022-03-15 18:18:30.395078 [HighDpiManager] {Main} High dpi support available changed: 0
I 2022-03-15 18:18:30.395103 [Frontend] {Main} High dpi support: disabled
D 2022-03-15 18:18:30.395674 [Main] {WorkerPool:0} Checking permissions on path: C:\ProgramData\Battle.net\Setup depth=-1
D 2022-03-15 18:18:30.399087 [Main] {WorkerPool:0} Checking permissions on path: C:\ProgramData\Battle.net\Agent depth=1
D 2022-03-15 18:18:30.402299 [Main] {WorkerPool:0} Checking permissions on path: C:\ProgramData\Battle.net\Agent\Agent.7614 depth=1
D 2022-03-15 18:18:30.402945 [Main] {WorkerPool:0} Checking permissions on path: C:\ProgramData\Battle.net\Agent\Agent.7661 depth=1
D 2022-03-15 18:18:30.403471 [Main] {WorkerPool:0} Checking permissions on path: C:\ProgramData\Blizzard Entertainment depth=2
D 2022-03-15 18:18:30.544996 [Frontend] {Main} Session id changed. session_id=1095162278570726435
I 2022-03-15 18:18:30.545189 [FeatureManager] {Main} Feature changed: install_packages=true
I 2022-03-15 18:18:30.545207 [FeatureManager] {Main} Feature changed: modify_install=true
I 2022-03-15 18:18:30.545538 [Agent] {Main} AgentManager is now initialized
I 2022-03-15 18:18:30.545552 [InstallManager] {Main} Install manager is now initialized
D 2022-03-15 18:18:30.545564 [InstallManager] {Main} Selecting best game install data for game battle.net: savedUid=battle.net originalUid=<none> newUid=battle.net
D 2022-03-15 18:18:30.545579 [InstallInfo] {Main} InstallInfo agent association has been changed: uid=battle.net agentUid=battle.net
D 2022-03-15 18:18:30.545600 [InstallManager] {Main} Selecting best game install data for game diablo3: savedUid=diablo3 originalUid=<none> newUid=diablo3
D 2022-03-15 18:18:30.545614 [InstallInfo] {Main} InstallInfo agent association has been changed: uid=diablo3 agentUid=diablo3
D 2022-03-15 18:18:30.545637 [InstallManager] {Main} Selecting best game install data for game s2: savedUid=s2 originalUid=<none> newUid=s2
D 2022-03-15 18:18:30.545652 [InstallInfo] {Main} InstallInfo agent association has been changed: uid=s2 agentUid=s2
D 2022-03-15 18:18:30.545736 [ProductState] {Main} Game product state created: uid=diablo3
D 2022-03-15 18:18:30.545804 [ProductState] {Main} InstallState (diablo3): currentOperation=Update currentOperationStatus=New installed=1 installPath=E:/Games/Call of Duty/Diablo III canCreateShortcut=1 selectedRegion=eu activeConfigKey=21ab24be60c4aea4ff2e0868ab3e0edb regionalVersions=(eu: {playable:false config_key:d6330f59521e60649ab36942f6f2f299}, kr: {playable:false config_key:d6330f59521e60649ab36942f6f2f299}, tw: {playable:false config_key:d6330f59521e60649ab36942f6f2f299}, us: {playable:false config_key:d6330f59521e60649ab36942f6f2f299}) localVersion=2.6.8.66666 latestVersion=79575 progress=1
D 2022-03-15 18:18:30.545844 [ProductState] {Main} Game product state created: uid=s2
D 2022-03-15 18:18:30.545884 [ProductState] {Main} InstallState (s2): currentOperation=UpToDate currentOperationStatus=Paused installed=1 optionalPackageInstalled=1 installPath=E:/Games/Call of Duty/StarCraft II playable=1 canCreateShortcut=1 selectedRegion=eu activeConfigKey=5b0ac430559437ccd27dfafdfe526c6a regionalVersions=(cn: {playable:true config_key:5b0ac430559437ccd27dfafdfe526c6a}, eu: {playable:true config_key:5b0ac430559437ccd27dfafdfe526c6a}, kr: {playable:true config_key:5b0ac430559437ccd27dfafdfe526c6a}, tw: {playable:true config_key:5b0ac430559437ccd27dfafdfe526c6a}, us: {playable:true config_key:5b0ac430559437ccd27dfafdfe526c6a}) supports_multibox=true localVersion=5.0.8.86383 latestVersion=86383 progress=1 currentStage=Complete
D 2022-03-15 18:18:30.545911 [Agent] {Main} Versioning is now enabled
D 2022-03-15 18:18:30.545931 [Agent] {Main} Triggering game versioning: battle.net
D 2022-03-15 18:18:30.545959 [Agent] {Main} Triggering game versioning: diablo3
D 2022-03-15 18:18:30.545972 [Agent] {Main} Triggering game versioning: s2
D 2022-03-15 18:18:30.546123 [InstallManager] {Main} Sending a queued OnProcessPidsUpdated notification: agentUid=battle.net binaryType=game
D 2022-03-15 18:18:30.546144 [InstallManager] {Main} Sending a queued OnProcessRunning notification: agentUid=battle.net binaryType=game
I 2022-03-15 18:18:30.546155 [InstallManager] {Main} Setting Process Running: true uid=battle.net binaryType=game any=true
D 2022-03-15 18:18:30.546168 [InstallInfo] {Main} Operation status changed: opType=Execute oldStatus=Off newStatus=On agentUid=battle.net
D 2022-03-15 18:18:30.555122 [InstallManager] {Main} Command_RegisterGame uid: s2_ruru path: E:\Games\Call of Duty\StarCraft II productcode:  subfolder:  repairing: false
D 2022-03-15 18:18:30.555181 [InstallManager] {Main} PerformRegisterInstall uid= productCode=* installDir=E:\Games\Call of Duty\StarCraft II subfolder= region=EU
I 2022-03-15 18:18:30.555277 [CatalogLoader] {Main} *** LOAD STARTED default: Context(LocalCAS: d22594d87ba6ff03a30e26e371b5acfa I) ***
I 2022-03-15 18:18:31.199452 [FeatureManager] {Main} Moving feature record from active to inactive: overwatch_league_tab
I 2022-03-15 18:18:31.199480 [FeatureManager] {Main} Moving feature record from active to inactive: blizzcon_tab
D 2022-03-15 18:18:31.214722 [CatalogVarStorage] {Main} Setting var from catalog Client.Shop.SaleNotificationVersion=6
D 2022-03-15 18:18:31.214758 [CatalogVarStorage] {Main} Setting var from catalog Browser.DisableSiteIsolation=true
D 2022-03-15 18:18:31.214769 [CatalogVarStorage] {Main} Setting var from catalog Client.ActivisionAutoAccountCreation.Games=ODIN,ZEUS,FORE,AUKS
D 2022-03-15 18:18:31.214777 [CatalogVarStorage] {Main} Setting var from catalog Client.Shop.SaleNotificationEnabled=false
D 2022-03-15 18:18:31.214787 [CatalogVarStorage] {Main} Setting var from catalog Client.OwlScreen.LiveCheckIntervalMS=300000
D 2022-03-15 18:18:31.214806 [CatalogVarStorage] {Main} Setting var from catalog Client.Announcements.MaximumAnnouncements=20
D 2022-03-15 18:18:31.214816 [CatalogVarStorage] {Main} Setting var from catalog Client.NewProfileWindowLayout=true
D 2022-03-15 18:18:31.214824 [CatalogVarStorage] {Main} Setting var from catalog Client.PromotedScreenVersion=3
D 2022-03-15 18:18:31.214834 [CatalogVarStorage] {Main} Setting var from catalog Client.Version.BetaAccessOverride=enabled
D 2022-03-15 18:18:31.214842 [CatalogVarStorage] {Main} Setting var from catalog Client.Version.BetaBranchOverride=beta
D 2022-03-15 18:18:31.214851 [CatalogVarStorage] {Main} Setting var from catalog Services.WhisperChannels.InactivityTimeoutMS=0
D 2022-03-15 18:18:31.214861 [CatalogVarStorage] {Main} Setting var from catalog Services.HTTPClient.ConnectionTimeoutMS=0
I 2022-03-15 18:18:31.218067 [CatalogLoader] {Main} *** LOAD COMPLETE default ***
I 2022-03-15 18:18:31.224938 [Main] {Main} Cached WidevineCDM is up-to-date: 4.10.2391.0
I 2022-03-15 18:18:31.225980 [Main] {Main} Connecting to server. address=eu.actual.battle.net port=1119
D 2022-03-15 18:18:31.432620 [ClientServiceAlertMonitor] {Main} Service alert monitor force update requested
D 2022-03-15 18:18:31.432642 [ClientServiceAlertMonitor] {Main} Breaking News update requested
D 2022-03-15 18:18:31.432650 [ClientServiceAlertMonitor] {Main} Maintenance update requested
I 2022-03-15 18:18:31.510363 [GameSessionList] {Agent} Reporting process: TrackingInfo(uid=battle.net, type=game, opStatus=On, reqId=0, running=2, oldRunning=1)
D 2022-03-15 18:18:31.598054 [ProductState] {Main} InstallState (s2): regionalVersions=(cn: {playable:true config_key:5b0ac430559437ccd27dfafdfe526c6a}, eu: {playable:true config_key:5b0ac430559437ccd27dfafdfe526c6a}, kr: {playable:false config_key:e55770a2b2e2252a75da7ae8af363698}, tw: {playable:false config_key:e55770a2b2e2252a75da7ae8af363698}, us: {playable:false config_key:e55770a2b2e2252a75da7ae8af363698})
D 2022-03-15 18:18:31.598177 [InstallManager] {Main} Game finished versioning diablo3
D 2022-03-15 18:18:31.598197 [InstallManager] {Main} Game finished versioning s2
I 2022-03-15 18:18:31.598235 [InstallManager] {Main} Setting Process Running: true uid=battle.net binaryType=game any=true
D 2022-03-15 18:18:31.598457 [InstallManager] {Main} Registration complete for agentUid=s2 and region=eu
I 2022-03-15 18:18:31.602078 [CacheManager] {Main} CacheManager is now initialized
I 2022-03-15 18:18:31.602122 [TactVersionWatcher] {Main} Fetched new tact metadata. productCode=catalogs region=eu branch=PUB-29 version=2103 seq=210 buildConfig=055e674e9e0b32e048bceb50f059b40c
I 2022-03-15 18:18:31.784899 [DIAG_BuildConfig] {Main} no 'encoding' key in build configuration '055e674e9e0b32e048bceb50f059b40c', selecting plain-data mode
I 2022-03-15 18:18:31.784927 [CatalogLoader] {Main} *** LOAD STARTED default: Context(RemoteCAS: b48428369f5860b3328d7d36d46876be|tpr/catalogs/data) ***
D 2022-03-15 18:18:31.904891 [InstallManager] {Main} Game finished versioning s2
D 2022-03-15 18:18:32.115006 [VersionManager] {Main} Branch change from Agent detected. activeBranch= branches={[0]=beta, [1]=cn, [2]=eu, [3]=kr, [4]=sg, [5]=tw, [6]=us}
D 2022-03-15 18:18:32.115047 [VersionManager] {Main} Beta branch is available: true
D 2022-03-15 18:18:32.115069 [InstallManager] {Main} Game finished versioning battle.net
I 2022-03-15 18:18:32.280296 [FeatureManager] {Main} Feature changed: split_test_shop_sale_promo_2021=true tags=shop_sale_promo_spring_2022
D 2022-03-15 18:18:32.295902 [ProductManager] {Main} Product modified: OSI ProductChangeFlags(deprecated)
D 2022-03-15 18:18:32.295963 [ProductManager] {Main} Products updated
D 2022-03-15 18:18:32.296605 [CatalogVarStorage] {Main} Setting var from catalog Client.Shop.SaleNotificationVersion=6
D 2022-03-15 18:18:32.296624 [CatalogVarStorage] {Main} Setting var from catalog Browser.DisableSiteIsolation=true
D 2022-03-15 18:18:32.296635 [CatalogVarStorage] {Main} Setting var from catalog Client.ActivisionAutoAccountCreation.Games=ODIN,ZEUS,FORE,AUKS
D 2022-03-15 18:18:32.296644 [CatalogVarStorage] {Main} Setting var from catalog Client.Shop.SaleNotificationEnabled=false
D 2022-03-15 18:18:32.296652 [CatalogVarStorage] {Main} Setting var from catalog Client.OwlScreen.LiveCheckIntervalMS=300000
D 2022-03-15 18:18:32.296672 [CatalogVarStorage] {Main} Setting var from catalog Client.Announcements.MaximumAnnouncements=20
D 2022-03-15 18:18:32.296682 [CatalogVarStorage] {Main} Setting var from catalog Client.NewProfileWindowLayout=true
D 2022-03-15 18:18:32.296690 [CatalogVarStorage] {Main} Setting var from catalog Client.PromotedScreenVersion=3
D 2022-03-15 18:18:32.296700 [CatalogVarStorage] {Main} Setting var from catalog Client.Version.BetaAccessOverride=enabled
D 2022-03-15 18:18:32.296708 [CatalogVarStorage] {Main} Setting var from catalog Client.Version.BetaBranchOverride=beta
D 2022-03-15 18:18:32.296717 [CatalogVarStorage] {Main} Setting var from catalog Services.WhisperChannels.InactivityTimeoutMS=0
D 2022-03-15 18:18:32.296727 [CatalogVarStorage] {Main} Setting var from catalog Services.HTTPClient.ConnectionTimeoutMS=0
I 2022-03-15 18:18:32.305454 [CatalogLoader] {Main} *** LOAD COMPLETE default ***
D 2022-03-15 18:18:32.445063 [LoginController] {Main} Login_QueueUpdate (position=1,clientWaitTime=00:00:00.997877,skipLoginQueueUi=true)
I 2022-03-15 18:18:33.599343 [Main] {Main} Opened database at: C:\Users\User\AppData\Local\Battle.net\Account\402069929\account.db
I 2022-03-15 18:18:33.611325 [GSAccountProvider] {Main} Login triggered. entityId=1:0:17f719a9
I 2022-03-15 18:18:33.611409 [GSStateTracker] {Main} State changed to: WaitingForAccountState
I 2022-03-15 18:18:33.611494 [AccountManager] {Main} Account manager state has changed to: Loading
D 2022-03-15 18:18:33.613587 [GSAccountProvider] {Main} Querying account level info for account: 1:0:17f719a9
D 2022-03-15 18:18:33.613731 [GSAccountProvider] {Main} Querying parental control info for account: 1:0:17f719a9
D 2022-03-15 18:18:33.613950 [GSAccountProvider] {Main} Querying game accounts for region: US
D 2022-03-15 18:18:33.614035 [GSAccountProvider] {Main} Querying game accounts for region: EU
D 2022-03-15 18:18:33.614072 [GSAccountProvider] {Main} Querying game accounts for region: KR
D 2022-03-15 18:18:33.614095 [GSAccountProvider] {Main} Querying game accounts for region: SG
D 2022-03-15 18:18:33.614117 [GSAccountProvider] {Main} Querying game accounts for region: XX
D 2022-03-15 18:18:33.614141 [GSAccountProvider] {Main} Querying game accounts for region: GLOBAL
D 2022-03-15 18:18:33.614169 [GSAccountProvider] {Main} Querying parental control info for account: 1:0:17f719a9
D 2022-03-15 18:18:33.614331 [GSAccountProvider] {Main} Querying program level information for program: OSI
D 2022-03-15 18:18:33.614426 [GSAccountProvider] {Main} Querying program level information for program: Fen
D 2022-03-15 18:18:33.614474 [GSAccountProvider] {Main} Querying program level information for program: D3
D 2022-03-15 18:18:33.614508 [GSAccountProvider] {Main} Querying program level information for program: S2
D 2022-03-15 18:18:33.614546 [GSAccountProvider] {Main} Querying program level information for program: S1
D 2022-03-15 18:18:33.614582 [GSAccountProvider] {Main} Querying program level information for program: FORE
D 2022-03-15 18:18:33.614615 [GSAccountProvider] {Main} Querying program level information for program: W3
D 2022-03-15 18:18:33.614654 [GSAccountProvider] {Main} Querying program level information for program: WoW
D 2022-03-15 18:18:33.614693 [GSAccountProvider] {Main} Querying program level information for program: Pro
D 2022-03-15 18:18:33.614725 [GSAccountProvider] {Main} Querying program level information for program: Hero
D 2022-03-15 18:18:33.614762 [GSAccountProvider] {Main} Querying program level information for program: D3CN
D 2022-03-15 18:18:33.614797 [GSAccountProvider] {Main} Querying program level information for program: AUKS
D 2022-03-15 18:18:33.614858 [GSAccountProvider] {Main} Querying program level information for program: LAZR
D 2022-03-15 18:18:33.614892 [GSAccountProvider] {Main} Querying program level information for program: ODIN
D 2022-03-15 18:18:33.614925 [GSAccountProvider] {Main} Querying program level information for program: RTRO
D 2022-03-15 18:18:33.614958 [GSAccountProvider] {Main} Querying program level information for program: SPOT
D 2022-03-15 18:18:33.614989 [GSAccountProvider] {Main} Querying program level information for program: VIPR
D 2022-03-15 18:18:33.615021 [GSAccountProvider] {Main} Querying program level information for program: WLBY
D 2022-03-15 18:18:33.615053 [GSAccountProvider] {Main} Querying program level information for program: WTCG
D 2022-03-15 18:18:33.615087 [GSAccountProvider] {Main} Querying program level information for program: ZEUS
D 2022-03-15 18:18:33.639472 [GSAccountProvider] {Main} Received AccountLevelInfo for account. entityId=1:0:17f719a9 accountLevelInfo=|licenses:|id=265|id=268|id=274|id=10107|id=10432|id=24636|:licenses|default_currency=5395778|country=RUS|preferred_region=2|account_paid_any=1
I 2022-03-15 18:18:33.639634 [AccountManager] {Main} Account site region code changed: EU
I 2022-03-15 18:18:33.639650 [AccountManager] {Main} Account country changed: RUS
D 2022-03-15 18:18:33.639723 [GSAccountProvider] {Main} Parental control info for account (1:0:17f719a9) resulted in cache miss.
D 2022-03-15 18:18:33.639777 [GSAccountProvider] {Main} Game account list for region 'US' resulted in cache miss.
I 2022-03-15 18:18:33.639796 [GSStateTracker] {Main} State changed to: Loading
D 2022-03-15 18:18:33.639856 [GSAccountProvider] {Main} Querying game level information for entity: (Game: EU-D3-918804046)
D 2022-03-15 18:18:33.639881 [GSAccountProvider] {Main} Querying game time info for entity Id: (Game: EU-D3-918804046)
D 2022-03-15 18:18:33.639912 [GSAccountProvider] {Main} Querying game level information for entity: (Game: EU-S2-913901202)
D 2022-03-15 18:18:33.639927 [GSAccountProvider] {Main} Querying game time info for entity Id: (Game: EU-S2-913901202)
D 2022-03-15 18:18:33.639950 [GSAccountProvider] {Main} Querying game level information for entity: (Game: EU-WTCG-19154452)
D 2022-03-15 18:18:33.639966 [GSAccountProvider] {Main} Querying game time info for entity Id: (Game: EU-WTCG-19154452)
D 2022-03-15 18:18:33.639980 [GSAccountProvider] {Main} Received 3 game accounts from region 'EU'
D 2022-03-15 18:18:33.639995 [GSAccountProvider] {Main} Game account list for region 'KR' resulted in cache miss.
D 2022-03-15 18:18:33.640005 [GSAccountProvider] {Main} Game account list for region 'SG' resulted in cache miss.
D 2022-03-15 18:18:33.640026 [GSAccountProvider] {Main} Querying game level information for entity: (Game: XX-WTCG-21388410)
D 2022-03-15 18:18:33.640040 [GSAccountProvider] {Main} Querying game time info for entity Id: (Game: XX-WTCG-21388410)
D 2022-03-15 18:18:33.640055 [GSAccountProvider] {Main} Received 1 game accounts from region 'XX'
D 2022-03-15 18:18:33.640074 [GSAccountProvider] {Main} Game account list for region 'GLOBAL' resulted in cache miss.
D 2022-03-15 18:18:33.640090 [GSAccountProvider] {Main} Parental control info for account (1:0:17f719a9) resulted in cache miss.
D 2022-03-15 18:18:33.640118 [GSAccountProvider] {Main} Received program level info. programId=OSI programLevelInfo=|program=5198665
D 2022-03-15 18:18:33.640186 [GSAccountProvider] {Main} Received program level info. programId=Fen programLevelInfo=|program=4613486
D 2022-03-15 18:18:33.640202 [GSAccountProvider] {Main} Received program level info. programId=D3 programLevelInfo=|program=17459
D 2022-03-15 18:18:33.640216 [GSAccountProvider] {Main} Received program level info. programId=S2 programLevelInfo=|program=21298|licenses:|id=24636|:licenses
D 2022-03-15 18:18:33.640249 [GSAccountProvider] {Main} Received program level info. programId=S1 programLevelInfo=|program=21297
D 2022-03-15 18:18:33.640264 [GSAccountProvider] {Main} Received program level info. programId=FORE programLevelInfo=|program=1179603525
D 2022-03-15 18:18:33.640279 [GSAccountProvider] {Main} Received program level info. programId=W3 programLevelInfo=|program=22323
D 2022-03-15 18:18:33.640292 [GSAccountProvider] {Main} Received program level info. programId=WoW programLevelInfo=|program=5730135|licenses:|id=274|:licenses
D 2022-03-15 18:18:33.640309 [GSAccountProvider] {Main} Received program level info. programId=Pro programLevelInfo=|program=5272175
D 2022-03-15 18:18:33.640323 [GSAccountProvider] {Main} Received program level info. programId=Hero programLevelInfo=|is_beta=1|program=1214607983|licenses:|id=10107|:licenses|licenses:|id=10432|:licenses
D 2022-03-15 18:18:33.640363 [GSAccountProvider] {Main} Cache miss for program level info. programId=D3CN
D 2022-03-15 18:18:33.640374 [GSAccountProvider] {Main} Received program level info. programId=AUKS programLevelInfo=|program=1096108883
D 2022-03-15 18:18:33.640387 [GSAccountProvider] {Main} Received program level info. programId=LAZR programLevelInfo=|program=1279351378
D 2022-03-15 18:18:33.640401 [GSAccountProvider] {Main} Received program level info. programId=ODIN programLevelInfo=|program=1329875278
D 2022-03-15 18:18:33.640415 [GSAccountProvider] {Main} Received program level info. programId=RTRO programLevelInfo=|program=1381257807
D 2022-03-15 18:18:33.640427 [GSAccountProvider] {Main} Received program level info. programId=SPOT programLevelInfo=|program=1397772116
D 2022-03-15 18:18:33.640440 [GSAccountProvider] {Main} Received program level info. programId=VIPR programLevelInfo=|program=1447645266
D 2022-03-15 18:18:33.640453 [GSAccountProvider] {Main} Received program level info. programId=WLBY programLevelInfo=|program=1464615513
D 2022-03-15 18:18:33.640466 [GSAccountProvider] {Main} Received program level info. programId=WTCG programLevelInfo=|is_lifetime=1|program=1465140039|licenses:|id=265|:licenses
D 2022-03-15 18:18:33.640486 [GSAccountProvider] {Main} Received program level info. programId=ZEUS programLevelInfo=|program=1514493267
D 2022-03-15 18:18:33.645018 [GSAccountProvider] {Main} Received GameLevelInfo: (Game: EU-D3-918804046) info=|name="D31"|program=17459|realm_permissions=1|last_logout_time_ms=1585779644000
D 2022-03-15 18:18:33.645133 [GSAccountProvider] {Main} Received GameTimeInfo: (Game: EU-D3-918804046) info=
D 2022-03-15 18:18:33.645184 [GSAccountProvider] {Main} Received GameLevelInfo: (Game: EU-S2-913901202) info=|is_trial=0|is_restricted=0|name="S21"|program=21298|realm_permissions=1|last_logout_time_ms=1647106727000
D 2022-03-15 18:18:33.645226 [GSAccountProvider] {Main} Received GameTimeInfo: (Game: EU-S2-913901202) info=
D 2022-03-15 18:18:33.645244 [GSAccountProvider] {Main} Received GameLevelInfo: (Game: EU-WTCG-19154452) info=|name="WTCG1"|program=1465140039|licenses:|id=10444|:licenses|licenses:|id=11340|:licenses|realm_permissions=1
D 2022-03-15 18:18:33.645292 [GSAccountProvider] {Main} Received GameTimeInfo: (Game: EU-WTCG-19154452) info=
D 2022-03-15 18:18:33.645308 [GSAccountProvider] {Main} Received GameLevelInfo: (Game: XX-WTCG-21388410) info=|name="WTCG1"|program=1465140039|realm_permissions=1
D 2022-03-15 18:18:33.645334 [GSAccountProvider] {Main} Received GameTimeInfo: (Game: XX-WTCG-21388410) info=
D 2022-03-15 18:18:33.805093 [GSAccountProvider] {Main} Subscription has been activated. entityId=(Game: EU-WTCG-19154452)
D 2022-03-15 18:18:33.805132 [GSAccountProvider] {Main} Subscription has been activated. entityId=(BNet: 1:0:17f719a9)
D 2022-03-15 18:18:33.805149 [GSAccountProvider] {Main} Querying game accounts for region: US
D 2022-03-15 18:18:33.805161 [GSAccountProvider] {Main} Querying game accounts for region: KR
D 2022-03-15 18:18:33.805168 [GSAccountProvider] {Main} Querying game accounts for region: SG
D 2022-03-15 18:18:33.805175 [GSAccountProvider] {Main} Querying game accounts for region: GLOBAL
D 2022-03-15 18:18:33.805187 [GSAccountProvider] {Main} Subscription has been activated. entityId=(Game: EU-D3-918804046)
D 2022-03-15 18:18:33.814968 [GSAccountProvider] {Main} Region 'US' has no game accounts.
D 2022-03-15 18:18:33.814995 [GSAccountProvider] {Main} Region 'KR' has no game accounts.
D 2022-03-15 18:18:33.815002 [GSAccountProvider] {Main} Region 'SG' has no game accounts.
D 2022-03-15 18:18:33.815008 [GSAccountProvider] {Main} Region 'GLOBAL' has no game accounts.
I 2022-03-15 18:18:33.815014 [GSStateTracker] {Main} All region requests have been completed!
I 2022-03-15 18:18:33.815021 [GSStateTracker] {Main} State changed to: WaitingForEntitlements
D 2022-03-15 18:18:33.815052 [GSAccountProvider] {Main} Completed initial load.
D 2022-03-15 18:18:33.815058 [GSAccountProvider] {Main} Querying game status for program id: D3
D 2022-03-15 18:18:33.815070 [GSAccountProvider] {Main} Querying game status for program id: S1
D 2022-03-15 18:18:33.815078 [GSAccountProvider] {Main} Querying game status for program id: S2
D 2022-03-15 18:18:33.815084 [GSAccountProvider] {Main} Querying game status for program id: W3
D 2022-03-15 18:18:33.815091 [GSAccountProvider] {Main} Querying game status for program id: Fen
D 2022-03-15 18:18:33.815098 [GSAccountProvider] {Main} Querying game status for program id: OSI
D 2022-03-15 18:18:33.815104 [GSAccountProvider] {Main} Querying game status for program id: Pro
D 2022-03-15 18:18:33.815110 [GSAccountProvider] {Main} Querying game status for program id: AUKS
D 2022-03-15 18:18:33.815118 [GSAccountProvider] {Main} Querying game status for program id: D3CN
D 2022-03-15 18:18:33.815124 [GSAccountProvider] {Main} Querying game status for program id: FORE
D 2022-03-15 18:18:33.815130 [GSAccountProvider] {Main} Querying game status for program id: Hero
D 2022-03-15 18:18:33.815136 [GSAccountProvider] {Main} Querying game status for program id: LAZR
D 2022-03-15 18:18:33.815143 [GSAccountProvider] {Main} Querying game status for program id: ODIN
D 2022-03-15 18:18:33.815150 [GSAccountProvider] {Main} Querying game status for program id: RTRO
D 2022-03-15 18:18:33.815157 [GSAccountProvider] {Main} Querying game status for program id: SPOT
D 2022-03-15 18:18:33.815163 [GSAccountProvider] {Main} Querying game status for program id: VIPR
D 2022-03-15 18:18:33.815170 [GSAccountProvider] {Main} Querying game status for program id: WLBY
D 2022-03-15 18:18:33.815176 [GSAccountProvider] {Main} Querying game status for program id: WTCG
D 2022-03-15 18:18:33.815182 [GSAccountProvider] {Main} Querying game status for program id: ZEUS
I 2022-03-15 18:18:33.824933 [GSStateTracker] {Main} State changed to: Ready
I 2022-03-15 18:18:33.824961 [GSAccountProvider] {Main} Loaded accounts: 10
I 2022-03-15 18:18:33.824977 [GSAccountProvider] {Main} [OSI-OSI:beta]
I 2022-03-15 18:18:33.824984 [GSAccountProvider] {Main} [D3-D3:retail]
I 2022-03-15 18:18:33.824988 [GSAccountProvider] {Main} [Hero-Hero:ptr]
I 2022-03-15 18:18:33.824993 [GSAccountProvider] {Main} [WTCG-WTCG:retail]
I 2022-03-15 18:18:33.824998 [GSAccountProvider] {Main} [S1-S1:ptr]
I 2022-03-15 18:18:33.825005 [GSAccountProvider] {Main} [S2-S2:ptr]
I 2022-03-15 18:18:33.825010 [GSAccountProvider] {Main} [S2-S2:retail]
I 2022-03-15 18:18:33.825014 [GSAccountProvider] {Main} [FORE-FORE:beta]
I 2022-03-15 18:18:33.825019 [GSAccountProvider] {Main} [ODIN-ODIN_MW:beta]
I 2022-03-15 18:18:33.825024 [GSAccountProvider] {Main} [ZEUS-ZEUS:beta]
I 2022-03-15 18:18:33.825030 [AccountManager] {Main} Account manager state has changed to: Ready
I 2022-03-15 18:18:33.825105 [GameProvider] {Main} Beginning GameProvider initialization.
D 2022-03-15 18:18:33.825173 [GameProvider] {Main} Inserting new unbound entity because no suitable match was found. uniqueId=Hero_retail
D 2022-03-15 18:18:33.825385 [GameProvider] {Main} Inserting new unbound entity because no suitable match was found. uniqueId=AUKS_retail
D 2022-03-15 18:18:33.825553 [GameProvider] {Main} Inserting new unbound entity because no suitable match was found. uniqueId=D3_retail
D 2022-03-15 18:18:33.825578 [GameProvider] {Main} Inserting new unbound entity because no suitable match was found. uniqueId=D3CN_retail
D 2022-03-15 18:18:33.825744 [GameProvider] {Main} Inserting new unbound entity because no suitable match was found. uniqueId=FORE_retail
D 2022-03-15 18:18:33.825913 [GameProvider] {Main} Inserting new unbound entity because no suitable match was found. uniqueId=Fen_retail
D 2022-03-15 18:18:33.826075 [GameProvider] {Main} Inserting new unbound entity because no suitable match was found. uniqueId=OSI_retail
D 2022-03-15 18:18:33.826240 [GameProvider] {Main} Inserting new unbound entity because no suitable match was found. uniqueId=LAZR_retail
D 2022-03-15 18:18:33.826415 [GameProvider] {Main} Inserting new unbound entity because no suitable match was found. uniqueId=ODIN_retail
D 2022-03-15 18:18:33.826635 [GameProvider] {Main} Inserting new unbound entity because no suitable match was found. uniqueId=Pro_retail
D 2022-03-15 18:18:33.826831 [GameProvider] {Main} Inserting new unbound entity because no suitable match was found. uniqueId=RTRO_retail
D 2022-03-15 18:18:33.826953 [GameProvider] {Main} Inserting new unbound entity because no suitable match was found. uniqueId=S1_retail
D 2022-03-15 18:18:33.827073 [GameProvider] {Main} Inserting new unbound entity because no suitable match was found. uniqueId=S2_retail
D 2022-03-15 18:18:33.827089 [GameProvider] {Main} Inserting new unbound entity because no suitable match was found. uniqueId=SPOT_retail
D 2022-03-15 18:18:33.827182 [GameProvider] {Main} Inserting new unbound entity because no suitable match was found. uniqueId=VIPR_retail
D 2022-03-15 18:18:33.827278 [GameProvider] {Main} Inserting new unbound entity because no suitable match was found. uniqueId=W3_retail
D 2022-03-15 18:18:33.827380 [GameProvider] {Main} Inserting new unbound entity because no suitable match was found. uniqueId=WLBY_retail
D 2022-03-15 18:18:33.827477 [GameProvider] {Main} Inserting new unbound entity because no suitable match was found. uniqueId=WTCG_retail
D 2022-03-15 18:18:33.827606 [GameProvider] {Main} Inserting new unbound entity because no suitable match was found. uniqueId=WoW_retail
D 2022-03-15 18:18:33.827785 [GameProvider] {Main} Tried to insert an unbound entity with no uid. productCode=WoWC_wow_classic
D 2022-03-15 18:18:33.827802 [GameProvider] {Main} Inserting new unbound entity because no suitable match was found. uniqueId=ZEUS_retail
D 2022-03-15 18:18:33.827924 [GameProvider] {Main} Tried to insert an unbound entity that already exists. productCode=D3_retail bound=0
D 2022-03-15 18:18:33.827944 [GameProvider] {Main} Tried to insert an unbound entity that already exists. productCode=S2_retail bound=0
I 2022-03-15 18:18:33.828004 [GameProvider] {Main} Inserting new bound entity because no suitable match was found. accountInfo=[OSI-OSI:beta] productId=OSI productType=beta
D 2022-03-15 18:18:33.828114 [GameProvider] {Main} Binding account info to available unbound entity. productCode=D3_retail accountInfo=[D3-D3:retail]
I 2022-03-15 18:18:33.828141 [GameProvider] {Main} Inserting new bound entity because no suitable match was found. accountInfo=[Hero-Hero:ptr] productId=Hero productType=ptr
D 2022-03-15 18:18:33.828255 [GameProvider] {Main} Binding account info to available unbound entity. productCode=WTCG_retail accountInfo=[WTCG-WTCG:retail]
I 2022-03-15 18:18:33.828281 [GameProvider] {Main} Inserting new bound entity because no suitable match was found. accountInfo=[S1-S1:ptr] productId=S1 productType=ptr
I 2022-03-15 18:18:33.828427 [GameProvider] {Main} Inserting new bound entity because no suitable match was found. accountInfo=[S2-S2:ptr] productId=S2 productType=ptr
D 2022-03-15 18:18:33.828539 [GameProvider] {Main} Binding account info to available unbound entity. productCode=S2_retail accountInfo=[S2-S2:retail]
I 2022-03-15 18:18:33.828561 [GameProvider] {Main} Inserting new bound entity because no suitable match was found. accountInfo=[FORE-FORE:beta] productId=FORE productType=beta
I 2022-03-15 18:18:33.828668 [GameProvider] {Main} Inserting new bound entity because no suitable match was found. accountInfo=[ODIN-ODIN_MW:beta] productId=ODIN_MW productType=beta
I 2022-03-15 18:18:33.828774 [GameProvider] {Main} Inserting new bound entity because no suitable match was found. accountInfo=[ZEUS-ZEUS:beta] productId=ZEUS productType=beta
I 2022-03-15 18:18:33.828868 [GameProvider] {Main} Game provider is now initialized
I 2022-03-15 18:18:33.829019 [InstallFlow] {Main} FlowController is now initialized
I 2022-03-15 18:18:33.829086 [GameController] {Main} Beginning GameController initialization
D 2022-03-15 18:18:33.829215 [GameController] {Main} Game Family Added: id=Hero visible=0
D 2022-03-15 18:18:33.829345 [ProductState] {Main} Game product state created: uid=heroes
D 2022-03-15 18:18:33.829378 [ProductState] {Main} InstallState (heroes): currentOperation=Install currentOperationStatus=New
I 2022-03-15 18:18:33.829512 [GameController] {Main} GameAccount added to family: family=Hero account=GameAccount(Hero:retail region=EU unbound)
D 2022-03-15 18:18:33.829570 [GameController] {Main} Adding product state reference. uid=heroes refCount=0
D 2022-03-15 18:18:33.829679 [GameController] {Main} Visibility Changed. family=Hero visible=1
D 2022-03-15 18:18:33.838468 [GameController] {Main} Game Family Added: id=D3 visible=0
I 2022-03-15 18:18:33.838698 [GameController] {Main} GameAccount added to family: family=D3 account=GameAccount(D3:retail region=EU)
D 2022-03-15 18:18:33.838748 [GameController] {Main} Adding product state reference. uid=diablo3 refCount=0
D 2022-03-15 18:18:33.838848 [GameController] {Main} Visibility Changed. family=D3 visible=1
D 2022-03-15 18:18:33.839682 [GameController] {Main} Game Family Added: id=W3 visible=0
D 2022-03-15 18:18:33.839797 [ProductState] {Main} Game product state created: uid=w3
D 2022-03-15 18:18:33.839834 [ProductState] {Main} InstallState (w3): currentOperation=Install currentOperationStatus=New
I 2022-03-15 18:18:33.839952 [GameController] {Main} GameAccount added to family: family=W3 account=GameAccount(W3:retail region=EU unbound)
D 2022-03-15 18:18:33.840000 [GameController] {Main} Adding product state reference. uid=w3 refCount=0
D 2022-03-15 18:18:33.840090 [GameController] {Main} Visibility Changed. family=W3 visible=1
D 2022-03-15 18:18:33.840870 [GameController] {Main} Game Family Added: id=AUKS visible=0
D 2022-03-15 18:18:33.840970 [ProductState] {Main} Game product state created: uid=auks
D 2022-03-15 18:18:33.841002 [ProductState] {Main} InstallState (auks): currentOperation=Install currentOperationStatus=New
I 2022-03-15 18:18:33.841085 [GameController] {Main} GameAccount added to family: family=AUKS account=GameAccount(AUKS:retail region=EU unbound hidden)
D 2022-03-15 18:18:33.841115 [GameController] {Main} Adding product state reference. uid=auks refCount=0
D 2022-03-15 18:18:33.841575 [GameController] {Main} Game Family Added: id=WTCG visible=0
D 2022-03-15 18:18:33.841639 [ProductState] {Main} Game product state created: uid=hs_beta
D 2022-03-15 18:18:33.841659 [ProductState] {Main} InstallState (hs_beta): currentOperation=Install currentOperationStatus=New
I 2022-03-15 18:18:33.841744 [GameController] {Main} GameAccount added to family: family=WTCG account=GameAccount(WTCG:retail region=EU)
D 2022-03-15 18:18:33.841775 [GameController] {Main} Adding product state reference. uid=hs_beta refCount=0
D 2022-03-15 18:18:33.841828 [GameController] {Main} Visibility Changed. family=WTCG visible=1
D 2022-03-15 18:18:33.842255 [GameController] {Main} Game Family Added: id=ODIN visible=0
D 2022-03-15 18:18:33.842338 [ProductState] {Main} Game product state created: uid=odin
D 2022-03-15 18:18:33.842357 [ProductState] {Main} InstallState (odin): currentOperation=Install currentOperationStatus=New
I 2022-03-15 18:18:33.842415 [GameController] {Main} GameAccount added to family: family=ODIN account=GameAccount(ODIN:retail region=EU unbound)
D 2022-03-15 18:18:33.842446 [GameController] {Main} Adding product state reference. uid=odin refCount=0
D 2022-03-15 18:18:33.842497 [GameController] {Main} Visibility Changed. family=ODIN visible=1
D 2022-03-15 18:18:33.842923 [GameController] {Main} Game Family Added: id=Fen visible=0
D 2022-03-15 18:18:33.842977 [ProductState] {Main} Game product state created: uid=fenris
D 2022-03-15 18:18:33.842996 [ProductState] {Main} InstallState (fenris): currentOperation=Install currentOperationStatus=New
I 2022-03-15 18:18:33.843057 [GameController] {Main} GameAccount added to family: family=Fen account=GameAccount(Fen:retail region=EU unbound hidden)
D 2022-03-15 18:18:33.843085 [GameController] {Main} Adding product state reference. uid=fenris refCount=0
D 2022-03-15 18:18:33.843542 [GameController] {Main} Game Family Added: id=VIPR visible=0
D 2022-03-15 18:18:33.843600 [ProductState] {Main} Game product state created: uid=viper
D 2022-03-15 18:18:33.843615 [ProductState] {Main} InstallState (viper): currentOperation=Install currentOperationStatus=New
I 2022-03-15 18:18:33.843674 [GameController] {Main} GameAccount added to family: family=VIPR account=GameAccount(VIPR:retail region=EU unbound)
D 2022-03-15 18:18:33.843699 [GameController] {Main} Adding product state reference. uid=viper refCount=0
D 2022-03-15 18:18:33.843753 [GameController] {Main} Visibility Changed. family=VIPR visible=1
D 2022-03-15 18:18:33.844192 [GameController] {Main} Game Family Added: id=FORE visible=0
D 2022-03-15 18:18:33.844249 [ProductState] {Main} Game product state created: uid=fore
D 2022-03-15 18:18:33.844267 [ProductState] {Main} InstallState (fore): currentOperation=Install currentOperationStatus=New
I 2022-03-15 18:18:33.844325 [GameController] {Main} GameAccount added to family: family=FORE account=GameAccount(FORE:retail region=EU unbound)
D 2022-03-15 18:18:33.844350 [GameController] {Main} Adding product state reference. uid=fore refCount=0
D 2022-03-15 18:18:33.844396 [GameController] {Main} Visibility Changed. family=FORE visible=1
D 2022-03-15 18:18:33.844811 [GameController] {Main} Game Family Added: id=D3CN visible=0
D 2022-03-15 18:18:33.844875 [ProductState] {Main} Game product state created: uid=d3cn
D 2022-03-15 18:18:33.844896 [ProductState] {Main} InstallState (d3cn): currentOperation=Install currentOperationStatus=New
I 2022-03-15 18:18:33.844955 [GameController] {Main} GameAccount added to family: family=D3CN account=GameAccount(D3CN:retail region=<none> unbound hidden)
D 2022-03-15 18:18:33.844976 [GameController] {Main} Adding product state reference. uid=d3cn refCount=0
D 2022-03-15 18:18:33.845418 [GameController] {Main} Game Family Added: id=OSI visible=0
D 2022-03-15 18:18:33.845479 [ProductState] {Main} Game product state created: uid=osi
D 2022-03-15 18:18:33.845497 [ProductState] {Main} InstallState (osi): currentOperation=Install currentOperationStatus=New
I 2022-03-15 18:18:33.845553 [GameController] {Main} GameAccount added to family: family=OSI account=GameAccount(OSI:retail region=EU unbound)
D 2022-03-15 18:18:33.845583 [GameController] {Main} Adding product state reference. uid=osi refCount=0
D 2022-03-15 18:18:33.845632 [GameController] {Main} Visibility Changed. family=OSI visible=1
D 2022-03-15 18:18:33.846073 [GameController] {Main} Game Family Added: id=LAZR visible=0
D 2022-03-15 18:18:33.846134 [ProductState] {Main} Game product state created: uid=lazarus
D 2022-03-15 18:18:33.846152 [ProductState] {Main} InstallState (lazarus): currentOperation=Install currentOperationStatus=New
I 2022-03-15 18:18:33.846210 [GameController] {Main} GameAccount added to family: family=LAZR account=GameAccount(LAZR:retail region=EU unbound)
D 2022-03-15 18:18:33.846237 [GameController] {Main} Adding product state reference. uid=lazarus refCount=0
D 2022-03-15 18:18:33.846286 [GameController] {Main} Visibility Changed. family=LAZR visible=1
D 2022-03-15 18:18:33.846701 [GameController] {Main} Game Family Added: id=Pro visible=0
D 2022-03-15 18:18:33.846761 [ProductState] {Main} Game product state created: uid=prometheus
D 2022-03-15 18:18:33.846779 [ProductState] {Main} InstallState (prometheus): currentOperation=Install currentOperationStatus=New
I 2022-03-15 18:18:33.846840 [GameController] {Main} GameAccount added to family: family=Pro account=GameAccount(Pro:retail region=EU unbound)
D 2022-03-15 18:18:33.846871 [GameController] {Main} Adding product state reference. uid=prometheus refCount=0
D 2022-03-15 18:18:33.846934 [GameController] {Main} Visibility Changed. family=Pro visible=1
D 2022-03-15 18:18:33.847365 [GameController] {Main} Game Family Added: id=RTRO visible=0
D 2022-03-15 18:18:33.847438 [ProductState] {Main} Game product state created: uid=rtro
D 2022-03-15 18:18:33.847457 [ProductState] {Main} InstallState (rtro): currentOperation=Install currentOperationStatus=New
I 2022-03-15 18:18:33.847515 [GameController] {Main} GameAccount added to family: family=RTRO account=GameAccount(RTRO:retail region=EU unbound)
D 2022-03-15 18:18:33.847545 [GameController] {Main} Adding product state reference. uid=rtro refCount=0
D 2022-03-15 18:18:33.847595 [GameController] {Main} Visibility Changed. family=RTRO visible=1
D 2022-03-15 18:18:33.848036 [GameController] {Main} Game Family Added: id=S1 visible=0
D 2022-03-15 18:18:33.848095 [ProductState] {Main} Game product state created: uid=s1
D 2022-03-15 18:18:33.848112 [ProductState] {Main} InstallState (s1): currentOperation=Install currentOperationStatus=New
I 2022-03-15 18:18:33.848176 [GameController] {Main} GameAccount added to family: family=S1 account=GameAccount(S1:retail region=EU unbound)
D 2022-03-15 18:18:33.848202 [GameController] {Main} Adding product state reference. uid=s1 refCount=0
D 2022-03-15 18:18:33.848249 [GameController] {Main} Visibility Changed. family=S1 visible=1
D 2022-03-15 18:18:33.848662 [GameController] {Main} Game Family Added: id=S2 visible=0
I 2022-03-15 18:18:33.848712 [GameController] {Main} GameAccount added to family: family=S2 account=GameAccount(S2:retail region=EU)
D 2022-03-15 18:18:33.848735 [GameController] {Main} Adding product state reference. uid=s2 refCount=0
D 2022-03-15 18:18:33.848775 [GameController] {Main} Visibility Changed. family=S2 visible=1
D 2022-03-15 18:18:33.849201 [GameController] {Main} Game Family Added: id=SPOT visible=0
D 2022-03-15 18:18:33.849256 [ProductState] {Main} Game product state created: uid=spot
D 2022-03-15 18:18:33.849271 [ProductState] {Main} InstallState (spot): currentOperation=Install currentOperationStatus=New
I 2022-03-15 18:18:33.849325 [GameController] {Main} GameAccount added to family: family=SPOT account=GameAccount(SPOT:retail region=EU unbound hidden)
D 2022-03-15 18:18:33.849352 [GameController] {Main} Adding product state reference. uid=spot refCount=0
D 2022-03-15 18:18:33.849823 [ProductState] {Main} Game product state created: uid=heroes_ptr
D 2022-03-15 18:18:33.849843 [ProductState] {Main} InstallState (heroes_ptr): currentOperation=Install currentOperationStatus=New
I 2022-03-15 18:18:33.849897 [GameController] {Main} GameAccount added to family: family=Hero account=GameAccount(Hero:ptr region=XX)
D 2022-03-15 18:18:33.849958 [GameController] {Main} Adding product state reference. uid=heroes_ptr refCount=0
D 2022-03-15 18:18:33.850427 [GameController] {Main} Game Family Added: id=WLBY visible=0
D 2022-03-15 18:18:33.850485 [ProductState] {Main} Game product state created: uid=wlby
D 2022-03-15 18:18:33.850503 [ProductState] {Main} InstallState (wlby): currentOperation=Install currentOperationStatus=New
I 2022-03-15 18:18:33.850560 [GameController] {Main} GameAccount added to family: family=WLBY account=GameAccount(WLBY:retail region=EU unbound)
D 2022-03-15 18:18:33.850584 [GameController] {Main} Adding product state reference. uid=wlby refCount=0
D 2022-03-15 18:18:33.850631 [GameController] {Main} Visibility Changed. family=WLBY visible=1
D 2022-03-15 18:18:33.851096 [GameController] {Main} Game Family Added: id=WoW visible=0
D 2022-03-15 18:18:33.851153 [ProductState] {Main} Game product state created: uid=wow
D 2022-03-15 18:18:33.851172 [ProductState] {Main} InstallState (wow): currentOperation=Install currentOperationStatus=New
I 2022-03-15 18:18:33.851233 [GameController] {Main} GameAccount added to family: family=WoW account=GameAccount(WoW:retail region=EU unbound)
D 2022-03-15 18:18:33.851259 [GameController] {Main} Adding product state reference. uid=wow refCount=0
D 2022-03-15 18:18:33.851306 [GameController] {Main} Visibility Changed. family=WoW visible=1
D 2022-03-15 18:18:33.851724 [GameController] {Main} Game Family Added: id=ZEUS visible=0
D 2022-03-15 18:18:33.851799 [ProductState] {Main} Game product state created: uid=zeus
D 2022-03-15 18:18:33.851817 [ProductState] {Main} InstallState (zeus): currentOperation=Install currentOperationStatus=New
I 2022-03-15 18:18:33.851874 [GameController] {Main} GameAccount added to family: family=ZEUS account=GameAccount(ZEUS:retail region=EU unbound)
D 2022-03-15 18:18:33.851929 [GameController] {Main} Adding product state reference. uid=zeus refCount=0
D 2022-03-15 18:18:33.851979 [GameController] {Main} Visibility Changed. family=ZEUS visible=1
D 2022-03-15 18:18:33.852412 [ProductState] {Main} Game product state created: uid=osi_beta
D 2022-03-15 18:18:33.852430 [ProductState] {Main} InstallState (osi_beta): currentOperation=Install currentOperationStatus=New
I 2022-03-15 18:18:33.852503 [GameController] {Main} GameAccount added to family: family=OSI account=GameAccount(OSI:beta region=EU hidden)
D 2022-03-15 18:18:33.852526 [GameController] {Main} Adding product state reference. uid=osi_beta refCount=0
D 2022-03-15 18:18:33.853001 [ProductState] {Main} Game product state created: uid=s1_ptr
D 2022-03-15 18:18:33.853019 [ProductState] {Main} InstallState (s1_ptr): currentOperation=Install currentOperationStatus=New
I 2022-03-15 18:18:33.853070 [GameController] {Main} GameAccount added to family: family=S1 account=GameAccount(S1:ptr region=XX)
D 2022-03-15 18:18:33.853098 [GameController] {Main} Adding product state reference. uid=s1_ptr refCount=0
D 2022-03-15 18:18:33.853573 [ProductState] {Main} Game product state created: uid=s2_ptr
D 2022-03-15 18:18:33.853592 [ProductState] {Main} InstallState (s2_ptr): currentOperation=Install currentOperationStatus=New
I 2022-03-15 18:18:33.853645 [GameController] {Main} GameAccount added to family: family=S2 account=GameAccount(S2:ptr region=XX)
D 2022-03-15 18:18:33.853673 [GameController] {Main} Adding product state reference. uid=s2_ptr refCount=0
D 2022-03-15 18:18:33.854193 [ProductState] {Main} Game product state created: uid=fore_beta
D 2022-03-15 18:18:33.854213 [ProductState] {Main} InstallState (fore_beta): currentOperation=Install currentOperationStatus=New
I 2022-03-15 18:18:33.854290 [GameController] {Main} GameAccount added to family: family=FORE account=GameAccount(FORE:beta region=EU hidden)
D 2022-03-15 18:18:33.854313 [GameController] {Main} Adding product state reference. uid=fore_beta refCount=0
D 2022-03-15 18:18:33.854795 [ProductState] {Main} Game product state created: uid=odin_beta
D 2022-03-15 18:18:33.854814 [ProductState] {Main} InstallState (odin_beta): currentOperation=Install currentOperationStatus=New
I 2022-03-15 18:18:33.854892 [GameController] {Main} GameAccount added to family: family=ODIN account=GameAccount(ODIN:beta region=EU hidden)
D 2022-03-15 18:18:33.854925 [GameController] {Main} Adding product state reference. uid=odin_beta refCount=0
D 2022-03-15 18:18:33.855431 [ProductState] {Main} Game product state created: uid=zeus_beta
D 2022-03-15 18:18:33.855450 [ProductState] {Main} InstallState (zeus_beta): currentOperation=Install currentOperationStatus=New
I 2022-03-15 18:18:33.855521 [GameController] {Main} GameAccount added to family: family=ZEUS account=GameAccount(ZEUS:beta region=EU hidden)
D 2022-03-15 18:18:33.855545 [GameController] {Main} Adding product state reference. uid=zeus_beta refCount=0
I 2022-03-15 18:18:33.864529 [GameController] {Main} Setting default selections for game controller
D 2022-03-15 18:18:33.864577 [GameController] {Main} Picked default selection by type for product group: Fen account=GameAccount(null)
D 2022-03-15 18:18:33.864599 [GameController] {Main} Picked default selection by type for product group: Pro account=GameAccount(Pro:retail region=EU unbound)
D 2022-03-15 18:18:33.865762 [GameController] {Main} New selection for product group Pro: account=GameAccount(Pro:retail region=EU unbound) selectedItem=Overwatch
D 2022-03-15 18:18:33.869483 [RemoteContentCache] {Main} Found cached remote content. url=https://nydus.battle.net/App/ruRU/client/overwatch/alert?targetRegion=EU
D 2022-03-15 18:18:33.869557 [GameController] {Main} Picked default selection by type for product group: RTRO account=GameAccount(RTRO:retail region=EU unbound)
D 2022-03-15 18:18:33.870632 [GameController] {Main} Selected region change: GameAccount(RTRO:retail region=EU unbound)
D 2022-03-15 18:18:33.870657 [GameController] {Main} Region changed for selected game account: GameAccount(RTRO:retail region=EU unbound)
D 2022-03-15 18:18:33.874040 [GameController] {Main} New selection for product group RTRO: account=GameAccount(RTRO:retail region=EU unbound) selectedItem=Blizzard Arcade Collection
D 2022-03-15 18:18:33.877208 [GameController] {Main} Picked default selection by type for product group: D3CN account=GameAccount(null)
D 2022-03-15 18:18:33.877241 [GameController] {Main} Picked default selection by type for product group: W3 account=GameAccount(W3:retail region=EU unbound)
D 2022-03-15 18:18:33.878279 [GameController] {Main} New selection for product group W3: account=GameAccount(W3:retail region=EU unbound) selectedItem=Warcraft III
D 2022-03-15 18:18:33.881524 [RemoteContentCache] {Main} Found cached remote content. url=https://nydus.battle.net/App/ruRU/client/war3r/alert?targetRegion=EU
D 2022-03-15 18:18:33.881567 [GameController] {Main} Picked default selection by type for product group: WLBY account=GameAccount(WLBY:retail region=EU unbound)
D 2022-03-15 18:18:33.882478 [GameController] {Main} New selection for product group WLBY: account=GameAccount(WLBY:retail region=EU unbound) selectedItem=Crash Bandicoot 4:   
D 2022-03-15 18:18:33.885741 [GameController] {Main} Picked default selection by type for product group: FORE account=GameAccount(FORE:retail region=EU unbound)
D 2022-03-15 18:18:33.886746 [GameController] {Main} Selected region change: GameAccount(FORE:retail region=EU unbound)
D 2022-03-15 18:18:33.886769 [GameController] {Main} Region changed for selected game account: GameAccount(FORE:retail region=EU unbound)
D 2022-03-15 18:18:33.886792 [GameController] {Main} New selection for product group FORE: account=GameAccount(FORE:retail region=EU unbound) selectedItem=Call of Duty: Vanguard
D 2022-03-15 18:18:33.886824 [GameController] {Main} Picked default selection by type for product group: ODIN account=GameAccount(ODIN:retail region=EU unbound)
D 2022-03-15 18:18:33.887742 [GameController] {Main} New selection for product group ODIN: account=GameAccount(ODIN:retail region=EU unbound) selectedItem=Call of Duty: Warzone
D 2022-03-15 18:18:33.891109 [RemoteContentCache] {Main} Found cached remote content. url=https://nydus.battle.net/App/ruRU/client/odin/alert?targetRegion=EU
D 2022-03-15 18:18:33.891164 [GameController] {Main} Picked default selection by type for product group: Hero account=GameAccount(Hero:retail region=EU unbound)
D 2022-03-15 18:18:33.892268 [GameController] {Main} New selection for product group Hero: account=GameAccount(Hero:retail region=EU unbound) selectedItem=Heroes of the Storm
D 2022-03-15 18:18:33.895607 [RemoteContentCache] {Main} Found cached remote content. url=https://nydus.battle.net/App/ruRU/client/Hero/alert?targetRegion=EU
D 2022-03-15 18:18:33.895654 [GameController] {Main} Picked default selection by type for product group: SPOT account=GameAccount(null)
D 2022-03-15 18:18:33.895674 [GameController] {Main} Picked default selection by type for product group: D3 account=GameAccount(D3:retail region=EU)
D 2022-03-15 18:18:33.896597 [GameController] {Main} New selection for product group D3: account=GameAccount(D3:retail region=EU) selectedItem=Diablo III
D 2022-03-15 18:18:33.899897 [RemoteContentCache] {Main} Found cached remote content. url=https://nydus.battle.net/App/ruRU/client/D3/alert?targetRegion=EU
D 2022-03-15 18:18:33.899971 [GameController] {Main} Picked default selection by type for product group: OSI account=GameAccount(OSI:retail region=EU unbound)
D 2022-03-15 18:18:33.900938 [GameController] {Main} Selected region change: GameAccount(OSI:retail region=EU unbound)
D 2022-03-15 18:18:33.900964 [GameController] {Main} Region changed for selected game account: GameAccount(OSI:retail region=EU unbound)
D 2022-03-15 18:18:33.904328 [GameController] {Main} New selection for product group OSI: account=GameAccount(OSI:retail region=EU unbound) selectedItem=Diablo II: Resurrected
D 2022-03-15 18:18:33.907453 [GameController] {Main} Picked default selection by type for product group: VIPR account=GameAccount(VIPR:retail region=EU unbound)
D 2022-03-15 18:18:33.908421 [GameController] {Main} New selection for product group VIPR: account=GameAccount(VIPR:retail region=EU unbound) selectedItem=Call of Duty Black Ops 4
D 2022-03-15 18:18:33.911688 [RemoteContentCache] {Main} Found cached remote content. url=https://nydus.battle.net/App/ruRU/client/VIPR/alert?targetRegion=EU
D 2022-03-15 18:18:33.911732 [GameController] {Main} Picked default selection by type for product group: ZEUS account=GameAccount(ZEUS:retail region=EU unbound)
D 2022-03-15 18:18:33.912678 [GameController] {Main} New selection for product group ZEUS: account=GameAccount(ZEUS:retail region=EU unbound) selectedItem=Call of Duty: Black Ops Cold War
D 2022-03-15 18:18:33.915961 [GameController] {Main} Picked default selection by type for product group: S1 account=GameAccount(S1:retail region=EU unbound)
D 2022-03-15 18:18:33.917108 [GameController] {Main} New selection for product group S1: account=GameAccount(S1:retail region=EU unbound) selectedItem=StarCraft
D 2022-03-15 18:18:33.920352 [RemoteContentCache] {Main} Found cached remote content. url=https://nydus.battle.net/App/ruRU/client/S1/alert?targetRegion=EU
D 2022-03-15 18:18:33.920397 [GameController] {Main} Picked default selection by type for product group: WoW account=GameAccount(WoW:retail region=EU unbound)
D 2022-03-15 18:18:33.921378 [GameController] {Main} New selection for product group WoW: account=GameAccount(WoW:retail region=EU unbound) selectedItem=World of Warcraft
D 2022-03-15 18:18:33.924574 [RemoteContentCache] {Main} Found cached remote content. url=https://nydus.battle.net/App/ruRU/client/WoW/alert?targetRegion=EU
D 2022-03-15 18:18:33.924618 [GameController] {Main} Picked default selection by type for product group: WTCG account=GameAccount(WTCG:retail region=EU)
D 2022-03-15 18:18:33.925559 [GameController] {Main} New selection for product group WTCG: account=GameAccount(WTCG:retail region=EU) selectedItem=Hearthstone
D 2022-03-15 18:18:33.928900 [RemoteContentCache] {Main} Found cached remote content. url=https://nydus.battle.net/App/ruRU/client/WTCG/alert?targetRegion=EU
D 2022-03-15 18:18:33.928954 [GameController] {Main} Picked default selection by type for product group: LAZR account=GameAccount(LAZR:retail region=EU unbound)
D 2022-03-15 18:18:33.929900 [GameController] {Main} New selection for product group LAZR: account=GameAccount(LAZR:retail region=EU unbound) selectedItem=Call of Duty: MW2 Campaign Remastered
D 2022-03-15 18:18:33.933147 [GameController] {Main} Picked default selection by type for product group: AUKS account=GameAccount(null)
D 2022-03-15 18:18:33.933176 [GameController] {Main} Picked default selection by type for product group: S2 account=GameAccount(S2:retail region=EU)
D 2022-03-15 18:18:33.934319 [GameController] {Main} New selection for product group S2: account=GameAccount(S2:retail region=EU) selectedItem=StarCraft II
D 2022-03-15 18:18:33.937537 [RemoteContentCache] {Main} Found cached remote content. url=https://nydus.battle.net/App/ruRU/client/S2/alert?targetRegion=EU
D 2022-03-15 18:18:33.937633 [GameController] {Main} Selecting game family by id: S2
D 2022-03-15 18:18:33.937649 [GameController] {Main} Active family set to: S2
D 2022-03-15 18:18:33.947853 [GameController] {Main} Active product set to: S2_retail
I 2022-03-15 18:18:33.951242 [GameController] {Main} GameController initialization complete
D 2022-03-15 18:18:33.951909 [GSAccountProvider] {Main} Completed final load.
D 2022-03-15 18:18:33.967413 [GSAccountProvider] {Main} Subscription has been activated. entityId=(Game: XX-WTCG-21388410)
D 2022-03-15 18:18:33.967445 [GSAccountProvider] {Main} Subscription has been activated. entityId=(Game: EU-S2-913901202)
D 2022-03-15 18:18:34.005306 [GSAccountProvider] {Main} Received GameTimeRemainingInfo: (Game: EU-D3-918804046) info=
D 2022-03-15 18:18:34.005448 [GSAccountProvider] {Main} Received GameTimeRemainingInfo: (Game: EU-WTCG-19154452) info=
D 2022-03-15 18:18:34.005477 [GSAccountProvider] {Main} Received GameTimeRemainingInfo: (Game: EU-S2-913901202) info=
D 2022-03-15 18:18:36.269519 [BAPIGateway] {Main} API request: https://eu.api.blizzard.com/content-api/v1/layoutTemplates/blt478cfc6c41578ddb/layout?cxpProductId=blt90855744d00cd378
I 2022-03-15 18:18:36.901157 [GameController] {Main} Selecting game by uid. uid=s2 prioritizeUpdate=1
I 2022-03-15 18:18:36.913136 [GameController] {Main} Prioritize Update: uid=s2
I 2022-03-15 18:18:36.913221 [ScreenController] {Main} Changing screen to: Games
I 2022-03-15 18:18:36.924111 [StartupGameSearch] {Main} Skipping automated search for unregistered games
W 2022-03-15 18:18:36.924174 [InstallManager] {Main} Skipping search for unregistered games.
I 2022-03-15 18:18:36.924195 [InstallManager] {Main} Searching for unregistered games finished.
I 2022-03-15 18:18:36.924297 [StartupGameSearch] {Main} Completed automated search for unregistered games
I 2022-03-15 18:18:36.924747 [InstallFlow] {Main} No longer waiting for game registration search to complete.
D 2022-03-15 18:18:36.929121 [InventoryController] {Main} Updating inventory
D 2022-03-15 18:18:36.929170 [InventoryController] {Main} GetInventoryInfo request
D 2022-03-15 18:18:36.929216 [BAPIGateway] {Main} API request: https://eu.api.blizzard.com/AccountInventoryService/v1/GetNewInventoryItemCount
I 2022-03-15 18:18:36.939975 [Clubs] {Main} Subscribing to club membership.
I 2022-03-15 18:18:36.940436 [ChannelV2] {Main} Subscribing to channelv2 membership service. |agentId=|id=19067494|program=4288624|region=2
I 2022-03-15 18:18:36.940600 [BNLogin] {Main} Logged into Battle.net successfully. |bnet=1:0:17f719a9|game=2:200417070:122f266
D 2022-03-15 18:18:37.028862 [BAPIGateway] {Main} API response: OK content={"layoutId":"blt9fc836ef855c7669","sections":[],"context":{"locale":"ru-ru","cxpProductId":"blt90855744d00cd378","layoutTemplateId":"blt478cfc6c41578ddb","region":"North America","includeFeed":false}}
I 2022-03-15 18:18:37.238594 [ChannelV2] {Main} ChannelV2 membership subscription created.
I 2022-03-15 18:18:37.334827 [Clubs] {Main} Club membership subscription created: |accountId=|id=402069929
D 2022-03-15 18:18:37.524738 [BAPIGateway] {Main} API response: OK content={"error":null,"newCount":0,"totalCount":0}
D 2022-03-15 18:18:37.524857 [InventoryController] {Main} Inventory changed, new: 0 total: 0
I 2022-03-15 18:18:40.734631 [GameSessionList] {Agent} Reporting process: TrackingInfo(uid=battle.net, type=game, opStatus=On, reqId=0, running=4, oldRunning=2)
I 2022-03-15 18:18:40.744794 [InstallManager] {Main} Setting Process Running: true uid=battle.net binaryType=game any=true
E 2022-03-15 18:18:44.194912 [BNSocialNetwork] {Main} Error response for BGS Facebook friend list. error=ERROR_SOCIAL_NETWORK_NO_ACCOUNT_DATA (9005)
D 2022-03-15 18:18:47.842106 [GameController] {Main} Selecting game family by id: S2
I 2022-03-15 18:18:47.851448 [Main] {Main} LaunchBinary: uid=s2 selectedRegion=EU binaryType=game
D 2022-03-15 18:18:47.860610 [InstallInfo] {Main} Operation status changed: opType=Execute oldStatus=Off newStatus=Pending agentUid=s2
D 2022-03-15 18:18:47.860742 [ProductState] {Main} InstallState (s2): GameLaunching=1
I 2022-03-15 18:18:48.070440 [InstallManager] {Main} Game launch options: programId=S2 GAME_ACCOUNT= REGION=EU LOCALE=ruRU LOCALE_AUDIO=enUS LAUNCH_64BIT=1
I 2022-03-15 18:18:48.071835 [InstallManager] {Main} Game launch options: programId=S2 ACCOUNT=(hidden) ACCOUNT_TS=1647368328
I 2022-03-15 18:18:48.250291 [InstallManager] {Main} Launched E:/Games/Call of Duty/StarCraft II/Support64/SC2Switcher_x64.exe with args: -sso=1 -launch -uid s2, pid: 5996
I 2022-03-15 18:18:52.860156 [GameSessionList] {Agent} Reporting process: TrackingInfo(uid=s2, type=game, opStatus=On, reqId=0, running=1, oldRunning=0)
I 2022-03-15 18:18:52.865376 [InstallManager] {Main} Setting Process Running: true uid=s2 binaryType=game any=true
D 2022-03-15 18:18:52.865402 [InstallInfo] {Main} Operation status changed: opType=Execute oldStatus=Pending newStatus=On agentUid=s2
D 2022-03-15 18:18:52.865433 [InstallManager] {Main} Game is running: s2
D 2022-03-15 18:18:52.866247 [ProductState] {Main} InstallState (s2): gameRunning=1 isGameProcessRunning=1 GameLaunching=0
W 2022-03-15 18:38:34.367795 [RemoteContentManager] {http} Request failed. url=https://nydus.battle.net/App/ruRU/client/App/maintenance?targetRegion=EU statusCode=0 err=schannel: failed to receive handshake, SSL/TLS connection failed
W 2022-03-15 18:48:58.570330 [RemoteContentManager] {http} Request failed. url=https://nydus.battle.net/App/ruRU/client/S2/alert?targetRegion=EU statusCode=0 err=Failed to connect to alert-eu.battle.net port 443: Timed out
W 2022-03-15 18:49:07.169277 [GamesService] {http} Request failed. url=https://nydus.battle.net/App/ruRU/client/S2/alert?targetRegion=EU statusCode=0 err=Failed to connect to alert-eu.battle.net port 443: Timed out
D 2022-03-15 21:18:33.175355 [ProductState] {Main} InstallState (s2): regionalVersions=(cn: {playable:false config_key:e55770a2b2e2252a75da7ae8af363698}, eu: {playable:true config_key:5b0ac430559437ccd27dfafdfe526c6a}, kr: {playable:false config_key:e55770a2b2e2252a75da7ae8af363698}, tw: {playable:false config_key:e55770a2b2e2252a75da7ae8af363698}, us: {playable:false config_key:e55770a2b2e2252a75da7ae8af363698})
I 2022-03-15 21:21:27.164014 [Main] {Main} Frontend is requesting to close window.
I 2022-03-15 21:21:31.368283 [GameSessionList] {Agent} Reporting process: TrackingInfo(uid=battle.net, type=game, opStatus=On, reqId=0, running=3, oldRunning=4)
I 2022-03-15 21:21:31.368364 [GameSessionList] {Agent} Reporting process: TrackingInfo(uid=s2, type=game, opStatus=Off, reqId=0, running=0, oldRunning=1)
I 2022-03-15 21:21:31.382207 [InstallManager] {Main} Setting Process Running: true uid=battle.net binaryType=game any=true
I 2022-03-15 21:21:31.382318 [InstallManager] {Main} Setting Process Running: false uid=s2 binaryType=game any=false
D 2022-03-15 21:21:31.382342 [InstallInfo] {Main} Operation status changed: opType=Execute oldStatus=On newStatus=Off agentUid=s2
D 2022-03-15 21:21:31.382359 [InstallManager] {Main} Game is no longer running: s2
D 2022-03-15 21:21:31.387027 [ProductState] {Main} InstallState (s2): gameRunning=0 isGameProcessRunning=0
